2022-11-04 09:02:48,069 [INFO] Activator:177 - 


2022-11-04 09:02:48,069 [INFO] Activator:178 - !SESSION log4j initialized
2022-11-04 09:03:37,154 [INFO] Activator:176 - 


2022-11-04 09:03:37,170 [INFO] Activator:177 - !SESSION log4j initialized
2022-11-04 09:03:52,524 [INFO] ApplicationProperties:181 - Using Application install path: C:\Users\Daniel\Desktop\oldversionSTCUBE\STM32CubeIDE_1.2.0\STM32CubeIDE\plugins\com.st.stm32cube.common.mx_5.5.0.201912201511
2022-11-04 09:03:52,540 [INFO] DbMcusXml:69 - Set database path to: C:\Users\Daniel\Desktop\oldversionSTCUBE\STM32CubeIDE_1.2.0\STM32CubeIDE\plugins\com.st.stm32cube.common.mx_5.5.0.201912201511\\db\/mcu/
2022-11-04 09:03:52,555 [INFO] DbBoardsPdsc:54 - Set plugin database path to: C:\Users\Daniel\Desktop\oldversionSTCUBE\STM32CubeIDE_1.2.0\STM32CubeIDE\plugins\com.st.stm32cube.common.mx_5.5.0.201912201511\\db\/plugins/boardmanager/
2022-11-04 09:03:52,555 [INFO] DbMcus:264 - Set plugin images path to: C:\Users\Daniel\Desktop\oldversionSTCUBE\STM32CubeIDE_1.2.0\STM32CubeIDE\plugins\com.st.stm32cube.common.mx_5.5.0.201912201511\\db\/plugins/mcufinder/images/
2022-11-04 09:03:52,555 [INFO] DbBoards:232 - Set plugin images path to: C:\Users\Daniel\Desktop\oldversionSTCUBE\STM32CubeIDE_1.2.0\STM32CubeIDE\plugins\com.st.stm32cube.common.mx_5.5.0.201912201511\\db\/plugins/mcufinder/images/
2022-11-04 09:03:52,555 [INFO] APIGFXSelector:72 - Set database path to: C:\Users\Daniel\Desktop\oldversionSTCUBE\STM32CubeIDE_1.2.0\STM32CubeIDE\plugins\com.st.stm32cube.common.mx_5.5.0.201912201511\\db\/plugins/mcufinder/mcu/
2022-11-04 09:03:52,555 [INFO] DbMcusAds:72 - Set database path to: C:\Users\Daniel\.stmcufinder\plugins\mcufinder//mcu/
2022-11-04 09:03:52,555 [INFO] DbMcusDocs:92 - Set database path to: C:\Users\Daniel\.stmcufinder\plugins\mcufinder//mcu/
2022-11-04 09:03:52,555 [INFO] DbMcusJson:59 - Set database path to: C:\Users\Daniel\.stmcufinder\plugins\mcufinder//mcu/
2022-11-04 09:03:52,555 [INFO] DbBoardsDocs:84 - Set database path to: C:\Users\Daniel\.stmcufinder\plugins\mcufinder//mcu/
2022-11-04 09:03:52,571 [INFO] DbBoardsJson:51 - Set database path to: C:\Users\Daniel\.stmcufinder\plugins\mcufinder//mcu/
2022-11-04 09:03:52,587 [INFO] CrossReferenceDbSqlite:197 - Set database path to: C:\Users\Daniel\.stmcufinder\plugins\mcufinder//mcu/cs/
2022-11-04 09:03:52,680 [INFO] RulesReader:52 - Compatibility file has been processed (205 Rules)
2022-11-04 09:03:52,774 [INFO] MicroXplorer:570 - Detected Java Version = 1.8.0_202
2022-11-04 09:03:52,774 [INFO] DbMcusXml:69 - Set database path to: C:\Users\Daniel\Desktop\oldversionSTCUBE\STM32CubeIDE_1.2.0\STM32CubeIDE\plugins\com.st.stm32cube.common.mx_5.5.0.201912201511\\db\/mcu/
2022-11-04 09:03:52,774 [INFO] DbBoardsPdsc:54 - Set plugin database path to: C:\Users\Daniel\Desktop\oldversionSTCUBE\STM32CubeIDE_1.2.0\STM32CubeIDE\plugins\com.st.stm32cube.common.mx_5.5.0.201912201511\\db\/plugins/boardmanager/
2022-11-04 09:03:52,774 [INFO] DbMcus:264 - Set plugin images path to: C:\Users\Daniel\Desktop\oldversionSTCUBE\STM32CubeIDE_1.2.0\STM32CubeIDE\plugins\com.st.stm32cube.common.mx_5.5.0.201912201511\\db\/plugins/mcufinder/images/
2022-11-04 09:03:52,774 [INFO] DbBoards:232 - Set plugin images path to: C:\Users\Daniel\Desktop\oldversionSTCUBE\STM32CubeIDE_1.2.0\STM32CubeIDE\plugins\com.st.stm32cube.common.mx_5.5.0.201912201511\\db\/plugins/mcufinder/images/
2022-11-04 09:03:52,774 [INFO] APIGFXSelector:72 - Set database path to: C:\Users\Daniel\Desktop\oldversionSTCUBE\STM32CubeIDE_1.2.0\STM32CubeIDE\plugins\com.st.stm32cube.common.mx_5.5.0.201912201511\\db\/plugins/mcufinder/mcu/
2022-11-04 09:03:52,774 [WARN] DbFile:31 - Overriding database path with different value: C:\Users\Daniel\.stmcufinder\plugins\mcufinder/ => C:\Users\Daniel\.stmcufinder\plugins\mcufinder
2022-11-04 09:03:52,774 [INFO] DbMcusAds:72 - Set database path to: C:\Users\Daniel\.stmcufinder\plugins\mcufinder//mcu/
2022-11-04 09:03:52,774 [WARN] DbFile:31 - Overriding database path with different value: C:\Users\Daniel\.stmcufinder\plugins\mcufinder/ => C:\Users\Daniel\.stmcufinder\plugins\mcufinder
2022-11-04 09:03:52,774 [INFO] DbMcusDocs:92 - Set database path to: C:\Users\Daniel\.stmcufinder\plugins\mcufinder//mcu/
2022-11-04 09:03:52,774 [WARN] DbFile:31 - Overriding database path with different value: C:\Users\Daniel\.stmcufinder\plugins\mcufinder/ => C:\Users\Daniel\.stmcufinder\plugins\mcufinder
2022-11-04 09:03:52,774 [INFO] DbMcusJson:59 - Set database path to: C:\Users\Daniel\.stmcufinder\plugins\mcufinder//mcu/
2022-11-04 09:03:52,774 [WARN] DbFile:31 - Overriding database path with different value: C:\Users\Daniel\.stmcufinder\plugins\mcufinder/ => C:\Users\Daniel\.stmcufinder\plugins\mcufinder
2022-11-04 09:03:52,774 [INFO] DbBoardsDocs:84 - Set database path to: C:\Users\Daniel\.stmcufinder\plugins\mcufinder//mcu/
2022-11-04 09:03:52,774 [WARN] DbFile:31 - Overriding database path with different value: C:\Users\Daniel\.stmcufinder\plugins\mcufinder/ => C:\Users\Daniel\.stmcufinder\plugins\mcufinder
2022-11-04 09:03:52,774 [INFO] DbBoardsJson:51 - Set database path to: C:\Users\Daniel\.stmcufinder\plugins\mcufinder//mcu/
2022-11-04 09:03:52,774 [WARN] DbFile:31 - Overriding database path with different value: C:\Users\Daniel\.stmcufinder\plugins\mcufinder/ => C:\Users\Daniel\.stmcufinder\plugins\mcufinder
2022-11-04 09:03:52,774 [WARN] DbFile:31 - Overriding database path with different value: C:\Users\Daniel\.stmcufinder\plugins\mcufinder/ => C:\Users\Daniel\.stmcufinder\plugins\mcufinder
2022-11-04 09:03:52,774 [INFO] CrossReferenceDbSqlite:197 - Set database path to: C:\Users\Daniel\.stmcufinder\plugins\mcufinder//mcu/cs/
2022-11-04 09:03:52,852 [INFO] MainPanel:180 - HeapMemory: 268435456
2022-11-04 09:03:52,930 [INFO] DbMcusXml:69 - Set database path to: C:\Users\Daniel\Desktop\oldversionSTCUBE\STM32CubeIDE_1.2.0\STM32CubeIDE\plugins\com.st.stm32cube.common.mx_5.5.0.201912201511\\db\/mcu/
2022-11-04 09:03:52,930 [INFO] DbBoardsPdsc:54 - Set plugin database path to: C:\Users\Daniel\Desktop\oldversionSTCUBE\STM32CubeIDE_1.2.0\STM32CubeIDE\plugins\com.st.stm32cube.common.mx_5.5.0.201912201511\\db\/plugins/boardmanager/
2022-11-04 09:03:52,930 [INFO] DbMcus:264 - Set plugin images path to: C:\Users\Daniel\Desktop\oldversionSTCUBE\STM32CubeIDE_1.2.0\STM32CubeIDE\plugins\com.st.stm32cube.common.mx_5.5.0.201912201511\\db\/plugins/mcufinder/images/
2022-11-04 09:03:52,930 [INFO] DbBoards:232 - Set plugin images path to: C:\Users\Daniel\Desktop\oldversionSTCUBE\STM32CubeIDE_1.2.0\STM32CubeIDE\plugins\com.st.stm32cube.common.mx_5.5.0.201912201511\\db\/plugins/mcufinder/images/
2022-11-04 09:03:52,930 [INFO] APIGFXSelector:72 - Set database path to: C:\Users\Daniel\Desktop\oldversionSTCUBE\STM32CubeIDE_1.2.0\STM32CubeIDE\plugins\com.st.stm32cube.common.mx_5.5.0.201912201511\\db\/plugins/mcufinder/mcu/
2022-11-04 09:03:52,930 [WARN] DbFile:31 - Overriding database path with different value: C:\Users\Daniel\.stmcufinder\plugins\mcufinder/ => C:\Users\Daniel\.stmcufinder\plugins\mcufinder
2022-11-04 09:03:52,930 [INFO] DbMcusAds:72 - Set database path to: C:\Users\Daniel\.stmcufinder\plugins\mcufinder//mcu/
2022-11-04 09:03:52,930 [WARN] DbFile:31 - Overriding database path with different value: C:\Users\Daniel\.stmcufinder\plugins\mcufinder/ => C:\Users\Daniel\.stmcufinder\plugins\mcufinder
2022-11-04 09:03:52,930 [INFO] DbMcusDocs:92 - Set database path to: C:\Users\Daniel\.stmcufinder\plugins\mcufinder//mcu/
2022-11-04 09:03:52,930 [WARN] DbFile:31 - Overriding database path with different value: C:\Users\Daniel\.stmcufinder\plugins\mcufinder/ => C:\Users\Daniel\.stmcufinder\plugins\mcufinder
2022-11-04 09:03:52,930 [INFO] DbMcusJson:59 - Set database path to: C:\Users\Daniel\.stmcufinder\plugins\mcufinder//mcu/
2022-11-04 09:03:52,930 [WARN] DbFile:31 - Overriding database path with different value: C:\Users\Daniel\.stmcufinder\plugins\mcufinder/ => C:\Users\Daniel\.stmcufinder\plugins\mcufinder
2022-11-04 09:03:52,930 [INFO] DbBoardsDocs:84 - Set database path to: C:\Users\Daniel\.stmcufinder\plugins\mcufinder//mcu/
2022-11-04 09:03:52,930 [WARN] DbFile:31 - Overriding database path with different value: C:\Users\Daniel\.stmcufinder\plugins\mcufinder/ => C:\Users\Daniel\.stmcufinder\plugins\mcufinder
2022-11-04 09:03:52,930 [INFO] DbBoardsJson:51 - Set database path to: C:\Users\Daniel\.stmcufinder\plugins\mcufinder//mcu/
2022-11-04 09:03:52,930 [WARN] DbFile:31 - Overriding database path with different value: C:\Users\Daniel\.stmcufinder\plugins\mcufinder/ => C:\Users\Daniel\.stmcufinder\plugins\mcufinder
2022-11-04 09:03:52,930 [WARN] DbFile:31 - Overriding database path with different value: C:\Users\Daniel\.stmcufinder\plugins\mcufinder/ => C:\Users\Daniel\.stmcufinder\plugins\mcufinder
2022-11-04 09:03:52,930 [INFO] CrossReferenceDbSqlite:197 - Set database path to: C:\Users\Daniel\.stmcufinder\plugins\mcufinder//mcu/cs/
2022-11-04 09:03:52,946 [INFO] ApplicationProperties:181 - Using Application install path: C:\Users\Daniel\Desktop\oldversionSTCUBE\STM32CubeIDE_1.2.0\STM32CubeIDE\plugins\com.st.stm32cube.common.mx_5.5.0.201912201511
2022-11-04 09:03:52,946 [INFO] PluginManage:178 - Search for loadable plugins [exclusion list=]
2022-11-04 09:03:52,946 [INFO] PluginManage:292 - Check plugin analytics
2022-11-04 09:03:52,977 [INFO] PluginManage:342 - Loaded plugin analytics (category:tool,tabindex:-1)
2022-11-04 09:03:52,977 [INFO] PluginManage:292 - Check plugin clock
2022-11-04 09:03:53,009 [INFO] PluginManage:342 - Loaded plugin clock (category:base,tabindex:2)
2022-11-04 09:03:53,009 [INFO] PluginManage:292 - Check plugin ddr
2022-11-04 09:03:53,009 [INFO] PluginManage:342 - Loaded plugin ddr (category:tool,tabindex:6)
2022-11-04 09:03:53,009 [INFO] PluginManage:292 - Check plugin filemanager
2022-11-04 09:03:53,165 [INFO] PluginManage:342 - Loaded plugin filemanager (category:base,tabindex:10)
2022-11-04 09:03:53,165 [INFO] PluginManage:292 - Check plugin ipmanager
2022-11-04 09:03:53,180 [INFO] PluginManage:342 - Loaded plugin ipmanager (category:base,tabindex:5)
2022-11-04 09:03:53,180 [INFO] PluginManage:292 - Check plugin pinoutandconfiguration
2022-11-04 09:03:53,196 [INFO] PluginManage:342 - Loaded plugin pinoutandconfiguration (category:base,tabindex:1)
2022-11-04 09:03:53,196 [INFO] PluginManage:292 - Check plugin pinoutconfig
2022-11-04 09:03:53,227 [INFO] PluginManage:342 - Loaded plugin pinoutconfig (category:base,tabindex:0)
2022-11-04 09:03:53,227 [INFO] PluginManage:292 - Check plugin power
2022-11-04 09:03:53,243 [INFO] PluginManage:342 - Loaded plugin power (category:power,tabindex:4)
2022-11-04 09:03:53,243 [INFO] PluginManage:292 - Check plugin projectmanager
2022-11-04 09:03:53,258 [INFO] PluginManage:342 - Loaded plugin projectmanager (category:projectmanager,tabindex:3)
2022-11-04 09:03:53,258 [INFO] PluginManage:292 - Check plugin thirdparty
2022-11-04 09:03:53,352 [INFO] ThirdPartyDb:295 - Open Third Party DataBase File (C:/Users/Daniel/.stm32cubemx/plugins/thirdparty/db/thirdparties_db.xml) : 47 ms. number of Sw pack : 16
2022-11-04 09:03:53,352 [INFO] PluginManage:342 - Loaded plugin thirdparty (category:base,tabindex:-1)
2022-11-04 09:03:53,352 [INFO] PluginManage:292 - Check plugin tools
2022-11-04 09:03:53,399 [INFO] PluginManage:342 - Loaded plugin tools (category:base,tabindex:7)
2022-11-04 09:03:53,399 [INFO] PluginManage:292 - Check plugin updater
2022-11-04 09:03:53,430 [INFO] PluginManage:342 - Loaded plugin updater (category:base,tabindex:12)
2022-11-04 09:03:53,430 [INFO] PluginManage:265 - PluginManage : Loaded plugins [12]
2022-11-04 09:03:53,680 [INFO] PinOutPanel:1399 - setPackage(No Configuration,No Configuration)
2022-11-04 09:03:53,774 [INFO] IPUIPlugin:65 - create IPUIPlugin
2022-11-04 09:03:53,774 [INFO] PluginManager:200 - loadIPPluginJar : add adc
2022-11-04 09:03:53,790 [INFO] IPUIPlugin:65 - create IPUIPlugin
2022-11-04 09:03:53,790 [INFO] PluginManager:200 - loadIPPluginJar : add aes
2022-11-04 09:03:53,821 [INFO] IPUIPlugin:65 - create IPUIPlugin
2022-11-04 09:03:53,821 [INFO] PluginManager:200 - loadIPPluginJar : add can
2022-11-04 09:03:53,836 [INFO] IPUIPlugin:65 - create IPUIPlugin
2022-11-04 09:03:53,836 [INFO] PluginManager:200 - loadIPPluginJar : add comp
2022-11-04 09:03:53,868 [INFO] IPUIPlugin:65 - create IPUIPlugin
2022-11-04 09:03:53,868 [INFO] PluginManager:200 - loadIPPluginJar : add cryp
2022-11-04 09:03:53,899 [INFO] IPUIPlugin:65 - create IPUIPlugin
2022-11-04 09:03:53,899 [INFO] PluginManager:200 - loadIPPluginJar : add dfsdm
2022-11-04 09:03:53,915 [INFO] IPUIPlugin:65 - create IPUIPlugin
2022-11-04 09:03:53,915 [INFO] PluginManager:200 - loadIPPluginJar : add dma
2022-11-04 09:03:53,930 [INFO] IPUIPlugin:65 - create IPUIPlugin
2022-11-04 09:03:53,930 [INFO] PluginManager:200 - loadIPPluginJar : add fatfs
2022-11-04 09:03:53,961 [INFO] IPUIPlugin:65 - create IPUIPlugin
2022-11-04 09:03:53,961 [INFO] PluginManager:200 - loadIPPluginJar : add fmc
2022-11-04 09:03:53,977 [INFO] IPUIPlugin:65 - create IPUIPlugin
2022-11-04 09:03:53,977 [INFO] PluginManager:200 - loadIPPluginJar : add freertos
2022-11-04 09:03:53,993 [INFO] IPUIPlugin:65 - create IPUIPlugin
2022-11-04 09:03:53,993 [INFO] PluginManager:200 - loadIPPluginJar : add genericplugin
2022-11-04 09:03:54,071 [INFO] IPUIPlugin:65 - create IPUIPlugin
2022-11-04 09:03:54,071 [INFO] PluginManager:200 - loadIPPluginJar : add gfxmmu
2022-11-04 09:03:54,071 [INFO] IPUIPlugin:65 - create IPUIPlugin
2022-11-04 09:03:54,071 [INFO] PluginManager:200 - loadIPPluginJar : add gfxsimulator
2022-11-04 09:03:54,180 [INFO] IPUIPlugin:65 - create IPUIPlugin
2022-11-04 09:03:54,180 [INFO] PluginManager:200 - loadIPPluginJar : add gic
2022-11-04 09:03:54,196 [INFO] IPUIPlugin:65 - create IPUIPlugin
2022-11-04 09:03:54,196 [INFO] PluginManager:200 - loadIPPluginJar : add gpio
2022-11-04 09:03:54,258 [INFO] IPUIPlugin:65 - create IPUIPlugin
2022-11-04 09:03:54,258 [INFO] PluginManager:200 - loadIPPluginJar : add gtzc
2022-11-04 09:03:54,290 [INFO] IPUIPlugin:65 - create IPUIPlugin
2022-11-04 09:03:54,290 [INFO] PluginManager:200 - loadIPPluginJar : add hash
2022-11-04 09:03:54,336 [INFO] IPUIPlugin:65 - create IPUIPlugin
2022-11-04 09:03:54,336 [INFO] PluginManager:200 - loadIPPluginJar : add i2c
2022-11-04 09:03:54,383 [INFO] IPUIPlugin:65 - create IPUIPlugin
2022-11-04 09:03:54,383 [INFO] PluginManager:200 - loadIPPluginJar : add i2s
2022-11-04 09:03:54,508 [INFO] IPUIPlugin:65 - create IPUIPlugin
2022-11-04 09:03:54,508 [INFO] PluginManager:200 - loadIPPluginJar : add ipddr
2022-11-04 09:03:54,555 [INFO] IPUIPlugin:65 - create IPUIPlugin
2022-11-04 09:03:54,555 [INFO] PluginManager:200 - loadIPPluginJar : add ltdc
2022-11-04 09:03:54,555 [INFO] IPUIPlugin:65 - create IPUIPlugin
2022-11-04 09:03:54,555 [INFO] PluginManager:200 - loadIPPluginJar : add mdma
2022-11-04 09:03:54,571 [INFO] IPUIPlugin:65 - create IPUIPlugin
2022-11-04 09:03:54,571 [INFO] PluginManager:200 - loadIPPluginJar : add nvic
2022-11-04 09:03:54,618 [INFO] IPUIPlugin:65 - create IPUIPlugin
2022-11-04 09:03:54,618 [INFO] PluginManager:200 - loadIPPluginJar : add opamp
2022-11-04 09:03:54,649 [INFO] IPUIPlugin:65 - create IPUIPlugin
2022-11-04 09:03:54,649 [INFO] PluginManager:200 - loadIPPluginJar : add pdm2pcm
2022-11-04 09:03:54,664 [INFO] IPUIPlugin:65 - create IPUIPlugin
2022-11-04 09:03:54,680 [INFO] PluginManager:200 - loadIPPluginJar : add plateformsettings
2022-11-04 09:03:54,696 [INFO] IPUIPlugin:65 - create IPUIPlugin
2022-11-04 09:03:54,696 [INFO] PluginManager:200 - loadIPPluginJar : add quadspi
2022-11-04 09:03:54,711 [INFO] IPUIPlugin:65 - create IPUIPlugin
2022-11-04 09:03:54,711 [INFO] PluginManager:200 - loadIPPluginJar : add resmgrutility
2022-11-04 09:03:54,758 [INFO] IPUIPlugin:65 - create IPUIPlugin
2022-11-04 09:03:54,758 [INFO] PluginManager:200 - loadIPPluginJar : add sai
2022-11-04 09:03:54,789 [INFO] IPUIPlugin:65 - create IPUIPlugin
2022-11-04 09:03:54,789 [INFO] PluginManager:200 - loadIPPluginJar : add spi
2022-11-04 09:03:54,821 [INFO] IPUIPlugin:65 - create IPUIPlugin
2022-11-04 09:03:54,821 [INFO] PluginManager:200 - loadIPPluginJar : add stm32_wpan
2022-11-04 09:03:54,852 [INFO] IPUIPlugin:65 - create IPUIPlugin
2022-11-04 09:03:54,852 [INFO] PluginManager:200 - loadIPPluginJar : add tim
2022-11-04 09:03:54,914 [INFO] IPUIPlugin:65 - create IPUIPlugin
2022-11-04 09:03:54,914 [INFO] PluginManager:200 - loadIPPluginJar : add touchsensing
2022-11-04 09:03:54,930 [INFO] IPUIPlugin:65 - create IPUIPlugin
2022-11-04 09:03:54,930 [INFO] PluginManager:200 - loadIPPluginJar : add tracer_emb
2022-11-04 09:03:54,961 [INFO] IPUIPlugin:65 - create IPUIPlugin
2022-11-04 09:03:54,961 [INFO] PluginManager:200 - loadIPPluginJar : add ts
2022-11-04 09:03:54,977 [INFO] IPUIPlugin:65 - create IPUIPlugin
2022-11-04 09:03:54,977 [INFO] PluginManager:200 - loadIPPluginJar : add tsc
2022-11-04 09:03:54,992 [INFO] IPUIPlugin:65 - create IPUIPlugin
2022-11-04 09:03:54,992 [INFO] PluginManager:200 - loadIPPluginJar : add ucpd
2022-11-04 09:03:55,024 [INFO] IPUIPlugin:65 - create IPUIPlugin
2022-11-04 09:03:55,024 [INFO] PluginManager:200 - loadIPPluginJar : add usart
2022-11-04 09:03:55,445 [INFO] BoardConnectionPanel:226 - [DDR PANEL] osNameString: Windows
2022-11-04 09:03:55,586 [INFO] BoardConnectionPanel:3472 - [DDR PANEL] STM32CubeIDE environment
2022-11-04 09:03:55,586 [INFO] MainDdrPanel:103 - [DDR PANEL] GETTER - cubeProgrammerPath is: null
2022-11-04 09:03:55,795 [FATAL] Updater:277 - Updater called before beeing initialized
2022-11-04 09:03:56,029 [FATAL] Updater:277 - Updater called before beeing initialized
2022-11-04 09:03:56,029 [INFO] PinOutPanel:1399 - setPackage(No Configuration,No Configuration)
2022-11-04 09:03:56,029 [FATAL] Updater:277 - Updater called before beeing initialized
2022-11-04 09:03:56,045 [INFO] BoardConnectionPanel:3472 - [DDR PANEL] STM32CubeIDE environment
2022-11-04 09:03:56,045 [INFO] MainDdrPanel:103 - [DDR PANEL] GETTER - cubeProgrammerPath is: C:\Users\Daniel\Desktop\oldversionSTCUBE\STM32CubeIDE_1.2.0\STM32CubeIDE\plugins\com.st.stm32cube.ide.mcu.externaltools.cubeprogrammer.win32_1.1.0.201910081157\tools\bin
2022-11-04 09:03:56,045 [INFO] ProgrammerExecThread:148 - [ProgrammerAPI] CubeProgrammer command construction: C:\Users\Daniel\Desktop\oldversionSTCUBE\STM32CubeIDE_1.2.0\STM32CubeIDE\plugins\com.st.stm32cube.ide.mcu.externaltools.cubeprogrammer.win32_1.1.0.201910081157\tools\bin\STM32_Programmer_CLI.exe -l
2022-11-04 09:03:56,357 [FATAL] Updater:277 - Updater called before beeing initialized
2022-11-04 09:03:56,357 [ERROR] IntegrityCheckThread:252 - Cannot obtain thirdParties list 21
2022-11-04 09:03:56,357 [ERROR] IntegrityCheckThread:100 - Unexpected exception IntegrityCheckThread Thread: Updater error
2022-11-04 09:03:56,357 [INFO] ThirdPartyDb:261 - Close Third Party DataBase File (C:/Users/Daniel/.stm32cubemx/plugins/thirdparty/db/thirdparties_db.xml)
2022-11-04 09:03:56,373 [INFO] MainDdrPanel:93 - [DDR PANEL] SETTER - Set cubeProgrammerPath to: C:\Users\Daniel\Desktop\oldversionSTCUBE\STM32CubeIDE_1.2.0\STM32CubeIDE\plugins\com.st.stm32cube.ide.mcu.externaltools.cubeprogrammer.win32_1.1.0.201910081157\tools\bin
2022-11-04 09:03:56,404 [INFO] Updater:886 - Updater Version found : 5.5.0
2022-11-04 09:03:56,435 [INFO] ApplicationProperties:181 - Using Application install path: C:\Users\Daniel\Desktop\oldversionSTCUBE\STM32CubeIDE_1.2.0\STM32CubeIDE\plugins\com.st.stm32cube.common.mx_5.5.0.201912201511
2022-11-04 09:03:56,576 [INFO] MainUpdater:452 - Copy updater definitions from MX database
2022-11-04 09:03:56,873 [INFO] MainUpdater:2230 - connection check result : 10
2022-11-04 09:03:56,873 [INFO] MainUpdater:2874 - Updater definition file requires update
2022-11-04 09:03:56,888 [INFO] MainUpdater:236 - Updater Check For Update Now.
2022-11-04 09:03:56,888 [INFO] MicroXplorer:420 - Change Database Version : DB.5.0.50
2022-11-04 09:03:57,310 [INFO] ServerAccessManage:348 - Download File updaters.zip
2022-11-04 09:03:57,357 [INFO] FileExtend:225 - Unzip File : updaters.zip
2022-11-04 09:03:57,357 [INFO] FileExtend:240 - Standard Zip Deflate
2022-11-04 09:03:57,935 [INFO] ServerAccessManage:348 - Download File PacksControlFlags.xml
2022-11-04 09:03:57,997 [INFO] ServerAccessManage:348 - Download File cubemx.pidx
2022-11-04 09:03:58,122 [INFO] LoadServerUpdatesThread:301 - End of LoadServerUpdate Thread
2022-11-04 09:03:58,232 [INFO] CheckServerUpdateThread:92 - End of CheckServer Thread
2022-11-04 09:03:58,325 [INFO] MainUpdater:2230 - connection check result : 10
2022-11-04 09:03:58,325 [INFO] LogOutputStream:76 - [STDOUT_REDIRECT] Successfull proxy connection.
2022-11-04 09:03:58,638 [INFO] McuFinderGlobals:40 - Set McuFinder mode to 2 (CubeIDE integrated)
2022-11-04 09:03:58,653 [INFO] FinderPluginLoader:86 - Searching for filters in installed packs
2022-11-04 09:03:58,669 [INFO] FinderPluginLoader:99 - Found C:\Users\Daniel\STM32Cube\Repository\Packs\STMicroelectronics\X-CUBE-AI\7.2.0\CubeMX\plugins\ip\ai.7.2.0.jar
2022-11-04 09:03:58,669 [INFO] FinderPluginLoader:110 - Loading ai.7.2.0
2022-11-04 09:03:58,747 [INFO] McuExtendedFiltersManager:90 - Add MCU extended filter: Artificial Intelligence
2022-11-04 09:03:58,747 [INFO] DbMcusXml:107 - Load MCU database from C:\Users\Daniel\Desktop\oldversionSTCUBE\STM32CubeIDE_1.2.0\STM32CubeIDE\plugins\com.st.stm32cube.common.mx_5.5.0.201912201511\\db\/mcu/families.xml
2022-11-04 09:04:00,091 [INFO] DbMcusJson:87 - JSON generation date=Tue Nov 16 18:17:54 EET 2021 (1637079474)
2022-11-04 09:04:01,809 [INFO] DbMcus:192 - Found 1628 MCUs (1588 are supported by CubeMX, 1588 are visible in CubeMX)
2022-11-04 09:04:01,809 [INFO] ApiDb:158 - Load user favorites file C:\Users\Daniel/.stm32cubeide/favorites.mcus.txt: 0 item(s)
2022-11-04 09:04:01,809 [INFO] ApiDb:163 - User favorites MCUs=[]
2022-11-04 09:04:01,809 [INFO] DbMcus:203 - Set 0 / 0 favorites MCUs
2022-11-04 09:04:01,981 [INFO] AInterface:109 - AInterface using toolDir: C:/Users/Daniel/STM32Cube/Repository//Packs/STMicroelectronics/X-CUBE-AI/7.2.0/Utilities/windows
2022-11-04 09:04:03,137 [INFO] LoadUrlFilesThread:161 - End of LoadServerUrlFiles without Thread
2022-11-04 09:04:03,137 [INFO] McuDetailPanel:181 - Set advertising image to C:/Users/Daniel/STM32Cube/Repository/\en.Prom_NBSTM32U50921.jpg
2022-11-04 09:04:03,777 [INFO] McuFilterPanel:282 - Update 0 favorites MCUs
2022-11-04 09:04:04,027 [INFO] DbBoardsPdsc:92 - Found 21 items
2022-11-04 09:04:04,043 [INFO] DbBoardsPdsc:92 - Found 9 items
2022-11-04 09:04:04,058 [INFO] DbBoardsPdsc:92 - Found 27 items
2022-11-04 09:04:04,074 [INFO] DbBoardsPdsc:92 - Found 1 items
2022-11-04 09:04:04,090 [INFO] DbBoardsPdsc:92 - Found 40 items
2022-11-04 09:04:04,121 [INFO] DbBoardsPdsc:92 - Found 39 items
2022-11-04 09:04:04,121 [INFO] DbBoardsPdsc:92 - Found 2 items
2022-11-04 09:04:04,137 [INFO] DbBoardsPdsc:92 - Found 4 items
2022-11-04 09:04:04,137 [WARN] DbBoardsPdsc:256 - Board STM32H7B3I-DK: unknown feature type=Audio, name=, username=Audio stereo codec with Headphone Amp (CS42L51-CNZ), n=1
2022-11-04 09:04:04,137 [WARN] DbBoardsPdsc:256 - Board STM32H7B3I-DK: unknown feature type=WIFI, name=, username=WIFI 802.11 b/g/n, n=1
2022-11-04 09:04:04,152 [WARN] DbBoardsPdsc:256 - Board STM32H7B3I-EVAL: unknown feature type=Audio, name=, username=Multi-Channel Audio Codec (CS42L51-CNZ), n=1
2022-11-04 09:04:04,152 [WARN] DbBoardsPdsc:256 - Board STM32H7B3I-EVAL: unknown feature type=Meter, name=, username=Power-metering and Temperature-monitoring with sigma-delta modulators, n=1
2022-11-04 09:04:04,152 [WARN] DbBoardsPdsc:256 - Board STM32H7B3I-EVAL: unknown feature type=WIFI, name=, username=WIFI 802.11 a/b/g/n, n=1
2022-11-04 09:04:04,152 [WARN] DbBoardsPdsc:256 - Board STM32H7B3I-EVAL: unknown feature type=Motor, name=, username=Motor Control, n=1
2022-11-04 09:04:04,152 [WARN] DbBoardsPdsc:256 - Board STEVAL-IDP005V1: unknown feature type=PWRSock, name=Power Socket, username=IO-Link 4-position M12 A-coded connector, n=1
2022-11-04 09:04:04,152 [WARN] DbBoardsPdsc:256 - Board STEVAL-IDP005V2: unknown feature type=PWRSock, name=Power Socket, username=IO-Link 4-position M12 A-coded connector, n=1
2022-11-04 09:04:04,246 [INFO] DbBoardsJson:79 - JSON generation date=Tue Nov 16 18:17:54 EET 2021 (1637079474)
2022-11-04 09:04:04,262 [INFO] DbBoards:120 - Found 165 boards (140 are supported by CubeMX)
2022-11-04 09:04:04,293 [INFO] DbBoardsDocs:118 - JSON generation date=Tue Nov 16 18:17:54 EET 2021 (1637079474)
2022-11-04 09:04:04,293 [INFO] DbBoardsDocs:57 - Found 209 boards documents
2022-11-04 09:04:04,293 [WARN] DbBoards:130 - board NUCLEO-H743ZI has no document id list !
2022-11-04 09:04:04,293 [WARN] DbBoards:130 - board P-NUCLEO-WB55-Nucleo has no document id list !
2022-11-04 09:04:04,293 [WARN] DbBoards:130 - board P-NUCLEO-WB55-USBDongle has no document id list !
2022-11-04 09:04:04,293 [WARN] DbBoards:130 - board STM32F401C-DISCO has no document id list !
2022-11-04 09:04:04,293 [WARN] DbBoards:130 - board STM32F769I-DISC1 has no document id list !
2022-11-04 09:04:04,293 [WARN] DbBoards:130 - board STM32L-DISCOVERY has no document id list !
2022-11-04 09:04:04,293 [WARN] DbBoards:130 - board STM32H747I-DISC1 has no document id list !
2022-11-04 09:04:04,293 [WARN] DbBoards:130 - board STM32439I-EVAL2 has no document id list !
2022-11-04 09:04:04,293 [WARN] DbBoards:130 - board STM32H743I-EVAL2 has no document id list !
2022-11-04 09:04:04,308 [WARN] DbBoards:130 - board STM32H753I-EVAL2 has no document id list !
2022-11-04 09:04:04,308 [WARN] DbBoards:130 - board STM32G474E-EVAL1 has no document id list !
2022-11-04 09:04:04,308 [WARN] DbBoards:130 - board STEVAL-BFA001V1B has no document id list !
2022-11-04 09:04:04,308 [WARN] DbBoards:130 - board STEVAL-BFA001V2B has no document id list !
2022-11-04 09:04:04,308 [WARN] DbBoards:130 - board STEVAL-MKSBOX1V1 has no document id list !
2022-11-04 09:04:04,308 [WARN] DbBoards:130 - board STEVAL-STWINKT1 has no document id list !
2022-11-04 09:04:04,308 [WARN] DbBoards:130 - board STEVAL-IDP005V1 has no document id list !
2022-11-04 09:04:04,308 [WARN] DbBoards:130 - board STEVAL-IDP005V2 has no document id list !
2022-11-04 09:04:04,308 [WARN] DbBoards:130 - board STEVAL-STWINKT1B has no document id list !
2022-11-04 09:04:04,480 [ERROR] DbBoards:192 - Image file not found for board NUCLEO-F413ZH: C:\Users\Daniel\Desktop\oldversionSTCUBE\STM32CubeIDE_1.2.0\STM32CubeIDE\plugins\com.st.stm32cube.common.mx_5.5.0.201912201511\\db\/plugins/mcufinder/images/boards/nucleo-f413zh_small.jpg
2022-11-04 09:04:04,558 [ERROR] DbBoards:192 - Image file not found for board NUCLEO-L552ZE-Q: C:\Users\Daniel\Desktop\oldversionSTCUBE\STM32CubeIDE_1.2.0\STM32CubeIDE\plugins\com.st.stm32cube.common.mx_5.5.0.201912201511\\db\/plugins/mcufinder/images/boards/nucleo_l552ze_q_small.jpg
2022-11-04 09:04:04,793 [ERROR] DbBoards:192 - Image file not found for board P-NUCLEO-WB55: C:\Users\Daniel\Desktop\oldversionSTCUBE\STM32CubeIDE_1.2.0\STM32CubeIDE\plugins\com.st.stm32cube.common.mx_5.5.0.201912201511\\db\/plugins/mcufinder/images/boards/p-nucleo-wb55_small.jpg
2022-11-04 09:04:05,542 [ERROR] DbBoards:192 - Image file not found for board STM32H7B3I-EVAL: C:\Users\Daniel\Desktop\oldversionSTCUBE\STM32CubeIDE_1.2.0\STM32CubeIDE\plugins\com.st.stm32cube.common.mx_5.5.0.201912201511\\db\/plugins/mcufinder/images/boards/stm32h7b3ieval_small.jpg
2022-11-04 09:04:05,886 [ERROR] DbBoards:192 - Image file not found for board B-L462E-CELL1: C:\Users\Daniel\Desktop\oldversionSTCUBE\STM32CubeIDE_1.2.0\STM32CubeIDE\plugins\com.st.stm32cube.common.mx_5.5.0.201912201511\\db\/plugins/mcufinder/images/boards/B-L462E-CELL1_small.jpg
2022-11-04 09:04:05,902 [ERROR] DbBoards:192 - Image file not found for board NUCLEO-WL55JC: C:\Users\Daniel\Desktop\oldversionSTCUBE\STM32CubeIDE_1.2.0\STM32CubeIDE\plugins\com.st.stm32cube.common.mx_5.5.0.201912201511\\db\/plugins/mcufinder/images/boards/nucleo-wl55jc-small.jpg
2022-11-04 09:04:05,902 [ERROR] DbBoards:192 - Image file not found for board STM32H735G-DK: C:\Users\Daniel\Desktop\oldversionSTCUBE\STM32CubeIDE_1.2.0\STM32CubeIDE\plugins\com.st.stm32cube.common.mx_5.5.0.201912201511\\db\/plugins/mcufinder/images/boards/STM32H735G_DK_small.jpg
2022-11-04 09:04:05,917 [ERROR] DbBoards:192 - Image file not found for board B-L4S5I-IOT01A: C:\Users\Daniel\Desktop\oldversionSTCUBE\STM32CubeIDE_1.2.0\STM32CubeIDE\plugins\com.st.stm32cube.common.mx_5.5.0.201912201511\\db\/plugins/mcufinder/images/boards/B-L4S5I-IOT01A_small.jpg
2022-11-04 09:04:05,917 [ERROR] DbBoards:192 - Image file not found for board NUCLEO-WB55RG: C:\Users\Daniel\Desktop\oldversionSTCUBE\STM32CubeIDE_1.2.0\STM32CubeIDE\plugins\com.st.stm32cube.common.mx_5.5.0.201912201511\\db\/plugins/mcufinder/images/boards/nucleo-wb55rg_small.jpg
2022-11-04 09:04:05,933 [ERROR] DbBoards:192 - Image file not found for board STM32G0C1E-EV: C:\Users\Daniel\Desktop\oldversionSTCUBE\STM32CubeIDE_1.2.0\STM32CubeIDE\plugins\com.st.stm32cube.common.mx_5.5.0.201912201511\\db\/plugins/mcufinder/images/boards/stm32g0c1e-eval_small.jpg
2022-11-04 09:04:05,933 [ERROR] DbBoards:192 - Image file not found for board NUCLEO-WB15CC: C:\Users\Daniel\Desktop\oldversionSTCUBE\STM32CubeIDE_1.2.0\STM32CubeIDE\plugins\com.st.stm32cube.common.mx_5.5.0.201912201511\\db\/plugins/mcufinder/images/boards/nucleo-wb15cc_small.jpg
2022-11-04 09:04:05,933 [ERROR] DbBoards:192 - Image file not found for board STM32WB5MM-DK: C:\Users\Daniel\Desktop\oldversionSTCUBE\STM32CubeIDE_1.2.0\STM32CubeIDE\plugins\com.st.stm32cube.common.mx_5.5.0.201912201511\\db\/plugins/mcufinder/images/boards/STM32WB5MM-DK_small.jpg
2022-11-04 09:04:05,933 [ERROR] DbBoards:192 - Image file not found for board B-U585I-IOT02A: C:\Users\Daniel\Desktop\oldversionSTCUBE\STM32CubeIDE_1.2.0\STM32CubeIDE\plugins\com.st.stm32cube.common.mx_5.5.0.201912201511\\db\/plugins/mcufinder/images/boards/B-U585I-IOT02A_small.jpg
2022-11-04 09:04:05,933 [ERROR] DbBoards:192 - Image file not found for board NUCLEO-U575ZI-Q: C:\Users\Daniel\Desktop\oldversionSTCUBE\STM32CubeIDE_1.2.0\STM32CubeIDE\plugins\com.st.stm32cube.common.mx_5.5.0.201912201511\\db\/plugins/mcufinder/images/boards/nucleo-u575zi-q_small.jpg
2022-11-04 09:04:05,933 [ERROR] DbBoards:192 - Image file not found for board STM32U575I-EV: C:\Users\Daniel\Desktop\oldversionSTCUBE\STM32CubeIDE_1.2.0\STM32CubeIDE\plugins\com.st.stm32cube.common.mx_5.5.0.201912201511\\db\/plugins/mcufinder/images/boards/stm32u575i-ev_small.jpg
2022-11-04 09:04:05,933 [ERROR] DbBoards:192 - Image file not found for board STEVAL-STWINKT1B: C:\Users\Daniel\Desktop\oldversionSTCUBE\STM32CubeIDE_1.2.0\STM32CubeIDE\plugins\com.st.stm32cube.common.mx_5.5.0.201912201511\\db\/plugins/mcufinder/images/boards/steval-stwinkt1b_small.jpg
2022-11-04 09:04:05,933 [INFO] ApiDb:158 - Load user favorites file C:\Users\Daniel/.stm32cubeide/favorites.boards.txt: 0 item(s)
2022-11-04 09:04:05,933 [INFO] ApiDb:163 - User favorites Boards=[]
2022-11-04 09:04:05,933 [INFO] DbBoards:209 - Set 0 / 0 favorites Boards
2022-11-04 09:04:06,058 [INFO] LoadUrlFilesThread:161 - End of LoadServerUrlFiles without Thread
2022-11-04 09:04:06,058 [INFO] BoardDetailPanel:179 - Set advertising image to C:/Users/Daniel/STM32Cube/Repository/\en.Prom_NBSTM32U50921.jpg
2022-11-04 09:04:06,120 [INFO] BoardFilterPanel:211 - Update 0 favorites Boards
2022-11-04 09:04:06,355 [INFO] CrossSelectorPresenter:1319 - Cross Selector saved comparison directory: C:\Users\Daniel\.stmcufinder\plugins\mcufinder\mcu\cs_comparisons_mx
2022-11-04 09:04:15,571 [INFO] DbMcusDocs:126 - JSON generation date=Tue Nov 16 18:17:54 EET 2021 (1637079474)
2022-11-04 09:04:15,712 [INFO] DbMcusDocs:61 - Found 682 MCUs documents
2022-11-04 09:04:26,051 [INFO] LogOutputStream:76 - [STDOUT_REDIRECT] withoutVersionV1.8.4
2022-11-04 09:04:26,051 [INFO] LogOutputStream:76 - [STDOUT_REDIRECT] withoutVersionV1.8.3
2022-11-04 09:04:26,051 [INFO] LogOutputStream:76 - [STDOUT_REDIRECT] withoutVersionV1.8.2
2022-11-04 09:04:26,051 [INFO] LogOutputStream:76 - [STDOUT_REDIRECT] withoutVersionV1.8.1
2022-11-04 09:04:26,066 [INFO] LogOutputStream:76 - [STDOUT_REDIRECT] withoutVersionV1.8.0
2022-11-04 09:04:26,363 [INFO] LogOutputStream:76 - [STDOUT_REDIRECT] File copied successfully!!
2022-11-04 09:04:28,480 [INFO] MainUpdater:2230 - connection check result : 10
2022-11-04 09:04:28,542 [INFO] MicroXplorer:390 - Change Database Path : 
2022-11-04 09:04:28,542 [INFO] MicroXplorer:420 - Change Database Version : DB.5.0.50
2022-11-04 09:04:28,542 [INFO] PinOutPanel:1399 - setPackage(No Configuration,No Configuration)
2022-11-04 09:04:28,542 [INFO] UtilMem:74 - Begin LoadConfig() Used Memory: 535639904 Bytes (979369984)
2022-11-04 09:04:28,542 [INFO] MicroXplorer:390 - Change Database Path : 
2022-11-04 09:04:28,542 [INFO] MicroXplorer:420 - Change Database Version : DB.5.0.50
2022-11-04 09:04:28,542 [INFO] OpenFileManager:274 - Change cursor
2022-11-04 09:04:29,995 [INFO] ImportTextPane:162 - (OptionalMessage_ERROR) Unable to find key (Mcu.ThirdPartyNb) in loaded IOC file
2022-11-04 09:04:29,995 [INFO] ImportTextPane:162 - (OptionalMessage_ERROR) Unable to find key (Mcu.PinsNb) in loaded IOC file
2022-11-04 09:04:29,995 [INFO] ImportTextPane:162 - (OptionalMessage_ERROR) Unable to find key (Mcu.IPNb) in loaded IOC file
2022-11-04 09:04:30,261 [INFO] UtilMem:74 - End LoadConfig() Used Memory: 671120976 Bytes (979369984)
2022-11-04 09:04:30,276 [INFO] ThirdPartyDb:295 - Open Third Party DataBase File (C:/Users/Daniel/.stm32cubemx/plugins/thirdparty/db/thirdparties_db.xml) : 15 ms. number of Sw pack : 16
2022-11-04 09:04:30,417 [INFO] ThirdParty:899 - CMSIS Pack Vendor :RoweBots I-CUBE-UNISONRTOS 5.5.0-4
2022-11-04 09:04:30,417 [INFO] ThirdParty:899 - CMSIS Pack Vendor :STMicroelectronics X-CUBE-GNSS1 6.0.0
2022-11-04 09:04:30,417 [INFO] ThirdParty:899 - CMSIS Pack Vendor :STMicroelectronics X-CUBE-BLE1 6.2.3
2022-11-04 09:04:30,417 [INFO] ThirdParty:899 - CMSIS Pack Vendor :STMicroelectronics X-CUBE-ALGOBUILD 1.3.0
2022-11-04 09:04:30,417 [INFO] ThirdParty:899 - CMSIS Pack Vendor :STMicroelectronics FreeRTOS 0.0.1
2022-11-04 09:04:30,417 [INFO] ThirdParty:899 - CMSIS Pack Vendor :SEGGER I-CUBE-embOS 1.2.0
2022-11-04 09:04:30,417 [INFO] ThirdParty:899 - CMSIS Pack Vendor :wolfSSL I-CUBE-wolfSSL 5.5.0
2022-11-04 09:04:30,417 [INFO] ThirdParty:899 - CMSIS Pack Vendor :STMicroelectronics X-CUBE-EEPRMA1 3.1.1
2022-11-04 09:04:30,417 [INFO] ThirdParty:899 - CMSIS Pack Vendor :STMicroelectronics X-CUBE-SFXS2LP1 4.0.0
2022-11-04 09:04:30,417 [INFO] ThirdParty:899 - CMSIS Pack Vendor :STMicroelectronics X-CUBE-NFC7 1.0.0
2022-11-04 09:04:30,417 [INFO] ThirdParty:899 - CMSIS Pack Vendor :STMicroelectronics X-CUBE-BLE2 3.3.0
2022-11-04 09:04:30,417 [INFO] ThirdParty:899 - CMSIS Pack Vendor :STMicroelectronics X-CUBE-NFC4 2.0.4
2022-11-04 09:04:30,417 [INFO] ThirdParty:899 - CMSIS Pack Vendor :STMicroelectronics X-CUBE-MEMS1 9.3.0
2022-11-04 09:04:30,417 [INFO] ThirdParty:899 - CMSIS Pack Vendor :STMicroelectronics X-CUBE-ISPU 1.0.0
2022-11-04 09:04:30,604 [INFO] PinOutPanel:1399 - setPackage(No Configuration,No Configuration)
2022-11-04 09:04:30,620 [INFO] PinOutPanel:1399 - setPackage(STM32F103C8Tx,LQFP48)
2022-11-04 09:04:31,011 [INFO] UtilMem:74 - Before build in PCC Used Memory: 780995000 Bytes (979369984)
2022-11-04 09:04:31,339 [INFO] SharedServices:71 - Folder for power plug-in: C:/Users/Daniel/.stm32cubemx/plugins/power
2022-11-04 09:04:31,339 [INFO] UtilMem:74 - After build in PCC Used Memory: 795152816 Bytes (979369984)
2022-11-04 09:04:31,354 [INFO] IPUIPlugin:65 - create IPUIPlugin
2022-11-04 09:04:31,354 [INFO] IPUIPlugin:65 - create IPUIPlugin
2022-11-04 09:04:31,354 [INFO] IPUIPlugin:65 - create IPUIPlugin
2022-11-04 09:04:31,354 [INFO] IPUIPlugin:65 - create IPUIPlugin
2022-11-04 09:04:31,354 [INFO] IPUIPlugin:65 - create IPUIPlugin
2022-11-04 09:04:31,354 [INFO] IPUIPlugin:65 - create IPUIPlugin
2022-11-04 09:04:31,354 [INFO] IPUIPlugin:65 - create IPUIPlugin
2022-11-04 09:04:31,354 [INFO] IPUIPlugin:65 - create IPUIPlugin
2022-11-04 09:04:31,354 [INFO] IPUIPlugin:65 - create IPUIPlugin
2022-11-04 09:04:31,354 [INFO] IPUIPlugin:65 - create IPUIPlugin
2022-11-04 09:04:31,354 [INFO] IPUIPlugin:65 - create IPUIPlugin
2022-11-04 09:04:31,354 [INFO] IPUIPlugin:65 - create IPUIPlugin
2022-11-04 09:04:31,354 [INFO] IPUIPlugin:65 - create IPUIPlugin
2022-11-04 09:04:31,354 [INFO] IPUIPlugin:65 - create IPUIPlugin
2022-11-04 09:04:31,354 [INFO] IPUIPlugin:65 - create IPUIPlugin
2022-11-04 09:04:31,354 [INFO] IPUIPlugin:65 - create IPUIPlugin
2022-11-04 09:04:31,354 [INFO] IPUIPlugin:65 - create IPUIPlugin
2022-11-04 09:04:31,354 [INFO] IPUIPlugin:65 - create IPUIPlugin
2022-11-04 09:04:31,354 [INFO] IPUIPlugin:65 - create IPUIPlugin
2022-11-04 09:04:31,354 [INFO] IPUIPlugin:65 - create IPUIPlugin
2022-11-04 09:04:31,354 [INFO] IPUIPlugin:65 - create IPUIPlugin
2022-11-04 09:04:31,354 [INFO] IPUIPlugin:65 - create IPUIPlugin
2022-11-04 09:04:31,354 [INFO] IPUIPlugin:65 - create IPUIPlugin
2022-11-04 09:04:31,354 [INFO] IPUIPlugin:65 - create IPUIPlugin
2022-11-04 09:04:31,354 [INFO] IPUIPlugin:65 - create IPUIPlugin
2022-11-04 09:04:31,354 [INFO] IPUIPlugin:65 - create IPUIPlugin
2022-11-04 09:04:31,354 [INFO] IPUIPlugin:65 - create IPUIPlugin
2022-11-04 09:04:31,385 [INFO] LogOutputStream:76 - [STDOUT_REDIRECT] toolchainItems.length=====1
2022-11-04 09:04:31,464 [INFO] OpenFileManager:294 - Restore cursor
2022-11-04 09:04:31,729 [INFO] UtilMem:74 - End SaveConfig() Used Memory: 822639184 Bytes (979369984)
2022-11-04 09:04:31,776 [INFO] UtilMem:74 - End SaveConfig() Used Memory: 469792760 Bytes (979369984)
2022-11-04 09:04:32,370 [INFO] BlockDiagram:2751 - set Specific Code input for plugin: NVIC
2022-11-04 09:04:32,370 [INFO] BlockDiagram:2751 - set Specific Code input for plugin: SYS
2022-11-04 09:04:32,385 [INFO] CodeGenerator:601 - code generatio: config db path: C:\Users\Daniel\Desktop\oldversionSTCUBE\STM32CubeIDE_1.2.0\STM32CubeIDE\plugins\com.st.stm32cube.common.mx_5.5.0.201912201511\\db\
2022-11-04 09:04:32,901 [INFO] CodeEngine:193 - oldGeneratedFile, C:\Users\Daniel\Desktop\BMWI4_REPOSITORY\I4_BCF_WORKSPACE\I4_BCF\MXTmpFiles\license.tmp_save
2022-11-04 09:04:33,354 [INFO] CodeEngine:211 - Generated code: C:\Users\Daniel\Desktop\BMWI4_REPOSITORY\I4_BCF_WORKSPACE\I4_BCF\MXTmpFiles\license.tmp
2022-11-04 09:04:33,494 [INFO] LogOutputStream:76 - [STDOUT_REDIRECT] Debug : prepare data for NVIC
2022-11-04 09:04:33,494 [INFO] LogOutputStream:76 - [STDOUT_REDIRECT] Command line test
2022-11-04 09:04:33,510 [INFO] CodeEngine:193 - oldGeneratedFile, C:\Users\Daniel\Desktop\BMWI4_REPOSITORY\I4_BCF_WORKSPACE\I4_BCF\Core\Src\stm32f1xx_it.c_save
2022-11-04 09:04:33,682 [INFO] CodeEngine:211 - Generated code: C:\Users\Daniel\Desktop\BMWI4_REPOSITORY\I4_BCF_WORKSPACE\I4_BCF\Core\Src\stm32f1xx_it.c
2022-11-04 09:04:33,713 [INFO] CodeEngine:193 - oldGeneratedFile, C:\Users\Daniel\Desktop\BMWI4_REPOSITORY\I4_BCF_WORKSPACE\I4_BCF\Core\Inc\stm32f1xx_it.h_save
2022-11-04 09:04:33,838 [INFO] CodeEngine:211 - Generated code: C:\Users\Daniel\Desktop\BMWI4_REPOSITORY\I4_BCF_WORKSPACE\I4_BCF\Core\Inc\stm32f1xx_it.h
2022-11-04 09:04:33,854 [INFO] CodeEngine:193 - oldGeneratedFile, C:\Users\Daniel\Desktop\BMWI4_REPOSITORY\I4_BCF_WORKSPACE\I4_BCF\Core\Src\stm32f1xx_hal_msp.c_save
2022-11-04 09:04:34,057 [INFO] CodeEngine:211 - Generated code: C:\Users\Daniel\Desktop\BMWI4_REPOSITORY\I4_BCF_WORKSPACE\I4_BCF\Core\Src\stm32f1xx_hal_msp.c
2022-11-04 09:04:34,072 [INFO] CodeEngine:193 - oldGeneratedFile, C:\Users\Daniel\Desktop\BMWI4_REPOSITORY\I4_BCF_WORKSPACE\I4_BCF\MXTmpFiles\system.tmp_save
2022-11-04 09:04:34,166 [INFO] CodeEngine:211 - Generated code: C:\Users\Daniel\Desktop\BMWI4_REPOSITORY\I4_BCF_WORKSPACE\I4_BCF\MXTmpFiles\system.tmp
2022-11-04 09:04:34,197 [INFO] CodeEngine:193 - oldGeneratedFile, C:\Users\Daniel\Desktop\BMWI4_REPOSITORY\I4_BCF_WORKSPACE\I4_BCF\Core\Inc\stm32f1xx_hal_conf.h_save
2022-11-04 09:04:34,322 [INFO] CodeEngine:211 - Generated code: C:\Users\Daniel\Desktop\BMWI4_REPOSITORY\I4_BCF_WORKSPACE\I4_BCF\Core\Inc\stm32f1xx_hal_conf.h
2022-11-04 09:04:34,385 [INFO] CodeEngine:193 - oldGeneratedFile, C:\Users\Daniel\Desktop\BMWI4_REPOSITORY\I4_BCF_WORKSPACE\I4_BCF\Core\Inc\main.h_save
2022-11-04 09:04:34,525 [INFO] CodeEngine:211 - Generated code: C:\Users\Daniel\Desktop\BMWI4_REPOSITORY\I4_BCF_WORKSPACE\I4_BCF\Core\Inc\main.h
2022-11-04 09:04:34,557 [INFO] CodeEngine:193 - oldGeneratedFile, C:\Users\Daniel\Desktop\BMWI4_REPOSITORY\I4_BCF_WORKSPACE\I4_BCF\Core\Src\main.c_save
2022-11-04 09:04:34,713 [INFO] CodeEngine:211 - Generated code: C:\Users\Daniel\Desktop\BMWI4_REPOSITORY\I4_BCF_WORKSPACE\I4_BCF\Core\Src\main.c
2022-11-04 09:04:36,228 [INFO] ProjectBuilder:1843 - Time for Copy HAL[1] : 625mS.
2022-11-04 09:04:36,228 [INFO] ProjectBuilder:2428 - Project Generator version: 3.6.0
2022-11-04 09:04:36,540 [INFO] ConfigFileManager:1043 - The Die is : DIE410
2022-11-04 09:04:47,444 [INFO] ProjectBuilder:2595 - Time for Generating toolchain IDE Files: 11216mS.
2022-11-04 09:04:47,444 [INFO] ProjectBuilder:1703 - Time for Copy CMSIS : 0mS.
2022-11-04 09:04:47,460 [INFO] ProjectBuilder:1703 - Time for Copy CMSIS : 0mS.
