2023-03-14 20:02:53,387 [INFO] Activator:176 - 


2023-03-14 20:02:53,391 [INFO] Activator:177 - !SESSION log4j initialized
2023-03-14 20:02:57,833 [INFO] LogOutputStream:77 - [STDOUT_REDIRECT] 
2023-03-14 20:03:16,387 [ERROR] LogOutputStream:75 - [STDERR_REDIRECT] SLF4J: Failed to load class "org.slf4j.impl.StaticLoggerBinder".
2023-03-14 20:03:16,388 [ERROR] LogOutputStream:75 - [STDERR_REDIRECT] SLF4J: Defaulting to no-operation (NOP) logger implementation
2023-03-14 20:03:16,388 [ERROR] LogOutputStream:75 - [STDERR_REDIRECT] SLF4J: See http://www.slf4j.org/codes.html#StaticLoggerBinder for further details.
2023-03-14 20:09:04,989 [INFO] ApplicationProperties:184 - Using Application install path: C:\ST\STM32CubeIDE_1.10.1\STM32CubeIDE\plugins\com.st.stm32cube.common.mx_6.8.0.202302231600
2023-03-14 20:09:05,003 [INFO] DbMcusXml:78 - Set database path to: C:\ST\STM32CubeIDE_1.10.1\STM32CubeIDE\plugins\com.st.stm32cube.common.mx_6.8.0.202302231600\\db\/mcu/
2023-03-14 20:09:05,003 [INFO] ApiDb:274 - Set plugin database path to: C:\ST\STM32CubeIDE_1.10.1\STM32CubeIDE\plugins\com.st.stm32cube.common.mx_6.8.0.202302231600\\db\/plugins/boardmanager/
2023-03-14 20:09:05,005 [WARN] ApiDb:259 - Overriding images path with different value:  => C:\ST\STM32CubeIDE_1.10.1\STM32CubeIDE\plugins\com.st.stm32cube.common.mx_6.8.0.202302231600\\db\/plugins/mcufinder/images/
2023-03-14 20:09:05,014 [INFO] ApiDb:250 - Set database path to: C:\Users\Daniel\.stmcufinder\plugins\mcufinder//mcu/
2023-03-14 20:09:05,016 [INFO] DbMcusAds:125 - Set database path to: C:\Users\Daniel\.stmcufinder\plugins\mcufinder//mcu/
2023-03-14 20:09:05,026 [INFO] CrossReferenceDbSqlite:203 - Set database path to: C:\Users\Daniel\.stmcufinder\plugins\mcufinder//mcu/cs/
2023-03-14 20:09:05,102 [INFO] RulesReader:64 - Compatibility file has been processed (293 Rules)
2023-03-14 20:09:05,157 [INFO] DbMcusXml:78 - Set database path to: C:\ST\STM32CubeIDE_1.10.1\STM32CubeIDE\plugins\com.st.stm32cube.common.mx_6.8.0.202302231600\\db\/mcu/
2023-03-14 20:09:05,157 [INFO] ApiDb:274 - Set plugin database path to: C:\ST\STM32CubeIDE_1.10.1\STM32CubeIDE\plugins\com.st.stm32cube.common.mx_6.8.0.202302231600\\db\/plugins/boardmanager/
2023-03-14 20:09:05,157 [INFO] ApiDb:261 - Set plugin images path to: C:\ST\STM32CubeIDE_1.10.1\STM32CubeIDE\plugins\com.st.stm32cube.common.mx_6.8.0.202302231600\\db\/plugins/mcufinder/images/
2023-03-14 20:09:05,157 [WARN] DbFile:41 - Overriding database path with different value: C:\Users\Daniel\.stmcufinder\plugins\mcufinder/ => C:\Users\Daniel\.stmcufinder\plugins\mcufinder
2023-03-14 20:09:05,157 [INFO] ApiDb:250 - Set database path to: C:\Users\Daniel\.stmcufinder\plugins\mcufinder//mcu/
2023-03-14 20:09:05,157 [WARN] DbFile:41 - Overriding database path with different value: C:\Users\Daniel\.stmcufinder\plugins\mcufinder/ => C:\Users\Daniel\.stmcufinder\plugins\mcufinder
2023-03-14 20:09:05,157 [INFO] DbMcusAds:125 - Set database path to: C:\Users\Daniel\.stmcufinder\plugins\mcufinder//mcu/
2023-03-14 20:09:05,157 [WARN] DbFile:41 - Overriding database path with different value: C:\Users\Daniel\.stmcufinder\plugins\mcufinder/ => C:\Users\Daniel\.stmcufinder\plugins\mcufinder
2023-03-14 20:09:05,158 [WARN] DbFile:41 - Overriding database path with different value: C:\Users\Daniel\.stmcufinder\plugins\mcufinder/ => C:\Users\Daniel\.stmcufinder\plugins\mcufinder
2023-03-14 20:09:05,158 [INFO] CrossReferenceDbSqlite:203 - Set database path to: C:\Users\Daniel\.stmcufinder\plugins\mcufinder//mcu/cs/
2023-03-14 20:09:05,211 [INFO] MainPanel:253 - HeapMemory: 462422016
2023-03-14 20:09:05,280 [INFO] DbMcusXml:78 - Set database path to: C:\ST\STM32CubeIDE_1.10.1\STM32CubeIDE\plugins\com.st.stm32cube.common.mx_6.8.0.202302231600\\db\/mcu/
2023-03-14 20:09:05,280 [INFO] ApiDb:274 - Set plugin database path to: C:\ST\STM32CubeIDE_1.10.1\STM32CubeIDE\plugins\com.st.stm32cube.common.mx_6.8.0.202302231600\\db\/plugins/boardmanager/
2023-03-14 20:09:05,280 [INFO] ApiDb:261 - Set plugin images path to: C:\ST\STM32CubeIDE_1.10.1\STM32CubeIDE\plugins\com.st.stm32cube.common.mx_6.8.0.202302231600\\db\/plugins/mcufinder/images/
2023-03-14 20:09:05,280 [WARN] DbFile:41 - Overriding database path with different value: C:\Users\Daniel\.stmcufinder\plugins\mcufinder/ => C:\Users\Daniel\.stmcufinder\plugins\mcufinder
2023-03-14 20:09:05,280 [INFO] ApiDb:250 - Set database path to: C:\Users\Daniel\.stmcufinder\plugins\mcufinder//mcu/
2023-03-14 20:09:05,280 [WARN] DbFile:41 - Overriding database path with different value: C:\Users\Daniel\.stmcufinder\plugins\mcufinder/ => C:\Users\Daniel\.stmcufinder\plugins\mcufinder
2023-03-14 20:09:05,280 [INFO] DbMcusAds:125 - Set database path to: C:\Users\Daniel\.stmcufinder\plugins\mcufinder//mcu/
2023-03-14 20:09:05,280 [WARN] DbFile:41 - Overriding database path with different value: C:\Users\Daniel\.stmcufinder\plugins\mcufinder/ => C:\Users\Daniel\.stmcufinder\plugins\mcufinder
2023-03-14 20:09:05,280 [WARN] DbFile:41 - Overriding database path with different value: C:\Users\Daniel\.stmcufinder\plugins\mcufinder/ => C:\Users\Daniel\.stmcufinder\plugins\mcufinder
2023-03-14 20:09:05,280 [INFO] CrossReferenceDbSqlite:203 - Set database path to: C:\Users\Daniel\.stmcufinder\plugins\mcufinder//mcu/cs/
2023-03-14 20:09:05,292 [INFO] ApplicationProperties:184 - Using Application install path: C:\ST\STM32CubeIDE_1.10.1\STM32CubeIDE\plugins\com.st.stm32cube.common.mx_6.8.0.202302231600
2023-03-14 20:09:05,294 [INFO] PluginManage:196 - Search for loadable plugins [exclusion list=, ]
2023-03-14 20:09:05,295 [INFO] PluginManage:310 - Check plugin analytics
2023-03-14 20:09:05,394 [INFO] AnalyticsPlugin:253 - Accepted Software Licenses: 
2023-03-14 20:09:05,395 [INFO] AnalyticsPlugin:255 - Accepted CMSIS Pack Licenses: 
2023-03-14 20:09:05,395 [INFO] AnalyticsPlugin:257 - Accepted Firmware Licenses: 
2023-03-14 20:09:05,401 [INFO] PluginManage:359 - Loaded plugin analytics (category:tool,tabindex:-1)
2023-03-14 20:09:05,402 [INFO] PluginManage:310 - Check plugin cadmodel
2023-03-14 20:09:05,411 [INFO] CADModel:105 - Init CAD model plugin
2023-03-14 20:09:05,412 [INFO] PluginManage:359 - Loaded plugin cadmodel (category:power,tabindex:5)
2023-03-14 20:09:05,412 [INFO] PluginManage:310 - Check plugin clock
2023-03-14 20:09:05,425 [INFO] PluginManage:359 - Loaded plugin clock (category:base,tabindex:2)
2023-03-14 20:09:05,425 [INFO] PluginManage:310 - Check plugin ddr
2023-03-14 20:09:05,427 [INFO] PluginManage:359 - Loaded plugin ddr (category:tool,tabindex:6)
2023-03-14 20:09:05,427 [INFO] PluginManage:310 - Check plugin filemanager
2023-03-14 20:09:05,513 [INFO] PluginManage:359 - Loaded plugin filemanager (category:base,tabindex:10)
2023-03-14 20:09:05,513 [INFO] PluginManage:310 - Check plugin ipmanager
2023-03-14 20:09:05,519 [INFO] PluginManage:359 - Loaded plugin ipmanager (category:base,tabindex:5)
2023-03-14 20:09:05,519 [INFO] PluginManage:310 - Check plugin lpbam
2023-03-14 20:09:05,531 [INFO] PluginManage:359 - Loaded plugin lpbam (category:base,tabindex:0)
2023-03-14 20:09:05,532 [INFO] PluginManage:310 - Check plugin pinoutandconfiguration
2023-03-14 20:09:05,543 [INFO] PluginManage:359 - Loaded plugin pinoutandconfiguration (category:base,tabindex:1)
2023-03-14 20:09:05,543 [INFO] PluginManage:310 - Check plugin pinoutconfig
2023-03-14 20:09:05,606 [WARN] SupportedApi:132 - Cannot load RTOS API schema: s4s-elt-must-match.1: The content of 'definitions' must match (annotation?, (simpleType | complexType)?, (unique | key | keyref)*)). A problem was found starting at: attribute.
2023-03-14 20:09:05,696 [INFO] PluginManage:359 - Loaded plugin pinoutconfig (category:base,tabindex:0)
2023-03-14 20:09:05,696 [INFO] PluginManage:310 - Check plugin power
2023-03-14 20:09:05,710 [INFO] PluginManage:359 - Loaded plugin power (category:power,tabindex:4)
2023-03-14 20:09:05,710 [INFO] PluginManage:310 - Check plugin projectmanager
2023-03-14 20:09:05,722 [INFO] PluginManage:359 - Loaded plugin projectmanager (category:projectmanager,tabindex:3)
2023-03-14 20:09:05,722 [INFO] PluginManage:310 - Check plugin thirdparty
2023-03-14 20:09:05,872 [INFO] PluginManage:359 - Loaded plugin thirdparty (category:base,tabindex:-1)
2023-03-14 20:09:05,873 [INFO] PluginManage:310 - Check plugin tools
2023-03-14 20:09:05,872 [WARN] IntegrityCheckThread:84 - waiting for thirdparty lock release [integrity check]
2023-03-14 20:09:05,873 [INFO] IntegrityCheckThread:86 - entering critical section [integrity check]
2023-03-14 20:09:05,874 [INFO] ThirdPartyUpdaterWithRetryManager:70 - Updater plugin not ready yet. [1/15]
2023-03-14 20:09:05,889 [INFO] PluginManage:359 - Loaded plugin tools (category:base,tabindex:7)
2023-03-14 20:09:05,889 [INFO] PluginManage:310 - Check plugin tutovideos
2023-03-14 20:09:06,037 [INFO] PluginManage:359 - Loaded plugin tutovideos (category:base,tabindex:-1)
2023-03-14 20:09:06,037 [INFO] PluginManage:310 - Check plugin updater
2023-03-14 20:09:06,047 [INFO] PluginManage:359 - Loaded plugin updater (category:base,tabindex:12)
2023-03-14 20:09:06,048 [INFO] PluginManage:283 - PluginManage : Loaded plugins [15]
2023-03-14 20:09:06,222 [INFO] PinOutPanel:1499 - setPackage(No Configuration,No Configuration)
2023-03-14 20:09:06,269 [INFO] CADModel:165 - CPN selected for project level
2023-03-14 20:09:06,269 [INFO] CADModel:114 - Register for checkConnection events
2023-03-14 20:09:06,288 [INFO] IPUIPlugin:80 - create IPUIPlugin
2023-03-14 20:09:06,288 [INFO] PluginManager:220 - loadIPPluginJar : add adc
2023-03-14 20:09:06,305 [INFO] IPUIPlugin:80 - create IPUIPlugin
2023-03-14 20:09:06,305 [INFO] PluginManager:220 - loadIPPluginJar : add aes
2023-03-14 20:09:06,326 [INFO] IPUIPlugin:80 - create IPUIPlugin
2023-03-14 20:09:06,326 [INFO] PluginManager:220 - loadIPPluginJar : add can
2023-03-14 20:09:06,337 [INFO] IPUIPlugin:80 - create IPUIPlugin
2023-03-14 20:09:06,338 [INFO] PluginManager:220 - loadIPPluginJar : add comp
2023-03-14 20:09:06,354 [INFO] IPUIPlugin:80 - create IPUIPlugin
2023-03-14 20:09:06,354 [INFO] PluginManager:220 - loadIPPluginJar : add cryp
2023-03-14 20:09:06,369 [INFO] IPUIPlugin:80 - create IPUIPlugin
2023-03-14 20:09:06,369 [INFO] PluginManager:220 - loadIPPluginJar : add dfsdm
2023-03-14 20:09:06,378 [INFO] IPUIPlugin:80 - create IPUIPlugin
2023-03-14 20:09:06,378 [INFO] PluginManager:220 - loadIPPluginJar : add dma
2023-03-14 20:09:06,399 [INFO] IPUIPlugin:80 - create IPUIPlugin
2023-03-14 20:09:06,399 [INFO] PluginManager:220 - loadIPPluginJar : add dma3
2023-03-14 20:09:06,409 [INFO] IPUIPlugin:80 - create IPUIPlugin
2023-03-14 20:09:06,409 [INFO] PluginManager:220 - loadIPPluginJar : add fatfs
2023-03-14 20:09:06,433 [INFO] IPUIPlugin:80 - create IPUIPlugin
2023-03-14 20:09:06,433 [INFO] PluginManager:220 - loadIPPluginJar : add fmc
2023-03-14 20:09:06,444 [INFO] IPUIPlugin:80 - create IPUIPlugin
2023-03-14 20:09:06,444 [INFO] PluginManager:220 - loadIPPluginJar : add freertos
2023-03-14 20:09:06,453 [INFO] IPUIPlugin:80 - create IPUIPlugin
2023-03-14 20:09:06,453 [INFO] PluginManager:220 - loadIPPluginJar : add genericplugin
2023-03-14 20:09:06,498 [INFO] IPUIPlugin:80 - create IPUIPlugin
2023-03-14 20:09:06,498 [INFO] PluginManager:220 - loadIPPluginJar : add gfxmmu
2023-03-14 20:09:06,564 [INFO] IPUIPlugin:80 - create IPUIPlugin
2023-03-14 20:09:06,564 [INFO] PluginManager:220 - loadIPPluginJar : add gic
2023-03-14 20:09:06,572 [INFO] IPUIPlugin:80 - create IPUIPlugin
2023-03-14 20:09:06,572 [INFO] PluginManager:220 - loadIPPluginJar : add gpio
2023-03-14 20:09:06,620 [INFO] IPUIPlugin:80 - create IPUIPlugin
2023-03-14 20:09:06,620 [INFO] PluginManager:220 - loadIPPluginJar : add gtzc
2023-03-14 20:09:06,636 [INFO] IPUIPlugin:80 - create IPUIPlugin
2023-03-14 20:09:06,636 [INFO] PluginManager:220 - loadIPPluginJar : add hash
2023-03-14 20:09:06,662 [INFO] IPUIPlugin:80 - create IPUIPlugin
2023-03-14 20:09:06,662 [INFO] PluginManager:220 - loadIPPluginJar : add i2c
2023-03-14 20:09:06,681 [INFO] IPUIPlugin:80 - create IPUIPlugin
2023-03-14 20:09:06,681 [INFO] PluginManager:220 - loadIPPluginJar : add i2s
2023-03-14 20:09:06,701 [INFO] IPUIPlugin:80 - create IPUIPlugin
2023-03-14 20:09:06,701 [INFO] PluginManager:220 - loadIPPluginJar : add i3c
2023-03-14 20:09:06,761 [INFO] IPUIPlugin:80 - create IPUIPlugin
2023-03-14 20:09:06,761 [INFO] PluginManager:220 - loadIPPluginJar : add ipddr
2023-03-14 20:09:06,808 [INFO] IPUIPlugin:80 - create IPUIPlugin
2023-03-14 20:09:06,808 [INFO] PluginManager:220 - loadIPPluginJar : add linkedlist
2023-03-14 20:09:06,825 [INFO] IPUIPlugin:80 - create IPUIPlugin
2023-03-14 20:09:06,825 [INFO] PluginManager:220 - loadIPPluginJar : add lorawan
2023-03-14 20:09:06,843 [INFO] IPUIPlugin:80 - create IPUIPlugin
2023-03-14 20:09:06,843 [INFO] PluginManager:220 - loadIPPluginJar : add ltdc
2023-03-14 20:09:06,853 [INFO] IPUIPlugin:80 - create IPUIPlugin
2023-03-14 20:09:06,853 [INFO] PluginManager:220 - loadIPPluginJar : add mdma
2023-03-14 20:09:06,859 [INFO] IPUIPlugin:80 - create IPUIPlugin
2023-03-14 20:09:06,861 [INFO] PluginManager:220 - loadIPPluginJar : add nvic
2023-03-14 20:09:06,878 [INFO] IPUIPlugin:80 - create IPUIPlugin
2023-03-14 20:09:06,878 [INFO] PluginManager:220 - loadIPPluginJar : add opamp
2023-03-14 20:09:06,908 [INFO] IPUIPlugin:80 - create IPUIPlugin
2023-03-14 20:09:06,908 [INFO] PluginManager:220 - loadIPPluginJar : add openamp
2023-03-14 20:09:06,934 [INFO] IPUIPlugin:80 - create IPUIPlugin
2023-03-14 20:09:06,934 [INFO] PluginManager:220 - loadIPPluginJar : add pdm2pcm
2023-03-14 20:09:06,945 [INFO] IPUIPlugin:80 - create IPUIPlugin
2023-03-14 20:09:06,947 [INFO] PluginManager:220 - loadIPPluginJar : add plateformsettings
2023-03-14 20:09:06,959 [INFO] IPUIPlugin:80 - create IPUIPlugin
2023-03-14 20:09:06,960 [INFO] PluginManager:220 - loadIPPluginJar : add quadspi
2023-03-14 20:09:06,968 [INFO] IPUIPlugin:80 - create IPUIPlugin
2023-03-14 20:09:06,968 [INFO] PluginManager:220 - loadIPPluginJar : add resmgrutility
2023-03-14 20:09:06,993 [INFO] IPUIPlugin:80 - create IPUIPlugin
2023-03-14 20:09:06,993 [INFO] PluginManager:220 - loadIPPluginJar : add sai
2023-03-14 20:09:07,012 [INFO] IPUIPlugin:80 - create IPUIPlugin
2023-03-14 20:09:07,012 [INFO] PluginManager:220 - loadIPPluginJar : add spi
2023-03-14 20:09:07,042 [INFO] IPUIPlugin:80 - create IPUIPlugin
2023-03-14 20:09:07,042 [INFO] PluginManager:220 - loadIPPluginJar : add stm32_wpan
2023-03-14 20:09:07,054 [INFO] IPUIPlugin:80 - create IPUIPlugin
2023-03-14 20:09:07,054 [INFO] PluginManager:220 - loadIPPluginJar : add tim
2023-03-14 20:09:07,081 [INFO] IPUIPlugin:80 - create IPUIPlugin
2023-03-14 20:09:07,081 [INFO] PluginManager:220 - loadIPPluginJar : add touchsensing
2023-03-14 20:09:07,092 [INFO] IPUIPlugin:80 - create IPUIPlugin
2023-03-14 20:09:07,093 [INFO] PluginManager:220 - loadIPPluginJar : add tracer_emb
2023-03-14 20:09:07,104 [INFO] IPUIPlugin:80 - create IPUIPlugin
2023-03-14 20:09:07,105 [INFO] PluginManager:220 - loadIPPluginJar : add ts
2023-03-14 20:09:07,116 [INFO] IPUIPlugin:80 - create IPUIPlugin
2023-03-14 20:09:07,116 [INFO] PluginManager:220 - loadIPPluginJar : add tsc
2023-03-14 20:09:07,127 [INFO] IPUIPlugin:80 - create IPUIPlugin
2023-03-14 20:09:07,127 [INFO] PluginManager:220 - loadIPPluginJar : add ucpd
2023-03-14 20:09:07,149 [INFO] IPUIPlugin:80 - create IPUIPlugin
2023-03-14 20:09:07,149 [INFO] PluginManager:220 - loadIPPluginJar : add usart
2023-03-14 20:09:07,172 [INFO] IPUIPlugin:80 - create IPUIPlugin
2023-03-14 20:09:07,172 [INFO] PluginManager:220 - loadIPPluginJar : add usbx
2023-03-14 20:09:07,280 [INFO] CADModel:165 - CPN selected for project level
2023-03-14 20:09:07,280 [INFO] CADModel:114 - Register for checkConnection events
2023-03-14 20:09:07,280 [FATAL] Updater:308 - Updater called before beeing initialized
2023-03-14 20:09:07,280 [ERROR] CADModel:125 - Updater not yet initialized, retry later 
2023-03-14 20:09:07,377 [INFO] CADModel:165 - CPN selected for project level
2023-03-14 20:09:07,377 [INFO] CADModel:114 - Register for checkConnection events
2023-03-14 20:09:07,377 [FATAL] Updater:308 - Updater called before beeing initialized
2023-03-14 20:09:07,377 [ERROR] CADModel:125 - Updater not yet initialized, retry later 
2023-03-14 20:09:07,380 [FATAL] Updater:308 - Updater called before beeing initialized
2023-03-14 20:09:07,458 [FATAL] Updater:308 - Updater called before beeing initialized
2023-03-14 20:09:07,466 [INFO] DbMcusAds:53 - JSON generation date=Tue Feb 21 16:58:20 EET 2023 (1676991500156)
2023-03-14 20:09:07,466 [FATAL] Updater:308 - Updater called before beeing initialized
2023-03-14 20:09:07,494 [WARN] DetailPanel:346 - Failed to get advertising image, set to default
2023-03-14 20:09:07,575 [FATAL] Updater:308 - Updater called before beeing initialized
2023-03-14 20:09:07,577 [FATAL] Updater:308 - Updater called before beeing initialized
2023-03-14 20:09:07,577 [FATAL] Updater:308 - Updater called before beeing initialized
2023-03-14 20:09:07,577 [WARN] DetailPanel:346 - Failed to get advertising image, set to default
2023-03-14 20:09:07,578 [FATAL] Updater:308 - Updater called before beeing initialized
2023-03-14 20:09:07,618 [ERROR] Updater:1120 - MainUpdater not yet initialized. External WinMGr cannot be set.
2023-03-14 20:09:07,624 [INFO] Updater:1056 - Updater Version found : 6.8.0
2023-03-14 20:09:07,637 [INFO] ApplicationProperties:184 - Using Application install path: C:\ST\STM32CubeIDE_1.10.1\STM32CubeIDE\plugins\com.st.stm32cube.common.mx_6.8.0.202302231600
2023-03-14 20:09:07,857 [INFO] MainUpdater:2854 - connection check result : 10
2023-03-14 20:09:07,857 [INFO] MainUpdater:3548 - Updater definition file requires update
2023-03-14 20:09:07,858 [INFO] MainUpdater:283 - Updater Check For Update Now.
2023-03-14 20:09:07,858 [INFO] MicroXplorer:498 - Change Database Version : DB.6.0.80
2023-03-14 20:09:08,408 [INFO] ServerAccessManage:473 - Download File updaters.zip
2023-03-14 20:09:08,444 [INFO] FileExtend:240 - Unzip File : updaters.zip
2023-03-14 20:09:08,444 [INFO] FileExtend:255 - Standard Zip Deflate
2023-03-14 20:09:08,887 [WARN] MainUpdater:1187 - Updater busy. Cannot search thirdparties
2023-03-14 20:09:08,887 [INFO] ThirdPartyUpdaterWithRetryManager:96 - Updater plugin is busy. [1/15]
2023-03-14 20:09:09,032 [INFO] ServerAccessManage:473 - Download File PacksControlFlags.xml
2023-03-14 20:09:09,390 [INFO] ServerAccessManage:473 - Download File cubemx.pidx
2023-03-14 20:09:10,138 [INFO] ServerAccessManage:473 - Download File SEGGER.I-CUBE-embOS.pdsc
2023-03-14 20:09:11,321 [INFO] ServerAccessManage:473 - Download File WES.I-CUBE-Cesium.pdsc
2023-03-14 20:09:11,889 [WARN] MainUpdater:1187 - Updater busy. Cannot search thirdparties
2023-03-14 20:09:11,889 [INFO] ThirdPartyUpdaterWithRetryManager:96 - Updater plugin is busy. [2/15]
2023-03-14 20:09:13,375 [ERROR] ServerAccessManage:1089 - Problem, file not found on Server
2023-03-14 20:09:14,104 [ERROR] ServerAccessManage:1089 - Problem, file not found on Server
2023-03-14 20:09:14,167 [WARN] PackLoader:240 - Cannot read IP mode file for SEGGER.I-CUBE-embOS.1.3.1
2023-03-14 20:09:14,211 [WARN] PackLoader:240 - Cannot read IP mode file for WES.I-CUBE-Cesium.1.3.0
2023-03-14 20:09:14,212 [INFO] PopulateThirdPartyThread:66 - Ending populate Thread
2023-03-14 20:09:14,213 [INFO] ThirdParty:1030 - CMSIS Pack Vendor :WES I-CUBE-Cesium 1.3.0
2023-03-14 20:09:14,213 [INFO] ThirdParty:1030 - CMSIS Pack Vendor :SEGGER I-CUBE-embOS 1.3.1
2023-03-14 20:09:14,213 [INFO] LoadServerUpdatesThread:373 - End of LoadServerUpdate Thread
2023-03-14 20:09:14,266 [INFO] CheckServerUpdateThread:120 - End of CheckServer Thread
2023-03-14 20:09:14,374 [INFO] MainUpdater:2854 - connection check result : 10
2023-03-14 20:09:14,379 [INFO] MainUpdater:2854 - connection check result : 10
2023-03-14 20:09:14,461 [INFO] MicroXplorer:468 - Change Database Path : 
2023-03-14 20:09:14,461 [INFO] MicroXplorer:498 - Change Database Version : DB.6.0.80
2023-03-14 20:09:14,461 [WARN] ThirdParty:871 - waiting for thirdparty lock release [close project]
2023-03-14 20:09:14,998 [WARN] PackLoader:240 - Cannot read IP mode file for STMicroelectronics.X-CUBE-GNSS1.6.0.0
2023-03-14 20:09:15,019 [WARN] PackLoader:240 - Cannot read IP mode file for STMicroelectronics.X-CUBE-AZRTOS-F4.1.1.0
2023-03-14 20:09:15,032 [WARN] PackLoader:240 - Cannot read IP mode file for STMicroelectronics.X-CUBE-BLEMGR.1.2.0
2023-03-14 20:09:15,050 [WARN] PackLoader:240 - Cannot read IP mode file for STMicroelectronics.X-CUBE-AZRTOS-F7.1.1.0
2023-03-14 20:09:15,060 [WARN] PackLoader:240 - Cannot read IP mode file for STMicroelectronics.X-CUBE-BLE1.6.2.3
2023-03-14 20:09:15,066 [WARN] PackLoader:240 - Cannot read IP mode file for STMicroelectronics.X-CUBE-BLE1.6.2.4
2023-03-14 20:09:15,075 [WARN] PackLoader:240 - Cannot read IP mode file for emotas.I-CUBE-CANOPEN.1.1.3
2023-03-14 20:09:15,122 [WARN] PackLoader:240 - Cannot read IP mode file for STMicroelectronics.X-CUBE-BLEMGR.2.0.0
2023-03-14 20:09:15,130 [WARN] PackLoader:240 - Cannot read IP mode file for STMicroelectronics.X-CUBE-NFC4.2.0.5
2023-03-14 20:09:15,138 [WARN] PackLoader:240 - Cannot read IP mode file for STMicroelectronics.X-CUBE-DISPLAY.3.0.0
2023-03-14 20:09:15,148 [WARN] PackLoader:240 - Cannot read IP mode file for wolfSSL.I-CUBE-wolfSSL.5.5.3
2023-03-14 20:09:15,174 [WARN] PackLoader:240 - Cannot read IP mode file for STMicroelectronics.X-CUBE-NFC7.1.0.0
2023-03-14 20:09:15,207 [WARN] PackLoader:240 - Cannot read IP mode file for STMicroelectronics.X-CUBE-MEMS1.9.3.0
2023-03-14 20:09:15,296 [WARN] PackLoader:240 - Cannot read IP mode file for STMicroelectronics.X-CUBE-EEPRMA1.4.1.0
2023-03-14 20:09:15,319 [WARN] PackLoader:240 - Cannot read IP mode file for WES.I-CUBE-Cesium.1.3.0
2023-03-14 20:09:15,325 [WARN] PackLoader:240 - Cannot read IP mode file for STMicroelectronics.X-CUBE-SFXS2LP1.4.0.0
2023-03-14 20:09:15,335 [WARN] PackLoader:240 - Cannot read IP mode file for STMicroelectronics.X-CUBE-BLE2.3.3.0
2023-03-14 20:09:15,360 [WARN] PackLoader:240 - Cannot read IP mode file for STMicroelectronics.X-CUBE-DISPLAY.2.2.0
2023-03-14 20:09:15,373 [WARN] PackLoader:240 - Cannot read IP mode file for STMicroelectronics.X-CUBE-TOF1.3.2.0
2023-03-14 20:09:15,396 [WARN] PackLoader:240 - Cannot read IP mode file for STMicroelectronics.X-CUBE-AZRTOS-H7.3.0.0
2023-03-14 20:09:15,404 [WARN] PackLoader:240 - Cannot read IP mode file for STMicroelectronics.X-CUBE-ISPU.1.1.0
2023-03-14 20:09:15,412 [WARN] PackLoader:240 - Cannot read IP mode file for RoweBots.I-CUBE-UNISONRTOS.5.5.0-4
2023-03-14 20:09:15,430 [WARN] PackLoader:240 - Cannot read IP mode file for STMicroelectronics.X-CUBE-AZRTOS-H7.2.1.0
2023-03-14 20:09:15,438 [WARN] PackLoader:240 - Cannot read IP mode file for STMicroelectronics.X-CUBE-AI.8.0.0
2023-03-14 20:09:15,445 [WARN] PackLoader:240 - Cannot read IP mode file for STMicroelectronics.X-CUBE-FREERTOS.1.0.0
2023-03-14 20:09:15,452 [WARN] PackLoader:240 - Cannot read IP mode file for STMicroelectronics.X-CUBE-TOUCHGFX.4.21.1
2023-03-14 20:09:15,456 [WARN] PackLoader:240 - Cannot read IP mode file for STMicroelectronics.X-CUBE-TOUCHGFX.4.21.0
2023-03-14 20:09:15,482 [WARN] PackLoader:240 - Cannot read IP mode file for STMicroelectronics.X-CUBE-MEMS1.9.4.0
2023-03-14 20:09:15,543 [WARN] PackLoader:240 - Cannot read IP mode file for STMicroelectronics.X-CUBE-AI.7.3.0
2023-03-14 20:09:15,569 [WARN] PackLoader:240 - Cannot read IP mode file for STMicroelectronics.X-CUBE-ALGOBUILD.1.3.0
2023-03-14 20:09:15,584 [WARN] PackLoader:240 - Cannot read IP mode file for STMicroelectronics.X-CUBE-AZRTOS-L5.1.1.0
2023-03-14 20:09:15,598 [WARN] PackLoader:240 - Cannot read IP mode file for STMicroelectronics.X-CUBE-AZRTOS-G0.1.1.0
2023-03-14 20:09:15,610 [WARN] PackLoader:240 - Cannot read IP mode file for STMicroelectronics.X-CUBE-SUBG2.5.0.0
2023-03-14 20:09:15,619 [WARN] PackLoader:240 - Cannot read IP mode file for STMicroelectronics.X-CUBE-NFC4.3.0.0
2023-03-14 20:09:15,641 [WARN] PackLoader:240 - Cannot read IP mode file for SEGGER.I-CUBE-embOS.1.2.1
2023-03-14 20:09:15,657 [WARN] PackLoader:240 - Cannot read IP mode file for STMicroelectronics.FP-ATR-ASTRA1.1.1.1
2023-03-14 20:09:15,666 [WARN] PackLoader:240 - Cannot read IP mode file for STMicroelectronics.X-CUBE-BLEMGR.1.3.0
2023-03-14 20:09:15,707 [WARN] PackLoader:240 - Cannot read IP mode file for STMicroelectronics.X-CUBE-AZRTOS-G4.1.0.0
2023-03-14 20:09:15,710 [WARN] PackLoader:240 - Cannot read IP mode file for STMicroelectronics.FP-ATR-SIGFOX1.3.2.0
2023-03-14 20:09:15,724 [WARN] PackLoader:240 - Cannot read IP mode file for STMicroelectronics.X-CUBE-AZRTOS-L4.1.0.0
2023-03-14 20:09:15,731 [WARN] PackLoader:240 - Cannot read IP mode file for STMicroelectronics.X-CUBE-TOUCHGFX.4.20.0
2023-03-14 20:09:15,742 [WARN] PackLoader:240 - Cannot read IP mode file for STMicroelectronics.X-CUBE-AZRTOS-WL.1.0.0
2023-03-14 20:09:15,750 [WARN] PackLoader:240 - Cannot read IP mode file for portGmbH.I-Cube-SoM-uGOAL.1.1.0
2023-03-14 20:09:15,774 [WARN] PackLoader:240 - Cannot read IP mode file for STMicroelectronics.X-CUBE-ALS.1.0.1
2023-03-14 20:09:15,799 [WARN] PackLoader:240 - Cannot read IP mode file for STMicroelectronics.X-CUBE-MEMS1.9.5.0
2023-03-14 20:09:15,859 [WARN] PackLoader:240 - Cannot read IP mode file for STMicroelectronics.X-CUBE-AZRTOS-WB.1.1.0
2023-03-14 20:09:15,870 [WARN] PackLoader:240 - Cannot read IP mode file for SEGGER.I-CUBE-embOS.1.3.1
2023-03-14 20:09:15,897 [WARN] PackLoader:240 - Cannot read IP mode file for STMicroelectronics.X-CUBE-AZRTOS-L5.1.0.0
2023-03-14 20:09:15,905 [WARN] PackLoader:240 - Cannot read IP mode file for STMicroelectronics.X-CUBE-EEPRMA1.3.1.1
2023-03-14 20:09:15,925 [INFO] ThirdParty:978 - Integrity check success = true
2023-03-14 20:09:15,925 [INFO] IntegrityCheckThread:100 - exiting critical section [integrity check]
2023-03-14 20:09:15,925 [INFO] IntegrityCheckThread:103 - End integrity checks thread
2023-03-14 20:09:15,925 [INFO] ThirdParty:873 - entering critical section [close project]
2023-03-14 20:09:15,926 [INFO] ThirdParty:883 - exiting critical section [close project]
2023-03-14 20:09:15,929 [INFO] PinOutPanel:1499 - setPackage(No Configuration,No Configuration)
2023-03-14 20:09:15,933 [INFO] UtilMem:75 - Begin LoadConfig() Used Memory: 547547936 Bytes (754974720)
2023-03-14 20:09:15,933 [INFO] MicroXplorer:468 - Change Database Path : 
2023-03-14 20:09:15,934 [INFO] MicroXplorer:498 - Change Database Version : DB.6.0.80
2023-03-14 20:09:15,934 [INFO] OpenFileManager:308 - Change cursor
2023-03-14 20:09:15,957 [INFO] Mcu:1937 - Initializing MCU STM32F411R(C-E)Tx STM32F411RETx STM32F411RET6
2023-03-14 20:09:16,688 [INFO] Context:659 - Trying to add GPIOservice into a context  which must be forbidden
2023-03-14 20:09:17,031 [INFO] RtosManager:555 - Registered RTOS mode: class=CMSIS, group=RTOS, mode=CMSIS_V1, owner=FREERTOS
2023-03-14 20:09:17,031 [INFO] RtosManager:555 - Registered RTOS mode: class=CMSIS, group=RTOS2, mode=CMSIS_V2, owner=FREERTOS
2023-03-14 20:09:17,031 [INFO] RtosManager:555 - Registered RTOS mode: class=RTOS, group=Core, mode=CMSIS_V1, owner=FREERTOS
2023-03-14 20:09:17,031 [INFO] RtosManager:555 - Registered RTOS mode: class=RTOS, group=Core, mode=CMSIS_V2, owner=FREERTOS
2023-03-14 20:09:17,031 [WARN] ModelIntegratedComponent:184 - Missing modes for component STMicroelectronics:FreeRTOS:0.0.1:STMicroelectronics:RTOS:FreeRTOS:Core:::10.2.0:
2023-03-14 20:09:17,037 [WARN] ModelIntegratedComponent:182 - Modes not found for component STMicroelectronics:USB_HOST:1.0.0:STMicroelectronics:USB::USB Host:Audio HS::1.0:USB_HOST_1_0_RESTRICTED_HS
2023-03-14 20:09:17,037 [WARN] ModelIntegratedComponent:188 - Modes not found for component STMicroelectronics:USB_HOST:1.0.0:STMicroelectronics:USB::USB Host:Audio HS::1.0:USB_HOST_1_0_RESTRICTED_HS
2023-03-14 20:09:17,037 [WARN] ModelIntegratedComponent:182 - Modes not found for component STMicroelectronics:USB_HOST:1.0.0:STMicroelectronics:USB::USB Host:CDC HS::1.0:USB_HOST_1_0_RESTRICTED_HS
2023-03-14 20:09:17,037 [WARN] ModelIntegratedComponent:188 - Modes not found for component STMicroelectronics:USB_HOST:1.0.0:STMicroelectronics:USB::USB Host:CDC HS::1.0:USB_HOST_1_0_RESTRICTED_HS
2023-03-14 20:09:17,037 [WARN] ModelIntegratedComponent:182 - Modes not found for component STMicroelectronics:USB_HOST:1.0.0:STMicroelectronics:USB::USB Host:MSC HS::1.0:USB_HOST_1_0_RESTRICTED_HS
2023-03-14 20:09:17,037 [WARN] ModelIntegratedComponent:188 - Modes not found for component STMicroelectronics:USB_HOST:1.0.0:STMicroelectronics:USB::USB Host:MSC HS::1.0:USB_HOST_1_0_RESTRICTED_HS
2023-03-14 20:09:17,037 [WARN] ModelIntegratedComponent:182 - Modes not found for component STMicroelectronics:USB_HOST:1.0.0:STMicroelectronics:USB::USB Host:HID HS::1.0:USB_HOST_1_0_RESTRICTED_HS
2023-03-14 20:09:17,037 [WARN] ModelIntegratedComponent:188 - Modes not found for component STMicroelectronics:USB_HOST:1.0.0:STMicroelectronics:USB::USB Host:HID HS::1.0:USB_HOST_1_0_RESTRICTED_HS
2023-03-14 20:09:17,037 [WARN] ModelIntegratedComponent:182 - Modes not found for component STMicroelectronics:USB_HOST:1.0.0:STMicroelectronics:USB::USB Host:MTP HS::1.0:USB_HOST_1_0_RESTRICTED_HS
2023-03-14 20:09:17,037 [WARN] ModelIntegratedComponent:188 - Modes not found for component STMicroelectronics:USB_HOST:1.0.0:STMicroelectronics:USB::USB Host:MTP HS::1.0:USB_HOST_1_0_RESTRICTED_HS
2023-03-14 20:09:17,040 [WARN] ModelIntegratedComponent:63 - No mode defined for component null
2023-03-14 20:09:17,040 [WARN] ModelIntegratedComponent:63 - No mode defined for component null
2023-03-14 20:09:17,040 [WARN] ModelIntegratedComponent:63 - No mode defined for component null
2023-03-14 20:09:17,040 [WARN] ModelIntegratedComponent:63 - No mode defined for component null
2023-03-14 20:09:17,040 [WARN] ModelIntegratedComponent:63 - No mode defined for component null
2023-03-14 20:09:17,040 [WARN] ModelIntegratedComponent:63 - No mode defined for component null
2023-03-14 20:09:17,040 [WARN] ModelIntegratedComponent:63 - No mode defined for component null
2023-03-14 20:09:17,040 [WARN] ModelIntegratedComponent:63 - No mode defined for component null
2023-03-14 20:09:17,040 [WARN] ModelIntegratedComponent:63 - No mode defined for component null
2023-03-14 20:09:17,040 [WARN] ModelIntegratedComponent:63 - No mode defined for component null
2023-03-14 20:09:17,040 [WARN] ModelIntegratedComponent:63 - No mode defined for component null
2023-03-14 20:09:17,040 [WARN] ModelIntegratedComponent:63 - No mode defined for component null
2023-03-14 20:09:17,040 [WARN] ModelIntegratedComponent:63 - No mode defined for component null
2023-03-14 20:09:17,040 [WARN] ModelIntegratedComponent:63 - No mode defined for component null
2023-03-14 20:09:17,040 [WARN] ModelIntegratedComponent:63 - No mode defined for component null
2023-03-14 20:09:17,040 [WARN] ModelIntegratedComponent:63 - No mode defined for component null
2023-03-14 20:09:17,040 [WARN] ModelIntegratedComponent:63 - No mode defined for component null
2023-03-14 20:09:17,040 [WARN] ModelIntegratedComponent:63 - No mode defined for component null
2023-03-14 20:09:17,041 [WARN] ModelIntegratedComponent:63 - No mode defined for component null
2023-03-14 20:09:17,041 [WARN] ModelIntegratedComponent:63 - No mode defined for component null
2023-03-14 20:09:17,041 [WARN] ModelIntegratedComponent:63 - No mode defined for component null
2023-03-14 20:09:17,041 [WARN] ModelIntegratedComponent:63 - No mode defined for component null
2023-03-14 20:09:17,041 [WARN] ModelIntegratedComponent:63 - No mode defined for component null
2023-03-14 20:09:17,041 [WARN] ModelIntegratedComponent:63 - No mode defined for component null
2023-03-14 20:09:17,041 [WARN] ModelIntegratedComponent:63 - No mode defined for component null
2023-03-14 20:09:17,041 [WARN] ModelIntegratedComponent:63 - No mode defined for component null
2023-03-14 20:09:17,041 [WARN] ModelIntegratedComponent:63 - No mode defined for component null
2023-03-14 20:09:17,041 [WARN] ModelIntegratedComponent:63 - No mode defined for component null
2023-03-14 20:09:17,041 [WARN] ModelIntegratedComponent:63 - No mode defined for component null
2023-03-14 20:09:17,041 [WARN] ModelIntegratedComponent:63 - No mode defined for component null
2023-03-14 20:09:17,041 [WARN] ModelIntegratedComponent:63 - No mode defined for component null
2023-03-14 20:09:17,041 [WARN] ModelIntegratedComponent:63 - No mode defined for component null
2023-03-14 20:09:17,041 [WARN] ModelIntegratedComponent:63 - No mode defined for component null
2023-03-14 20:09:17,108 [WARN] ModelIntegratedComponent:182 - Modes not found for component STMicroelectronics:USB_DEVICE:1.0.0:STMicroelectronics:USB::USB Device:Audio HS::1.0:USB_DEVICE_1_0_RESTRICTED_HS
2023-03-14 20:09:17,108 [WARN] ModelIntegratedComponent:188 - Modes not found for component STMicroelectronics:USB_DEVICE:1.0.0:STMicroelectronics:USB::USB Device:Audio HS::1.0:USB_DEVICE_1_0_RESTRICTED_HS
2023-03-14 20:09:17,108 [WARN] ModelIntegratedComponent:182 - Modes not found for component STMicroelectronics:USB_DEVICE:1.0.0:STMicroelectronics:USB::USB Device:CDC HS::1.0:USB_DEVICE_1_0_RESTRICTED_HS
2023-03-14 20:09:17,108 [WARN] ModelIntegratedComponent:188 - Modes not found for component STMicroelectronics:USB_DEVICE:1.0.0:STMicroelectronics:USB::USB Device:CDC HS::1.0:USB_DEVICE_1_0_RESTRICTED_HS
2023-03-14 20:09:17,108 [WARN] ModelIntegratedComponent:182 - Modes not found for component STMicroelectronics:USB_DEVICE:1.0.0:STMicroelectronics:USB::USB Device:DFU HS::1.0:USB_DEVICE_1_0_RESTRICTED_HS
2023-03-14 20:09:17,108 [WARN] ModelIntegratedComponent:188 - Modes not found for component STMicroelectronics:USB_DEVICE:1.0.0:STMicroelectronics:USB::USB Device:DFU HS::1.0:USB_DEVICE_1_0_RESTRICTED_HS
2023-03-14 20:09:17,108 [WARN] ModelIntegratedComponent:182 - Modes not found for component STMicroelectronics:USB_DEVICE:1.0.0:STMicroelectronics:USB::USB Device:HID HS::1.0:USB_DEVICE_1_0_RESTRICTED_HS
2023-03-14 20:09:17,108 [WARN] ModelIntegratedComponent:188 - Modes not found for component STMicroelectronics:USB_DEVICE:1.0.0:STMicroelectronics:USB::USB Device:HID HS::1.0:USB_DEVICE_1_0_RESTRICTED_HS
2023-03-14 20:09:17,108 [WARN] ModelIntegratedComponent:182 - Modes not found for component STMicroelectronics:USB_DEVICE:1.0.0:STMicroelectronics:USB::USB Device:Custom HID HS::1.0:USB_DEVICE_1_0_RESTRICTED_HS
2023-03-14 20:09:17,109 [WARN] ModelIntegratedComponent:188 - Modes not found for component STMicroelectronics:USB_DEVICE:1.0.0:STMicroelectronics:USB::USB Device:Custom HID HS::1.0:USB_DEVICE_1_0_RESTRICTED_HS
2023-03-14 20:09:17,109 [WARN] ModelIntegratedComponent:182 - Modes not found for component STMicroelectronics:USB_DEVICE:1.0.0:STMicroelectronics:USB::USB Device:MSC HS::1.0:USB_DEVICE_1_0_RESTRICTED_HS
2023-03-14 20:09:17,109 [WARN] ModelIntegratedComponent:188 - Modes not found for component STMicroelectronics:USB_DEVICE:1.0.0:STMicroelectronics:USB::USB Device:MSC HS::1.0:USB_DEVICE_1_0_RESTRICTED_HS
2023-03-14 20:09:17,122 [INFO] ThirdPartyModel:298 - Start build external matchings
2023-03-14 20:09:17,463 [INFO] ThirdPartyModel:316 - End build external matchings
2023-03-14 20:09:17,477 [INFO] RtosManager:919 - Current active RTOS is FREERTOS [Cortex-M4NS]
2023-03-14 20:09:17,486 [INFO] ImportTextPane:194 - (OptionalMessage_ERROR) IP (DMA) : Parameter (Instance) has Id (ADC1) currently not set
2023-03-14 20:09:17,486 [INFO] ImportTextPane:194 - (OptionalMessage_ERROR) IP (DMA) : Parameter (Channel) has Id (ADC1) currently not set
2023-03-14 20:09:17,486 [INFO] ImportTextPane:194 - (OptionalMessage_ERROR) IP (DMA) : Parameter (Direction) has Id (ADC1) currently not set
2023-03-14 20:09:17,486 [INFO] ImportTextPane:194 - (OptionalMessage_ERROR) IP (DMA) : Parameter (PeriphInc) has Id (ADC1) currently not set
2023-03-14 20:09:17,486 [INFO] ImportTextPane:194 - (OptionalMessage_ERROR) IP (DMA) : Parameter (MemInc) has Id (ADC1) currently not set
2023-03-14 20:09:17,486 [INFO] ImportTextPane:194 - (OptionalMessage_ERROR) IP (DMA) : Parameter (PeriphDataAlignment) has Id (ADC1) currently not set
2023-03-14 20:09:17,486 [INFO] ImportTextPane:194 - (OptionalMessage_ERROR) IP (DMA) : Parameter (MemDataAlignment) has Id (ADC1) currently not set
2023-03-14 20:09:17,486 [INFO] ImportTextPane:194 - (OptionalMessage_ERROR) IP (DMA) : Parameter (Mode) has Id (ADC1) currently not set
2023-03-14 20:09:17,486 [INFO] ImportTextPane:194 - (OptionalMessage_ERROR) IP (DMA) : Parameter (Priority) has Id (ADC1) currently not set
2023-03-14 20:09:17,487 [INFO] ImportTextPane:194 - (OptionalMessage_ERROR) IP (DMA) : Parameter (FIFOMode) has Id (ADC1) currently not set
2023-03-14 20:09:17,490 [INFO] ImportTextPane:194 - (OptionalMessage_ERROR) IP (FREERTOS) : Invalid parameter (Events01)
2023-03-14 20:09:17,494 [WARN] IP:2113 - I2C_Coeff_DF not found: check if there is a RefParameter without a condition.
2023-03-14 20:09:17,494 [WARN] IP:2113 - Analog_Filter not found: check if there is a RefParameter without a condition.
2023-03-14 20:09:17,494 [INFO] ImportTextPane:194 - (OptionalMessage_ERROR) IP (RCC) : Parameter (48MHZClocksFreq_Value) has invalid value (50000000)
2023-03-14 20:09:17,496 [INFO] ImportTextPane:194 - (OptionalMessage_ERROR) IP (RCC) : Parameter (RTCHSEDivFreq_Value) has invalid value (4000000)
2023-03-14 20:09:17,688 [INFO] UtilMem:75 - End LoadConfig() Used Memory: 481149944 Bytes (754974720)
2023-03-14 20:09:17,762 [INFO] ApiDb:581 - Connected to CubeFinder SQLite database (C:\Users\Daniel\.stmcufinder\plugins\mcufinder\mcu\cube-finder-db.db)
2023-03-14 20:09:17,815 [INFO] ApiDb:668 - CubeFinder database Data Model version=2.1
2023-03-14 20:09:17,815 [INFO] ApiDb:669 - CubeFinder database Configuration version=3.0.35
2023-03-14 20:09:17,815 [INFO] ApiDb:670 - CubeFinder database generation date=2023-02-21 (1676964986)
2023-03-14 20:09:17,815 [INFO] ApiDb:671 - CubeFinder database FW Pack versions=[FP-ATR-ASTRA1_V1.1.1, STM32Cube_FW_C0_V1.0.1, STM32Cube_FW_F0_V1.11.4, STM32Cube_FW_F3_V1.11.4, STM32Cube_FW_F4_V1.27.1, STM32Cube_FW_F7_V1.17.0, STM32Cube_FW_G0_V1.6.1, STM32Cube_FW_G4_V1.5.1, STM32Cube_FW_H5_V0.5.1, STM32Cube_FW_H5_V1.0.0, STM32Cube_FW_H7_V1.11.0, STM32Cube_FW_L0_V1.12.2, STM32Cube_FW_L5_V1.5.0, STM32Cube_FW_U5_V1.2.0, STM32Cube_FW_WBA_V1.0.0, STM32Cube_FW_WBA_V1.0.0RC1, STM32Cube_FW_WBA_V1.0.0RC3, STM32Cube_FW_WB_V1.15.0RC1, STM32Cube_FW_WB_V1.16.0, STM32Cube_FW_WB_V1.16.0RC2, STM32Cube_FW_WL_V1.3.0, X-CUBE-ALGOBUILD_V1.3.0, X-CUBE-ALS_V1.0.1, X-CUBE-AZRTOS-F4_V1.1.0, X-CUBE-AZRTOS-F7_V1.1.0, X-CUBE-AZRTOS-G0_V1.1.0, X-CUBE-AZRTOS-G4_V1.0.0, X-CUBE-AZRTOS-H7_V3.0.0, X-CUBE-AZRTOS-L4_V1.0.0, X-CUBE-AZRTOS-L5_V1.1.0, X-CUBE-AZRTOS-WB_V1.1.0, X-CUBE-AZRTOS-WL_V1.0.0, X-CUBE-BLE1_V6.2.4, X-CUBE-BLE2_V3.3.0, X-CUBE-BLEMGR_V1.3.0, X-CUBE-EEPRMA1_V4.1.0, X-CUBE-GNSS1_V6.0.0, X-CUBE-MEMS1_V9.1.0, X-CUBE-MEMS1_V9.4.0, X-CUBE-MEMS1_V9.5.0, X-CUBE-NFC4_V3.0.0, X-CUBE-NFC7_V1.0.0, X-CUBE-SFXS2LP1_V4.0.0, X-CUBE-SUBG2_V5.0.0]
2023-03-14 20:09:19,524 [INFO] ApiDb:240 - Found 297 in-development CPN: [B-G473E-ZEST1S, B-WB1M-WPAN1, B-WL5M-SUBG1, NUCLEO-C031C6, NUCLEO-H503RB, NUCLEO-H563ZI, NUCLEO-U545RE-Q, NUCLEO-U5A5ZJ-Q, NUCLEO-WBA52CG, STEVAL-PROTEUS1, STEVAL-STWINBX1, STM320518-EVAL, STM32C0116-DK, STM32C011D6Y3TR, STM32C011D6Y6TR, STM32C011F4P3, STM32C011F4P6, STM32C011F4U3, STM32C011F4U6TR, STM32C011F6P3, STM32C011F6P6, STM32C011F6U3, STM32C011F6U6TR, STM32C011J4M3, STM32C011J4M6, STM32C011J6M3, STM32C011J6M6, STM32C0316-DK, STM32C031C4T3, STM32C031C4T6, STM32C031C4U3, STM32C031C4U6, STM32C031C6T3, STM32C031C6T6, STM32C031C6U3, STM32C031C6U6, STM32C031F4P3, STM32C031F4P6, STM32C031F6P3, STM32C031F6P6, STM32C031G4U3, STM32C031G4U6, STM32C031G6U3, STM32C031G6U6, STM32C031K4T3, STM32C031K4T6, STM32C031K4U3, STM32C031K4U6, STM32C031K6T3, STM32C031K6T6, STM32C031K6U3, STM32C031K6U6, STM32G071K8TXN, STM32G071K8UXN, STM32G081GBU6N, STM32G081KBT6N, STM32G081KBUXN, STM32G0B1CCT6N, STM32G0B1KCT6, STM32G0B1NEY6TR, STM32G0B1RCT6N, STM32G0C1CCT6, STM32G0C1CCT6N, STM32G0C1CCU6N, STM32G0C1CET6N, STM32G0C1CEU6N, STM32G0C1KCT6, STM32G0C1NEY6TR, STM32G0C1RCI6N, STM32G0C1RCT6N, STM32G0C1REI6N, STM32G0C1RET6N, STM32G0C1VCI6, STM32G0C1VEI6, STM32G471CCT6, STM32G471CCU6, STM32G471CET3, STM32G471CET6, STM32G471CEU3, STM32G471CEU6, STM32G471MCT6, STM32G471MET3, STM32G471MET6, STM32G471MEY6TR, STM32G471QCT6, STM32G471QET3, STM32G471RCT6, STM32G471RET3, STM32G471RET6, STM32G471VCH6, STM32G471VCI6, STM32G471VCT6, STM32G471VEH3, STM32G471VEH6, STM32G471VEI3, STM32G471VEI6, STM32G471VET3, STM32G471VET6, STM32G474CCT6, STM32H503CBT6, STM32H503CBU6, STM32H503EBY6TR, STM32H503KBU6, STM32H503RBT6, STM32H562AGI6, STM32H562AII6, STM32H562IGK6, STM32H562IGT6, STM32H562IIK6, STM32H562IIT6, STM32H562RGT6, STM32H562RGV6, STM32H562RIT6, STM32H562RIV6, STM32H562VGT6, STM32H562VIT6, STM32H562ZGT6, STM32H562ZIT6, STM32H563AGI6, STM32H563AII3Q, STM32H563AII6, STM32H563IGK6, STM32H563IGT6, STM32H563IIK3Q, STM32H563IIK6, STM32H563IIT3Q, STM32H563IIT6, STM32H563MIY3QTR, STM32H563RGT6, STM32H563RGV6, STM32H563RIT6, STM32H563RIV6, STM32H563VGT6, STM32H563VIT3Q, STM32H563VIT6, STM32H563ZGT6, STM32H563ZIT3Q, STM32H563ZIT6, STM32H573AII3Q, STM32H573AII6, STM32H573I-DK, STM32H573IIK3Q, STM32H573IIK6, STM32H573IIT3Q, STM32H573IIT6, STM32H573MIY3QTR, STM32H573RIT6, STM32H573RIV6, STM32H573VIT3Q, STM32H573VIT6, STM32H573ZIT3Q, STM32H573ZIT6, STM32L4R5QGI6STR, STM32MP131AAE3, STM32MP131AAF3, STM32MP131AAG3, STM32MP131CAE3, STM32MP131CAF3, STM32MP131CAG3, STM32MP131DAE7, STM32MP131DAF7, STM32MP131DAG7, STM32MP131FAE7, STM32MP131FAF7, STM32MP131FAG7, STM32MP133AAE3, STM32MP133AAF3, STM32MP133AAG3, STM32MP133CAE3, STM32MP133CAF3, STM32MP133CAG3, STM32MP133DAE7, STM32MP133DAF7, STM32MP133DAG7, STM32MP133FAE7, STM32MP133FAF7, STM32MP133FAG7, STM32MP135AAE3, STM32MP135AAF3, STM32MP135AAG3, STM32MP135CAE3, STM32MP135CAF3, STM32MP135CAG3, STM32MP135DAE7, STM32MP135DAF7, STM32MP135DAG7, STM32MP135F-DK, STM32MP135FAE7, STM32MP135FAF7, STM32MP135FAF7T, STM32MP135FAF7U, STM32MP135FAG7, STM32U535CBT6, STM32U535CBT6Q, STM32U535CBU6, STM32U535CBU6Q, STM32U535CCT6, STM32U535CCT6Q, STM32U535CCU6, STM32U535CCU6Q, STM32U535CET6, STM32U535CET6Q, STM32U535CEU6, STM32U535CEU6Q, STM32U535JEY6QTR, STM32U535NCY6QTR, STM32U535NEY6QTR, STM32U535RBI6, STM32U535RBI6Q, STM32U535RBT6, STM32U535RBT6Q, STM32U535RCI6, STM32U535RCI6Q, STM32U535RCT6, STM32U535RCT6Q, STM32U535REI6, STM32U535REI6Q, STM32U535RET6, STM32U535RET6Q, STM32U535VCI6, STM32U535VCI6Q, STM32U535VCT6, STM32U535VCT6Q, STM32U535VEI6, STM32U535VEI6Q, STM32U535VET6, STM32U535VET6Q, STM32U545CET6, STM32U545CET6Q, STM32U545CEU6, STM32U545CEU6Q, STM32U545JEY6QTR, STM32U545NEY6QTR, STM32U545REI6, STM32U545REI6Q, STM32U545RET6, STM32U545RET6Q, STM32U545VEI6, STM32U545VEI6Q, STM32U545VET6, STM32U545VET6Q, STM32U595AIH6, STM32U595AIH6Q, STM32U595AJH6, STM32U595AJH6Q, STM32U595QII6, STM32U595QII6Q, STM32U595QJI6, STM32U595QJI6Q, STM32U595RIT6, STM32U595RIT6Q, STM32U595RJT6, STM32U595RJT6Q, STM32U595VIT6, STM32U595VIT6Q, STM32U595VJT6, STM32U595VJT6Q, STM32U595ZIT6, STM32U595ZIT6Q, STM32U595ZIY6QTR, STM32U595ZJT6, STM32U595ZJT6Q, STM32U595ZJY6QTR, STM32U599BJY6QTR, STM32U599NIH6Q, STM32U599NJH6Q, STM32U599VIT6Q, STM32U599VJT6, STM32U599VJT6Q, STM32U599ZIT6Q, STM32U599ZIY6QTR, STM32U599ZJT6Q, STM32U599ZJY6QTR, STM32U5A5AJH6, STM32U5A5AJH6Q, STM32U5A5QJI6, STM32U5A5QJI6Q, STM32U5A5RJT6, STM32U5A5RJT6Q, STM32U5A5VJT6, STM32U5A5VJT6Q, STM32U5A5ZJT6, STM32U5A5ZJT6Q, STM32U5A5ZJY6QTR, STM32U5A9BJY6QTR, STM32U5A9J-DK, STM32U5A9NJH6Q, STM32U5A9VJT6Q, STM32U5A9ZJT6Q, STM32U5A9ZJY6QTR, STM32WB1MMCH6, STM32WBA52CEU6, STM32WBA52CEU6T, STM32WBA52CGU6, STM32WBA52CGU6T, STM32WL5MOCH6, STM32WL5MOCH6TR]
2023-03-14 20:09:19,526 [INFO] DbMcus:216 - Found 3772 MCUs, 3772 are supported
2023-03-14 20:09:19,528 [INFO] ApiDb:423 - Load user favorites file C:\Users\Daniel/.stm32cubeide/favorites.mcus.txt: 0 item(s)
2023-03-14 20:09:19,528 [INFO] ApiDb:427 - User favorites MCUs=[]
2023-03-14 20:09:19,528 [INFO] DbMcus:222 - Set 0 / 0 favorites MCUs
2023-03-14 20:09:19,778 [WARN] ThirdParty:833 - waiting for thirdparty lock release [change project]
2023-03-14 20:09:19,779 [INFO] ThirdParty:835 - entering critical section [change project]
2023-03-14 20:09:19,779 [INFO] ThirdParty:1030 - CMSIS Pack Vendor :STMicroelectronics X-CUBE-ISPU 1.1.0
2023-03-14 20:09:19,779 [INFO] ThirdParty:1030 - CMSIS Pack Vendor :RoweBots I-CUBE-UNISONRTOS 5.5.0-4
2023-03-14 20:09:19,779 [INFO] ThirdParty:1030 - CMSIS Pack Vendor :STMicroelectronics X-CUBE-GNSS1 6.0.0
2023-03-14 20:09:19,779 [INFO] ThirdParty:1030 - CMSIS Pack Vendor :STMicroelectronics X-CUBE-AZRTOS-H7 2.1.0
2023-03-14 20:09:19,779 [INFO] ThirdParty:1030 - CMSIS Pack Vendor :STMicroelectronics USB_HOST 2.0.0
2023-03-14 20:09:19,779 [INFO] ThirdParty:1030 - CMSIS Pack Vendor :STMicroelectronics X-CUBE-AZRTOS-F4 1.1.0
2023-03-14 20:09:19,779 [INFO] ThirdParty:1030 - CMSIS Pack Vendor :STMicroelectronics LIBJPEG 8.0.0
2023-03-14 20:09:19,779 [INFO] ThirdParty:1030 - CMSIS Pack Vendor :STMicroelectronics USB_DEVICE 3.0.0
2023-03-14 20:09:19,779 [INFO] ThirdParty:1030 - CMSIS Pack Vendor :STMicroelectronics X-CUBE-AI 8.0.0
2023-03-14 20:09:19,779 [INFO] ThirdParty:1030 - CMSIS Pack Vendor :STMicroelectronics X-CUBE-FREERTOS 1.0.0
2023-03-14 20:09:19,779 [INFO] ThirdParty:1030 - CMSIS Pack Vendor :STMicroelectronics X-CUBE-TOUCHGFX 4.21.1
2023-03-14 20:09:19,779 [INFO] ThirdParty:1030 - CMSIS Pack Vendor :STMicroelectronics X-CUBE-TOUCHGFX 4.21.0
2023-03-14 20:09:19,779 [INFO] ThirdParty:1030 - CMSIS Pack Vendor :STMicroelectronics X-CUBE-BLEMGR 1.2.0
2023-03-14 20:09:19,779 [INFO] ThirdParty:1030 - CMSIS Pack Vendor :STMicroelectronics X-CUBE-AZRTOS-F7 1.1.0
2023-03-14 20:09:19,779 [INFO] ThirdParty:1030 - CMSIS Pack Vendor :STMicroelectronics X-CUBE-MEMS1 9.4.0
2023-03-14 20:09:19,779 [INFO] ThirdParty:1030 - CMSIS Pack Vendor :STMicroelectronics USB_DEVICE 2.0.0
2023-03-14 20:09:19,780 [INFO] ThirdParty:1030 - CMSIS Pack Vendor :STMicroelectronics X-CUBE-AI 7.3.0
2023-03-14 20:09:19,780 [INFO] ThirdParty:1030 - CMSIS Pack Vendor :STMicroelectronics X-CUBE-BLE1 6.2.3
2023-03-14 20:09:19,780 [INFO] ThirdParty:1030 - CMSIS Pack Vendor :STMicroelectronics X-CUBE-ALGOBUILD 1.3.0
2023-03-14 20:09:19,780 [INFO] ThirdParty:1030 - CMSIS Pack Vendor :STMicroelectronics X-CUBE-BLE1 6.2.4
2023-03-14 20:09:19,780 [INFO] ThirdParty:1030 - CMSIS Pack Vendor :STMicroelectronics X-CUBE-AZRTOS-L5 1.1.0
2023-03-14 20:09:19,780 [INFO] ThirdParty:1030 - CMSIS Pack Vendor :STMicroelectronics FreeRTOS 0.0.1
2023-03-14 20:09:19,780 [INFO] ThirdParty:1030 - CMSIS Pack Vendor :emotas I-CUBE-CANOPEN 1.1.3
2023-03-14 20:09:19,780 [INFO] ThirdParty:1030 - CMSIS Pack Vendor :STMicroelectronics X-CUBE-AZRTOS-G0 1.1.0
2023-03-14 20:09:19,780 [INFO] ThirdParty:1030 - CMSIS Pack Vendor :STMicroelectronics X-CUBE-BLEMGR 2.0.0
2023-03-14 20:09:19,780 [INFO] ThirdParty:1030 - CMSIS Pack Vendor :STMicroelectronics X-CUBE-SUBG2 5.0.0
2023-03-14 20:09:19,780 [INFO] ThirdParty:1030 - CMSIS Pack Vendor :STMicroelectronics X-CUBE-NFC4 3.0.0
2023-03-14 20:09:19,780 [INFO] ThirdParty:1030 - CMSIS Pack Vendor :STMicroelectronics STM32_WPAN 1.0.0
2023-03-14 20:09:19,780 [INFO] ThirdParty:1030 - CMSIS Pack Vendor :SEGGER I-CUBE-embOS 1.2.1
2023-03-14 20:09:19,780 [INFO] ThirdParty:1030 - CMSIS Pack Vendor :STMicroelectronics lwIP 2.0.3
2023-03-14 20:09:19,780 [INFO] ThirdParty:1030 - CMSIS Pack Vendor :STMicroelectronics X-CUBE-NFC4 2.0.5
2023-03-14 20:09:19,780 [INFO] ThirdParty:1030 - CMSIS Pack Vendor :STMicroelectronics USB_HOST 1.0.0
2023-03-14 20:09:19,781 [INFO] ThirdParty:1030 - CMSIS Pack Vendor :STMicroelectronics PDM2PCM 3.1.0
2023-03-14 20:09:19,781 [INFO] ThirdParty:1030 - CMSIS Pack Vendor :STMicroelectronics FP-ATR-ASTRA1 1.1.1
2023-03-14 20:09:19,781 [INFO] ThirdParty:1030 - CMSIS Pack Vendor :STMicroelectronics PDM2PCM 3.3.0
2023-03-14 20:09:19,781 [INFO] ThirdParty:1030 - CMSIS Pack Vendor :STMicroelectronics X-CUBE-DISPLAY 3.0.0
2023-03-14 20:09:19,781 [INFO] ThirdParty:1030 - CMSIS Pack Vendor :STMicroelectronics X-CUBE-BLEMGR 1.3.0
2023-03-14 20:09:19,781 [INFO] ThirdParty:1030 - CMSIS Pack Vendor :wolfSSL I-CUBE-wolfSSL 5.5.3
2023-03-14 20:09:19,781 [INFO] ThirdParty:1030 - CMSIS Pack Vendor :STMicroelectronics X-CUBE-AZRTOS-G4 1.0.0
2023-03-14 20:09:19,781 [INFO] ThirdParty:1030 - CMSIS Pack Vendor :STMicroelectronics FP-ATR-SIGFOX1 3.2.0
2023-03-14 20:09:19,781 [INFO] ThirdParty:1030 - CMSIS Pack Vendor :STMicroelectronics X-CUBE-AZRTOS-L4 1.0.0
2023-03-14 20:09:19,781 [INFO] ThirdParty:1030 - CMSIS Pack Vendor :STMicroelectronics HAL Drivers 0.0.0
2023-03-14 20:09:19,781 [INFO] ThirdParty:1030 - CMSIS Pack Vendor :STMicroelectronics MBEDTLS 2.16.2
2023-03-14 20:09:19,781 [INFO] ThirdParty:1030 - CMSIS Pack Vendor :STMicroelectronics X-CUBE-TOUCHGFX 4.20.0
2023-03-14 20:09:19,781 [INFO] ThirdParty:1030 - CMSIS Pack Vendor :STMicroelectronics MBEDTLS 2.14.1
2023-03-14 20:09:19,781 [INFO] ThirdParty:1030 - CMSIS Pack Vendor :STMicroelectronics X-CUBE-NFC7 1.0.0
2023-03-14 20:09:19,781 [INFO] ThirdParty:1030 - CMSIS Pack Vendor :STMicroelectronics X-CUBE-AZRTOS-WL 1.0.0
2023-03-14 20:09:19,781 [INFO] ThirdParty:1030 - CMSIS Pack Vendor :STMicroelectronics X-CUBE-MEMS1 9.3.0
2023-03-14 20:09:19,781 [INFO] ThirdParty:1030 - CMSIS Pack Vendor :STMicroelectronics X-CUBE-EEPRMA1 4.1.0
2023-03-14 20:09:19,781 [INFO] ThirdParty:1030 - CMSIS Pack Vendor :portGmbH I-Cube-SoM-uGOAL 1.1.0
2023-03-14 20:09:19,781 [INFO] ThirdParty:1030 - CMSIS Pack Vendor :STMicroelectronics X-CUBE-ALS 1.0.1
2023-03-14 20:09:19,781 [INFO] ThirdParty:1030 - CMSIS Pack Vendor :STMicroelectronics X-CUBE-MEMS1 9.5.0
2023-03-14 20:09:19,781 [INFO] ThirdParty:1030 - CMSIS Pack Vendor :STMicroelectronics ThreadX 1.0.0
2023-03-14 20:09:19,781 [INFO] ThirdParty:1030 - CMSIS Pack Vendor :STMicroelectronics X-CUBE-AZRTOS-WB 1.1.0
2023-03-14 20:09:19,781 [INFO] ThirdParty:1030 - CMSIS Pack Vendor :SEGGER I-CUBE-embOS 1.3.1
2023-03-14 20:09:19,781 [INFO] ThirdParty:1030 - CMSIS Pack Vendor :STMicroelectronics X-CUBE-AZRTOS-L5 1.0.0
2023-03-14 20:09:19,781 [INFO] ThirdParty:1030 - CMSIS Pack Vendor :STMicroelectronics USB_DEVICE 1.0.0
2023-03-14 20:09:19,781 [INFO] ThirdParty:1030 - CMSIS Pack Vendor :STMicroelectronics X-CUBE-EEPRMA1 3.1.1
2023-03-14 20:09:19,781 [INFO] ThirdParty:1030 - CMSIS Pack Vendor :STMicroelectronics ThreadX 0.0.2
2023-03-14 20:09:19,782 [INFO] ThirdParty:1030 - CMSIS Pack Vendor :WES I-CUBE-Cesium 1.3.0
2023-03-14 20:09:19,782 [INFO] ThirdParty:1030 - CMSIS Pack Vendor :STMicroelectronics lwIP 2.1.2
2023-03-14 20:09:19,782 [INFO] ThirdParty:1030 - CMSIS Pack Vendor :STMicroelectronics X-CUBE-SFXS2LP1 4.0.0
2023-03-14 20:09:19,782 [INFO] ThirdParty:1030 - CMSIS Pack Vendor :STMicroelectronics X-CUBE-BLE2 3.3.0
2023-03-14 20:09:19,782 [INFO] ThirdParty:1030 - CMSIS Pack Vendor :STMicroelectronics X-CUBE-DISPLAY 2.2.0
2023-03-14 20:09:19,782 [INFO] ThirdParty:1030 - CMSIS Pack Vendor :STMicroelectronics X-CUBE-TOF1 3.2.0
2023-03-14 20:09:19,782 [INFO] ThirdParty:1030 - CMSIS Pack Vendor :STMicroelectronics PDM2PCM 3.2.0
2023-03-14 20:09:19,782 [INFO] ThirdParty:1030 - CMSIS Pack Vendor :STMicroelectronics X-CUBE-AZRTOS-H7 3.0.0
2023-03-14 20:09:19,782 [INFO] ThirdParty:841 - exiting critical section [change project]
2023-03-14 20:09:19,998 [INFO] PinOutPanel:1499 - setPackage(No Configuration,No Configuration)
2023-03-14 20:09:19,999 [INFO] PinOutPanel:1499 - setPackage(STM32F411RETx,LQFP64)
2023-03-14 20:09:20,326 [INFO] UtilMem:75 - Before build in PCC Used Memory: 597802192 Bytes (754974720)
2023-03-14 20:09:20,774 [INFO] UtilMem:75 - After build in PCC Used Memory: 572248064 Bytes (754974720)
2023-03-14 20:09:20,824 [INFO] ApiDbMcu:507 - Load IP Config File for FREERTOS
2023-03-14 20:09:20,845 [INFO] IPUIPlugin:80 - create IPUIPlugin
2023-03-14 20:09:20,846 [INFO] IPUIPlugin:80 - create IPUIPlugin
2023-03-14 20:09:20,846 [INFO] IPUIPlugin:80 - create IPUIPlugin
2023-03-14 20:09:20,846 [INFO] IPUIPlugin:80 - create IPUIPlugin
2023-03-14 20:09:20,846 [INFO] IPUIPlugin:80 - create IPUIPlugin
2023-03-14 20:09:20,846 [INFO] IPUIPlugin:80 - create IPUIPlugin
2023-03-14 20:09:20,846 [INFO] IPUIPlugin:80 - create IPUIPlugin
2023-03-14 20:09:20,846 [INFO] IPUIPlugin:80 - create IPUIPlugin
2023-03-14 20:09:20,846 [INFO] IPUIPlugin:80 - create IPUIPlugin
2023-03-14 20:09:20,846 [INFO] IPUIPlugin:80 - create IPUIPlugin
2023-03-14 20:09:20,846 [INFO] IPUIPlugin:80 - create IPUIPlugin
2023-03-14 20:09:20,846 [INFO] IPUIPlugin:80 - create IPUIPlugin
2023-03-14 20:09:20,846 [INFO] IPUIPlugin:80 - create IPUIPlugin
2023-03-14 20:09:20,847 [INFO] IPUIPlugin:80 - create IPUIPlugin
2023-03-14 20:09:20,847 [INFO] IPUIPlugin:80 - create IPUIPlugin
2023-03-14 20:09:20,847 [INFO] IPUIPlugin:80 - create IPUIPlugin
2023-03-14 20:09:20,847 [INFO] IPUIPlugin:80 - create IPUIPlugin
2023-03-14 20:09:20,847 [INFO] IPUIPlugin:80 - create IPUIPlugin
2023-03-14 20:09:20,847 [INFO] IPUIPlugin:80 - create IPUIPlugin
2023-03-14 20:09:20,847 [INFO] IPUIPlugin:80 - create IPUIPlugin
2023-03-14 20:09:20,847 [INFO] IPUIPlugin:80 - create IPUIPlugin
2023-03-14 20:09:20,847 [INFO] IPUIPlugin:80 - create IPUIPlugin
2023-03-14 20:09:20,848 [INFO] IPUIPlugin:80 - create IPUIPlugin
2023-03-14 20:09:20,848 [INFO] IPUIPlugin:80 - create IPUIPlugin
2023-03-14 20:09:20,848 [INFO] IPUIPlugin:80 - create IPUIPlugin
2023-03-14 20:09:20,848 [INFO] IPUIPlugin:80 - create IPUIPlugin
2023-03-14 20:09:20,848 [INFO] IPUIPlugin:80 - create IPUIPlugin
2023-03-14 20:09:20,848 [INFO] IPUIPlugin:80 - create IPUIPlugin
2023-03-14 20:09:20,848 [INFO] IPUIPlugin:80 - create IPUIPlugin
2023-03-14 20:09:20,848 [INFO] IPUIPlugin:80 - create IPUIPlugin
2023-03-14 20:09:20,848 [INFO] IPUIPlugin:80 - create IPUIPlugin
2023-03-14 20:09:20,849 [INFO] IPUIPlugin:80 - create IPUIPlugin
2023-03-14 20:09:20,849 [INFO] IPUIPlugin:80 - create IPUIPlugin
2023-03-14 20:09:20,849 [INFO] IPUIPlugin:80 - create IPUIPlugin
2023-03-14 20:09:20,849 [INFO] IPUIPlugin:80 - create IPUIPlugin
2023-03-14 20:09:20,850 [INFO] IPUIPlugin:80 - create IPUIPlugin
2023-03-14 20:09:20,850 [INFO] IPUIPlugin:80 - create IPUIPlugin
2023-03-14 20:09:20,850 [INFO] IPUIPlugin:80 - create IPUIPlugin
2023-03-14 20:09:20,850 [INFO] IPUIPlugin:80 - create IPUIPlugin
2023-03-14 20:09:20,850 [INFO] IPUIPlugin:80 - create IPUIPlugin
2023-03-14 20:09:20,851 [INFO] IPUIPlugin:80 - create IPUIPlugin
2023-03-14 20:09:20,851 [INFO] IPUIPlugin:80 - create IPUIPlugin
2023-03-14 20:09:20,851 [INFO] IPUIPlugin:80 - create IPUIPlugin
2023-03-14 20:09:20,864 [INFO] ApiDbMcu:507 - Load IP Config File for PDM2PCM
2023-03-14 20:09:20,872 [WARN] IP:2113 - I2C_Coeff_DF not found: check if there is a RefParameter without a condition.
2023-03-14 20:09:20,872 [WARN] IP:2113 - Analog_Filter not found: check if there is a RefParameter without a condition.
2023-03-14 20:09:20,889 [WARN] FreeRTOS:1023 - Null or empty value: should not occur! (nothing added to the table)
2023-03-14 20:09:21,036 [INFO] CADModel:165 - CPN selected for project levelSTM32F411RET6
2023-03-14 20:09:21,036 [INFO] CADModel:114 - Register for checkConnection events
2023-03-14 20:09:21,037 [INFO] RtosManager:697 - Active RTOS found at IOC load: FREERTOS [Cortex-M4NS]
2023-03-14 20:09:21,089 [INFO] OpenFileManager:328 - Restore cursor
2023-03-14 20:09:21,279 [WARN] IP:2113 - I2C_Coeff_DF not found: check if there is a RefParameter without a condition.
2023-03-14 20:09:21,279 [WARN] IP:2113 - Analog_Filter not found: check if there is a RefParameter without a condition.
2023-03-14 20:09:21,280 [WARN] IP:2113 - I2C_Coeff_DF not found: check if there is a RefParameter without a condition.
2023-03-14 20:09:21,280 [WARN] IP:2113 - Analog_Filter not found: check if there is a RefParameter without a condition.
2023-03-14 20:10:09,934 [INFO] CADModel:198 - CPN selected (Project mode): STM32F411RET6
2023-03-14 20:10:09,934 [INFO] CADModel:200 - Internet connection configuration mode: 1
2023-03-14 20:10:09,934 [INFO] CADModel:203 - rpn retrievedSTM32F411RE
2023-03-14 20:10:09,948 [INFO] JxBrowserEngine:115 - Initiate JxBrowser Engine with user profile folder
2023-03-14 20:10:11,789 [INFO] WebAppUi:272 - Instantiating new browser for Project
2023-03-14 20:10:12,132 [INFO] WebAppUi:1170 - Register for checkConnection events
2023-03-14 20:10:12,132 [INFO] WebAppUi:1205 - Apply proxy settings
2023-03-14 20:10:12,132 [INFO] WebAppUi:1243 - Chromium requires no authentication
2023-03-14 20:10:12,138 [INFO] WebAppUi:1229 - Direct internet connection detected
2023-03-14 20:10:12,227 [INFO] WebAppUi:297 - Starting web application
2023-03-14 20:10:12,228 [INFO] WebAppUi:1101 - Web application path used C:\ST\STM32CubeIDE_1.10.1\STM32CubeIDE\plugins\com.st.stm32cube.common.mx_6.8.0.202302231600\db\plugins\mcufinder\reactClient\index.html
2023-03-14 20:10:12,267 [INFO] WebAppUi:870 - Path where api_config.json is located C:\Users\Daniel\.stmcufinder\plugins\mcufinder//mcu/api_config.json
2023-03-14 20:10:12,267 [INFO] WebAppUi:871 - Setting api config in window object
2023-03-14 20:10:12,279 [WARN] WebAppUi:908 - Cannot access cad_preferences.json
2023-03-14 20:10:12,279 [WARN] WebAppUi:911 - Fallback to default consent
2023-03-14 20:10:12,279 [INFO] WebAppUi:879 - Path where cad_preferences.json is located C:\Users\Daniel/.stm32cubeide/
2023-03-14 20:10:12,279 [INFO] WebAppUi:880 - Setting consent info in window object
2023-03-14 20:10:12,582 [INFO] WebAppUi:775 - Allow Downloads
2023-03-14 20:10:12,582 [INFO] WebAppUi:272 - Instantiating new browser for Finder
2023-03-14 20:10:12,678 [INFO] WebAppUi:1170 - Register for checkConnection events
2023-03-14 20:10:12,678 [INFO] WebAppUi:1205 - Apply proxy settings
2023-03-14 20:10:12,678 [INFO] WebAppUi:1243 - Chromium requires no authentication
2023-03-14 20:10:12,679 [INFO] WebAppUi:1229 - Direct internet connection detected
2023-03-14 20:10:12,681 [INFO] WebAppUi:297 - Starting web application
2023-03-14 20:10:12,681 [INFO] WebAppUi:1101 - Web application path used C:\ST\STM32CubeIDE_1.10.1\STM32CubeIDE\plugins\com.st.stm32cube.common.mx_6.8.0.202302231600\db\plugins\mcufinder\reactClient\index.html
2023-03-14 20:10:12,688 [INFO] WebAppUi:870 - Path where api_config.json is located C:\Users\Daniel\.stmcufinder\plugins\mcufinder//mcu/api_config.json
2023-03-14 20:10:12,688 [INFO] WebAppUi:871 - Setting api config in window object
2023-03-14 20:10:12,694 [INFO] WebAppUi:879 - Path where cad_preferences.json is located C:\Users\Daniel/.stm32cubeide/
2023-03-14 20:10:12,694 [INFO] WebAppUi:880 - Setting consent info in window object
2023-03-14 20:10:12,881 [INFO] WebAppUi:1035 - Web application message: [UlApiManager component] Connecting to SSO
2023-03-14 20:10:12,960 [INFO] WebAppUi:775 - Allow Downloads
2023-03-14 20:10:12,960 [INFO] WebAppUi:596 - RPN selected STM32F411RE
2023-03-14 20:10:12,961 [INFO] WebAppUi:597 - RefName selected STM32F411RETx
2023-03-14 20:10:12,961 [INFO] WebAppUi:598 - CPN selected STM32F411RET6
2023-03-14 20:10:12,962 [INFO] WebAppUi:761 - Which Bigleton in use 2 and which CPN is about STM32F411RET6
2023-03-14 20:10:12,963 [INFO] WebAppUi:635 - Have injected Javascript into web application
2023-03-14 20:10:12,963 [INFO] WebAppUiContainer:153 - Web application run mode: Project CPN: STM32F411RET6
2023-03-14 20:10:13,252 [INFO] WebAppUi:1035 - Web application message: [UlApiManager component] Connecting to SSO
2023-03-14 20:10:13,670 [INFO] WebAppUi:1035 - Web application message: [UlApiManager component] Connected to Ultra Librarian SSO
2023-03-14 20:10:13,671 [INFO] WebAppUi:1035 - Web application message: [UlApiManager component] Connected to Ultra Librarian API
2023-03-14 20:10:13,775 [INFO] WebAppUi:1035 - Web application message: [UlApiManager component] Connected to Ultra Librarian SSO
2023-03-14 20:10:13,776 [INFO] WebAppUi:1035 - Web application message: [UlApiManager component] Connected to Ultra Librarian API
2023-03-14 20:10:14,464 [INFO] WebAppUi:1035 - Web application message: CAD resources feature launch attempt
2023-03-14 20:10:15,564 [INFO] WebAppUi:1035 - Web application message: Project naming
2023-03-14 20:10:16,004 [INFO] WebAppUi:870 - Path where api_config.json is located C:\Users\Daniel\.stmcufinder\plugins\mcufinder//mcu/api_config.json
2023-03-14 20:10:16,004 [INFO] WebAppUi:871 - Setting api config in window object
2023-03-14 20:10:16,011 [INFO] WebAppUi:879 - Path where cad_preferences.json is located C:\Users\Daniel/.stm32cubeide/
2023-03-14 20:10:16,011 [INFO] WebAppUi:880 - Setting consent info in window object
2023-03-14 20:10:16,987 [INFO] WebAppUi:1035 - Web application message: THREE.WebGLRenderer 101
2023-03-14 20:10:19,405 [INFO] WebAppUi:241 - Path where cad_preferences.json is located C:\Users\Daniel/.stm32cubeide/
2023-03-14 20:10:19,405 [INFO] WebAppUi:242 - Updating consent from JSON file
2023-03-14 20:10:19,406 [INFO] WebAppUi:241 - Path where cad_preferences.json is located C:\Users\Daniel/.stm32cubeide/
2023-03-14 20:10:19,406 [INFO] WebAppUi:242 - Updating consent from JSON file
2023-03-14 20:10:20,877 [INFO] WebAppUi:1035 - Web application message: [FootprintPreviews component] type chosen Detailed
2023-03-14 20:10:35,900 [INFO] WebAppUi:1035 - Web application message: Pin name
2023-03-14 20:10:38,684 [INFO] WebAppUi:1035 - Web application message: Dual
2023-03-14 20:10:43,339 [INFO] WebAppUi:1035 - Web application message: CAD family uin use 3D
2023-03-14 20:38:51,403 [INFO] MainUpdater:2854 - connection check result : 10
2023-03-14 20:38:51,403 [INFO] MainUpdater:2854 - connection check result : 10
2023-03-14 20:38:51,662 [INFO] MicroXplorer:468 - Change Database Path : 
2023-03-14 20:38:51,662 [INFO] MicroXplorer:498 - Change Database Version : DB.6.0.80
2023-03-14 20:38:51,690 [WARN] ThirdParty:871 - waiting for thirdparty lock release [close project]
2023-03-14 20:38:51,690 [INFO] ThirdParty:873 - entering critical section [close project]
2023-03-14 20:38:51,690 [INFO] ThirdParty:883 - exiting critical section [close project]
2023-03-14 20:38:51,691 [INFO] PinOutPanel:1499 - setPackage(No Configuration,No Configuration)
2023-03-14 20:38:51,694 [WARN] IpParametersView:150 - Warning: This peripheral hasn't parameters
2023-03-14 20:38:51,696 [WARN] MainPanel:257 - <html><b><center>Warning: This peripheral has no parameters to be configured<br></b></html>
2023-03-14 20:38:51,700 [INFO] UtilMem:75 - Begin LoadConfig() Used Memory: 571590384 Bytes (754974720)
2023-03-14 20:38:51,700 [INFO] MicroXplorer:468 - Change Database Path : 
2023-03-14 20:38:51,701 [INFO] MicroXplorer:498 - Change Database Version : DB.6.0.80
2023-03-14 20:38:51,701 [INFO] OpenFileManager:308 - Change cursor
2023-03-14 20:38:51,705 [INFO] Mcu:1937 - Initializing MCU STM32F411R(C-E)Tx STM32F411RETx STM32F411RET6
2023-03-14 20:38:52,142 [INFO] Context:659 - Trying to add GPIOservice into a context  which must be forbidden
2023-03-14 20:38:52,409 [INFO] RtosManager:555 - Registered RTOS mode: class=CMSIS, group=RTOS, mode=CMSIS_V1, owner=FREERTOS
2023-03-14 20:38:52,409 [INFO] RtosManager:555 - Registered RTOS mode: class=CMSIS, group=RTOS2, mode=CMSIS_V2, owner=FREERTOS
2023-03-14 20:38:52,409 [INFO] RtosManager:555 - Registered RTOS mode: class=RTOS, group=Core, mode=CMSIS_V1, owner=FREERTOS
2023-03-14 20:38:52,409 [INFO] RtosManager:555 - Registered RTOS mode: class=RTOS, group=Core, mode=CMSIS_V2, owner=FREERTOS
2023-03-14 20:38:52,409 [WARN] ModelIntegratedComponent:184 - Missing modes for component STMicroelectronics:FreeRTOS:0.0.1:STMicroelectronics:RTOS:FreeRTOS:Core:::10.2.0:
2023-03-14 20:38:52,412 [WARN] ModelIntegratedComponent:182 - Modes not found for component STMicroelectronics:USB_HOST:1.0.0:STMicroelectronics:USB::USB Host:Audio HS::1.0:USB_HOST_1_0_RESTRICTED_HS
2023-03-14 20:38:52,412 [WARN] ModelIntegratedComponent:188 - Modes not found for component STMicroelectronics:USB_HOST:1.0.0:STMicroelectronics:USB::USB Host:Audio HS::1.0:USB_HOST_1_0_RESTRICTED_HS
2023-03-14 20:38:52,412 [WARN] ModelIntegratedComponent:182 - Modes not found for component STMicroelectronics:USB_HOST:1.0.0:STMicroelectronics:USB::USB Host:CDC HS::1.0:USB_HOST_1_0_RESTRICTED_HS
2023-03-14 20:38:52,412 [WARN] ModelIntegratedComponent:188 - Modes not found for component STMicroelectronics:USB_HOST:1.0.0:STMicroelectronics:USB::USB Host:CDC HS::1.0:USB_HOST_1_0_RESTRICTED_HS
2023-03-14 20:38:52,412 [WARN] ModelIntegratedComponent:182 - Modes not found for component STMicroelectronics:USB_HOST:1.0.0:STMicroelectronics:USB::USB Host:MSC HS::1.0:USB_HOST_1_0_RESTRICTED_HS
2023-03-14 20:38:52,412 [WARN] ModelIntegratedComponent:188 - Modes not found for component STMicroelectronics:USB_HOST:1.0.0:STMicroelectronics:USB::USB Host:MSC HS::1.0:USB_HOST_1_0_RESTRICTED_HS
2023-03-14 20:38:52,412 [WARN] ModelIntegratedComponent:182 - Modes not found for component STMicroelectronics:USB_HOST:1.0.0:STMicroelectronics:USB::USB Host:HID HS::1.0:USB_HOST_1_0_RESTRICTED_HS
2023-03-14 20:38:52,412 [WARN] ModelIntegratedComponent:188 - Modes not found for component STMicroelectronics:USB_HOST:1.0.0:STMicroelectronics:USB::USB Host:HID HS::1.0:USB_HOST_1_0_RESTRICTED_HS
2023-03-14 20:38:52,412 [WARN] ModelIntegratedComponent:182 - Modes not found for component STMicroelectronics:USB_HOST:1.0.0:STMicroelectronics:USB::USB Host:MTP HS::1.0:USB_HOST_1_0_RESTRICTED_HS
2023-03-14 20:38:52,412 [WARN] ModelIntegratedComponent:188 - Modes not found for component STMicroelectronics:USB_HOST:1.0.0:STMicroelectronics:USB::USB Host:MTP HS::1.0:USB_HOST_1_0_RESTRICTED_HS
2023-03-14 20:38:52,414 [WARN] ModelIntegratedComponent:63 - No mode defined for component null
2023-03-14 20:38:52,414 [WARN] ModelIntegratedComponent:63 - No mode defined for component null
2023-03-14 20:38:52,414 [WARN] ModelIntegratedComponent:63 - No mode defined for component null
2023-03-14 20:38:52,414 [WARN] ModelIntegratedComponent:63 - No mode defined for component null
2023-03-14 20:38:52,414 [WARN] ModelIntegratedComponent:63 - No mode defined for component null
2023-03-14 20:38:52,414 [WARN] ModelIntegratedComponent:63 - No mode defined for component null
2023-03-14 20:38:52,414 [WARN] ModelIntegratedComponent:63 - No mode defined for component null
2023-03-14 20:38:52,414 [WARN] ModelIntegratedComponent:63 - No mode defined for component null
2023-03-14 20:38:52,414 [WARN] ModelIntegratedComponent:63 - No mode defined for component null
2023-03-14 20:38:52,414 [WARN] ModelIntegratedComponent:63 - No mode defined for component null
2023-03-14 20:38:52,414 [WARN] ModelIntegratedComponent:63 - No mode defined for component null
2023-03-14 20:38:52,414 [WARN] ModelIntegratedComponent:63 - No mode defined for component null
2023-03-14 20:38:52,414 [WARN] ModelIntegratedComponent:63 - No mode defined for component null
2023-03-14 20:38:52,414 [WARN] ModelIntegratedComponent:63 - No mode defined for component null
2023-03-14 20:38:52,414 [WARN] ModelIntegratedComponent:63 - No mode defined for component null
2023-03-14 20:38:52,414 [WARN] ModelIntegratedComponent:63 - No mode defined for component null
2023-03-14 20:38:52,414 [WARN] ModelIntegratedComponent:63 - No mode defined for component null
2023-03-14 20:38:52,414 [WARN] ModelIntegratedComponent:63 - No mode defined for component null
2023-03-14 20:38:52,414 [WARN] ModelIntegratedComponent:63 - No mode defined for component null
2023-03-14 20:38:52,414 [WARN] ModelIntegratedComponent:63 - No mode defined for component null
2023-03-14 20:38:52,414 [WARN] ModelIntegratedComponent:63 - No mode defined for component null
2023-03-14 20:38:52,414 [WARN] ModelIntegratedComponent:63 - No mode defined for component null
2023-03-14 20:38:52,414 [WARN] ModelIntegratedComponent:63 - No mode defined for component null
2023-03-14 20:38:52,414 [WARN] ModelIntegratedComponent:63 - No mode defined for component null
2023-03-14 20:38:52,414 [WARN] ModelIntegratedComponent:63 - No mode defined for component null
2023-03-14 20:38:52,415 [WARN] ModelIntegratedComponent:63 - No mode defined for component null
2023-03-14 20:38:52,415 [WARN] ModelIntegratedComponent:63 - No mode defined for component null
2023-03-14 20:38:52,415 [WARN] ModelIntegratedComponent:63 - No mode defined for component null
2023-03-14 20:38:52,415 [WARN] ModelIntegratedComponent:63 - No mode defined for component null
2023-03-14 20:38:52,415 [WARN] ModelIntegratedComponent:63 - No mode defined for component null
2023-03-14 20:38:52,415 [WARN] ModelIntegratedComponent:63 - No mode defined for component null
2023-03-14 20:38:52,415 [WARN] ModelIntegratedComponent:63 - No mode defined for component null
2023-03-14 20:38:52,415 [WARN] ModelIntegratedComponent:63 - No mode defined for component null
2023-03-14 20:38:52,481 [WARN] ModelIntegratedComponent:182 - Modes not found for component STMicroelectronics:USB_DEVICE:1.0.0:STMicroelectronics:USB::USB Device:Audio HS::1.0:USB_DEVICE_1_0_RESTRICTED_HS
2023-03-14 20:38:52,481 [WARN] ModelIntegratedComponent:188 - Modes not found for component STMicroelectronics:USB_DEVICE:1.0.0:STMicroelectronics:USB::USB Device:Audio HS::1.0:USB_DEVICE_1_0_RESTRICTED_HS
2023-03-14 20:38:52,482 [WARN] ModelIntegratedComponent:182 - Modes not found for component STMicroelectronics:USB_DEVICE:1.0.0:STMicroelectronics:USB::USB Device:CDC HS::1.0:USB_DEVICE_1_0_RESTRICTED_HS
2023-03-14 20:38:52,482 [WARN] ModelIntegratedComponent:188 - Modes not found for component STMicroelectronics:USB_DEVICE:1.0.0:STMicroelectronics:USB::USB Device:CDC HS::1.0:USB_DEVICE_1_0_RESTRICTED_HS
2023-03-14 20:38:52,482 [WARN] ModelIntegratedComponent:182 - Modes not found for component STMicroelectronics:USB_DEVICE:1.0.0:STMicroelectronics:USB::USB Device:DFU HS::1.0:USB_DEVICE_1_0_RESTRICTED_HS
2023-03-14 20:38:52,482 [WARN] ModelIntegratedComponent:188 - Modes not found for component STMicroelectronics:USB_DEVICE:1.0.0:STMicroelectronics:USB::USB Device:DFU HS::1.0:USB_DEVICE_1_0_RESTRICTED_HS
2023-03-14 20:38:52,482 [WARN] ModelIntegratedComponent:182 - Modes not found for component STMicroelectronics:USB_DEVICE:1.0.0:STMicroelectronics:USB::USB Device:HID HS::1.0:USB_DEVICE_1_0_RESTRICTED_HS
2023-03-14 20:38:52,482 [WARN] ModelIntegratedComponent:188 - Modes not found for component STMicroelectronics:USB_DEVICE:1.0.0:STMicroelectronics:USB::USB Device:HID HS::1.0:USB_DEVICE_1_0_RESTRICTED_HS
2023-03-14 20:38:52,482 [WARN] ModelIntegratedComponent:182 - Modes not found for component STMicroelectronics:USB_DEVICE:1.0.0:STMicroelectronics:USB::USB Device:Custom HID HS::1.0:USB_DEVICE_1_0_RESTRICTED_HS
2023-03-14 20:38:52,482 [WARN] ModelIntegratedComponent:188 - Modes not found for component STMicroelectronics:USB_DEVICE:1.0.0:STMicroelectronics:USB::USB Device:Custom HID HS::1.0:USB_DEVICE_1_0_RESTRICTED_HS
2023-03-14 20:38:52,482 [WARN] ModelIntegratedComponent:182 - Modes not found for component STMicroelectronics:USB_DEVICE:1.0.0:STMicroelectronics:USB::USB Device:MSC HS::1.0:USB_DEVICE_1_0_RESTRICTED_HS
2023-03-14 20:38:52,482 [WARN] ModelIntegratedComponent:188 - Modes not found for component STMicroelectronics:USB_DEVICE:1.0.0:STMicroelectronics:USB::USB Device:MSC HS::1.0:USB_DEVICE_1_0_RESTRICTED_HS
2023-03-14 20:38:52,492 [INFO] ThirdPartyModel:298 - Start build external matchings
2023-03-14 20:38:52,821 [INFO] ThirdPartyModel:316 - End build external matchings
2023-03-14 20:38:52,835 [INFO] RtosManager:919 - Current active RTOS is FREERTOS [Cortex-M4NS]
2023-03-14 20:38:52,838 [INFO] ImportTextPane:194 - (OptionalMessage_ERROR) IP (DMA) : Parameter (Instance) has Id (ADC1) currently not set
2023-03-14 20:38:52,838 [INFO] ImportTextPane:194 - (OptionalMessage_ERROR) IP (DMA) : Parameter (Channel) has Id (ADC1) currently not set
2023-03-14 20:38:52,838 [INFO] ImportTextPane:194 - (OptionalMessage_ERROR) IP (DMA) : Parameter (Direction) has Id (ADC1) currently not set
2023-03-14 20:38:52,838 [INFO] ImportTextPane:194 - (OptionalMessage_ERROR) IP (DMA) : Parameter (PeriphInc) has Id (ADC1) currently not set
2023-03-14 20:38:52,838 [INFO] ImportTextPane:194 - (OptionalMessage_ERROR) IP (DMA) : Parameter (MemInc) has Id (ADC1) currently not set
2023-03-14 20:38:52,838 [INFO] ImportTextPane:194 - (OptionalMessage_ERROR) IP (DMA) : Parameter (PeriphDataAlignment) has Id (ADC1) currently not set
2023-03-14 20:38:52,838 [INFO] ImportTextPane:194 - (OptionalMessage_ERROR) IP (DMA) : Parameter (MemDataAlignment) has Id (ADC1) currently not set
2023-03-14 20:38:52,838 [INFO] ImportTextPane:194 - (OptionalMessage_ERROR) IP (DMA) : Parameter (Mode) has Id (ADC1) currently not set
2023-03-14 20:38:52,838 [INFO] ImportTextPane:194 - (OptionalMessage_ERROR) IP (DMA) : Parameter (Priority) has Id (ADC1) currently not set
2023-03-14 20:38:52,839 [INFO] ImportTextPane:194 - (OptionalMessage_ERROR) IP (DMA) : Parameter (FIFOMode) has Id (ADC1) currently not set
2023-03-14 20:38:52,840 [INFO] ImportTextPane:194 - (OptionalMessage_ERROR) IP (FREERTOS) : Invalid parameter (Events01)
2023-03-14 20:38:52,840 [WARN] IP:2113 - I2C_Coeff_DF not found: check if there is a RefParameter without a condition.
2023-03-14 20:38:52,840 [WARN] IP:2113 - Analog_Filter not found: check if there is a RefParameter without a condition.
2023-03-14 20:38:52,841 [INFO] ImportTextPane:194 - (OptionalMessage_ERROR) IP (RCC) : Parameter (48MHZClocksFreq_Value) has invalid value (50000000)
2023-03-14 20:38:52,842 [INFO] ImportTextPane:194 - (OptionalMessage_ERROR) IP (RCC) : Parameter (RTCHSEDivFreq_Value) has invalid value (4000000)
2023-03-14 20:38:52,976 [INFO] UtilMem:75 - End LoadConfig() Used Memory: 648770880 Bytes (754974720)
2023-03-14 20:38:52,989 [WARN] ThirdParty:833 - waiting for thirdparty lock release [change project]
2023-03-14 20:38:52,990 [INFO] ThirdParty:835 - entering critical section [change project]
2023-03-14 20:38:52,990 [INFO] ThirdParty:1030 - CMSIS Pack Vendor :STMicroelectronics X-CUBE-ISPU 1.1.0
2023-03-14 20:38:52,990 [INFO] ThirdParty:1030 - CMSIS Pack Vendor :RoweBots I-CUBE-UNISONRTOS 5.5.0-4
2023-03-14 20:38:52,990 [INFO] ThirdParty:1030 - CMSIS Pack Vendor :STMicroelectronics X-CUBE-GNSS1 6.0.0
2023-03-14 20:38:52,990 [INFO] ThirdParty:1030 - CMSIS Pack Vendor :STMicroelectronics X-CUBE-AZRTOS-H7 2.1.0
2023-03-14 20:38:52,990 [INFO] ThirdParty:1030 - CMSIS Pack Vendor :STMicroelectronics USB_HOST 2.0.0
2023-03-14 20:38:52,990 [INFO] ThirdParty:1030 - CMSIS Pack Vendor :STMicroelectronics X-CUBE-AZRTOS-F4 1.1.0
2023-03-14 20:38:52,990 [INFO] ThirdParty:1030 - CMSIS Pack Vendor :STMicroelectronics LIBJPEG 8.0.0
2023-03-14 20:38:52,990 [INFO] ThirdParty:1030 - CMSIS Pack Vendor :STMicroelectronics USB_DEVICE 3.0.0
2023-03-14 20:38:52,990 [INFO] ThirdParty:1030 - CMSIS Pack Vendor :STMicroelectronics X-CUBE-AI 8.0.0
2023-03-14 20:38:52,990 [INFO] ThirdParty:1030 - CMSIS Pack Vendor :STMicroelectronics X-CUBE-FREERTOS 1.0.0
2023-03-14 20:38:52,990 [INFO] ThirdParty:1030 - CMSIS Pack Vendor :STMicroelectronics X-CUBE-TOUCHGFX 4.21.1
2023-03-14 20:38:52,990 [INFO] ThirdParty:1030 - CMSIS Pack Vendor :STMicroelectronics X-CUBE-TOUCHGFX 4.21.0
2023-03-14 20:38:52,990 [INFO] ThirdParty:1030 - CMSIS Pack Vendor :STMicroelectronics X-CUBE-BLEMGR 1.2.0
2023-03-14 20:38:52,990 [INFO] ThirdParty:1030 - CMSIS Pack Vendor :STMicroelectronics X-CUBE-AZRTOS-F7 1.1.0
2023-03-14 20:38:52,990 [INFO] ThirdParty:1030 - CMSIS Pack Vendor :STMicroelectronics X-CUBE-MEMS1 9.4.0
2023-03-14 20:38:52,990 [INFO] ThirdParty:1030 - CMSIS Pack Vendor :STMicroelectronics USB_DEVICE 2.0.0
2023-03-14 20:38:52,990 [INFO] ThirdParty:1030 - CMSIS Pack Vendor :STMicroelectronics X-CUBE-AI 7.3.0
2023-03-14 20:38:52,990 [INFO] ThirdParty:1030 - CMSIS Pack Vendor :STMicroelectronics X-CUBE-BLE1 6.2.3
2023-03-14 20:38:52,990 [INFO] ThirdParty:1030 - CMSIS Pack Vendor :STMicroelectronics X-CUBE-ALGOBUILD 1.3.0
2023-03-14 20:38:52,990 [INFO] ThirdParty:1030 - CMSIS Pack Vendor :STMicroelectronics X-CUBE-BLE1 6.2.4
2023-03-14 20:38:52,990 [INFO] ThirdParty:1030 - CMSIS Pack Vendor :STMicroelectronics X-CUBE-AZRTOS-L5 1.1.0
2023-03-14 20:38:52,990 [INFO] ThirdParty:1030 - CMSIS Pack Vendor :STMicroelectronics FreeRTOS 0.0.1
2023-03-14 20:38:52,990 [INFO] ThirdParty:1030 - CMSIS Pack Vendor :emotas I-CUBE-CANOPEN 1.1.3
2023-03-14 20:38:52,990 [INFO] ThirdParty:1030 - CMSIS Pack Vendor :STMicroelectronics X-CUBE-AZRTOS-G0 1.1.0
2023-03-14 20:38:52,990 [INFO] ThirdParty:1030 - CMSIS Pack Vendor :STMicroelectronics X-CUBE-BLEMGR 2.0.0
2023-03-14 20:38:52,990 [INFO] ThirdParty:1030 - CMSIS Pack Vendor :STMicroelectronics X-CUBE-SUBG2 5.0.0
2023-03-14 20:38:52,990 [INFO] ThirdParty:1030 - CMSIS Pack Vendor :STMicroelectronics X-CUBE-NFC4 3.0.0
2023-03-14 20:38:52,990 [INFO] ThirdParty:1030 - CMSIS Pack Vendor :STMicroelectronics STM32_WPAN 1.0.0
2023-03-14 20:38:52,990 [INFO] ThirdParty:1030 - CMSIS Pack Vendor :SEGGER I-CUBE-embOS 1.2.1
2023-03-14 20:38:52,990 [INFO] ThirdParty:1030 - CMSIS Pack Vendor :STMicroelectronics lwIP 2.0.3
2023-03-14 20:38:52,990 [INFO] ThirdParty:1030 - CMSIS Pack Vendor :STMicroelectronics X-CUBE-NFC4 2.0.5
2023-03-14 20:38:52,990 [INFO] ThirdParty:1030 - CMSIS Pack Vendor :STMicroelectronics USB_HOST 1.0.0
2023-03-14 20:38:52,990 [INFO] ThirdParty:1030 - CMSIS Pack Vendor :STMicroelectronics PDM2PCM 3.1.0
2023-03-14 20:38:52,990 [INFO] ThirdParty:1030 - CMSIS Pack Vendor :STMicroelectronics FP-ATR-ASTRA1 1.1.1
2023-03-14 20:38:52,990 [INFO] ThirdParty:1030 - CMSIS Pack Vendor :STMicroelectronics PDM2PCM 3.3.0
2023-03-14 20:38:52,990 [INFO] ThirdParty:1030 - CMSIS Pack Vendor :STMicroelectronics X-CUBE-DISPLAY 3.0.0
2023-03-14 20:38:52,991 [INFO] ThirdParty:1030 - CMSIS Pack Vendor :STMicroelectronics X-CUBE-BLEMGR 1.3.0
2023-03-14 20:38:52,991 [INFO] ThirdParty:1030 - CMSIS Pack Vendor :wolfSSL I-CUBE-wolfSSL 5.5.3
2023-03-14 20:38:52,991 [INFO] ThirdParty:1030 - CMSIS Pack Vendor :STMicroelectronics X-CUBE-AZRTOS-G4 1.0.0
2023-03-14 20:38:52,991 [INFO] ThirdParty:1030 - CMSIS Pack Vendor :STMicroelectronics FP-ATR-SIGFOX1 3.2.0
2023-03-14 20:38:52,991 [INFO] ThirdParty:1030 - CMSIS Pack Vendor :STMicroelectronics X-CUBE-AZRTOS-L4 1.0.0
2023-03-14 20:38:52,991 [INFO] ThirdParty:1030 - CMSIS Pack Vendor :STMicroelectronics HAL Drivers 0.0.0
2023-03-14 20:38:52,991 [INFO] ThirdParty:1030 - CMSIS Pack Vendor :STMicroelectronics MBEDTLS 2.16.2
2023-03-14 20:38:52,991 [INFO] ThirdParty:1030 - CMSIS Pack Vendor :STMicroelectronics X-CUBE-TOUCHGFX 4.20.0
2023-03-14 20:38:52,991 [INFO] ThirdParty:1030 - CMSIS Pack Vendor :STMicroelectronics MBEDTLS 2.14.1
2023-03-14 20:38:52,991 [INFO] ThirdParty:1030 - CMSIS Pack Vendor :STMicroelectronics X-CUBE-NFC7 1.0.0
2023-03-14 20:38:52,991 [INFO] ThirdParty:1030 - CMSIS Pack Vendor :STMicroelectronics X-CUBE-AZRTOS-WL 1.0.0
2023-03-14 20:38:52,991 [INFO] ThirdParty:1030 - CMSIS Pack Vendor :STMicroelectronics X-CUBE-MEMS1 9.3.0
2023-03-14 20:38:52,991 [INFO] ThirdParty:1030 - CMSIS Pack Vendor :STMicroelectronics X-CUBE-EEPRMA1 4.1.0
2023-03-14 20:38:52,991 [INFO] ThirdParty:1030 - CMSIS Pack Vendor :portGmbH I-Cube-SoM-uGOAL 1.1.0
2023-03-14 20:38:52,991 [INFO] ThirdParty:1030 - CMSIS Pack Vendor :STMicroelectronics X-CUBE-ALS 1.0.1
2023-03-14 20:38:52,991 [INFO] ThirdParty:1030 - CMSIS Pack Vendor :STMicroelectronics X-CUBE-MEMS1 9.5.0
2023-03-14 20:38:52,991 [INFO] ThirdParty:1030 - CMSIS Pack Vendor :STMicroelectronics ThreadX 1.0.0
2023-03-14 20:38:52,991 [INFO] ThirdParty:1030 - CMSIS Pack Vendor :STMicroelectronics X-CUBE-AZRTOS-WB 1.1.0
2023-03-14 20:38:52,991 [INFO] ThirdParty:1030 - CMSIS Pack Vendor :SEGGER I-CUBE-embOS 1.3.1
2023-03-14 20:38:52,991 [INFO] ThirdParty:1030 - CMSIS Pack Vendor :STMicroelectronics X-CUBE-AZRTOS-L5 1.0.0
2023-03-14 20:38:52,991 [INFO] ThirdParty:1030 - CMSIS Pack Vendor :STMicroelectronics USB_DEVICE 1.0.0
2023-03-14 20:38:52,991 [INFO] ThirdParty:1030 - CMSIS Pack Vendor :STMicroelectronics X-CUBE-EEPRMA1 3.1.1
2023-03-14 20:38:52,991 [INFO] ThirdParty:1030 - CMSIS Pack Vendor :STMicroelectronics ThreadX 0.0.2
2023-03-14 20:38:52,991 [INFO] ThirdParty:1030 - CMSIS Pack Vendor :WES I-CUBE-Cesium 1.3.0
2023-03-14 20:38:52,991 [INFO] ThirdParty:1030 - CMSIS Pack Vendor :STMicroelectronics lwIP 2.1.2
2023-03-14 20:38:52,991 [INFO] ThirdParty:1030 - CMSIS Pack Vendor :STMicroelectronics X-CUBE-SFXS2LP1 4.0.0
2023-03-14 20:38:52,991 [INFO] ThirdParty:1030 - CMSIS Pack Vendor :STMicroelectronics X-CUBE-BLE2 3.3.0
2023-03-14 20:38:52,991 [INFO] ThirdParty:1030 - CMSIS Pack Vendor :STMicroelectronics X-CUBE-DISPLAY 2.2.0
2023-03-14 20:38:52,991 [INFO] ThirdParty:1030 - CMSIS Pack Vendor :STMicroelectronics X-CUBE-TOF1 3.2.0
2023-03-14 20:38:52,991 [INFO] ThirdParty:1030 - CMSIS Pack Vendor :STMicroelectronics PDM2PCM 3.2.0
2023-03-14 20:38:52,991 [INFO] ThirdParty:1030 - CMSIS Pack Vendor :STMicroelectronics X-CUBE-AZRTOS-H7 3.0.0
2023-03-14 20:38:52,992 [INFO] ThirdParty:841 - exiting critical section [change project]
2023-03-14 20:38:53,080 [INFO] PinOutPanel:1499 - setPackage(No Configuration,No Configuration)
2023-03-14 20:38:53,080 [INFO] PinOutPanel:1499 - setPackage(STM32F411RETx,LQFP64)
2023-03-14 20:38:53,220 [INFO] UtilMem:75 - Before build in PCC Used Memory: 631306504 Bytes (754974720)
2023-03-14 20:38:53,339 [INFO] UtilMem:75 - After build in PCC Used Memory: 518765736 Bytes (754974720)
2023-03-14 20:38:53,342 [INFO] ApiDbMcu:507 - Load IP Config File for FREERTOS
2023-03-14 20:38:53,357 [INFO] IPUIPlugin:80 - create IPUIPlugin
2023-03-14 20:38:53,357 [INFO] IPUIPlugin:80 - create IPUIPlugin
2023-03-14 20:38:53,357 [INFO] IPUIPlugin:80 - create IPUIPlugin
2023-03-14 20:38:53,357 [INFO] IPUIPlugin:80 - create IPUIPlugin
2023-03-14 20:38:53,357 [INFO] IPUIPlugin:80 - create IPUIPlugin
2023-03-14 20:38:53,357 [INFO] IPUIPlugin:80 - create IPUIPlugin
2023-03-14 20:38:53,357 [INFO] IPUIPlugin:80 - create IPUIPlugin
2023-03-14 20:38:53,357 [INFO] IPUIPlugin:80 - create IPUIPlugin
2023-03-14 20:38:53,357 [INFO] IPUIPlugin:80 - create IPUIPlugin
2023-03-14 20:38:53,357 [INFO] IPUIPlugin:80 - create IPUIPlugin
2023-03-14 20:38:53,357 [INFO] IPUIPlugin:80 - create IPUIPlugin
2023-03-14 20:38:53,357 [INFO] IPUIPlugin:80 - create IPUIPlugin
2023-03-14 20:38:53,357 [INFO] IPUIPlugin:80 - create IPUIPlugin
2023-03-14 20:38:53,358 [INFO] IPUIPlugin:80 - create IPUIPlugin
2023-03-14 20:38:53,358 [INFO] IPUIPlugin:80 - create IPUIPlugin
2023-03-14 20:38:53,358 [INFO] IPUIPlugin:80 - create IPUIPlugin
2023-03-14 20:38:53,358 [INFO] IPUIPlugin:80 - create IPUIPlugin
2023-03-14 20:38:53,358 [INFO] IPUIPlugin:80 - create IPUIPlugin
2023-03-14 20:38:53,358 [INFO] IPUIPlugin:80 - create IPUIPlugin
2023-03-14 20:38:53,358 [INFO] IPUIPlugin:80 - create IPUIPlugin
2023-03-14 20:38:53,358 [INFO] IPUIPlugin:80 - create IPUIPlugin
2023-03-14 20:38:53,359 [INFO] IPUIPlugin:80 - create IPUIPlugin
2023-03-14 20:38:53,359 [INFO] IPUIPlugin:80 - create IPUIPlugin
2023-03-14 20:38:53,359 [INFO] IPUIPlugin:80 - create IPUIPlugin
2023-03-14 20:38:53,359 [INFO] IPUIPlugin:80 - create IPUIPlugin
2023-03-14 20:38:53,359 [INFO] IPUIPlugin:80 - create IPUIPlugin
2023-03-14 20:38:53,359 [INFO] IPUIPlugin:80 - create IPUIPlugin
2023-03-14 20:38:53,359 [INFO] IPUIPlugin:80 - create IPUIPlugin
2023-03-14 20:38:53,359 [INFO] IPUIPlugin:80 - create IPUIPlugin
2023-03-14 20:38:53,359 [INFO] IPUIPlugin:80 - create IPUIPlugin
2023-03-14 20:38:53,360 [INFO] IPUIPlugin:80 - create IPUIPlugin
2023-03-14 20:38:53,360 [INFO] IPUIPlugin:80 - create IPUIPlugin
2023-03-14 20:38:53,360 [INFO] IPUIPlugin:80 - create IPUIPlugin
2023-03-14 20:38:53,360 [INFO] IPUIPlugin:80 - create IPUIPlugin
2023-03-14 20:38:53,360 [INFO] IPUIPlugin:80 - create IPUIPlugin
2023-03-14 20:38:53,360 [INFO] IPUIPlugin:80 - create IPUIPlugin
2023-03-14 20:38:53,360 [INFO] IPUIPlugin:80 - create IPUIPlugin
2023-03-14 20:38:53,361 [INFO] IPUIPlugin:80 - create IPUIPlugin
2023-03-14 20:38:53,361 [INFO] IPUIPlugin:80 - create IPUIPlugin
2023-03-14 20:38:53,361 [INFO] IPUIPlugin:80 - create IPUIPlugin
2023-03-14 20:38:53,361 [INFO] IPUIPlugin:80 - create IPUIPlugin
2023-03-14 20:38:53,361 [INFO] IPUIPlugin:80 - create IPUIPlugin
2023-03-14 20:38:53,361 [INFO] IPUIPlugin:80 - create IPUIPlugin
2023-03-14 20:38:53,363 [INFO] ApiDbMcu:507 - Load IP Config File for PDM2PCM
2023-03-14 20:38:53,363 [WARN] IP:2113 - I2C_Coeff_DF not found: check if there is a RefParameter without a condition.
2023-03-14 20:38:53,363 [WARN] IP:2113 - Analog_Filter not found: check if there is a RefParameter without a condition.
2023-03-14 20:38:53,369 [WARN] FreeRTOS:1023 - Null or empty value: should not occur! (nothing added to the table)
2023-03-14 20:38:53,419 [INFO] CADModel:165 - CPN selected for project levelSTM32F411RET6
2023-03-14 20:38:53,420 [INFO] CADModel:114 - Register for checkConnection events
2023-03-14 20:38:53,421 [INFO] RtosManager:697 - Active RTOS found at IOC load: FREERTOS [Cortex-M4NS]
2023-03-14 20:38:53,476 [INFO] OpenFileManager:328 - Restore cursor
2023-03-14 20:38:53,631 [WARN] IP:2113 - I2C_Coeff_DF not found: check if there is a RefParameter without a condition.
2023-03-14 20:38:53,631 [WARN] IP:2113 - Analog_Filter not found: check if there is a RefParameter without a condition.
2023-03-14 20:38:53,631 [WARN] IP:2113 - I2C_Coeff_DF not found: check if there is a RefParameter without a condition.
2023-03-14 20:38:53,631 [WARN] IP:2113 - Analog_Filter not found: check if there is a RefParameter without a condition.
2023-03-14 20:38:57,043 [INFO] Gpio:273 - dependency for GPIO [ADC1, I2C1, RCC, RTC, SPI1, SPI2, SYS, USART1]
2023-03-14 20:39:12,463 [INFO] Gpio:273 - dependency for GPIO [ADC1, I2C1, RCC, RTC, SPI1, SPI2, SYS, USART1]
2023-03-14 22:46:15,845 [INFO] WebAppUi:241 - Path where cad_preferences.json is located C:\Users\Daniel/.stm32cubeide/
2023-03-14 22:46:15,845 [INFO] WebAppUi:242 - Updating consent from JSON file
2023-03-14 22:46:16,450 [INFO] WebAppUi:430 - JxBrowser engine has been closed 
2023-03-14 22:46:16,450 [INFO] WebAppUi:467 - Close the Jxbrowser engine manually
2023-03-14 22:46:16,884 [ERROR] LogOutputStream:75 - [STDERR_REDIRECT] 
