2023-05-06 10:42:25,919 [INFO] Activator:176 - 


2023-05-06 10:42:25,923 [INFO] Activator:177 - !SESSION log4j initialized
2023-05-06 10:42:29,524 [INFO] LogOutputStream:77 - [STDOUT_REDIRECT] 
2023-05-06 10:42:48,774 [ERROR] LogOutputStream:75 - [STDERR_REDIRECT] SLF4J: Failed to load class "org.slf4j.impl.StaticLoggerBinder".
2023-05-06 10:42:48,774 [ERROR] LogOutputStream:75 - [STDERR_REDIRECT] SLF4J: Defaulting to no-operation (NOP) logger implementation
2023-05-06 10:42:48,775 [ERROR] LogOutputStream:75 - [STDERR_REDIRECT] SLF4J: See http://www.slf4j.org/codes.html#StaticLoggerBinder for further details.
2023-05-06 17:37:51,091 [INFO] ApplicationProperties:184 - Using Application install path: C:\ST\STM32CubeIDE_1.10.1\STM32CubeIDE\plugins\com.st.stm32cube.common.mx_6.8.1.202304191431
2023-05-06 17:37:51,106 [INFO] DbMcusXml:78 - Set database path to: C:\ST\STM32CubeIDE_1.10.1\STM32CubeIDE\plugins\com.st.stm32cube.common.mx_6.8.1.202304191431\\db\/mcu/
2023-05-06 17:37:51,106 [INFO] ApiDb:274 - Set plugin database path to: C:\ST\STM32CubeIDE_1.10.1\STM32CubeIDE\plugins\com.st.stm32cube.common.mx_6.8.1.202304191431\\db\/plugins/boardmanager/
2023-05-06 17:37:51,107 [WARN] ApiDb:259 - Overriding images path with different value:  => C:\ST\STM32CubeIDE_1.10.1\STM32CubeIDE\plugins\com.st.stm32cube.common.mx_6.8.1.202304191431\\db\/plugins/mcufinder/images/
2023-05-06 17:37:51,117 [INFO] ApiDb:250 - Set database path to: C:\Users\Daniel\.stmcufinder\plugins\mcufinder//mcu/
2023-05-06 17:37:51,118 [INFO] DbMcusAds:125 - Set database path to: C:\Users\Daniel\.stmcufinder\plugins\mcufinder//mcu/
2023-05-06 17:37:51,165 [INFO] CrossReferenceDbSqlite:203 - Set database path to: C:\Users\Daniel\.stmcufinder\plugins\mcufinder//mcu/cs/
2023-05-06 17:37:51,241 [INFO] RulesReader:64 - Compatibility file has been processed (293 Rules)
2023-05-06 17:37:51,298 [INFO] DbMcusXml:78 - Set database path to: C:\ST\STM32CubeIDE_1.10.1\STM32CubeIDE\plugins\com.st.stm32cube.common.mx_6.8.1.202304191431\\db\/mcu/
2023-05-06 17:37:51,298 [INFO] ApiDb:274 - Set plugin database path to: C:\ST\STM32CubeIDE_1.10.1\STM32CubeIDE\plugins\com.st.stm32cube.common.mx_6.8.1.202304191431\\db\/plugins/boardmanager/
2023-05-06 17:37:51,298 [INFO] ApiDb:261 - Set plugin images path to: C:\ST\STM32CubeIDE_1.10.1\STM32CubeIDE\plugins\com.st.stm32cube.common.mx_6.8.1.202304191431\\db\/plugins/mcufinder/images/
2023-05-06 17:37:51,299 [WARN] DbFile:41 - Overriding database path with different value: C:\Users\Daniel\.stmcufinder\plugins\mcufinder/ => C:\Users\Daniel\.stmcufinder\plugins\mcufinder
2023-05-06 17:37:51,299 [INFO] ApiDb:250 - Set database path to: C:\Users\Daniel\.stmcufinder\plugins\mcufinder//mcu/
2023-05-06 17:37:51,299 [WARN] DbFile:41 - Overriding database path with different value: C:\Users\Daniel\.stmcufinder\plugins\mcufinder/ => C:\Users\Daniel\.stmcufinder\plugins\mcufinder
2023-05-06 17:37:51,299 [INFO] DbMcusAds:125 - Set database path to: C:\Users\Daniel\.stmcufinder\plugins\mcufinder//mcu/
2023-05-06 17:37:51,299 [WARN] DbFile:41 - Overriding database path with different value: C:\Users\Daniel\.stmcufinder\plugins\mcufinder/ => C:\Users\Daniel\.stmcufinder\plugins\mcufinder
2023-05-06 17:37:51,299 [WARN] DbFile:41 - Overriding database path with different value: C:\Users\Daniel\.stmcufinder\plugins\mcufinder/ => C:\Users\Daniel\.stmcufinder\plugins\mcufinder
2023-05-06 17:37:51,299 [INFO] CrossReferenceDbSqlite:203 - Set database path to: C:\Users\Daniel\.stmcufinder\plugins\mcufinder//mcu/cs/
2023-05-06 17:37:51,352 [INFO] MainPanel:253 - HeapMemory: 360710144
2023-05-06 17:37:51,423 [INFO] DbMcusXml:78 - Set database path to: C:\ST\STM32CubeIDE_1.10.1\STM32CubeIDE\plugins\com.st.stm32cube.common.mx_6.8.1.202304191431\\db\/mcu/
2023-05-06 17:37:51,423 [INFO] ApiDb:274 - Set plugin database path to: C:\ST\STM32CubeIDE_1.10.1\STM32CubeIDE\plugins\com.st.stm32cube.common.mx_6.8.1.202304191431\\db\/plugins/boardmanager/
2023-05-06 17:37:51,423 [INFO] ApiDb:261 - Set plugin images path to: C:\ST\STM32CubeIDE_1.10.1\STM32CubeIDE\plugins\com.st.stm32cube.common.mx_6.8.1.202304191431\\db\/plugins/mcufinder/images/
2023-05-06 17:37:51,423 [WARN] DbFile:41 - Overriding database path with different value: C:\Users\Daniel\.stmcufinder\plugins\mcufinder/ => C:\Users\Daniel\.stmcufinder\plugins\mcufinder
2023-05-06 17:37:51,423 [INFO] ApiDb:250 - Set database path to: C:\Users\Daniel\.stmcufinder\plugins\mcufinder//mcu/
2023-05-06 17:37:51,423 [WARN] DbFile:41 - Overriding database path with different value: C:\Users\Daniel\.stmcufinder\plugins\mcufinder/ => C:\Users\Daniel\.stmcufinder\plugins\mcufinder
2023-05-06 17:37:51,423 [INFO] DbMcusAds:125 - Set database path to: C:\Users\Daniel\.stmcufinder\plugins\mcufinder//mcu/
2023-05-06 17:37:51,423 [WARN] DbFile:41 - Overriding database path with different value: C:\Users\Daniel\.stmcufinder\plugins\mcufinder/ => C:\Users\Daniel\.stmcufinder\plugins\mcufinder
2023-05-06 17:37:51,423 [WARN] DbFile:41 - Overriding database path with different value: C:\Users\Daniel\.stmcufinder\plugins\mcufinder/ => C:\Users\Daniel\.stmcufinder\plugins\mcufinder
2023-05-06 17:37:51,423 [INFO] CrossReferenceDbSqlite:203 - Set database path to: C:\Users\Daniel\.stmcufinder\plugins\mcufinder//mcu/cs/
2023-05-06 17:37:51,437 [INFO] ApplicationProperties:184 - Using Application install path: C:\ST\STM32CubeIDE_1.10.1\STM32CubeIDE\plugins\com.st.stm32cube.common.mx_6.8.1.202304191431
2023-05-06 17:37:51,438 [INFO] PluginManage:196 - Search for loadable plugins [exclusion list=, ]
2023-05-06 17:37:51,439 [INFO] PluginManage:310 - Check plugin analytics
2023-05-06 17:37:51,548 [INFO] AnalyticsPlugin:253 - Accepted Software Licenses: 
2023-05-06 17:37:51,548 [INFO] AnalyticsPlugin:255 - Accepted CMSIS Pack Licenses: STMicroelectronics.X-CUBE-BLEMGR.2.0.0,STMicroelectronics.X-CUBE-AI.8.0.0,SEGGER.I-CUBE-embOS.1.3.1
2023-05-06 17:37:51,548 [INFO] AnalyticsPlugin:257 - Accepted Firmware Licenses: 
2023-05-06 17:37:51,552 [INFO] PluginManage:359 - Loaded plugin analytics (category:tool,tabindex:-1)
2023-05-06 17:37:51,552 [INFO] PluginManage:310 - Check plugin cadmodel
2023-05-06 17:37:51,562 [INFO] CADModel:105 - Init CAD model plugin
2023-05-06 17:37:51,563 [INFO] PluginManage:359 - Loaded plugin cadmodel (category:power,tabindex:5)
2023-05-06 17:37:51,563 [INFO] PluginManage:310 - Check plugin clock
2023-05-06 17:37:51,576 [INFO] PluginManage:359 - Loaded plugin clock (category:base,tabindex:2)
2023-05-06 17:37:51,576 [INFO] PluginManage:310 - Check plugin ddr
2023-05-06 17:37:51,577 [INFO] PluginManage:359 - Loaded plugin ddr (category:tool,tabindex:6)
2023-05-06 17:37:51,577 [INFO] PluginManage:310 - Check plugin filemanager
2023-05-06 17:37:51,668 [INFO] PluginManage:359 - Loaded plugin filemanager (category:base,tabindex:10)
2023-05-06 17:37:51,669 [INFO] PluginManage:310 - Check plugin ipmanager
2023-05-06 17:37:51,674 [INFO] PluginManage:359 - Loaded plugin ipmanager (category:base,tabindex:5)
2023-05-06 17:37:51,674 [INFO] PluginManage:310 - Check plugin lpbam
2023-05-06 17:37:51,686 [INFO] PluginManage:359 - Loaded plugin lpbam (category:base,tabindex:0)
2023-05-06 17:37:51,686 [INFO] PluginManage:310 - Check plugin pinoutandconfiguration
2023-05-06 17:37:51,697 [INFO] PluginManage:359 - Loaded plugin pinoutandconfiguration (category:base,tabindex:1)
2023-05-06 17:37:51,697 [INFO] PluginManage:310 - Check plugin pinoutconfig
2023-05-06 17:37:51,771 [WARN] SupportedApi:132 - Cannot load RTOS API schema: s4s-elt-must-match.1: The content of 'definitions' must match (annotation?, (simpleType | complexType)?, (unique | key | keyref)*)). A problem was found starting at: attribute.
2023-05-06 17:37:51,872 [INFO] PluginManage:359 - Loaded plugin pinoutconfig (category:base,tabindex:0)
2023-05-06 17:37:51,873 [INFO] PluginManage:310 - Check plugin power
2023-05-06 17:37:51,895 [INFO] PluginManage:359 - Loaded plugin power (category:power,tabindex:4)
2023-05-06 17:37:51,895 [INFO] PluginManage:310 - Check plugin projectmanager
2023-05-06 17:37:51,906 [INFO] PluginManage:359 - Loaded plugin projectmanager (category:projectmanager,tabindex:3)
2023-05-06 17:37:51,906 [INFO] PluginManage:310 - Check plugin thirdparty
2023-05-06 17:37:52,048 [INFO] PluginManage:359 - Loaded plugin thirdparty (category:base,tabindex:-1)
2023-05-06 17:37:52,048 [WARN] IntegrityCheckThread:84 - waiting for thirdparty lock release [integrity check]
2023-05-06 17:37:52,048 [INFO] PluginManage:310 - Check plugin tools
2023-05-06 17:37:52,048 [INFO] IntegrityCheckThread:86 - entering critical section [integrity check]
2023-05-06 17:37:52,050 [INFO] ThirdPartyUpdaterWithRetryManager:70 - Updater plugin not ready yet. [1/15]
2023-05-06 17:37:52,065 [INFO] PluginManage:359 - Loaded plugin tools (category:base,tabindex:7)
2023-05-06 17:37:52,065 [INFO] PluginManage:310 - Check plugin tutovideos
2023-05-06 17:37:52,212 [INFO] PluginManage:359 - Loaded plugin tutovideos (category:base,tabindex:-1)
2023-05-06 17:37:52,212 [INFO] PluginManage:310 - Check plugin updater
2023-05-06 17:37:52,223 [INFO] PluginManage:359 - Loaded plugin updater (category:base,tabindex:12)
2023-05-06 17:37:52,223 [INFO] PluginManage:283 - PluginManage : Loaded plugins [15]
2023-05-06 17:37:52,399 [INFO] PinOutPanel:1499 - setPackage(No Configuration,No Configuration)
2023-05-06 17:37:52,443 [INFO] CADModel:165 - CPN selected for project level
2023-05-06 17:37:52,443 [INFO] CADModel:114 - Register for checkConnection events
2023-05-06 17:37:52,460 [INFO] IPUIPlugin:80 - create IPUIPlugin
2023-05-06 17:37:52,461 [INFO] PluginManager:220 - loadIPPluginJar : add adc
2023-05-06 17:37:52,480 [INFO] IPUIPlugin:80 - create IPUIPlugin
2023-05-06 17:37:52,480 [INFO] PluginManager:220 - loadIPPluginJar : add aes
2023-05-06 17:37:52,505 [INFO] IPUIPlugin:80 - create IPUIPlugin
2023-05-06 17:37:52,505 [INFO] PluginManager:220 - loadIPPluginJar : add can
2023-05-06 17:37:52,518 [INFO] IPUIPlugin:80 - create IPUIPlugin
2023-05-06 17:37:52,518 [INFO] PluginManager:220 - loadIPPluginJar : add comp
2023-05-06 17:37:52,535 [INFO] IPUIPlugin:80 - create IPUIPlugin
2023-05-06 17:37:52,535 [INFO] PluginManager:220 - loadIPPluginJar : add cryp
2023-05-06 17:37:52,550 [INFO] IPUIPlugin:80 - create IPUIPlugin
2023-05-06 17:37:52,550 [INFO] PluginManager:220 - loadIPPluginJar : add dfsdm
2023-05-06 17:37:52,560 [INFO] IPUIPlugin:80 - create IPUIPlugin
2023-05-06 17:37:52,560 [INFO] PluginManager:220 - loadIPPluginJar : add dma
2023-05-06 17:37:52,581 [INFO] IPUIPlugin:80 - create IPUIPlugin
2023-05-06 17:37:52,581 [INFO] PluginManager:220 - loadIPPluginJar : add dma3
2023-05-06 17:37:52,592 [INFO] IPUIPlugin:80 - create IPUIPlugin
2023-05-06 17:37:52,592 [INFO] PluginManager:220 - loadIPPluginJar : add fatfs
2023-05-06 17:37:52,619 [INFO] IPUIPlugin:80 - create IPUIPlugin
2023-05-06 17:37:52,619 [INFO] PluginManager:220 - loadIPPluginJar : add fmc
2023-05-06 17:37:52,629 [INFO] IPUIPlugin:80 - create IPUIPlugin
2023-05-06 17:37:52,629 [INFO] PluginManager:220 - loadIPPluginJar : add freertos
2023-05-06 17:37:52,639 [INFO] IPUIPlugin:80 - create IPUIPlugin
2023-05-06 17:37:52,639 [INFO] PluginManager:220 - loadIPPluginJar : add genericplugin
2023-05-06 17:37:52,687 [INFO] IPUIPlugin:80 - create IPUIPlugin
2023-05-06 17:37:52,687 [INFO] PluginManager:220 - loadIPPluginJar : add gfxmmu
2023-05-06 17:37:52,758 [INFO] IPUIPlugin:80 - create IPUIPlugin
2023-05-06 17:37:52,758 [INFO] PluginManager:220 - loadIPPluginJar : add gic
2023-05-06 17:37:52,766 [INFO] IPUIPlugin:80 - create IPUIPlugin
2023-05-06 17:37:52,766 [INFO] PluginManager:220 - loadIPPluginJar : add gpio
2023-05-06 17:37:52,819 [INFO] IPUIPlugin:80 - create IPUIPlugin
2023-05-06 17:37:52,819 [INFO] PluginManager:220 - loadIPPluginJar : add gtzc
2023-05-06 17:37:52,837 [INFO] IPUIPlugin:80 - create IPUIPlugin
2023-05-06 17:37:52,837 [INFO] PluginManager:220 - loadIPPluginJar : add hash
2023-05-06 17:37:52,863 [INFO] IPUIPlugin:80 - create IPUIPlugin
2023-05-06 17:37:52,863 [INFO] PluginManager:220 - loadIPPluginJar : add i2c
2023-05-06 17:37:52,885 [INFO] IPUIPlugin:80 - create IPUIPlugin
2023-05-06 17:37:52,885 [INFO] PluginManager:220 - loadIPPluginJar : add i2s
2023-05-06 17:37:52,907 [INFO] IPUIPlugin:80 - create IPUIPlugin
2023-05-06 17:37:52,907 [INFO] PluginManager:220 - loadIPPluginJar : add i3c
2023-05-06 17:37:52,975 [INFO] IPUIPlugin:80 - create IPUIPlugin
2023-05-06 17:37:52,975 [INFO] PluginManager:220 - loadIPPluginJar : add ipddr
2023-05-06 17:37:53,025 [INFO] IPUIPlugin:80 - create IPUIPlugin
2023-05-06 17:37:53,025 [INFO] PluginManager:220 - loadIPPluginJar : add linkedlist
2023-05-06 17:37:53,042 [INFO] IPUIPlugin:80 - create IPUIPlugin
2023-05-06 17:37:53,042 [INFO] PluginManager:220 - loadIPPluginJar : add lorawan
2023-05-06 17:37:53,062 [INFO] IPUIPlugin:80 - create IPUIPlugin
2023-05-06 17:37:53,062 [INFO] PluginManager:220 - loadIPPluginJar : add ltdc
2023-05-06 17:37:53,071 [INFO] IPUIPlugin:80 - create IPUIPlugin
2023-05-06 17:37:53,071 [INFO] PluginManager:220 - loadIPPluginJar : add mdma
2023-05-06 17:37:53,078 [INFO] IPUIPlugin:80 - create IPUIPlugin
2023-05-06 17:37:53,078 [INFO] PluginManager:220 - loadIPPluginJar : add nvic
2023-05-06 17:37:53,098 [INFO] IPUIPlugin:80 - create IPUIPlugin
2023-05-06 17:37:53,098 [INFO] PluginManager:220 - loadIPPluginJar : add opamp
2023-05-06 17:37:53,129 [INFO] IPUIPlugin:80 - create IPUIPlugin
2023-05-06 17:37:53,129 [INFO] PluginManager:220 - loadIPPluginJar : add openamp
2023-05-06 17:37:53,152 [INFO] IPUIPlugin:80 - create IPUIPlugin
2023-05-06 17:37:53,152 [INFO] PluginManager:220 - loadIPPluginJar : add pdm2pcm
2023-05-06 17:37:53,161 [INFO] IPUIPlugin:80 - create IPUIPlugin
2023-05-06 17:37:53,163 [INFO] PluginManager:220 - loadIPPluginJar : add plateformsettings
2023-05-06 17:37:53,174 [INFO] IPUIPlugin:80 - create IPUIPlugin
2023-05-06 17:37:53,174 [INFO] PluginManager:220 - loadIPPluginJar : add quadspi
2023-05-06 17:37:53,182 [INFO] IPUIPlugin:80 - create IPUIPlugin
2023-05-06 17:37:53,182 [INFO] PluginManager:220 - loadIPPluginJar : add resmgrutility
2023-05-06 17:37:53,210 [INFO] IPUIPlugin:80 - create IPUIPlugin
2023-05-06 17:37:53,210 [INFO] PluginManager:220 - loadIPPluginJar : add sai
2023-05-06 17:37:53,230 [INFO] IPUIPlugin:80 - create IPUIPlugin
2023-05-06 17:37:53,230 [INFO] PluginManager:220 - loadIPPluginJar : add spi
2023-05-06 17:37:53,264 [INFO] IPUIPlugin:80 - create IPUIPlugin
2023-05-06 17:37:53,264 [INFO] PluginManager:220 - loadIPPluginJar : add stm32_wpan
2023-05-06 17:37:53,276 [INFO] IPUIPlugin:80 - create IPUIPlugin
2023-05-06 17:37:53,276 [INFO] PluginManager:220 - loadIPPluginJar : add tim
2023-05-06 17:37:53,306 [INFO] IPUIPlugin:80 - create IPUIPlugin
2023-05-06 17:37:53,307 [INFO] PluginManager:220 - loadIPPluginJar : add touchsensing
2023-05-06 17:37:53,319 [INFO] IPUIPlugin:80 - create IPUIPlugin
2023-05-06 17:37:53,319 [INFO] PluginManager:220 - loadIPPluginJar : add tracer_emb
2023-05-06 17:37:53,330 [INFO] IPUIPlugin:80 - create IPUIPlugin
2023-05-06 17:37:53,331 [INFO] PluginManager:220 - loadIPPluginJar : add ts
2023-05-06 17:37:53,342 [INFO] IPUIPlugin:80 - create IPUIPlugin
2023-05-06 17:37:53,342 [INFO] PluginManager:220 - loadIPPluginJar : add tsc
2023-05-06 17:37:53,352 [INFO] IPUIPlugin:80 - create IPUIPlugin
2023-05-06 17:37:53,352 [INFO] PluginManager:220 - loadIPPluginJar : add ucpd
2023-05-06 17:37:53,377 [INFO] IPUIPlugin:80 - create IPUIPlugin
2023-05-06 17:37:53,377 [INFO] PluginManager:220 - loadIPPluginJar : add usart
2023-05-06 17:37:53,400 [INFO] IPUIPlugin:80 - create IPUIPlugin
2023-05-06 17:37:53,400 [INFO] PluginManager:220 - loadIPPluginJar : add usbx
2023-05-06 17:37:53,510 [INFO] CADModel:165 - CPN selected for project level
2023-05-06 17:37:53,510 [INFO] CADModel:114 - Register for checkConnection events
2023-05-06 17:37:53,510 [FATAL] Updater:308 - Updater called before beeing initialized
2023-05-06 17:37:53,510 [ERROR] CADModel:125 - Updater not yet initialized, retry later 
2023-05-06 17:37:53,620 [INFO] CADModel:165 - CPN selected for project level
2023-05-06 17:37:53,620 [INFO] CADModel:114 - Register for checkConnection events
2023-05-06 17:37:53,620 [FATAL] Updater:308 - Updater called before beeing initialized
2023-05-06 17:37:53,620 [ERROR] CADModel:125 - Updater not yet initialized, retry later 
2023-05-06 17:37:53,624 [FATAL] Updater:308 - Updater called before beeing initialized
2023-05-06 17:37:53,728 [FATAL] Updater:308 - Updater called before beeing initialized
2023-05-06 17:37:53,736 [INFO] DbMcusAds:53 - JSON generation date=Tue Mar 07 10:50:55 EET 2023 (1678179055335)
2023-05-06 17:37:53,736 [FATAL] Updater:308 - Updater called before beeing initialized
2023-05-06 17:37:53,783 [WARN] DetailPanel:346 - Failed to get advertising image, set to default
2023-05-06 17:37:53,863 [FATAL] Updater:308 - Updater called before beeing initialized
2023-05-06 17:37:53,865 [FATAL] Updater:308 - Updater called before beeing initialized
2023-05-06 17:37:53,865 [FATAL] Updater:308 - Updater called before beeing initialized
2023-05-06 17:37:53,865 [WARN] DetailPanel:346 - Failed to get advertising image, set to default
2023-05-06 17:37:53,865 [FATAL] Updater:308 - Updater called before beeing initialized
2023-05-06 17:37:53,906 [ERROR] Updater:1120 - MainUpdater not yet initialized. External WinMGr cannot be set.
2023-05-06 17:37:53,913 [INFO] Updater:1056 - Updater Version found : 6.8.1
2023-05-06 17:37:53,926 [INFO] ApplicationProperties:184 - Using Application install path: C:\ST\STM32CubeIDE_1.10.1\STM32CubeIDE\plugins\com.st.stm32cube.common.mx_6.8.1.202304191431
2023-05-06 17:37:54,249 [INFO] MainUpdater:2854 - connection check result : 10
2023-05-06 17:37:54,250 [INFO] MainUpdater:3548 - Updater definition file requires update
2023-05-06 17:37:54,250 [INFO] MainUpdater:283 - Updater Check For Update Now.
2023-05-06 17:37:54,251 [INFO] MicroXplorer:498 - Change Database Version : DB.6.0.81
2023-05-06 17:37:54,272 [INFO] ServerAccessManage:473 - Download File updaters.zip
2023-05-06 17:37:54,305 [INFO] FileExtend:240 - Unzip File : updaters.zip
2023-05-06 17:37:54,305 [INFO] FileExtend:255 - Standard Zip Deflate
2023-05-06 17:37:54,553 [INFO] ServerAccessManage:473 - Download File PacksControlFlags.xml
2023-05-06 17:37:54,586 [INFO] ServerAccessManage:473 - Download File cubemx.pidx
2023-05-06 17:37:54,647 [INFO] LoadServerUpdatesThread:373 - End of LoadServerUpdate Thread
2023-05-06 17:37:54,796 [INFO] CheckServerUpdateThread:120 - End of CheckServer Thread
2023-05-06 17:37:54,871 [INFO] MainUpdater:2854 - connection check result : 10
2023-05-06 17:37:54,876 [INFO] MainUpdater:2854 - connection check result : 10
2023-05-06 17:37:54,969 [INFO] MicroXplorer:468 - Change Database Path : 
2023-05-06 17:37:54,969 [INFO] MicroXplorer:498 - Change Database Version : DB.6.0.81
2023-05-06 17:37:54,970 [WARN] ThirdParty:871 - waiting for thirdparty lock release [close project]
2023-05-06 17:37:55,181 [WARN] PackLoader:240 - Cannot read IP mode file for STMicroelectronics.X-CUBE-GNSS1.6.0.0
2023-05-06 17:37:55,205 [WARN] PackLoader:240 - Cannot read IP mode file for STMicroelectronics.X-CUBE-AZRTOS-F4.1.1.0
2023-05-06 17:37:55,216 [WARN] PackLoader:240 - Cannot read IP mode file for STMicroelectronics.X-CUBE-SMBUS.2.1.0
2023-05-06 17:37:55,225 [WARN] PackLoader:240 - Cannot read IP mode file for STMicroelectronics.X-CUBE-BLEMGR.1.2.0
2023-05-06 17:37:55,247 [WARN] PackLoader:240 - Cannot read IP mode file for STMicroelectronics.X-CUBE-AZRTOS-F7.1.1.0
2023-05-06 17:37:55,291 [WARN] PackLoader:240 - Cannot read IP mode file for STMicroelectronics.X-CUBE-MEMS1.9.6.0
2023-05-06 17:37:55,409 [WARN] PackLoader:240 - Cannot read IP mode file for STMicroelectronics.X-CUBE-BLE1.6.2.3
2023-05-06 17:37:55,417 [WARN] PackLoader:240 - Cannot read IP mode file for STMicroelectronics.X-CUBE-BLE1.6.2.4
2023-05-06 17:37:55,432 [WARN] PackLoader:240 - Cannot read IP mode file for emotas.I-CUBE-CANOPEN.1.1.3
2023-05-06 17:37:55,517 [WARN] PackLoader:240 - Cannot read IP mode file for STMicroelectronics.X-CUBE-BLEMGR.2.0.0
2023-05-06 17:37:55,572 [WARN] PackLoader:240 - Cannot read IP mode file for STMicroelectronics.X-CUBE-NFC4.2.0.5
2023-05-06 17:37:55,593 [WARN] ConditionMgr:438 - getConditionDescription Invalid condition id : UX DEVICE CLASS RTOS Condition cause : null
2023-05-06 17:37:55,593 [WARN] ConditionMgr:438 - getConditionDescription Invalid condition id : UX DEVICE CLASS RTOS Condition cause : null
2023-05-06 17:37:55,596 [WARN] PackLoader:240 - Cannot read IP mode file for STMicroelectronics.X-CUBE-AZRTOS-H7.3.1.0
2023-05-06 17:37:55,596 [WARN] ConditionMgr:1039 - genDependencies : Invalid condition id : UX DEVICE CLASS RTOS Condition cause : null
2023-05-06 17:37:55,597 [WARN] ConditionMgr:1039 - genDependencies : Invalid condition id : UX DEVICE CLASS RTOS Condition cause : null
2023-05-06 17:37:55,597 [WARN] ConditionMgr:1039 - genDependencies : Invalid condition id : UX DEVICE CLASS RTOS Condition cause : null
2023-05-06 17:37:55,597 [WARN] ConditionMgr:1039 - genDependencies : Invalid condition id : UX DEVICE CLASS RTOS Condition cause : null
2023-05-06 17:37:55,597 [WARN] ConditionMgr:1039 - genDependencies : Invalid condition id : UX DEVICE CLASS RTOS Condition cause : null
2023-05-06 17:37:55,609 [WARN] PackLoader:240 - Cannot read IP mode file for STMicroelectronics.X-CUBE-DISPLAY.3.0.0
2023-05-06 17:37:55,620 [WARN] PackLoader:240 - Cannot read IP mode file for wolfSSL.I-CUBE-wolfSSL.5.5.3
2023-05-06 17:37:55,657 [WARN] PackLoader:240 - Cannot read IP mode file for STMicroelectronics.X-CUBE-NFC7.1.0.0
2023-05-06 17:37:55,688 [WARN] PackLoader:240 - Cannot read IP mode file for STMicroelectronics.X-CUBE-MEMS1.9.3.0
2023-05-06 17:37:55,762 [WARN] PackLoader:240 - Cannot read IP mode file for STMicroelectronics.X-CUBE-EEPRMA1.4.1.0
2023-05-06 17:37:55,795 [WARN] PackLoader:240 - Cannot read IP mode file for WES.I-CUBE-Cesium.1.3.0
2023-05-06 17:37:55,804 [WARN] PackLoader:240 - Cannot read IP mode file for STMicroelectronics.X-CUBE-SFXS2LP1.4.0.0
2023-05-06 17:37:55,814 [WARN] PackLoader:240 - Cannot read IP mode file for STMicroelectronics.X-CUBE-BLE2.3.3.0
2023-05-06 17:37:55,849 [WARN] PackLoader:240 - Cannot read IP mode file for STMicroelectronics.X-CUBE-DISPLAY.2.2.0
2023-05-06 17:37:55,860 [WARN] PackLoader:240 - Cannot read IP mode file for STMicroelectronics.X-CUBE-TOF1.3.2.0
2023-05-06 17:37:55,888 [WARN] PackLoader:240 - Cannot read IP mode file for STMicroelectronics.X-CUBE-AZRTOS-H7.3.0.0
2023-05-06 17:37:55,897 [WARN] PackLoader:240 - Cannot read IP mode file for STMicroelectronics.X-CUBE-ISPU.1.1.0
2023-05-06 17:37:55,906 [WARN] PackLoader:240 - Cannot read IP mode file for RoweBots.I-CUBE-UNISONRTOS.5.5.0-4
2023-05-06 17:37:55,931 [WARN] PackLoader:240 - Cannot read IP mode file for STMicroelectronics.X-CUBE-AZRTOS-H7.2.1.0
2023-05-06 17:37:55,943 [WARN] PackLoader:240 - Cannot read IP mode file for STMicroelectronics.X-CUBE-AI.8.0.0
2023-05-06 17:37:55,975 [WARN] PackLoader:240 - Cannot read IP mode file for STMicroelectronics.X-CUBE-FREERTOS.1.0.0
2023-05-06 17:37:56,008 [WARN] PackLoader:240 - Cannot read IP mode file for STMicroelectronics.X-CUBE-FREERTOS.1.0.1
2023-05-06 17:37:56,016 [WARN] PackLoader:240 - Cannot read IP mode file for STMicroelectronics.X-CUBE-TOUCHGFX.4.21.1
2023-05-06 17:37:56,025 [WARN] PackLoader:240 - Cannot read IP mode file for STMicroelectronics.X-CUBE-TOUCHGFX.4.21.0
2023-05-06 17:37:56,034 [WARN] PackLoader:240 - Cannot read IP mode file for STMicroelectronics.X-CUBE-TOUCHGFX.4.21.3
2023-05-06 17:37:56,069 [WARN] PackLoader:240 - Cannot read IP mode file for STMicroelectronics.X-CUBE-MEMS1.9.4.0
2023-05-06 17:37:56,125 [WARN] PackLoader:240 - Cannot read IP mode file for STMicroelectronics.X-CUBE-AI.7.3.0
2023-05-06 17:37:56,154 [WARN] PackLoader:240 - Cannot read IP mode file for STMicroelectronics.X-CUBE-ALGOBUILD.1.3.0
2023-05-06 17:37:56,172 [WARN] PackLoader:240 - Cannot read IP mode file for STMicroelectronics.X-CUBE-AZRTOS-L5.1.1.0
2023-05-06 17:37:56,191 [WARN] PackLoader:240 - Cannot read IP mode file for STMicroelectronics.X-CUBE-AZRTOS-G0.1.1.0
2023-05-06 17:37:56,202 [WARN] PackLoader:240 - Cannot read IP mode file for STMicroelectronics.X-CUBE-SUBG2.5.0.0
2023-05-06 17:37:56,211 [WARN] PackLoader:240 - Cannot read IP mode file for STMicroelectronics.X-CUBE-NFC4.3.0.0
2023-05-06 17:37:56,234 [WARN] PackLoader:240 - Cannot read IP mode file for SEGGER.I-CUBE-embOS.1.2.1
2023-05-06 17:37:56,264 [WARN] PackLoader:240 - Cannot read IP mode file for STMicroelectronics.X-CUBE-AZRTOS-G4.2.0.0
2023-05-06 17:37:56,276 [WARN] PackLoader:240 - Cannot read IP mode file for STMicroelectronics.X-CUBE-TOF1.3.3.0
2023-05-06 17:37:56,287 [WARN] PackLoader:240 - Cannot read IP mode file for STMicroelectronics.FP-ATR-ASTRA1.1.1.1
2023-05-06 17:37:56,297 [WARN] PackLoader:240 - Cannot read IP mode file for STMicroelectronics.X-CUBE-BLEMGR.1.3.0
2023-05-06 17:37:56,340 [WARN] PackLoader:240 - Cannot read IP mode file for STMicroelectronics.X-CUBE-AZRTOS-G4.1.0.0
2023-05-06 17:37:56,349 [WARN] PackLoader:240 - Cannot read IP mode file for STMicroelectronics.FP-ATR-SIGFOX1.3.2.0
2023-05-06 17:37:56,365 [WARN] PackLoader:240 - Cannot read IP mode file for STMicroelectronics.X-CUBE-AZRTOS-L4.1.0.0
2023-05-06 17:37:56,374 [WARN] PackLoader:240 - Cannot read IP mode file for STMicroelectronics.X-CUBE-TOUCHGFX.4.20.0
2023-05-06 17:37:56,385 [WARN] PackLoader:240 - Cannot read IP mode file for STMicroelectronics.X-CUBE-AZRTOS-WL.1.0.0
2023-05-06 17:37:56,396 [WARN] PackLoader:240 - Cannot read IP mode file for portGmbH.I-Cube-SoM-uGOAL.1.1.0
2023-05-06 17:37:56,425 [WARN] PackLoader:240 - Cannot read IP mode file for STMicroelectronics.X-CUBE-ALS.1.0.1
2023-05-06 17:37:56,451 [WARN] PackLoader:240 - Cannot read IP mode file for STMicroelectronics.X-CUBE-MEMS1.9.5.0
2023-05-06 17:37:56,522 [WARN] PackLoader:240 - Cannot read IP mode file for STMicroelectronics.X-CUBE-AZRTOS-WB.1.1.0
2023-05-06 17:37:56,549 [WARN] PackLoader:240 - Cannot read IP mode file for SEGGER.I-CUBE-embOS.1.3.1
2023-05-06 17:37:56,604 [WARN] PackLoader:240 - Cannot read IP mode file for STMicroelectronics.X-CUBE-AZRTOS-L5.1.0.0
2023-05-06 17:37:56,614 [WARN] PackLoader:240 - Cannot read IP mode file for STMicroelectronics.X-CUBE-EEPRMA1.3.1.1
2023-05-06 17:37:56,641 [WARN] PackLoader:240 - Cannot read IP mode file for STMicroelectronics.FP-ATR-ASTRA1.2.0.0
2023-05-06 17:37:56,641 [INFO] ThirdParty:978 - Integrity check success = true
2023-05-06 17:37:56,641 [INFO] IntegrityCheckThread:100 - exiting critical section [integrity check]
2023-05-06 17:37:56,641 [INFO] IntegrityCheckThread:103 - End integrity checks thread
2023-05-06 17:37:56,642 [INFO] ThirdParty:873 - entering critical section [close project]
2023-05-06 17:37:56,642 [INFO] ThirdParty:883 - exiting critical section [close project]
2023-05-06 17:37:56,645 [INFO] PinOutPanel:1499 - setPackage(No Configuration,No Configuration)
2023-05-06 17:37:56,648 [INFO] UtilMem:75 - Begin LoadConfig() Used Memory: 219883688 Bytes (577765376)
2023-05-06 17:37:56,649 [INFO] MicroXplorer:468 - Change Database Path : 
2023-05-06 17:37:56,649 [INFO] MicroXplorer:498 - Change Database Version : DB.6.0.81
2023-05-06 17:37:56,649 [INFO] OpenFileManager:308 - Change cursor
2023-05-06 17:37:56,664 [INFO] ThirdPartyDownloadManager:73 - Found SW packSEGGER.I-CUBE-embOS.1.3.1up-to-date on disk
2023-05-06 17:37:56,696 [INFO] Mcu:1937 - Initializing MCU STM32F411R(C-E)Tx STM32F411RETx STM32F411RET6
2023-05-06 17:37:57,440 [INFO] Context:659 - Trying to add GPIOservice into a context  which must be forbidden
2023-05-06 17:37:57,770 [INFO] ApiDbMcu:507 - Load IP Config File for SEGGER.I-CUBE-embOS.1.3.1
2023-05-06 17:37:58,013 [INFO] RtosManager:555 - Registered RTOS mode: class=CMSIS, group=RTOS, mode=CMSIS_V1, owner=FREERTOS
2023-05-06 17:37:58,013 [INFO] RtosManager:555 - Registered RTOS mode: class=CMSIS, group=RTOS2, mode=CMSIS_V2, owner=FREERTOS
2023-05-06 17:37:58,013 [INFO] RtosManager:555 - Registered RTOS mode: class=RTOS, group=Core, mode=CMSIS_V1, owner=FREERTOS
2023-05-06 17:37:58,013 [INFO] RtosManager:555 - Registered RTOS mode: class=RTOS, group=Core, mode=CMSIS_V2, owner=FREERTOS
2023-05-06 17:37:58,015 [WARN] ModelIntegratedComponent:184 - Missing modes for component STMicroelectronics:FreeRTOS:0.0.1:STMicroelectronics:RTOS:FreeRTOS:Core:::10.2.0:
2023-05-06 17:37:58,019 [WARN] ModelIntegratedComponent:182 - Modes not found for component STMicroelectronics:USB_HOST:1.0.0:STMicroelectronics:USB::USB Host:Audio HS::1.0:USB_HOST_1_0_RESTRICTED_HS
2023-05-06 17:37:58,019 [WARN] ModelIntegratedComponent:188 - Modes not found for component STMicroelectronics:USB_HOST:1.0.0:STMicroelectronics:USB::USB Host:Audio HS::1.0:USB_HOST_1_0_RESTRICTED_HS
2023-05-06 17:37:58,019 [WARN] ModelIntegratedComponent:182 - Modes not found for component STMicroelectronics:USB_HOST:1.0.0:STMicroelectronics:USB::USB Host:CDC HS::1.0:USB_HOST_1_0_RESTRICTED_HS
2023-05-06 17:37:58,019 [WARN] ModelIntegratedComponent:188 - Modes not found for component STMicroelectronics:USB_HOST:1.0.0:STMicroelectronics:USB::USB Host:CDC HS::1.0:USB_HOST_1_0_RESTRICTED_HS
2023-05-06 17:37:58,019 [WARN] ModelIntegratedComponent:182 - Modes not found for component STMicroelectronics:USB_HOST:1.0.0:STMicroelectronics:USB::USB Host:MSC HS::1.0:USB_HOST_1_0_RESTRICTED_HS
2023-05-06 17:37:58,019 [WARN] ModelIntegratedComponent:188 - Modes not found for component STMicroelectronics:USB_HOST:1.0.0:STMicroelectronics:USB::USB Host:MSC HS::1.0:USB_HOST_1_0_RESTRICTED_HS
2023-05-06 17:37:58,019 [WARN] ModelIntegratedComponent:182 - Modes not found for component STMicroelectronics:USB_HOST:1.0.0:STMicroelectronics:USB::USB Host:HID HS::1.0:USB_HOST_1_0_RESTRICTED_HS
2023-05-06 17:37:58,019 [WARN] ModelIntegratedComponent:188 - Modes not found for component STMicroelectronics:USB_HOST:1.0.0:STMicroelectronics:USB::USB Host:HID HS::1.0:USB_HOST_1_0_RESTRICTED_HS
2023-05-06 17:37:58,019 [WARN] ModelIntegratedComponent:182 - Modes not found for component STMicroelectronics:USB_HOST:1.0.0:STMicroelectronics:USB::USB Host:MTP HS::1.0:USB_HOST_1_0_RESTRICTED_HS
2023-05-06 17:37:58,019 [WARN] ModelIntegratedComponent:188 - Modes not found for component STMicroelectronics:USB_HOST:1.0.0:STMicroelectronics:USB::USB Host:MTP HS::1.0:USB_HOST_1_0_RESTRICTED_HS
2023-05-06 17:37:58,023 [WARN] ModelIntegratedComponent:63 - No mode defined for component null
2023-05-06 17:37:58,023 [WARN] ModelIntegratedComponent:63 - No mode defined for component null
2023-05-06 17:37:58,023 [WARN] ModelIntegratedComponent:63 - No mode defined for component null
2023-05-06 17:37:58,023 [WARN] ModelIntegratedComponent:63 - No mode defined for component null
2023-05-06 17:37:58,023 [WARN] ModelIntegratedComponent:63 - No mode defined for component null
2023-05-06 17:37:58,023 [WARN] ModelIntegratedComponent:63 - No mode defined for component null
2023-05-06 17:37:58,023 [WARN] ModelIntegratedComponent:63 - No mode defined for component null
2023-05-06 17:37:58,023 [WARN] ModelIntegratedComponent:63 - No mode defined for component null
2023-05-06 17:37:58,024 [WARN] ModelIntegratedComponent:63 - No mode defined for component null
2023-05-06 17:37:58,024 [WARN] ModelIntegratedComponent:63 - No mode defined for component null
2023-05-06 17:37:58,024 [WARN] ModelIntegratedComponent:63 - No mode defined for component null
2023-05-06 17:37:58,024 [WARN] ModelIntegratedComponent:63 - No mode defined for component null
2023-05-06 17:37:58,024 [WARN] ModelIntegratedComponent:63 - No mode defined for component null
2023-05-06 17:37:58,024 [WARN] ModelIntegratedComponent:63 - No mode defined for component null
2023-05-06 17:37:58,024 [WARN] ModelIntegratedComponent:63 - No mode defined for component null
2023-05-06 17:37:58,024 [WARN] ModelIntegratedComponent:63 - No mode defined for component null
2023-05-06 17:37:58,024 [WARN] ModelIntegratedComponent:63 - No mode defined for component null
2023-05-06 17:37:58,024 [WARN] ModelIntegratedComponent:63 - No mode defined for component null
2023-05-06 17:37:58,024 [WARN] ModelIntegratedComponent:63 - No mode defined for component null
2023-05-06 17:37:58,024 [WARN] ModelIntegratedComponent:63 - No mode defined for component null
2023-05-06 17:37:58,024 [WARN] ModelIntegratedComponent:63 - No mode defined for component null
2023-05-06 17:37:58,024 [WARN] ModelIntegratedComponent:63 - No mode defined for component null
2023-05-06 17:37:58,024 [WARN] ModelIntegratedComponent:63 - No mode defined for component null
2023-05-06 17:37:58,024 [WARN] ModelIntegratedComponent:63 - No mode defined for component null
2023-05-06 17:37:58,024 [WARN] ModelIntegratedComponent:63 - No mode defined for component null
2023-05-06 17:37:58,024 [WARN] ModelIntegratedComponent:63 - No mode defined for component null
2023-05-06 17:37:58,024 [WARN] ModelIntegratedComponent:63 - No mode defined for component null
2023-05-06 17:37:58,024 [WARN] ModelIntegratedComponent:63 - No mode defined for component null
2023-05-06 17:37:58,024 [WARN] ModelIntegratedComponent:63 - No mode defined for component null
2023-05-06 17:37:58,024 [WARN] ModelIntegratedComponent:63 - No mode defined for component null
2023-05-06 17:37:58,024 [WARN] ModelIntegratedComponent:63 - No mode defined for component null
2023-05-06 17:37:58,025 [WARN] ModelIntegratedComponent:63 - No mode defined for component null
2023-05-06 17:37:58,025 [WARN] ModelIntegratedComponent:63 - No mode defined for component null
2023-05-06 17:37:58,094 [WARN] ModelIntegratedComponent:182 - Modes not found for component STMicroelectronics:USB_DEVICE:1.0.0:STMicroelectronics:USB::USB Device:Audio HS::1.0:USB_DEVICE_1_0_RESTRICTED_HS
2023-05-06 17:37:58,094 [WARN] ModelIntegratedComponent:188 - Modes not found for component STMicroelectronics:USB_DEVICE:1.0.0:STMicroelectronics:USB::USB Device:Audio HS::1.0:USB_DEVICE_1_0_RESTRICTED_HS
2023-05-06 17:37:58,094 [WARN] ModelIntegratedComponent:182 - Modes not found for component STMicroelectronics:USB_DEVICE:1.0.0:STMicroelectronics:USB::USB Device:CDC HS::1.0:USB_DEVICE_1_0_RESTRICTED_HS
2023-05-06 17:37:58,094 [WARN] ModelIntegratedComponent:188 - Modes not found for component STMicroelectronics:USB_DEVICE:1.0.0:STMicroelectronics:USB::USB Device:CDC HS::1.0:USB_DEVICE_1_0_RESTRICTED_HS
2023-05-06 17:37:58,094 [WARN] ModelIntegratedComponent:182 - Modes not found for component STMicroelectronics:USB_DEVICE:1.0.0:STMicroelectronics:USB::USB Device:DFU HS::1.0:USB_DEVICE_1_0_RESTRICTED_HS
2023-05-06 17:37:58,094 [WARN] ModelIntegratedComponent:188 - Modes not found for component STMicroelectronics:USB_DEVICE:1.0.0:STMicroelectronics:USB::USB Device:DFU HS::1.0:USB_DEVICE_1_0_RESTRICTED_HS
2023-05-06 17:37:58,094 [WARN] ModelIntegratedComponent:182 - Modes not found for component STMicroelectronics:USB_DEVICE:1.0.0:STMicroelectronics:USB::USB Device:HID HS::1.0:USB_DEVICE_1_0_RESTRICTED_HS
2023-05-06 17:37:58,094 [WARN] ModelIntegratedComponent:188 - Modes not found for component STMicroelectronics:USB_DEVICE:1.0.0:STMicroelectronics:USB::USB Device:HID HS::1.0:USB_DEVICE_1_0_RESTRICTED_HS
2023-05-06 17:37:58,094 [WARN] ModelIntegratedComponent:182 - Modes not found for component STMicroelectronics:USB_DEVICE:1.0.0:STMicroelectronics:USB::USB Device:Custom HID HS::1.0:USB_DEVICE_1_0_RESTRICTED_HS
2023-05-06 17:37:58,094 [WARN] ModelIntegratedComponent:188 - Modes not found for component STMicroelectronics:USB_DEVICE:1.0.0:STMicroelectronics:USB::USB Device:Custom HID HS::1.0:USB_DEVICE_1_0_RESTRICTED_HS
2023-05-06 17:37:58,094 [WARN] ModelIntegratedComponent:182 - Modes not found for component STMicroelectronics:USB_DEVICE:1.0.0:STMicroelectronics:USB::USB Device:MSC HS::1.0:USB_DEVICE_1_0_RESTRICTED_HS
2023-05-06 17:37:58,094 [WARN] ModelIntegratedComponent:188 - Modes not found for component STMicroelectronics:USB_DEVICE:1.0.0:STMicroelectronics:USB::USB Device:MSC HS::1.0:USB_DEVICE_1_0_RESTRICTED_HS
2023-05-06 17:37:58,106 [INFO] RtosManager:555 - Registered RTOS mode: class=RTOS, group=embOS kernel configuration, mode=RTOSJjembOS, owner=SEGGER.I-CUBE-embOS.1.3.1
2023-05-06 17:37:58,107 [INFO] RtosManager:555 - Registered RTOS mode: class=RTOS, group=embOS API configuration, mode=RTOSJjembOS, owner=SEGGER.I-CUBE-embOS.1.3.1
2023-05-06 17:37:58,107 [INFO] RtosManager:555 - Registered RTOS mode: class=RTOS, group=embOS sample applications, mode=RTOSJjembOS, owner=SEGGER.I-CUBE-embOS.1.3.1
2023-05-06 17:37:58,437 [INFO] ApiDbMcu:507 - Load IP Config File for FREERTOS
2023-05-06 17:37:58,456 [INFO] ThirdPartyModel:298 - Start build external matchings
2023-05-06 17:37:59,013 [INFO] ThirdPartyModel:316 - End build external matchings
2023-05-06 17:37:59,033 [INFO] RtosManager:919 - Current active RTOS is FREERTOS [Cortex-M4NS]
2023-05-06 17:37:59,046 [INFO] ImportTextPane:194 - (OptionalMessage_ERROR) IP (DMA) : Parameter (Instance) has Id (ADC1) currently not set
2023-05-06 17:37:59,046 [INFO] ImportTextPane:194 - (OptionalMessage_ERROR) IP (DMA) : Parameter (Channel) has Id (ADC1) currently not set
2023-05-06 17:37:59,046 [INFO] ImportTextPane:194 - (OptionalMessage_ERROR) IP (DMA) : Parameter (Direction) has Id (ADC1) currently not set
2023-05-06 17:37:59,047 [INFO] ImportTextPane:194 - (OptionalMessage_ERROR) IP (DMA) : Parameter (PeriphInc) has Id (ADC1) currently not set
2023-05-06 17:37:59,047 [INFO] ImportTextPane:194 - (OptionalMessage_ERROR) IP (DMA) : Parameter (MemInc) has Id (ADC1) currently not set
2023-05-06 17:37:59,047 [INFO] ImportTextPane:194 - (OptionalMessage_ERROR) IP (DMA) : Parameter (PeriphDataAlignment) has Id (ADC1) currently not set
2023-05-06 17:37:59,047 [INFO] ImportTextPane:194 - (OptionalMessage_ERROR) IP (DMA) : Parameter (MemDataAlignment) has Id (ADC1) currently not set
2023-05-06 17:37:59,047 [INFO] ImportTextPane:194 - (OptionalMessage_ERROR) IP (DMA) : Parameter (Mode) has Id (ADC1) currently not set
2023-05-06 17:37:59,047 [INFO] ImportTextPane:194 - (OptionalMessage_ERROR) IP (DMA) : Parameter (Priority) has Id (ADC1) currently not set
2023-05-06 17:37:59,047 [INFO] ImportTextPane:194 - (OptionalMessage_ERROR) IP (DMA) : Parameter (FIFOMode) has Id (ADC1) currently not set
2023-05-06 17:37:59,047 [INFO] ImportTextPane:194 - (OptionalMessage_ERROR) IP (DMA) : Parameter (FIFOThreshold) has Id (ADC1) currently not set
2023-05-06 17:37:59,047 [INFO] ImportTextPane:194 - (OptionalMessage_ERROR) IP (DMA) : Parameter (FIFOThreshold) has invalid value (null)
2023-05-06 17:37:59,047 [INFO] ImportTextPane:194 - (OptionalMessage_ERROR) IP (DMA) : Parameter (MemBurst) has Id (ADC1) currently not set
2023-05-06 17:37:59,047 [INFO] ImportTextPane:194 - (OptionalMessage_ERROR) IP (DMA) : Parameter (MemBurst) has invalid value (null)
2023-05-06 17:37:59,047 [INFO] ImportTextPane:194 - (OptionalMessage_ERROR) IP (DMA) : Parameter (PeriphBurst) has Id (ADC1) currently not set
2023-05-06 17:37:59,047 [INFO] ImportTextPane:194 - (OptionalMessage_ERROR) IP (DMA) : Parameter (PeriphBurst) has invalid value (null)
2023-05-06 17:37:59,047 [INFO] ImportTextPane:194 - (OptionalMessage_ERROR) IP (DMA) : Parameter (Instance) has Id (I2C3_RX) currently not set
2023-05-06 17:37:59,048 [INFO] ImportTextPane:194 - (OptionalMessage_ERROR) IP (DMA) : Parameter (Channel) has Id (I2C3_RX) currently not set
2023-05-06 17:37:59,048 [INFO] ImportTextPane:194 - (OptionalMessage_ERROR) IP (DMA) : Parameter (Direction) has Id (I2C3_RX) currently not set
2023-05-06 17:37:59,048 [INFO] ImportTextPane:194 - (OptionalMessage_ERROR) IP (DMA) : Parameter (PeriphInc) has Id (I2C3_RX) currently not set
2023-05-06 17:37:59,048 [INFO] ImportTextPane:194 - (OptionalMessage_ERROR) IP (DMA) : Parameter (MemInc) has Id (I2C3_RX) currently not set
2023-05-06 17:37:59,048 [INFO] ImportTextPane:194 - (OptionalMessage_ERROR) IP (DMA) : Parameter (PeriphDataAlignment) has Id (I2C3_RX) currently not set
2023-05-06 17:37:59,048 [INFO] ImportTextPane:194 - (OptionalMessage_ERROR) IP (DMA) : Parameter (MemDataAlignment) has Id (I2C3_RX) currently not set
2023-05-06 17:37:59,048 [INFO] ImportTextPane:194 - (OptionalMessage_ERROR) IP (DMA) : Parameter (Mode) has Id (I2C3_RX) currently not set
2023-05-06 17:37:59,048 [INFO] ImportTextPane:194 - (OptionalMessage_ERROR) IP (DMA) : Parameter (Priority) has Id (I2C3_RX) currently not set
2023-05-06 17:37:59,048 [INFO] ImportTextPane:194 - (OptionalMessage_ERROR) IP (DMA) : Parameter (FIFOMode) has Id (I2C3_RX) currently not set
2023-05-06 17:37:59,048 [INFO] ImportTextPane:194 - (OptionalMessage_ERROR) IP (DMA) : Parameter (Instance) has Id (I2C3_TX) currently not set
2023-05-06 17:37:59,048 [INFO] ImportTextPane:194 - (OptionalMessage_ERROR) IP (DMA) : Parameter (Channel) has Id (I2C3_TX) currently not set
2023-05-06 17:37:59,048 [INFO] ImportTextPane:194 - (OptionalMessage_ERROR) IP (DMA) : Parameter (Direction) has Id (I2C3_TX) currently not set
2023-05-06 17:37:59,048 [INFO] ImportTextPane:194 - (OptionalMessage_ERROR) IP (DMA) : Parameter (PeriphInc) has Id (I2C3_TX) currently not set
2023-05-06 17:37:59,048 [INFO] ImportTextPane:194 - (OptionalMessage_ERROR) IP (DMA) : Parameter (MemInc) has Id (I2C3_TX) currently not set
2023-05-06 17:37:59,048 [INFO] ImportTextPane:194 - (OptionalMessage_ERROR) IP (DMA) : Parameter (PeriphDataAlignment) has Id (I2C3_TX) currently not set
2023-05-06 17:37:59,048 [INFO] ImportTextPane:194 - (OptionalMessage_ERROR) IP (DMA) : Parameter (MemDataAlignment) has Id (I2C3_TX) currently not set
2023-05-06 17:37:59,048 [INFO] ImportTextPane:194 - (OptionalMessage_ERROR) IP (DMA) : Parameter (Mode) has Id (I2C3_TX) currently not set
2023-05-06 17:37:59,048 [INFO] ImportTextPane:194 - (OptionalMessage_ERROR) IP (DMA) : Parameter (Priority) has Id (I2C3_TX) currently not set
2023-05-06 17:37:59,048 [INFO] ImportTextPane:194 - (OptionalMessage_ERROR) IP (DMA) : Parameter (FIFOMode) has Id (I2C3_TX) currently not set
2023-05-06 17:37:59,053 [WARN] IP:2113 - I2C_Coeff_DF not found: check if there is a RefParameter without a condition.
2023-05-06 17:37:59,053 [WARN] IP:2113 - Analog_Filter not found: check if there is a RefParameter without a condition.
2023-05-06 17:37:59,053 [INFO] ImportTextPane:194 - (OptionalMessage_ERROR) IP (RCC) : Parameter (48MHZClocksFreq_Value) has invalid value (50000000)
2023-05-06 17:37:59,056 [INFO] ImportTextPane:194 - (OptionalMessage_ERROR) IP (RCC) : Parameter (RTCHSEDivFreq_Value) has invalid value (4000000)
2023-05-06 17:37:59,214 [INFO] UtilMem:75 - End LoadConfig() Used Memory: 290277400 Bytes (577765376)
2023-05-06 17:37:59,283 [INFO] ApiDb:581 - Connected to CubeFinder SQLite database (C:\Users\Daniel\.stmcufinder\plugins\mcufinder\mcu\cube-finder-db.db)
2023-05-06 17:37:59,334 [INFO] ApiDb:668 - CubeFinder database Data Model version=2.1
2023-05-06 17:37:59,334 [INFO] ApiDb:669 - CubeFinder database Configuration version=3.0.35
2023-05-06 17:37:59,334 [INFO] ApiDb:670 - CubeFinder database generation date=2023-04-03 (1680511692)
2023-05-06 17:37:59,334 [INFO] ApiDb:671 - CubeFinder database FW Pack versions=[FP-ATR-ASTRA1_V2.0.0, STM32Cube_FW_C0_V1.0.1, STM32Cube_FW_F0_V1.11.4, STM32Cube_FW_F3_V1.11.4, STM32Cube_FW_F4_V1.27.1, STM32Cube_FW_F7_V1.17.0, STM32Cube_FW_G0_V1.6.1, STM32Cube_FW_G4_V1.5.1, STM32Cube_FW_H5_V0.5.1, STM32Cube_FW_H5_V1.0.0, STM32Cube_FW_H7_V1.11.0, STM32Cube_FW_L0_V1.12.2, STM32Cube_FW_L5_V1.5.0, STM32Cube_FW_U5_V1.2.0, STM32Cube_FW_WBA_V1.0.0, STM32Cube_FW_WBA_V1.0.0RC1, STM32Cube_FW_WBA_V1.0.0RC3, STM32Cube_FW_WB_V1.15.0RC1, STM32Cube_FW_WB_V1.16.0, STM32Cube_FW_WB_V1.16.0RC2, STM32Cube_FW_WL_V1.3.0, X-CUBE-ALGOBUILD_V1.3.0, X-CUBE-ALS_V1.0.1, X-CUBE-AZRTOS-F4_V1.1.0, X-CUBE-AZRTOS-F7_V1.1.0, X-CUBE-AZRTOS-G0_V1.1.0, X-CUBE-AZRTOS-G4_V1.0.0, X-CUBE-AZRTOS-H7_V3.0.0, X-CUBE-AZRTOS-L4_V1.0.0, X-CUBE-AZRTOS-L5_V1.1.0, X-CUBE-AZRTOS-WB_V1.1.0, X-CUBE-AZRTOS-WL_V1.0.0, X-CUBE-BLE1_V6.2.4, X-CUBE-BLE2_V3.3.0, X-CUBE-BLEMGR_V1.3.0, X-CUBE-EEPRMA1_V4.1.0, X-CUBE-FREERTOS_V1.0.1, X-CUBE-GNSS1_V6.0.0, X-CUBE-MEMS1_V9.1.0, X-CUBE-MEMS1_V9.4.0, X-CUBE-MEMS1_V9.5.0, X-CUBE-NFC4_V3.0.0, X-CUBE-NFC7_V1.0.0, X-CUBE-SFXS2LP1_V4.0.0, X-CUBE-SUBG2_V5.0.0]
2023-05-06 17:38:01,028 [INFO] ApiDb:240 - Found 297 in-development CPN: [B-G473E-ZEST1S, B-WB1M-WPAN1, B-WL5M-SUBG1, NUCLEO-C031C6, NUCLEO-H503RB, NUCLEO-H563ZI, NUCLEO-U545RE-Q, NUCLEO-U5A5ZJ-Q, NUCLEO-WBA52CG, STEVAL-PROTEUS1, STEVAL-STWINBX1, STM320518-EVAL, STM32C0116-DK, STM32C011D6Y3TR, STM32C011D6Y6TR, STM32C011F4P3, STM32C011F4P6, STM32C011F4U3, STM32C011F4U6TR, STM32C011F6P3, STM32C011F6P6, STM32C011F6U3, STM32C011F6U6TR, STM32C011J4M3, STM32C011J4M6, STM32C011J6M3, STM32C011J6M6, STM32C0316-DK, STM32C031C4T3, STM32C031C4T6, STM32C031C4U3, STM32C031C4U6, STM32C031C6T3, STM32C031C6T6, STM32C031C6U3, STM32C031C6U6, STM32C031F4P3, STM32C031F4P6, STM32C031F6P3, STM32C031F6P6, STM32C031G4U3, STM32C031G4U6, STM32C031G6U3, STM32C031G6U6, STM32C031K4T3, STM32C031K4T6, STM32C031K4U3, STM32C031K4U6, STM32C031K6T3, STM32C031K6T6, STM32C031K6U3, STM32C031K6U6, STM32G071K8TXN, STM32G071K8UXN, STM32G081GBU6N, STM32G081KBT6N, STM32G081KBUXN, STM32G0B1CCT6N, STM32G0B1KCT6, STM32G0B1NEY6TR, STM32G0B1RCT6N, STM32G0C1CCT6, STM32G0C1CCT6N, STM32G0C1CCU6N, STM32G0C1CET6N, STM32G0C1CEU6N, STM32G0C1KCT6, STM32G0C1NEY6TR, STM32G0C1RCI6N, STM32G0C1RCT6N, STM32G0C1REI6N, STM32G0C1RET6N, STM32G0C1VCI6, STM32G0C1VEI6, STM32G471CCT6, STM32G471CCU6, STM32G471CET3, STM32G471CET6, STM32G471CEU3, STM32G471CEU6, STM32G471MCT6, STM32G471MET3, STM32G471MET6, STM32G471MEY6TR, STM32G471QCT6, STM32G471QET3, STM32G471RCT6, STM32G471RET3, STM32G471RET6, STM32G471VCH6, STM32G471VCI6, STM32G471VCT6, STM32G471VEH3, STM32G471VEH6, STM32G471VEI3, STM32G471VEI6, STM32G471VET3, STM32G471VET6, STM32G474CCT6, STM32H503CBT6, STM32H503CBU6, STM32H503EBY6TR, STM32H503KBU6, STM32H503RBT6, STM32H562AGI6, STM32H562AII6, STM32H562IGK6, STM32H562IGT6, STM32H562IIK6, STM32H562IIT6, STM32H562RGT6, STM32H562RGV6, STM32H562RIT6, STM32H562RIV6, STM32H562VGT6, STM32H562VIT6, STM32H562ZGT6, STM32H562ZIT6, STM32H563AGI6, STM32H563AII3Q, STM32H563AII6, STM32H563IGK6, STM32H563IGT6, STM32H563IIK3Q, STM32H563IIK6, STM32H563IIT3Q, STM32H563IIT6, STM32H563MIY3QTR, STM32H563RGT6, STM32H563RGV6, STM32H563RIT6, STM32H563RIV6, STM32H563VGT6, STM32H563VIT3Q, STM32H563VIT6, STM32H563ZGT6, STM32H563ZIT3Q, STM32H563ZIT6, STM32H573AII3Q, STM32H573AII6, STM32H573I-DK, STM32H573IIK3Q, STM32H573IIK6, STM32H573IIT3Q, STM32H573IIT6, STM32H573MIY3QTR, STM32H573RIT6, STM32H573RIV6, STM32H573VIT3Q, STM32H573VIT6, STM32H573ZIT3Q, STM32H573ZIT6, STM32L4R5QGI6STR, STM32MP131AAE3, STM32MP131AAF3, STM32MP131AAG3, STM32MP131CAE3, STM32MP131CAF3, STM32MP131CAG3, STM32MP131DAE7, STM32MP131DAF7, STM32MP131DAG7, STM32MP131FAE7, STM32MP131FAF7, STM32MP131FAG7, STM32MP133AAE3, STM32MP133AAF3, STM32MP133AAG3, STM32MP133CAE3, STM32MP133CAF3, STM32MP133CAG3, STM32MP133DAE7, STM32MP133DAF7, STM32MP133DAG7, STM32MP133FAE7, STM32MP133FAF7, STM32MP133FAG7, STM32MP135AAE3, STM32MP135AAF3, STM32MP135AAG3, STM32MP135CAE3, STM32MP135CAF3, STM32MP135CAG3, STM32MP135DAE7, STM32MP135DAF7, STM32MP135DAG7, STM32MP135F-DK, STM32MP135FAE7, STM32MP135FAF7, STM32MP135FAF7T, STM32MP135FAF7U, STM32MP135FAG7, STM32U535CBT6, STM32U535CBT6Q, STM32U535CBU6, STM32U535CBU6Q, STM32U535CCT6, STM32U535CCT6Q, STM32U535CCU6, STM32U535CCU6Q, STM32U535CET6, STM32U535CET6Q, STM32U535CEU6, STM32U535CEU6Q, STM32U535JEY6QTR, STM32U535NCY6QTR, STM32U535NEY6QTR, STM32U535RBI6, STM32U535RBI6Q, STM32U535RBT6, STM32U535RBT6Q, STM32U535RCI6, STM32U535RCI6Q, STM32U535RCT6, STM32U535RCT6Q, STM32U535REI6, STM32U535REI6Q, STM32U535RET6, STM32U535RET6Q, STM32U535VCI6, STM32U535VCI6Q, STM32U535VCT6, STM32U535VCT6Q, STM32U535VEI6, STM32U535VEI6Q, STM32U535VET6, STM32U535VET6Q, STM32U545CET6, STM32U545CET6Q, STM32U545CEU6, STM32U545CEU6Q, STM32U545JEY6QTR, STM32U545NEY6QTR, STM32U545REI6, STM32U545REI6Q, STM32U545RET6, STM32U545RET6Q, STM32U545VEI6, STM32U545VEI6Q, STM32U545VET6, STM32U545VET6Q, STM32U595AIH6, STM32U595AIH6Q, STM32U595AJH6, STM32U595AJH6Q, STM32U595QII6, STM32U595QII6Q, STM32U595QJI6, STM32U595QJI6Q, STM32U595RIT6, STM32U595RIT6Q, STM32U595RJT6, STM32U595RJT6Q, STM32U595VIT6, STM32U595VIT6Q, STM32U595VJT6, STM32U595VJT6Q, STM32U595ZIT6, STM32U595ZIT6Q, STM32U595ZIY6QTR, STM32U595ZJT6, STM32U595ZJT6Q, STM32U595ZJY6QTR, STM32U599BJY6QTR, STM32U599NIH6Q, STM32U599NJH6Q, STM32U599VIT6Q, STM32U599VJT6, STM32U599VJT6Q, STM32U599ZIT6Q, STM32U599ZIY6QTR, STM32U599ZJT6Q, STM32U599ZJY6QTR, STM32U5A5AJH6, STM32U5A5AJH6Q, STM32U5A5QJI6, STM32U5A5QJI6Q, STM32U5A5RJT6, STM32U5A5RJT6Q, STM32U5A5VJT6, STM32U5A5VJT6Q, STM32U5A5ZJT6, STM32U5A5ZJT6Q, STM32U5A5ZJY6QTR, STM32U5A9BJY6QTR, STM32U5A9J-DK, STM32U5A9NJH6Q, STM32U5A9VJT6Q, STM32U5A9ZJT6Q, STM32U5A9ZJY6QTR, STM32WB1MMCH6, STM32WBA52CEU6, STM32WBA52CEU6T, STM32WBA52CGU6, STM32WBA52CGU6T, STM32WL5MOCH6, STM32WL5MOCH6TR]
2023-05-06 17:38:01,030 [INFO] DbMcus:216 - Found 3775 MCUs, 3775 are supported
2023-05-06 17:38:01,031 [INFO] ApiDb:423 - Load user favorites file C:\Users\Daniel/.stm32cubeide/favorites.mcus.txt: 0 item(s)
2023-05-06 17:38:01,031 [INFO] ApiDb:427 - User favorites MCUs=[]
2023-05-06 17:38:01,031 [INFO] DbMcus:222 - Set 0 / 0 favorites MCUs
2023-05-06 17:38:01,289 [WARN] ThirdParty:833 - waiting for thirdparty lock release [change project]
2023-05-06 17:38:01,289 [INFO] ThirdParty:835 - entering critical section [change project]
2023-05-06 17:38:01,289 [INFO] ThirdParty:1030 - CMSIS Pack Vendor :STMicroelectronics X-CUBE-ISPU 1.1.0
2023-05-06 17:38:01,289 [INFO] ThirdParty:1030 - CMSIS Pack Vendor :RoweBots I-CUBE-UNISONRTOS 5.5.0-4
2023-05-06 17:38:01,289 [INFO] ThirdParty:1030 - CMSIS Pack Vendor :STMicroelectronics X-CUBE-GNSS1 6.0.0
2023-05-06 17:38:01,289 [INFO] ThirdParty:1030 - CMSIS Pack Vendor :STMicroelectronics X-CUBE-AZRTOS-H7 2.1.0
2023-05-06 17:38:01,289 [INFO] ThirdParty:1030 - CMSIS Pack Vendor :STMicroelectronics USB_HOST 2.0.0
2023-05-06 17:38:01,289 [INFO] ThirdParty:1030 - CMSIS Pack Vendor :STMicroelectronics X-CUBE-AZRTOS-F4 1.1.0
2023-05-06 17:38:01,289 [INFO] ThirdParty:1030 - CMSIS Pack Vendor :STMicroelectronics LIBJPEG 8.0.0
2023-05-06 17:38:01,289 [INFO] ThirdParty:1030 - CMSIS Pack Vendor :STMicroelectronics X-CUBE-SMBUS 2.1.0
2023-05-06 17:38:01,289 [INFO] ThirdParty:1030 - CMSIS Pack Vendor :STMicroelectronics USB_DEVICE 3.0.0
2023-05-06 17:38:01,289 [INFO] ThirdParty:1030 - CMSIS Pack Vendor :STMicroelectronics X-CUBE-AI 8.0.0
2023-05-06 17:38:01,289 [INFO] ThirdParty:1030 - CMSIS Pack Vendor :STMicroelectronics X-CUBE-FREERTOS 1.0.0
2023-05-06 17:38:01,290 [INFO] ThirdParty:1030 - CMSIS Pack Vendor :STMicroelectronics X-CUBE-FREERTOS 1.0.1
2023-05-06 17:38:01,290 [INFO] ThirdParty:1030 - CMSIS Pack Vendor :STMicroelectronics X-CUBE-TOUCHGFX 4.21.1
2023-05-06 17:38:01,290 [INFO] ThirdParty:1030 - CMSIS Pack Vendor :STMicroelectronics X-CUBE-TOUCHGFX 4.21.0
2023-05-06 17:38:01,290 [INFO] ThirdParty:1030 - CMSIS Pack Vendor :STMicroelectronics X-CUBE-TOUCHGFX 4.21.3
2023-05-06 17:38:01,290 [INFO] ThirdParty:1030 - CMSIS Pack Vendor :STMicroelectronics X-CUBE-BLEMGR 1.2.0
2023-05-06 17:38:01,290 [INFO] ThirdParty:1030 - CMSIS Pack Vendor :STMicroelectronics X-CUBE-AZRTOS-F7 1.1.0
2023-05-06 17:38:01,290 [INFO] ThirdParty:1030 - CMSIS Pack Vendor :STMicroelectronics X-CUBE-MEMS1 9.4.0
2023-05-06 17:38:01,290 [INFO] ThirdParty:1030 - CMSIS Pack Vendor :STMicroelectronics USB_DEVICE 2.0.0
2023-05-06 17:38:01,290 [INFO] ThirdParty:1030 - CMSIS Pack Vendor :STMicroelectronics X-CUBE-MEMS1 9.6.0
2023-05-06 17:38:01,290 [INFO] ThirdParty:1030 - CMSIS Pack Vendor :STMicroelectronics X-CUBE-AI 7.3.0
2023-05-06 17:38:01,290 [INFO] ThirdParty:1030 - CMSIS Pack Vendor :STMicroelectronics X-CUBE-BLE1 6.2.3
2023-05-06 17:38:01,290 [INFO] ThirdParty:1030 - CMSIS Pack Vendor :STMicroelectronics X-CUBE-ALGOBUILD 1.3.0
2023-05-06 17:38:01,290 [INFO] ThirdParty:1030 - CMSIS Pack Vendor :STMicroelectronics X-CUBE-BLE1 6.2.4
2023-05-06 17:38:01,290 [INFO] ThirdParty:1030 - CMSIS Pack Vendor :STMicroelectronics X-CUBE-AZRTOS-L5 1.1.0
2023-05-06 17:38:01,290 [INFO] ThirdParty:1030 - CMSIS Pack Vendor :STMicroelectronics FreeRTOS 0.0.1
2023-05-06 17:38:01,290 [INFO] ThirdParty:1030 - CMSIS Pack Vendor :emotas I-CUBE-CANOPEN 1.1.3
2023-05-06 17:38:01,290 [INFO] ThirdParty:1030 - CMSIS Pack Vendor :STMicroelectronics X-CUBE-AZRTOS-G0 1.1.0
2023-05-06 17:38:01,290 [INFO] ThirdParty:1030 - CMSIS Pack Vendor :STMicroelectronics X-CUBE-BLEMGR 2.0.0
2023-05-06 17:38:01,290 [INFO] ThirdParty:1030 - CMSIS Pack Vendor :STMicroelectronics X-CUBE-SUBG2 5.0.0
2023-05-06 17:38:01,290 [INFO] ThirdParty:1030 - CMSIS Pack Vendor :STMicroelectronics X-CUBE-NFC4 3.0.0
2023-05-06 17:38:01,290 [INFO] ThirdParty:1030 - CMSIS Pack Vendor :STMicroelectronics STM32_WPAN 1.0.0
2023-05-06 17:38:01,290 [INFO] ThirdParty:1030 - CMSIS Pack Vendor :SEGGER I-CUBE-embOS 1.2.1
2023-05-06 17:38:01,290 [INFO] ThirdParty:1030 - CMSIS Pack Vendor :STMicroelectronics lwIP 2.0.3
2023-05-06 17:38:01,290 [INFO] ThirdParty:1030 - CMSIS Pack Vendor :STMicroelectronics X-CUBE-NFC4 2.0.5
2023-05-06 17:38:01,290 [INFO] ThirdParty:1030 - CMSIS Pack Vendor :STMicroelectronics USB_HOST 1.0.0
2023-05-06 17:38:01,290 [INFO] ThirdParty:1030 - CMSIS Pack Vendor :STMicroelectronics X-CUBE-AZRTOS-G4 2.0.0
2023-05-06 17:38:01,290 [INFO] ThirdParty:1030 - CMSIS Pack Vendor :STMicroelectronics PDM2PCM 3.1.0
2023-05-06 17:38:01,290 [INFO] ThirdParty:1030 - CMSIS Pack Vendor :STMicroelectronics X-CUBE-AZRTOS-H7 3.1.0
2023-05-06 17:38:01,290 [INFO] ThirdParty:1030 - CMSIS Pack Vendor :STMicroelectronics X-CUBE-TOF1 3.3.0
2023-05-06 17:38:01,290 [INFO] ThirdParty:1030 - CMSIS Pack Vendor :STMicroelectronics FP-ATR-ASTRA1 1.1.1
2023-05-06 17:38:01,291 [INFO] ThirdParty:1030 - CMSIS Pack Vendor :STMicroelectronics PDM2PCM 3.3.0
2023-05-06 17:38:01,291 [INFO] ThirdParty:1030 - CMSIS Pack Vendor :STMicroelectronics X-CUBE-DISPLAY 3.0.0
2023-05-06 17:38:01,291 [INFO] ThirdParty:1030 - CMSIS Pack Vendor :STMicroelectronics X-CUBE-BLEMGR 1.3.0
2023-05-06 17:38:01,291 [INFO] ThirdParty:1030 - CMSIS Pack Vendor :wolfSSL I-CUBE-wolfSSL 5.5.3
2023-05-06 17:38:01,291 [INFO] ThirdParty:1030 - CMSIS Pack Vendor :STMicroelectronics X-CUBE-AZRTOS-G4 1.0.0
2023-05-06 17:38:01,291 [INFO] ThirdParty:1030 - CMSIS Pack Vendor :STMicroelectronics FP-ATR-SIGFOX1 3.2.0
2023-05-06 17:38:01,291 [INFO] ThirdParty:1030 - CMSIS Pack Vendor :STMicroelectronics X-CUBE-AZRTOS-L4 1.0.0
2023-05-06 17:38:01,291 [INFO] ThirdParty:1030 - CMSIS Pack Vendor :STMicroelectronics HAL Drivers 0.0.0
2023-05-06 17:38:01,291 [INFO] ThirdParty:1030 - CMSIS Pack Vendor :STMicroelectronics MBEDTLS 2.16.2
2023-05-06 17:38:01,291 [INFO] ThirdParty:1030 - CMSIS Pack Vendor :STMicroelectronics X-CUBE-TOUCHGFX 4.20.0
2023-05-06 17:38:01,291 [INFO] ThirdParty:1030 - CMSIS Pack Vendor :STMicroelectronics MBEDTLS 2.14.1
2023-05-06 17:38:01,291 [INFO] ThirdParty:1030 - CMSIS Pack Vendor :STMicroelectronics X-CUBE-NFC7 1.0.0
2023-05-06 17:38:01,291 [INFO] ThirdParty:1030 - CMSIS Pack Vendor :STMicroelectronics X-CUBE-AZRTOS-WL 1.0.0
2023-05-06 17:38:01,291 [INFO] ThirdParty:1030 - CMSIS Pack Vendor :STMicroelectronics X-CUBE-MEMS1 9.3.0
2023-05-06 17:38:01,291 [INFO] ThirdParty:1030 - CMSIS Pack Vendor :STMicroelectronics X-CUBE-EEPRMA1 4.1.0
2023-05-06 17:38:01,291 [INFO] ThirdParty:1030 - CMSIS Pack Vendor :portGmbH I-Cube-SoM-uGOAL 1.1.0
2023-05-06 17:38:01,291 [INFO] ThirdParty:1030 - CMSIS Pack Vendor :STMicroelectronics X-CUBE-ALS 1.0.1
2023-05-06 17:38:01,291 [INFO] ThirdParty:1030 - CMSIS Pack Vendor :STMicroelectronics X-CUBE-MEMS1 9.5.0
2023-05-06 17:38:01,291 [INFO] ThirdParty:1030 - CMSIS Pack Vendor :STMicroelectronics ThreadX 1.0.0
2023-05-06 17:38:01,291 [INFO] ThirdParty:1030 - CMSIS Pack Vendor :STMicroelectronics X-CUBE-AZRTOS-WB 1.1.0
2023-05-06 17:38:01,291 [INFO] ThirdParty:1030 - CMSIS Pack Vendor :SEGGER I-CUBE-embOS 1.3.1
2023-05-06 17:38:01,291 [INFO] ThirdParty:1030 - CMSIS Pack Vendor :STMicroelectronics X-CUBE-AZRTOS-L5 1.0.0
2023-05-06 17:38:01,291 [INFO] ThirdParty:1030 - CMSIS Pack Vendor :STMicroelectronics USB_DEVICE 1.0.0
2023-05-06 17:38:01,291 [INFO] ThirdParty:1030 - CMSIS Pack Vendor :STMicroelectronics X-CUBE-EEPRMA1 3.1.1
2023-05-06 17:38:01,291 [INFO] ThirdParty:1030 - CMSIS Pack Vendor :STMicroelectronics ThreadX 0.0.2
2023-05-06 17:38:01,291 [INFO] ThirdParty:1030 - CMSIS Pack Vendor :WES I-CUBE-Cesium 1.3.0
2023-05-06 17:38:01,291 [INFO] ThirdParty:1030 - CMSIS Pack Vendor :STMicroelectronics FP-ATR-ASTRA1 2.0.0
2023-05-06 17:38:01,291 [INFO] ThirdParty:1030 - CMSIS Pack Vendor :STMicroelectronics lwIP 2.1.2
2023-05-06 17:38:01,291 [INFO] ThirdParty:1030 - CMSIS Pack Vendor :STMicroelectronics X-CUBE-SFXS2LP1 4.0.0
2023-05-06 17:38:01,291 [INFO] ThirdParty:1030 - CMSIS Pack Vendor :STMicroelectronics X-CUBE-BLE2 3.3.0
2023-05-06 17:38:01,292 [INFO] ThirdParty:1030 - CMSIS Pack Vendor :STMicroelectronics X-CUBE-DISPLAY 2.2.0
2023-05-06 17:38:01,292 [INFO] ThirdParty:1030 - CMSIS Pack Vendor :STMicroelectronics X-CUBE-TOF1 3.2.0
2023-05-06 17:38:01,292 [INFO] ThirdParty:1030 - CMSIS Pack Vendor :STMicroelectronics PDM2PCM 3.2.0
2023-05-06 17:38:01,292 [INFO] ThirdParty:1030 - CMSIS Pack Vendor :STMicroelectronics X-CUBE-AZRTOS-H7 3.0.0
2023-05-06 17:38:01,292 [INFO] ThirdParty:841 - exiting critical section [change project]
2023-05-06 17:38:01,426 [INFO] PinOutPanel:1499 - setPackage(No Configuration,No Configuration)
2023-05-06 17:38:01,427 [INFO] PinOutPanel:1499 - setPackage(STM32F411RETx,LQFP64)
2023-05-06 17:38:01,886 [INFO] UtilMem:75 - Before build in PCC Used Memory: 309492888 Bytes (577765376)
2023-05-06 17:38:02,322 [INFO] UtilMem:75 - After build in PCC Used Memory: 468226600 Bytes (577765376)
2023-05-06 17:38:02,365 [INFO] IPUIPlugin:80 - create IPUIPlugin
2023-05-06 17:38:02,365 [INFO] IPUIPlugin:80 - create IPUIPlugin
2023-05-06 17:38:02,365 [INFO] IPUIPlugin:80 - create IPUIPlugin
2023-05-06 17:38:02,365 [INFO] IPUIPlugin:80 - create IPUIPlugin
2023-05-06 17:38:02,365 [INFO] IPUIPlugin:80 - create IPUIPlugin
2023-05-06 17:38:02,365 [INFO] IPUIPlugin:80 - create IPUIPlugin
2023-05-06 17:38:02,365 [INFO] IPUIPlugin:80 - create IPUIPlugin
2023-05-06 17:38:02,366 [INFO] IPUIPlugin:80 - create IPUIPlugin
2023-05-06 17:38:02,366 [INFO] IPUIPlugin:80 - create IPUIPlugin
2023-05-06 17:38:02,366 [INFO] IPUIPlugin:80 - create IPUIPlugin
2023-05-06 17:38:02,366 [INFO] IPUIPlugin:80 - create IPUIPlugin
2023-05-06 17:38:02,366 [INFO] IPUIPlugin:80 - create IPUIPlugin
2023-05-06 17:38:02,366 [INFO] IPUIPlugin:80 - create IPUIPlugin
2023-05-06 17:38:02,366 [INFO] IPUIPlugin:80 - create IPUIPlugin
2023-05-06 17:38:02,366 [INFO] IPUIPlugin:80 - create IPUIPlugin
2023-05-06 17:38:02,366 [INFO] IPUIPlugin:80 - create IPUIPlugin
2023-05-06 17:38:02,366 [INFO] IPUIPlugin:80 - create IPUIPlugin
2023-05-06 17:38:02,366 [INFO] IPUIPlugin:80 - create IPUIPlugin
2023-05-06 17:38:02,367 [INFO] IPUIPlugin:80 - create IPUIPlugin
2023-05-06 17:38:02,367 [INFO] IPUIPlugin:80 - create IPUIPlugin
2023-05-06 17:38:02,367 [INFO] IPUIPlugin:80 - create IPUIPlugin
2023-05-06 17:38:02,367 [INFO] IPUIPlugin:80 - create IPUIPlugin
2023-05-06 17:38:02,367 [INFO] IPUIPlugin:80 - create IPUIPlugin
2023-05-06 17:38:02,367 [INFO] IPUIPlugin:80 - create IPUIPlugin
2023-05-06 17:38:02,368 [INFO] IPUIPlugin:80 - create IPUIPlugin
2023-05-06 17:38:02,368 [INFO] IPUIPlugin:80 - create IPUIPlugin
2023-05-06 17:38:02,368 [INFO] IPUIPlugin:80 - create IPUIPlugin
2023-05-06 17:38:02,368 [INFO] IPUIPlugin:80 - create IPUIPlugin
2023-05-06 17:38:02,368 [INFO] IPUIPlugin:80 - create IPUIPlugin
2023-05-06 17:38:02,368 [INFO] IPUIPlugin:80 - create IPUIPlugin
2023-05-06 17:38:02,368 [INFO] IPUIPlugin:80 - create IPUIPlugin
2023-05-06 17:38:02,369 [INFO] IPUIPlugin:80 - create IPUIPlugin
2023-05-06 17:38:02,369 [INFO] IPUIPlugin:80 - create IPUIPlugin
2023-05-06 17:38:02,369 [INFO] IPUIPlugin:80 - create IPUIPlugin
2023-05-06 17:38:02,369 [INFO] IPUIPlugin:80 - create IPUIPlugin
2023-05-06 17:38:02,369 [INFO] IPUIPlugin:80 - create IPUIPlugin
2023-05-06 17:38:02,369 [INFO] IPUIPlugin:80 - create IPUIPlugin
2023-05-06 17:38:02,370 [INFO] IPUIPlugin:80 - create IPUIPlugin
2023-05-06 17:38:02,370 [INFO] IPUIPlugin:80 - create IPUIPlugin
2023-05-06 17:38:02,370 [INFO] IPUIPlugin:80 - create IPUIPlugin
2023-05-06 17:38:02,370 [INFO] IPUIPlugin:80 - create IPUIPlugin
2023-05-06 17:38:02,370 [INFO] IPUIPlugin:80 - create IPUIPlugin
2023-05-06 17:38:02,371 [INFO] IPUIPlugin:80 - create IPUIPlugin
2023-05-06 17:38:02,371 [INFO] IPUIPlugin:80 - create IPUIPlugin
2023-05-06 17:38:02,384 [INFO] ApiDbMcu:507 - Load IP Config File for PDM2PCM
2023-05-06 17:38:02,392 [WARN] IP:2113 - I2C_Coeff_DF not found: check if there is a RefParameter without a condition.
2023-05-06 17:38:02,393 [WARN] IP:2113 - Analog_Filter not found: check if there is a RefParameter without a condition.
2023-05-06 17:38:02,394 [WARN] IP:2113 - I2C_Coeff_DF not found: check if there is a RefParameter without a condition.
2023-05-06 17:38:02,394 [WARN] IP:2113 - Analog_Filter not found: check if there is a RefParameter without a condition.
2023-05-06 17:38:02,411 [WARN] FreeRTOS:1023 - Null or empty value: should not occur! (nothing added to the table)
2023-05-06 17:38:02,560 [INFO] CADModel:165 - CPN selected for project levelSTM32F411RET6
2023-05-06 17:38:02,560 [INFO] CADModel:114 - Register for checkConnection events
2023-05-06 17:38:02,561 [INFO] RtosManager:697 - Active RTOS found at IOC load: FREERTOS [Cortex-M4NS]
2023-05-06 17:38:02,605 [INFO] OpenFileManager:328 - Restore cursor
2023-05-06 17:38:02,834 [WARN] IP:2113 - I2C_Coeff_DF not found: check if there is a RefParameter without a condition.
2023-05-06 17:38:02,835 [WARN] IP:2113 - Analog_Filter not found: check if there is a RefParameter without a condition.
2023-05-06 17:38:02,835 [WARN] IP:2113 - I2C_Coeff_DF not found: check if there is a RefParameter without a condition.
2023-05-06 17:38:02,835 [WARN] IP:2113 - Analog_Filter not found: check if there is a RefParameter without a condition.
2023-05-06 17:38:02,836 [WARN] IP:2113 - I2C_Coeff_DF not found: check if there is a RefParameter without a condition.
2023-05-06 17:38:02,836 [WARN] IP:2113 - Analog_Filter not found: check if there is a RefParameter without a condition.
2023-05-06 17:38:02,836 [WARN] IP:2113 - I2C_Coeff_DF not found: check if there is a RefParameter without a condition.
2023-05-06 17:38:02,836 [WARN] IP:2113 - Analog_Filter not found: check if there is a RefParameter without a condition.
