2023-05-26 16:07:17,448 [INFO] Activator:176 - 


2023-05-26 16:07:17,451 [INFO] Activator:177 - !SESSION log4j initialized
2023-05-26 16:07:20,155 [INFO] LogOutputStream:77 - [STDOUT_REDIRECT] 
2023-05-26 16:07:39,646 [ERROR] LogOutputStream:75 - [STDERR_REDIRECT] SLF4J: Failed to load class "org.slf4j.impl.StaticLoggerBinder".
2023-05-26 16:07:39,647 [ERROR] LogOutputStream:75 - [STDERR_REDIRECT] SLF4J: Defaulting to no-operation (NOP) logger implementation
2023-05-26 16:07:39,647 [ERROR] LogOutputStream:75 - [STDERR_REDIRECT] SLF4J: See http://www.slf4j.org/codes.html#StaticLoggerBinder for further details.
2023-05-26 16:30:47,683 [INFO] ApplicationProperties:184 - Using Application install path: C:\ST\STM32CubeIDE_1.10.1\STM32CubeIDE\plugins\com.st.stm32cube.common.mx_6.8.1.202304191431
2023-05-26 16:30:47,698 [INFO] DbMcusXml:78 - Set database path to: C:\ST\STM32CubeIDE_1.10.1\STM32CubeIDE\plugins\com.st.stm32cube.common.mx_6.8.1.202304191431\\db\/mcu/
2023-05-26 16:30:47,698 [INFO] ApiDb:274 - Set plugin database path to: C:\ST\STM32CubeIDE_1.10.1\STM32CubeIDE\plugins\com.st.stm32cube.common.mx_6.8.1.202304191431\\db\/plugins/boardmanager/
2023-05-26 16:30:47,699 [WARN] ApiDb:259 - Overriding images path with different value:  => C:\ST\STM32CubeIDE_1.10.1\STM32CubeIDE\plugins\com.st.stm32cube.common.mx_6.8.1.202304191431\\db\/plugins/mcufinder/images/
2023-05-26 16:30:47,709 [INFO] ApiDb:250 - Set database path to: C:\Users\Daniel\.stmcufinder\plugins\mcufinder//mcu/
2023-05-26 16:30:47,710 [INFO] DbMcusAds:125 - Set database path to: C:\Users\Daniel\.stmcufinder\plugins\mcufinder//mcu/
2023-05-26 16:30:47,726 [INFO] CrossReferenceDbSqlite:203 - Set database path to: C:\Users\Daniel\.stmcufinder\plugins\mcufinder//mcu/cs/
2023-05-26 16:30:47,800 [INFO] RulesReader:64 - Compatibility file has been processed (293 Rules)
2023-05-26 16:30:47,856 [INFO] DbMcusXml:78 - Set database path to: C:\ST\STM32CubeIDE_1.10.1\STM32CubeIDE\plugins\com.st.stm32cube.common.mx_6.8.1.202304191431\\db\/mcu/
2023-05-26 16:30:47,856 [INFO] ApiDb:274 - Set plugin database path to: C:\ST\STM32CubeIDE_1.10.1\STM32CubeIDE\plugins\com.st.stm32cube.common.mx_6.8.1.202304191431\\db\/plugins/boardmanager/
2023-05-26 16:30:47,856 [INFO] ApiDb:261 - Set plugin images path to: C:\ST\STM32CubeIDE_1.10.1\STM32CubeIDE\plugins\com.st.stm32cube.common.mx_6.8.1.202304191431\\db\/plugins/mcufinder/images/
2023-05-26 16:30:47,856 [WARN] DbFile:41 - Overriding database path with different value: C:\Users\Daniel\.stmcufinder\plugins\mcufinder/ => C:\Users\Daniel\.stmcufinder\plugins\mcufinder
2023-05-26 16:30:47,856 [INFO] ApiDb:250 - Set database path to: C:\Users\Daniel\.stmcufinder\plugins\mcufinder//mcu/
2023-05-26 16:30:47,856 [WARN] DbFile:41 - Overriding database path with different value: C:\Users\Daniel\.stmcufinder\plugins\mcufinder/ => C:\Users\Daniel\.stmcufinder\plugins\mcufinder
2023-05-26 16:30:47,856 [INFO] DbMcusAds:125 - Set database path to: C:\Users\Daniel\.stmcufinder\plugins\mcufinder//mcu/
2023-05-26 16:30:47,857 [WARN] DbFile:41 - Overriding database path with different value: C:\Users\Daniel\.stmcufinder\plugins\mcufinder/ => C:\Users\Daniel\.stmcufinder\plugins\mcufinder
2023-05-26 16:30:47,857 [WARN] DbFile:41 - Overriding database path with different value: C:\Users\Daniel\.stmcufinder\plugins\mcufinder/ => C:\Users\Daniel\.stmcufinder\plugins\mcufinder
2023-05-26 16:30:47,857 [INFO] CrossReferenceDbSqlite:203 - Set database path to: C:\Users\Daniel\.stmcufinder\plugins\mcufinder//mcu/cs/
2023-05-26 16:30:47,909 [INFO] MainPanel:253 - HeapMemory: 567279616
2023-05-26 16:30:47,977 [INFO] DbMcusXml:78 - Set database path to: C:\ST\STM32CubeIDE_1.10.1\STM32CubeIDE\plugins\com.st.stm32cube.common.mx_6.8.1.202304191431\\db\/mcu/
2023-05-26 16:30:47,978 [INFO] ApiDb:274 - Set plugin database path to: C:\ST\STM32CubeIDE_1.10.1\STM32CubeIDE\plugins\com.st.stm32cube.common.mx_6.8.1.202304191431\\db\/plugins/boardmanager/
2023-05-26 16:30:47,978 [INFO] ApiDb:261 - Set plugin images path to: C:\ST\STM32CubeIDE_1.10.1\STM32CubeIDE\plugins\com.st.stm32cube.common.mx_6.8.1.202304191431\\db\/plugins/mcufinder/images/
2023-05-26 16:30:47,978 [WARN] DbFile:41 - Overriding database path with different value: C:\Users\Daniel\.stmcufinder\plugins\mcufinder/ => C:\Users\Daniel\.stmcufinder\plugins\mcufinder
2023-05-26 16:30:47,978 [INFO] ApiDb:250 - Set database path to: C:\Users\Daniel\.stmcufinder\plugins\mcufinder//mcu/
2023-05-26 16:30:47,978 [WARN] DbFile:41 - Overriding database path with different value: C:\Users\Daniel\.stmcufinder\plugins\mcufinder/ => C:\Users\Daniel\.stmcufinder\plugins\mcufinder
2023-05-26 16:30:47,978 [INFO] DbMcusAds:125 - Set database path to: C:\Users\Daniel\.stmcufinder\plugins\mcufinder//mcu/
2023-05-26 16:30:47,978 [WARN] DbFile:41 - Overriding database path with different value: C:\Users\Daniel\.stmcufinder\plugins\mcufinder/ => C:\Users\Daniel\.stmcufinder\plugins\mcufinder
2023-05-26 16:30:47,978 [WARN] DbFile:41 - Overriding database path with different value: C:\Users\Daniel\.stmcufinder\plugins\mcufinder/ => C:\Users\Daniel\.stmcufinder\plugins\mcufinder
2023-05-26 16:30:47,978 [INFO] CrossReferenceDbSqlite:203 - Set database path to: C:\Users\Daniel\.stmcufinder\plugins\mcufinder//mcu/cs/
2023-05-26 16:30:47,991 [INFO] ApplicationProperties:184 - Using Application install path: C:\ST\STM32CubeIDE_1.10.1\STM32CubeIDE\plugins\com.st.stm32cube.common.mx_6.8.1.202304191431
2023-05-26 16:30:47,992 [INFO] PluginManage:196 - Search for loadable plugins [exclusion list=, ]
2023-05-26 16:30:47,992 [INFO] PluginManage:310 - Check plugin analytics
2023-05-26 16:30:48,102 [INFO] AnalyticsPlugin:253 - Accepted Software Licenses: 
2023-05-26 16:30:48,102 [INFO] AnalyticsPlugin:255 - Accepted CMSIS Pack Licenses: 
2023-05-26 16:30:48,102 [INFO] AnalyticsPlugin:257 - Accepted Firmware Licenses: 
2023-05-26 16:30:48,106 [INFO] PluginManage:359 - Loaded plugin analytics (category:tool,tabindex:-1)
2023-05-26 16:30:48,106 [INFO] PluginManage:310 - Check plugin cadmodel
2023-05-26 16:30:48,116 [INFO] CADModel:105 - Init CAD model plugin
2023-05-26 16:30:48,116 [INFO] PluginManage:359 - Loaded plugin cadmodel (category:power,tabindex:5)
2023-05-26 16:30:48,116 [INFO] PluginManage:310 - Check plugin clock
2023-05-26 16:30:48,130 [INFO] PluginManage:359 - Loaded plugin clock (category:base,tabindex:2)
2023-05-26 16:30:48,130 [INFO] PluginManage:310 - Check plugin ddr
2023-05-26 16:30:48,131 [INFO] PluginManage:359 - Loaded plugin ddr (category:tool,tabindex:6)
2023-05-26 16:30:48,131 [INFO] PluginManage:310 - Check plugin filemanager
2023-05-26 16:30:48,222 [INFO] PluginManage:359 - Loaded plugin filemanager (category:base,tabindex:10)
2023-05-26 16:30:48,222 [INFO] PluginManage:310 - Check plugin ipmanager
2023-05-26 16:30:48,227 [INFO] PluginManage:359 - Loaded plugin ipmanager (category:base,tabindex:5)
2023-05-26 16:30:48,227 [INFO] PluginManage:310 - Check plugin lpbam
2023-05-26 16:30:48,239 [INFO] PluginManage:359 - Loaded plugin lpbam (category:base,tabindex:0)
2023-05-26 16:30:48,239 [INFO] PluginManage:310 - Check plugin pinoutandconfiguration
2023-05-26 16:30:48,249 [INFO] PluginManage:359 - Loaded plugin pinoutandconfiguration (category:base,tabindex:1)
2023-05-26 16:30:48,249 [INFO] PluginManage:310 - Check plugin pinoutconfig
2023-05-26 16:30:48,325 [WARN] SupportedApi:132 - Cannot load RTOS API schema: s4s-elt-must-match.1: The content of 'definitions' must match (annotation?, (simpleType | complexType)?, (unique | key | keyref)*)). A problem was found starting at: attribute.
2023-05-26 16:30:48,415 [INFO] PluginManage:359 - Loaded plugin pinoutconfig (category:base,tabindex:0)
2023-05-26 16:30:48,415 [INFO] PluginManage:310 - Check plugin power
2023-05-26 16:30:48,430 [INFO] PluginManage:359 - Loaded plugin power (category:power,tabindex:4)
2023-05-26 16:30:48,430 [INFO] PluginManage:310 - Check plugin projectmanager
2023-05-26 16:30:48,440 [INFO] PluginManage:359 - Loaded plugin projectmanager (category:projectmanager,tabindex:3)
2023-05-26 16:30:48,440 [INFO] PluginManage:310 - Check plugin thirdparty
2023-05-26 16:30:48,583 [INFO] PluginManage:359 - Loaded plugin thirdparty (category:base,tabindex:-1)
2023-05-26 16:30:48,583 [WARN] IntegrityCheckThread:84 - waiting for thirdparty lock release [integrity check]
2023-05-26 16:30:48,584 [INFO] PluginManage:310 - Check plugin tools
2023-05-26 16:30:48,584 [INFO] IntegrityCheckThread:86 - entering critical section [integrity check]
2023-05-26 16:30:48,585 [INFO] ThirdPartyUpdaterWithRetryManager:70 - Updater plugin not ready yet. [1/15]
2023-05-26 16:30:48,600 [INFO] PluginManage:359 - Loaded plugin tools (category:base,tabindex:7)
2023-05-26 16:30:48,600 [INFO] PluginManage:310 - Check plugin tutovideos
2023-05-26 16:30:48,745 [INFO] PluginManage:359 - Loaded plugin tutovideos (category:base,tabindex:-1)
2023-05-26 16:30:48,745 [INFO] PluginManage:310 - Check plugin updater
2023-05-26 16:30:48,756 [INFO] PluginManage:359 - Loaded plugin updater (category:base,tabindex:12)
2023-05-26 16:30:48,756 [INFO] PluginManage:283 - PluginManage : Loaded plugins [15]
2023-05-26 16:30:48,930 [INFO] PinOutPanel:1499 - setPackage(No Configuration,No Configuration)
2023-05-26 16:30:48,973 [INFO] CADModel:165 - CPN selected for project level
2023-05-26 16:30:48,973 [INFO] CADModel:114 - Register for checkConnection events
2023-05-26 16:30:48,991 [INFO] IPUIPlugin:80 - create IPUIPlugin
2023-05-26 16:30:48,991 [INFO] PluginManager:220 - loadIPPluginJar : add adc
2023-05-26 16:30:49,011 [INFO] IPUIPlugin:80 - create IPUIPlugin
2023-05-26 16:30:49,011 [INFO] PluginManager:220 - loadIPPluginJar : add aes
2023-05-26 16:30:49,032 [INFO] IPUIPlugin:80 - create IPUIPlugin
2023-05-26 16:30:49,032 [INFO] PluginManager:220 - loadIPPluginJar : add can
2023-05-26 16:30:49,044 [INFO] IPUIPlugin:80 - create IPUIPlugin
2023-05-26 16:30:49,044 [INFO] PluginManager:220 - loadIPPluginJar : add comp
2023-05-26 16:30:49,061 [INFO] IPUIPlugin:80 - create IPUIPlugin
2023-05-26 16:30:49,061 [INFO] PluginManager:220 - loadIPPluginJar : add cryp
2023-05-26 16:30:49,076 [INFO] IPUIPlugin:80 - create IPUIPlugin
2023-05-26 16:30:49,076 [INFO] PluginManager:220 - loadIPPluginJar : add dfsdm
2023-05-26 16:30:49,086 [INFO] IPUIPlugin:80 - create IPUIPlugin
2023-05-26 16:30:49,086 [INFO] PluginManager:220 - loadIPPluginJar : add dma
2023-05-26 16:30:49,108 [INFO] IPUIPlugin:80 - create IPUIPlugin
2023-05-26 16:30:49,108 [INFO] PluginManager:220 - loadIPPluginJar : add dma3
2023-05-26 16:30:49,118 [INFO] IPUIPlugin:80 - create IPUIPlugin
2023-05-26 16:30:49,118 [INFO] PluginManager:220 - loadIPPluginJar : add fatfs
2023-05-26 16:30:49,144 [INFO] IPUIPlugin:80 - create IPUIPlugin
2023-05-26 16:30:49,144 [INFO] PluginManager:220 - loadIPPluginJar : add fmc
2023-05-26 16:30:49,154 [INFO] IPUIPlugin:80 - create IPUIPlugin
2023-05-26 16:30:49,154 [INFO] PluginManager:220 - loadIPPluginJar : add freertos
2023-05-26 16:30:49,164 [INFO] IPUIPlugin:80 - create IPUIPlugin
2023-05-26 16:30:49,164 [INFO] PluginManager:220 - loadIPPluginJar : add genericplugin
2023-05-26 16:30:49,212 [INFO] IPUIPlugin:80 - create IPUIPlugin
2023-05-26 16:30:49,212 [INFO] PluginManager:220 - loadIPPluginJar : add gfxmmu
2023-05-26 16:30:49,283 [INFO] IPUIPlugin:80 - create IPUIPlugin
2023-05-26 16:30:49,283 [INFO] PluginManager:220 - loadIPPluginJar : add gic
2023-05-26 16:30:49,290 [INFO] IPUIPlugin:80 - create IPUIPlugin
2023-05-26 16:30:49,290 [INFO] PluginManager:220 - loadIPPluginJar : add gpio
2023-05-26 16:30:49,343 [INFO] IPUIPlugin:80 - create IPUIPlugin
2023-05-26 16:30:49,343 [INFO] PluginManager:220 - loadIPPluginJar : add gtzc
2023-05-26 16:30:49,360 [INFO] IPUIPlugin:80 - create IPUIPlugin
2023-05-26 16:30:49,360 [INFO] PluginManager:220 - loadIPPluginJar : add hash
2023-05-26 16:30:49,387 [INFO] IPUIPlugin:80 - create IPUIPlugin
2023-05-26 16:30:49,387 [INFO] PluginManager:220 - loadIPPluginJar : add i2c
2023-05-26 16:30:49,407 [INFO] IPUIPlugin:80 - create IPUIPlugin
2023-05-26 16:30:49,407 [INFO] PluginManager:220 - loadIPPluginJar : add i2s
2023-05-26 16:30:49,429 [INFO] IPUIPlugin:80 - create IPUIPlugin
2023-05-26 16:30:49,429 [INFO] PluginManager:220 - loadIPPluginJar : add i3c
2023-05-26 16:30:49,497 [INFO] IPUIPlugin:80 - create IPUIPlugin
2023-05-26 16:30:49,497 [INFO] PluginManager:220 - loadIPPluginJar : add ipddr
2023-05-26 16:30:49,548 [INFO] IPUIPlugin:80 - create IPUIPlugin
2023-05-26 16:30:49,548 [INFO] PluginManager:220 - loadIPPluginJar : add linkedlist
2023-05-26 16:30:49,566 [INFO] IPUIPlugin:80 - create IPUIPlugin
2023-05-26 16:30:49,567 [INFO] PluginManager:220 - loadIPPluginJar : add lorawan
2023-05-26 16:30:49,585 [INFO] IPUIPlugin:80 - create IPUIPlugin
2023-05-26 16:30:49,586 [INFO] PluginManager:220 - loadIPPluginJar : add ltdc
2023-05-26 16:30:49,593 [INFO] IPUIPlugin:80 - create IPUIPlugin
2023-05-26 16:30:49,593 [INFO] PluginManager:220 - loadIPPluginJar : add mdma
2023-05-26 16:30:49,600 [INFO] IPUIPlugin:80 - create IPUIPlugin
2023-05-26 16:30:49,600 [INFO] PluginManager:220 - loadIPPluginJar : add nvic
2023-05-26 16:30:49,619 [INFO] IPUIPlugin:80 - create IPUIPlugin
2023-05-26 16:30:49,619 [INFO] PluginManager:220 - loadIPPluginJar : add opamp
2023-05-26 16:30:49,649 [INFO] IPUIPlugin:80 - create IPUIPlugin
2023-05-26 16:30:49,649 [INFO] PluginManager:220 - loadIPPluginJar : add openamp
2023-05-26 16:30:49,672 [INFO] IPUIPlugin:80 - create IPUIPlugin
2023-05-26 16:30:49,672 [INFO] PluginManager:220 - loadIPPluginJar : add pdm2pcm
2023-05-26 16:30:49,681 [INFO] IPUIPlugin:80 - create IPUIPlugin
2023-05-26 16:30:49,682 [INFO] PluginManager:220 - loadIPPluginJar : add plateformsettings
2023-05-26 16:30:49,694 [INFO] IPUIPlugin:80 - create IPUIPlugin
2023-05-26 16:30:49,694 [INFO] PluginManager:220 - loadIPPluginJar : add quadspi
2023-05-26 16:30:49,701 [INFO] IPUIPlugin:80 - create IPUIPlugin
2023-05-26 16:30:49,701 [INFO] PluginManager:220 - loadIPPluginJar : add resmgrutility
2023-05-26 16:30:49,729 [INFO] IPUIPlugin:80 - create IPUIPlugin
2023-05-26 16:30:49,729 [INFO] PluginManager:220 - loadIPPluginJar : add sai
2023-05-26 16:30:49,748 [INFO] IPUIPlugin:80 - create IPUIPlugin
2023-05-26 16:30:49,748 [INFO] PluginManager:220 - loadIPPluginJar : add spi
2023-05-26 16:30:49,781 [INFO] IPUIPlugin:80 - create IPUIPlugin
2023-05-26 16:30:49,782 [INFO] PluginManager:220 - loadIPPluginJar : add stm32_wpan
2023-05-26 16:30:49,794 [INFO] IPUIPlugin:80 - create IPUIPlugin
2023-05-26 16:30:49,794 [INFO] PluginManager:220 - loadIPPluginJar : add tim
2023-05-26 16:30:49,824 [INFO] IPUIPlugin:80 - create IPUIPlugin
2023-05-26 16:30:49,825 [INFO] PluginManager:220 - loadIPPluginJar : add touchsensing
2023-05-26 16:30:49,836 [INFO] IPUIPlugin:80 - create IPUIPlugin
2023-05-26 16:30:49,836 [INFO] PluginManager:220 - loadIPPluginJar : add tracer_emb
2023-05-26 16:30:49,848 [INFO] IPUIPlugin:80 - create IPUIPlugin
2023-05-26 16:30:49,848 [INFO] PluginManager:220 - loadIPPluginJar : add ts
2023-05-26 16:30:49,858 [INFO] IPUIPlugin:80 - create IPUIPlugin
2023-05-26 16:30:49,858 [INFO] PluginManager:220 - loadIPPluginJar : add tsc
2023-05-26 16:30:49,870 [INFO] IPUIPlugin:80 - create IPUIPlugin
2023-05-26 16:30:49,870 [INFO] PluginManager:220 - loadIPPluginJar : add ucpd
2023-05-26 16:30:49,893 [INFO] IPUIPlugin:80 - create IPUIPlugin
2023-05-26 16:30:49,893 [INFO] PluginManager:220 - loadIPPluginJar : add usart
2023-05-26 16:30:49,918 [INFO] IPUIPlugin:80 - create IPUIPlugin
2023-05-26 16:30:49,918 [INFO] PluginManager:220 - loadIPPluginJar : add usbx
2023-05-26 16:30:50,025 [INFO] CADModel:165 - CPN selected for project level
2023-05-26 16:30:50,026 [INFO] CADModel:114 - Register for checkConnection events
2023-05-26 16:30:50,026 [FATAL] Updater:308 - Updater called before beeing initialized
2023-05-26 16:30:50,026 [ERROR] CADModel:125 - Updater not yet initialized, retry later 
2023-05-26 16:30:50,125 [INFO] CADModel:165 - CPN selected for project level
2023-05-26 16:30:50,125 [INFO] CADModel:114 - Register for checkConnection events
2023-05-26 16:30:50,125 [FATAL] Updater:308 - Updater called before beeing initialized
2023-05-26 16:30:50,125 [ERROR] CADModel:125 - Updater not yet initialized, retry later 
2023-05-26 16:30:50,128 [FATAL] Updater:308 - Updater called before beeing initialized
2023-05-26 16:30:50,198 [FATAL] Updater:308 - Updater called before beeing initialized
2023-05-26 16:30:50,206 [INFO] DbMcusAds:53 - JSON generation date=Thu Sep 30 09:55:09 EEST 2021 (1632984909247)
2023-05-26 16:30:50,206 [FATAL] Updater:308 - Updater called before beeing initialized
2023-05-26 16:30:50,252 [WARN] DetailPanel:346 - Failed to get advertising image, set to default
2023-05-26 16:30:50,330 [FATAL] Updater:308 - Updater called before beeing initialized
2023-05-26 16:30:50,332 [FATAL] Updater:308 - Updater called before beeing initialized
2023-05-26 16:30:50,332 [FATAL] Updater:308 - Updater called before beeing initialized
2023-05-26 16:30:50,332 [WARN] DetailPanel:346 - Failed to get advertising image, set to default
2023-05-26 16:30:50,333 [FATAL] Updater:308 - Updater called before beeing initialized
2023-05-26 16:30:50,373 [ERROR] Updater:1120 - MainUpdater not yet initialized. External WinMGr cannot be set.
2023-05-26 16:30:50,379 [INFO] Updater:1056 - Updater Version found : 6.8.1
2023-05-26 16:30:50,394 [INFO] ApplicationProperties:184 - Using Application install path: C:\ST\STM32CubeIDE_1.10.1\STM32CubeIDE\plugins\com.st.stm32cube.common.mx_6.8.1.202304191431
2023-05-26 16:30:50,581 [INFO] MainUpdater:519 - Copy updater definitions from MX database
2023-05-26 16:30:50,803 [INFO] MainUpdater:2854 - connection check result : 10
2023-05-26 16:30:50,804 [INFO] MainUpdater:3548 - Updater definition file requires update
2023-05-26 16:30:50,804 [INFO] MainUpdater:283 - Updater Check For Update Now.
2023-05-26 16:30:50,805 [INFO] MicroXplorer:498 - Change Database Version : DB.6.0.81
2023-05-26 16:30:50,978 [INFO] ServerAccessManage:473 - Download File updaters.zip
2023-05-26 16:30:51,005 [INFO] FileExtend:240 - Unzip File : updaters.zip
2023-05-26 16:30:51,005 [INFO] FileExtend:255 - Standard Zip Deflate
2023-05-26 16:30:51,315 [INFO] ServerAccessManage:473 - Download File PacksControlFlags.xml
2023-05-26 16:30:51,450 [INFO] ServerAccessManage:473 - Download File cubemx.pidx
2023-05-26 16:30:51,507 [INFO] LoadServerUpdatesThread:373 - End of LoadServerUpdate Thread
2023-05-26 16:30:51,594 [WARN] MainUpdater:1187 - Updater busy. Cannot search thirdparties
2023-05-26 16:30:51,594 [INFO] ThirdPartyUpdaterWithRetryManager:96 - Updater plugin is busy. [1/15]
2023-05-26 16:30:51,660 [INFO] CheckServerUpdateThread:120 - End of CheckServer Thread
2023-05-26 16:30:51,846 [INFO] MainUpdater:2854 - connection check result : 10
2023-05-26 16:30:51,850 [INFO] MainUpdater:2854 - connection check result : 10
2023-05-26 16:30:51,941 [INFO] MicroXplorer:468 - Change Database Path : 
2023-05-26 16:30:51,941 [INFO] MicroXplorer:498 - Change Database Version : DB.6.0.81
2023-05-26 16:30:51,941 [WARN] ThirdParty:871 - waiting for thirdparty lock release [close project]
2023-05-26 16:30:54,720 [WARN] PackLoader:240 - Cannot read IP mode file for STMicroelectronics.X-CUBE-GNSS1.6.0.0
2023-05-26 16:30:54,744 [WARN] PackLoader:240 - Cannot read IP mode file for STMicroelectronics.X-CUBE-AZRTOS-F4.1.1.0
2023-05-26 16:30:54,754 [WARN] PackLoader:240 - Cannot read IP mode file for STMicroelectronics.X-CUBE-SMBUS.2.1.0
2023-05-26 16:30:54,762 [WARN] PackLoader:240 - Cannot read IP mode file for STMicroelectronics.X-CUBE-BLEMGR.1.2.0
2023-05-26 16:30:54,781 [WARN] PackLoader:240 - Cannot read IP mode file for STMicroelectronics.X-CUBE-AZRTOS-F7.1.1.0
2023-05-26 16:30:54,821 [WARN] PackLoader:240 - Cannot read IP mode file for STMicroelectronics.X-CUBE-MEMS1.9.6.0
2023-05-26 16:30:54,919 [ERROR] RealEvaluatedCondition:428 - Found unsupported composite condition: GROUP='STM32_MetaDataManager' CLASS='Data Exchange'
2023-05-26 16:30:54,919 [ERROR] RealEvaluatedCondition:428 - Found unsupported composite condition: CLASS='Data Exchange' GROUP='STM32_MetaDataManager'
2023-05-26 16:30:54,920 [WARN] PackLoader:240 - Cannot read IP mode file for STMicroelectronics.FP-SNS-MOTENV1.4.3.0
2023-05-26 16:30:54,928 [WARN] PackLoader:240 - Cannot read IP mode file for STMicroelectronics.FP-SNS-FLIGHT1.5.0.0
2023-05-26 16:30:54,936 [ERROR] RealEvaluatedCondition:428 - Found unsupported composite condition: GROUP='STM32_MetaDataManager' CLASS='Data Exchange'
2023-05-26 16:30:54,936 [ERROR] RealEvaluatedCondition:428 - Found unsupported composite condition: GROUP='STM32_MetaDataManager' CLASS='Data Exchange'
2023-05-26 16:30:54,936 [WARN] PackLoader:240 - Cannot read IP mode file for STMicroelectronics.FP-SNS-MOTENV1.4.3.1
2023-05-26 16:30:54,943 [WARN] PackLoader:240 - Cannot read IP mode file for STMicroelectronics.FP-SNS-FLIGHT1.5.0.1
2023-05-26 16:30:54,951 [WARN] PackLoader:240 - Cannot read IP mode file for STMicroelectronics.X-CUBE-BLE1.6.2.3
2023-05-26 16:30:54,959 [WARN] PackLoader:240 - Cannot read IP mode file for STMicroelectronics.X-CUBE-BLE1.6.2.4
2023-05-26 16:30:54,970 [WARN] PackLoader:240 - Cannot read IP mode file for emotas.I-CUBE-CANOPEN.1.1.3
2023-05-26 16:30:55,049 [WARN] PackLoader:240 - Cannot read IP mode file for STMicroelectronics.X-CUBE-BLEMGR.2.0.0
2023-05-26 16:30:55,094 [WARN] PackLoader:240 - Cannot read IP mode file for STMicroelectronics.X-CUBE-NFC4.2.0.5
2023-05-26 16:30:55,114 [WARN] ConditionMgr:438 - getConditionDescription Invalid condition id : UX DEVICE CLASS RTOS Condition cause : null
2023-05-26 16:30:55,114 [WARN] ConditionMgr:438 - getConditionDescription Invalid condition id : UX DEVICE CLASS RTOS Condition cause : null
2023-05-26 16:30:55,116 [WARN] PackLoader:240 - Cannot read IP mode file for STMicroelectronics.X-CUBE-AZRTOS-H7.3.1.0
2023-05-26 16:30:55,116 [WARN] ConditionMgr:1039 - genDependencies : Invalid condition id : UX DEVICE CLASS RTOS Condition cause : null
2023-05-26 16:30:55,116 [WARN] ConditionMgr:1039 - genDependencies : Invalid condition id : UX DEVICE CLASS RTOS Condition cause : null
2023-05-26 16:30:55,117 [WARN] ConditionMgr:1039 - genDependencies : Invalid condition id : UX DEVICE CLASS RTOS Condition cause : null
2023-05-26 16:30:55,117 [WARN] ConditionMgr:1039 - genDependencies : Invalid condition id : UX DEVICE CLASS RTOS Condition cause : null
2023-05-26 16:30:55,117 [WARN] ConditionMgr:1039 - genDependencies : Invalid condition id : UX DEVICE CLASS RTOS Condition cause : null
2023-05-26 16:30:55,126 [WARN] PackLoader:240 - Cannot read IP mode file for STMicroelectronics.X-CUBE-DISPLAY.3.0.0
2023-05-26 16:30:55,138 [WARN] PackLoader:240 - Cannot read IP mode file for wolfSSL.I-CUBE-wolfSSL.5.5.3
2023-05-26 16:30:55,167 [WARN] PackLoader:240 - Cannot read IP mode file for STMicroelectronics.X-CUBE-NFC7.1.0.0
2023-05-26 16:30:55,195 [WARN] PackLoader:240 - Cannot read IP mode file for STMicroelectronics.X-CUBE-MEMS1.9.3.0
2023-05-26 16:30:55,262 [WARN] PackLoader:240 - Cannot read IP mode file for STMicroelectronics.X-CUBE-EEPRMA1.4.1.0
2023-05-26 16:30:55,308 [WARN] ConditionMgr:438 - getConditionDescription Invalid condition id : LAN8742 Phy interface Condition cause : null
2023-05-26 16:30:55,308 [WARN] PackLoader:240 - Cannot read IP mode file for STMicroelectronics.X-CUBE-AZRTOS-L4.2.0.0
2023-05-26 16:30:55,309 [WARN] ConditionMgr:1039 - genDependencies : Invalid condition id : LAN8742 Phy interface Condition cause : null
2023-05-26 16:30:55,309 [WARN] ConditionMgr:1039 - genDependencies : Invalid condition id : LAN8742 Phy interface Condition cause : null
2023-05-26 16:30:55,309 [WARN] ConditionMgr:1039 - genDependencies : Invalid condition id : LAN8742 Phy interface Condition cause : null
2023-05-26 16:30:55,319 [WARN] PackLoader:240 - Cannot read IP mode file for WES.I-CUBE-Cesium.1.3.0
2023-05-26 16:30:55,326 [WARN] PackLoader:240 - Cannot read IP mode file for STMicroelectronics.X-CUBE-SFXS2LP1.4.0.0
2023-05-26 16:30:55,336 [WARN] PackLoader:240 - Cannot read IP mode file for STMicroelectronics.X-CUBE-BLE2.3.3.0
2023-05-26 16:30:55,364 [WARN] PackLoader:240 - Cannot read IP mode file for STMicroelectronics.X-CUBE-DISPLAY.2.2.0
2023-05-26 16:30:55,376 [WARN] PackLoader:240 - Cannot read IP mode file for STMicroelectronics.X-CUBE-TOF1.3.2.0
2023-05-26 16:30:55,396 [WARN] PackLoader:240 - Cannot read IP mode file for STMicroelectronics.X-CUBE-AZRTOS-H7.3.0.0
2023-05-26 16:30:55,405 [WARN] PackLoader:240 - Cannot read IP mode file for STMicroelectronics.X-CUBE-ISPU.1.1.0
2023-05-26 16:30:55,414 [WARN] PackLoader:240 - Cannot read IP mode file for RoweBots.I-CUBE-UNISONRTOS.5.5.0-4
2023-05-26 16:30:55,431 [WARN] PackLoader:240 - Cannot read IP mode file for STMicroelectronics.X-CUBE-AZRTOS-H7.2.1.0
2023-05-26 16:30:55,440 [WARN] PackLoader:240 - Cannot read IP mode file for STMicroelectronics.X-CUBE-AI.8.0.0
2023-05-26 16:30:55,464 [WARN] PackLoader:240 - Cannot read IP mode file for STMicroelectronics.X-CUBE-FREERTOS.1.0.0
2023-05-26 16:30:55,469 [WARN] PackLoader:240 - Cannot read IP mode file for STMicroelectronics.X-CUBE-FREERTOS.1.0.1
2023-05-26 16:30:55,475 [WARN] PackLoader:240 - Cannot read IP mode file for STMicroelectronics.X-CUBE-TOUCHGFX.4.21.1
2023-05-26 16:30:55,482 [WARN] PackLoader:240 - Cannot read IP mode file for STMicroelectronics.X-CUBE-TOUCHGFX.4.21.0
2023-05-26 16:30:55,487 [WARN] PackLoader:240 - Cannot read IP mode file for STMicroelectronics.X-CUBE-TOUCHGFX.4.21.3
2023-05-26 16:30:55,492 [WARN] PackLoader:240 - Cannot read IP mode file for STMicroelectronics.X-CUBE-TOUCHGFX.4.21.4
2023-05-26 16:30:55,525 [WARN] PackLoader:240 - Cannot read IP mode file for STMicroelectronics.X-CUBE-MEMS1.9.4.0
2023-05-26 16:30:55,593 [WARN] PackLoader:240 - Cannot read IP mode file for STMicroelectronics.X-CUBE-AI.7.3.0
2023-05-26 16:30:55,619 [WARN] PackLoader:240 - Cannot read IP mode file for STMicroelectronics.X-CUBE-ALGOBUILD.1.3.0
2023-05-26 16:30:55,636 [WARN] PackLoader:240 - Cannot read IP mode file for STMicroelectronics.X-CUBE-AZRTOS-L5.1.1.0
2023-05-26 16:30:55,652 [WARN] PackLoader:240 - Cannot read IP mode file for STMicroelectronics.X-CUBE-AZRTOS-G0.1.1.0
2023-05-26 16:30:55,659 [WARN] PackLoader:240 - Cannot read IP mode file for STMicroelectronics.X-CUBE-AI.8.0.1
2023-05-26 16:30:55,669 [WARN] PackLoader:240 - Cannot read IP mode file for STMicroelectronics.X-CUBE-SUBG2.5.0.0
2023-05-26 16:30:55,678 [WARN] PackLoader:240 - Cannot read IP mode file for STMicroelectronics.X-CUBE-NFC4.3.0.0
2023-05-26 16:30:55,701 [WARN] PackLoader:240 - Cannot read IP mode file for SEGGER.I-CUBE-embOS.1.2.1
2023-05-26 16:30:55,732 [WARN] PackLoader:240 - Cannot read IP mode file for STMicroelectronics.X-CUBE-AZRTOS-G4.2.0.0
2023-05-26 16:30:55,743 [WARN] PackLoader:240 - Cannot read IP mode file for STMicroelectronics.X-CUBE-TOF1.3.3.0
2023-05-26 16:30:55,753 [WARN] PackLoader:240 - Cannot read IP mode file for STMicroelectronics.FP-ATR-ASTRA1.1.1.1
2023-05-26 16:30:55,764 [WARN] PackLoader:240 - Cannot read IP mode file for STMicroelectronics.X-CUBE-BLEMGR.1.3.0
2023-05-26 16:30:55,802 [WARN] PackLoader:240 - Cannot read IP mode file for STMicroelectronics.X-CUBE-AZRTOS-G4.1.0.0
2023-05-26 16:30:55,810 [WARN] PackLoader:240 - Cannot read IP mode file for STMicroelectronics.FP-ATR-SIGFOX1.3.2.0
2023-05-26 16:30:55,824 [WARN] PackLoader:240 - Cannot read IP mode file for STMicroelectronics.X-CUBE-AZRTOS-L4.1.0.0
2023-05-26 16:30:55,831 [WARN] PackLoader:240 - Cannot read IP mode file for STMicroelectronics.X-CUBE-TOUCHGFX.4.20.0
2023-05-26 16:30:55,842 [WARN] PackLoader:240 - Cannot read IP mode file for STMicroelectronics.X-CUBE-AZRTOS-WL.1.0.0
2023-05-26 16:30:55,851 [WARN] PackLoader:240 - Cannot read IP mode file for portGmbH.I-Cube-SoM-uGOAL.1.1.0
2023-05-26 16:30:55,876 [WARN] PackLoader:240 - Cannot read IP mode file for STMicroelectronics.X-CUBE-ALS.1.0.1
2023-05-26 16:30:55,904 [WARN] PackLoader:240 - Cannot read IP mode file for STMicroelectronics.X-CUBE-MEMS1.9.5.0
2023-05-26 16:30:55,980 [WARN] PackLoader:240 - Cannot read IP mode file for STMicroelectronics.X-CUBE-AZRTOS-WB.1.1.0
2023-05-26 16:30:56,002 [WARN] PackLoader:240 - Cannot read IP mode file for SEGGER.I-CUBE-embOS.1.3.1
2023-05-26 16:30:56,052 [WARN] PackLoader:240 - Cannot read IP mode file for STMicroelectronics.X-CUBE-AZRTOS-L5.1.0.0
2023-05-26 16:30:56,061 [WARN] PackLoader:240 - Cannot read IP mode file for STMicroelectronics.X-CUBE-EEPRMA1.3.1.1
2023-05-26 16:30:56,083 [WARN] PackLoader:240 - Cannot read IP mode file for STMicroelectronics.FP-ATR-ASTRA1.2.0.0
2023-05-26 16:30:56,084 [INFO] ThirdParty:978 - Integrity check success = true
2023-05-26 16:30:56,084 [INFO] IntegrityCheckThread:100 - exiting critical section [integrity check]
2023-05-26 16:30:56,084 [INFO] IntegrityCheckThread:103 - End integrity checks thread
2023-05-26 16:30:56,084 [INFO] ThirdParty:873 - entering critical section [close project]
2023-05-26 16:30:56,085 [INFO] ThirdParty:883 - exiting critical section [close project]
2023-05-26 16:30:56,087 [INFO] PinOutPanel:1499 - setPackage(No Configuration,No Configuration)
2023-05-26 16:30:56,089 [INFO] UtilMem:75 - Begin LoadConfig() Used Memory: 295155128 Bytes (686817280)
2023-05-26 16:30:56,091 [INFO] MicroXplorer:468 - Change Database Path : 
2023-05-26 16:30:56,091 [INFO] MicroXplorer:498 - Change Database Version : DB.6.0.81
2023-05-26 16:30:56,091 [INFO] OpenFileManager:308 - Change cursor
2023-05-26 16:30:56,103 [INFO] ThirdPartyDownloadManager:73 - Found SW packSEGGER.I-CUBE-embOS.1.3.1up-to-date on disk
2023-05-26 16:30:56,128 [INFO] Mcu:1937 - Initializing MCU STM32F411R(C-E)Tx STM32F411RETx STM32F411RET6
2023-05-26 16:30:56,881 [INFO] Context:659 - Trying to add GPIOservice into a context  which must be forbidden
2023-05-26 16:30:57,159 [INFO] ApiDbMcu:507 - Load IP Config File for SEGGER.I-CUBE-embOS.1.3.1
2023-05-26 16:30:57,345 [INFO] RtosManager:555 - Registered RTOS mode: class=CMSIS, group=RTOS, mode=CMSIS_V1, owner=FREERTOS
2023-05-26 16:30:57,345 [INFO] RtosManager:555 - Registered RTOS mode: class=CMSIS, group=RTOS2, mode=CMSIS_V2, owner=FREERTOS
2023-05-26 16:30:57,345 [INFO] RtosManager:555 - Registered RTOS mode: class=RTOS, group=Core, mode=CMSIS_V1, owner=FREERTOS
2023-05-26 16:30:57,345 [INFO] RtosManager:555 - Registered RTOS mode: class=RTOS, group=Core, mode=CMSIS_V2, owner=FREERTOS
2023-05-26 16:30:57,345 [WARN] ModelIntegratedComponent:184 - Missing modes for component STMicroelectronics:FreeRTOS:0.0.1:STMicroelectronics:RTOS:FreeRTOS:Core:::10.2.0:
2023-05-26 16:30:57,349 [WARN] ModelIntegratedComponent:182 - Modes not found for component STMicroelectronics:USB_HOST:1.0.0:STMicroelectronics:USB::USB Host:Audio HS::1.0:USB_HOST_1_0_RESTRICTED_HS
2023-05-26 16:30:57,349 [WARN] ModelIntegratedComponent:188 - Modes not found for component STMicroelectronics:USB_HOST:1.0.0:STMicroelectronics:USB::USB Host:Audio HS::1.0:USB_HOST_1_0_RESTRICTED_HS
2023-05-26 16:30:57,349 [WARN] ModelIntegratedComponent:182 - Modes not found for component STMicroelectronics:USB_HOST:1.0.0:STMicroelectronics:USB::USB Host:CDC HS::1.0:USB_HOST_1_0_RESTRICTED_HS
2023-05-26 16:30:57,349 [WARN] ModelIntegratedComponent:188 - Modes not found for component STMicroelectronics:USB_HOST:1.0.0:STMicroelectronics:USB::USB Host:CDC HS::1.0:USB_HOST_1_0_RESTRICTED_HS
2023-05-26 16:30:57,349 [WARN] ModelIntegratedComponent:182 - Modes not found for component STMicroelectronics:USB_HOST:1.0.0:STMicroelectronics:USB::USB Host:MSC HS::1.0:USB_HOST_1_0_RESTRICTED_HS
2023-05-26 16:30:57,349 [WARN] ModelIntegratedComponent:188 - Modes not found for component STMicroelectronics:USB_HOST:1.0.0:STMicroelectronics:USB::USB Host:MSC HS::1.0:USB_HOST_1_0_RESTRICTED_HS
2023-05-26 16:30:57,350 [WARN] ModelIntegratedComponent:182 - Modes not found for component STMicroelectronics:USB_HOST:1.0.0:STMicroelectronics:USB::USB Host:HID HS::1.0:USB_HOST_1_0_RESTRICTED_HS
2023-05-26 16:30:57,350 [WARN] ModelIntegratedComponent:188 - Modes not found for component STMicroelectronics:USB_HOST:1.0.0:STMicroelectronics:USB::USB Host:HID HS::1.0:USB_HOST_1_0_RESTRICTED_HS
2023-05-26 16:30:57,350 [WARN] ModelIntegratedComponent:182 - Modes not found for component STMicroelectronics:USB_HOST:1.0.0:STMicroelectronics:USB::USB Host:MTP HS::1.0:USB_HOST_1_0_RESTRICTED_HS
2023-05-26 16:30:57,350 [WARN] ModelIntegratedComponent:188 - Modes not found for component STMicroelectronics:USB_HOST:1.0.0:STMicroelectronics:USB::USB Host:MTP HS::1.0:USB_HOST_1_0_RESTRICTED_HS
2023-05-26 16:30:57,354 [WARN] ModelIntegratedComponent:63 - No mode defined for component null
2023-05-26 16:30:57,354 [WARN] ModelIntegratedComponent:63 - No mode defined for component null
2023-05-26 16:30:57,354 [WARN] ModelIntegratedComponent:63 - No mode defined for component null
2023-05-26 16:30:57,354 [WARN] ModelIntegratedComponent:63 - No mode defined for component null
2023-05-26 16:30:57,354 [WARN] ModelIntegratedComponent:63 - No mode defined for component null
2023-05-26 16:30:57,354 [WARN] ModelIntegratedComponent:63 - No mode defined for component null
2023-05-26 16:30:57,354 [WARN] ModelIntegratedComponent:63 - No mode defined for component null
2023-05-26 16:30:57,354 [WARN] ModelIntegratedComponent:63 - No mode defined for component null
2023-05-26 16:30:57,354 [WARN] ModelIntegratedComponent:63 - No mode defined for component null
2023-05-26 16:30:57,354 [WARN] ModelIntegratedComponent:63 - No mode defined for component null
2023-05-26 16:30:57,354 [WARN] ModelIntegratedComponent:63 - No mode defined for component null
2023-05-26 16:30:57,354 [WARN] ModelIntegratedComponent:63 - No mode defined for component null
2023-05-26 16:30:57,354 [WARN] ModelIntegratedComponent:63 - No mode defined for component null
2023-05-26 16:30:57,354 [WARN] ModelIntegratedComponent:63 - No mode defined for component null
2023-05-26 16:30:57,354 [WARN] ModelIntegratedComponent:63 - No mode defined for component null
2023-05-26 16:30:57,354 [WARN] ModelIntegratedComponent:63 - No mode defined for component null
2023-05-26 16:30:57,354 [WARN] ModelIntegratedComponent:63 - No mode defined for component null
2023-05-26 16:30:57,354 [WARN] ModelIntegratedComponent:63 - No mode defined for component null
2023-05-26 16:30:57,354 [WARN] ModelIntegratedComponent:63 - No mode defined for component null
2023-05-26 16:30:57,354 [WARN] ModelIntegratedComponent:63 - No mode defined for component null
2023-05-26 16:30:57,355 [WARN] ModelIntegratedComponent:63 - No mode defined for component null
2023-05-26 16:30:57,355 [WARN] ModelIntegratedComponent:63 - No mode defined for component null
2023-05-26 16:30:57,355 [WARN] ModelIntegratedComponent:63 - No mode defined for component null
2023-05-26 16:30:57,355 [WARN] ModelIntegratedComponent:63 - No mode defined for component null
2023-05-26 16:30:57,355 [WARN] ModelIntegratedComponent:63 - No mode defined for component null
2023-05-26 16:30:57,355 [WARN] ModelIntegratedComponent:63 - No mode defined for component null
2023-05-26 16:30:57,355 [WARN] ModelIntegratedComponent:63 - No mode defined for component null
2023-05-26 16:30:57,355 [WARN] ModelIntegratedComponent:63 - No mode defined for component null
2023-05-26 16:30:57,355 [WARN] ModelIntegratedComponent:63 - No mode defined for component null
2023-05-26 16:30:57,355 [WARN] ModelIntegratedComponent:63 - No mode defined for component null
2023-05-26 16:30:57,355 [WARN] ModelIntegratedComponent:63 - No mode defined for component null
2023-05-26 16:30:57,355 [WARN] ModelIntegratedComponent:63 - No mode defined for component null
2023-05-26 16:30:57,355 [WARN] ModelIntegratedComponent:63 - No mode defined for component null
2023-05-26 16:30:57,430 [WARN] ModelIntegratedComponent:182 - Modes not found for component STMicroelectronics:USB_DEVICE:1.0.0:STMicroelectronics:USB::USB Device:Audio HS::1.0:USB_DEVICE_1_0_RESTRICTED_HS
2023-05-26 16:30:57,430 [WARN] ModelIntegratedComponent:188 - Modes not found for component STMicroelectronics:USB_DEVICE:1.0.0:STMicroelectronics:USB::USB Device:Audio HS::1.0:USB_DEVICE_1_0_RESTRICTED_HS
2023-05-26 16:30:57,430 [WARN] ModelIntegratedComponent:182 - Modes not found for component STMicroelectronics:USB_DEVICE:1.0.0:STMicroelectronics:USB::USB Device:CDC HS::1.0:USB_DEVICE_1_0_RESTRICTED_HS
2023-05-26 16:30:57,430 [WARN] ModelIntegratedComponent:188 - Modes not found for component STMicroelectronics:USB_DEVICE:1.0.0:STMicroelectronics:USB::USB Device:CDC HS::1.0:USB_DEVICE_1_0_RESTRICTED_HS
2023-05-26 16:30:57,430 [WARN] ModelIntegratedComponent:182 - Modes not found for component STMicroelectronics:USB_DEVICE:1.0.0:STMicroelectronics:USB::USB Device:DFU HS::1.0:USB_DEVICE_1_0_RESTRICTED_HS
2023-05-26 16:30:57,430 [WARN] ModelIntegratedComponent:188 - Modes not found for component STMicroelectronics:USB_DEVICE:1.0.0:STMicroelectronics:USB::USB Device:DFU HS::1.0:USB_DEVICE_1_0_RESTRICTED_HS
2023-05-26 16:30:57,430 [WARN] ModelIntegratedComponent:182 - Modes not found for component STMicroelectronics:USB_DEVICE:1.0.0:STMicroelectronics:USB::USB Device:HID HS::1.0:USB_DEVICE_1_0_RESTRICTED_HS
2023-05-26 16:30:57,430 [WARN] ModelIntegratedComponent:188 - Modes not found for component STMicroelectronics:USB_DEVICE:1.0.0:STMicroelectronics:USB::USB Device:HID HS::1.0:USB_DEVICE_1_0_RESTRICTED_HS
2023-05-26 16:30:57,430 [WARN] ModelIntegratedComponent:182 - Modes not found for component STMicroelectronics:USB_DEVICE:1.0.0:STMicroelectronics:USB::USB Device:Custom HID HS::1.0:USB_DEVICE_1_0_RESTRICTED_HS
2023-05-26 16:30:57,430 [WARN] ModelIntegratedComponent:188 - Modes not found for component STMicroelectronics:USB_DEVICE:1.0.0:STMicroelectronics:USB::USB Device:Custom HID HS::1.0:USB_DEVICE_1_0_RESTRICTED_HS
2023-05-26 16:30:57,430 [WARN] ModelIntegratedComponent:182 - Modes not found for component STMicroelectronics:USB_DEVICE:1.0.0:STMicroelectronics:USB::USB Device:MSC HS::1.0:USB_DEVICE_1_0_RESTRICTED_HS
2023-05-26 16:30:57,430 [WARN] ModelIntegratedComponent:188 - Modes not found for component STMicroelectronics:USB_DEVICE:1.0.0:STMicroelectronics:USB::USB Device:MSC HS::1.0:USB_DEVICE_1_0_RESTRICTED_HS
2023-05-26 16:30:57,441 [INFO] RtosManager:555 - Registered RTOS mode: class=RTOS, group=embOS kernel configuration, mode=RTOSJjembOS, owner=SEGGER.I-CUBE-embOS.1.3.1
2023-05-26 16:30:57,442 [INFO] RtosManager:555 - Registered RTOS mode: class=RTOS, group=embOS API configuration, mode=RTOSJjembOS, owner=SEGGER.I-CUBE-embOS.1.3.1
2023-05-26 16:30:57,442 [INFO] RtosManager:555 - Registered RTOS mode: class=RTOS, group=embOS sample applications, mode=RTOSJjembOS, owner=SEGGER.I-CUBE-embOS.1.3.1
2023-05-26 16:30:57,722 [INFO] ApiDbMcu:507 - Load IP Config File for FREERTOS
2023-05-26 16:30:57,735 [INFO] ThirdPartyModel:298 - Start build external matchings
2023-05-26 16:30:58,361 [INFO] ThirdPartyModel:316 - End build external matchings
2023-05-26 16:30:58,383 [INFO] RtosManager:919 - Current active RTOS is FREERTOS [Cortex-M4NS]
2023-05-26 16:30:58,394 [INFO] ImportTextPane:194 - (OptionalMessage_ERROR) IP (DMA) : Parameter (Instance) has Id (ADC1) currently not set
2023-05-26 16:30:58,394 [INFO] ImportTextPane:194 - (OptionalMessage_ERROR) IP (DMA) : Parameter (Channel) has Id (ADC1) currently not set
2023-05-26 16:30:58,394 [INFO] ImportTextPane:194 - (OptionalMessage_ERROR) IP (DMA) : Parameter (Direction) has Id (ADC1) currently not set
2023-05-26 16:30:58,394 [INFO] ImportTextPane:194 - (OptionalMessage_ERROR) IP (DMA) : Parameter (PeriphInc) has Id (ADC1) currently not set
2023-05-26 16:30:58,395 [INFO] ImportTextPane:194 - (OptionalMessage_ERROR) IP (DMA) : Parameter (MemInc) has Id (ADC1) currently not set
2023-05-26 16:30:58,395 [INFO] ImportTextPane:194 - (OptionalMessage_ERROR) IP (DMA) : Parameter (PeriphDataAlignment) has Id (ADC1) currently not set
2023-05-26 16:30:58,395 [INFO] ImportTextPane:194 - (OptionalMessage_ERROR) IP (DMA) : Parameter (MemDataAlignment) has Id (ADC1) currently not set
2023-05-26 16:30:58,395 [INFO] ImportTextPane:194 - (OptionalMessage_ERROR) IP (DMA) : Parameter (Mode) has Id (ADC1) currently not set
2023-05-26 16:30:58,395 [INFO] ImportTextPane:194 - (OptionalMessage_ERROR) IP (DMA) : Parameter (Priority) has Id (ADC1) currently not set
2023-05-26 16:30:58,395 [INFO] ImportTextPane:194 - (OptionalMessage_ERROR) IP (DMA) : Parameter (FIFOMode) has Id (ADC1) currently not set
2023-05-26 16:30:58,395 [INFO] ImportTextPane:194 - (OptionalMessage_ERROR) IP (DMA) : Parameter (FIFOThreshold) has Id (ADC1) currently not set
2023-05-26 16:30:58,395 [INFO] ImportTextPane:194 - (OptionalMessage_ERROR) IP (DMA) : Parameter (FIFOThreshold) has invalid value (null)
2023-05-26 16:30:58,395 [INFO] ImportTextPane:194 - (OptionalMessage_ERROR) IP (DMA) : Parameter (MemBurst) has Id (ADC1) currently not set
2023-05-26 16:30:58,395 [INFO] ImportTextPane:194 - (OptionalMessage_ERROR) IP (DMA) : Parameter (MemBurst) has invalid value (null)
2023-05-26 16:30:58,395 [INFO] ImportTextPane:194 - (OptionalMessage_ERROR) IP (DMA) : Parameter (PeriphBurst) has Id (ADC1) currently not set
2023-05-26 16:30:58,395 [INFO] ImportTextPane:194 - (OptionalMessage_ERROR) IP (DMA) : Parameter (PeriphBurst) has invalid value (null)
2023-05-26 16:30:58,400 [WARN] IP:2113 - I2C_Coeff_DF not found: check if there is a RefParameter without a condition.
2023-05-26 16:30:58,400 [WARN] IP:2113 - Analog_Filter not found: check if there is a RefParameter without a condition.
2023-05-26 16:30:58,401 [INFO] ImportTextPane:194 - (OptionalMessage_ERROR) IP (RCC) : Parameter (48MHZClocksFreq_Value) has invalid value (50000000)
2023-05-26 16:30:58,402 [INFO] ImportTextPane:194 - (OptionalMessage_ERROR) IP (RCC) : Parameter (RTCHSEDivFreq_Value) has invalid value (4000000)
2023-05-26 16:30:58,536 [INFO] UtilMem:75 - End LoadConfig() Used Memory: 230077208 Bytes (686817280)
2023-05-26 16:30:58,605 [INFO] ApiDb:581 - Connected to CubeFinder SQLite database (C:\Users\Daniel\.stmcufinder\plugins\mcufinder\mcu\cube-finder-db.db)
2023-05-26 16:30:58,658 [INFO] ApiDb:668 - CubeFinder database Data Model version=2.1
2023-05-26 16:30:58,658 [INFO] ApiDb:669 - CubeFinder database Configuration version=3.0.35
2023-05-26 16:30:58,659 [INFO] ApiDb:670 - CubeFinder database generation date=2023-04-03 (1680511692)
2023-05-26 16:30:58,659 [INFO] ApiDb:671 - CubeFinder database FW Pack versions=[FP-ATR-ASTRA1_V2.0.0, STM32Cube_FW_C0_V1.0.1, STM32Cube_FW_F0_V1.11.4, STM32Cube_FW_F3_V1.11.4, STM32Cube_FW_F4_V1.27.1, STM32Cube_FW_F7_V1.17.0, STM32Cube_FW_G0_V1.6.1, STM32Cube_FW_G4_V1.5.1, STM32Cube_FW_H5_V0.5.1, STM32Cube_FW_H5_V1.0.0, STM32Cube_FW_H7_V1.11.0, STM32Cube_FW_L0_V1.12.2, STM32Cube_FW_L5_V1.5.0, STM32Cube_FW_U5_V1.2.0, STM32Cube_FW_WBA_V1.0.0, STM32Cube_FW_WBA_V1.0.0RC1, STM32Cube_FW_WBA_V1.0.0RC3, STM32Cube_FW_WB_V1.15.0RC1, STM32Cube_FW_WB_V1.16.0, STM32Cube_FW_WB_V1.16.0RC2, STM32Cube_FW_WL_V1.3.0, X-CUBE-ALGOBUILD_V1.3.0, X-CUBE-ALS_V1.0.1, X-CUBE-AZRTOS-F4_V1.1.0, X-CUBE-AZRTOS-F7_V1.1.0, X-CUBE-AZRTOS-G0_V1.1.0, X-CUBE-AZRTOS-G4_V1.0.0, X-CUBE-AZRTOS-H7_V3.0.0, X-CUBE-AZRTOS-L4_V1.0.0, X-CUBE-AZRTOS-L5_V1.1.0, X-CUBE-AZRTOS-WB_V1.1.0, X-CUBE-AZRTOS-WL_V1.0.0, X-CUBE-BLE1_V6.2.4, X-CUBE-BLE2_V3.3.0, X-CUBE-BLEMGR_V1.3.0, X-CUBE-EEPRMA1_V4.1.0, X-CUBE-FREERTOS_V1.0.1, X-CUBE-GNSS1_V6.0.0, X-CUBE-MEMS1_V9.1.0, X-CUBE-MEMS1_V9.4.0, X-CUBE-MEMS1_V9.5.0, X-CUBE-NFC4_V3.0.0, X-CUBE-NFC7_V1.0.0, X-CUBE-SFXS2LP1_V4.0.0, X-CUBE-SUBG2_V5.0.0]
2023-05-26 16:31:00,384 [INFO] ApiDb:240 - Found 297 in-development CPN: [B-G473E-ZEST1S, B-WB1M-WPAN1, B-WL5M-SUBG1, NUCLEO-C031C6, NUCLEO-H503RB, NUCLEO-H563ZI, NUCLEO-U545RE-Q, NUCLEO-U5A5ZJ-Q, NUCLEO-WBA52CG, STEVAL-PROTEUS1, STEVAL-STWINBX1, STM320518-EVAL, STM32C0116-DK, STM32C011D6Y3TR, STM32C011D6Y6TR, STM32C011F4P3, STM32C011F4P6, STM32C011F4U3, STM32C011F4U6TR, STM32C011F6P3, STM32C011F6P6, STM32C011F6U3, STM32C011F6U6TR, STM32C011J4M3, STM32C011J4M6, STM32C011J6M3, STM32C011J6M6, STM32C0316-DK, STM32C031C4T3, STM32C031C4T6, STM32C031C4U3, STM32C031C4U6, STM32C031C6T3, STM32C031C6T6, STM32C031C6U3, STM32C031C6U6, STM32C031F4P3, STM32C031F4P6, STM32C031F6P3, STM32C031F6P6, STM32C031G4U3, STM32C031G4U6, STM32C031G6U3, STM32C031G6U6, STM32C031K4T3, STM32C031K4T6, STM32C031K4U3, STM32C031K4U6, STM32C031K6T3, STM32C031K6T6, STM32C031K6U3, STM32C031K6U6, STM32G071K8TXN, STM32G071K8UXN, STM32G081GBU6N, STM32G081KBT6N, STM32G081KBUXN, STM32G0B1CCT6N, STM32G0B1KCT6, STM32G0B1NEY6TR, STM32G0B1RCT6N, STM32G0C1CCT6, STM32G0C1CCT6N, STM32G0C1CCU6N, STM32G0C1CET6N, STM32G0C1CEU6N, STM32G0C1KCT6, STM32G0C1NEY6TR, STM32G0C1RCI6N, STM32G0C1RCT6N, STM32G0C1REI6N, STM32G0C1RET6N, STM32G0C1VCI6, STM32G0C1VEI6, STM32G471CCT6, STM32G471CCU6, STM32G471CET3, STM32G471CET6, STM32G471CEU3, STM32G471CEU6, STM32G471MCT6, STM32G471MET3, STM32G471MET6, STM32G471MEY6TR, STM32G471QCT6, STM32G471QET3, STM32G471RCT6, STM32G471RET3, STM32G471RET6, STM32G471VCH6, STM32G471VCI6, STM32G471VCT6, STM32G471VEH3, STM32G471VEH6, STM32G471VEI3, STM32G471VEI6, STM32G471VET3, STM32G471VET6, STM32G474CCT6, STM32H503CBT6, STM32H503CBU6, STM32H503EBY6TR, STM32H503KBU6, STM32H503RBT6, STM32H562AGI6, STM32H562AII6, STM32H562IGK6, STM32H562IGT6, STM32H562IIK6, STM32H562IIT6, STM32H562RGT6, STM32H562RGV6, STM32H562RIT6, STM32H562RIV6, STM32H562VGT6, STM32H562VIT6, STM32H562ZGT6, STM32H562ZIT6, STM32H563AGI6, STM32H563AII3Q, STM32H563AII6, STM32H563IGK6, STM32H563IGT6, STM32H563IIK3Q, STM32H563IIK6, STM32H563IIT3Q, STM32H563IIT6, STM32H563MIY3QTR, STM32H563RGT6, STM32H563RGV6, STM32H563RIT6, STM32H563RIV6, STM32H563VGT6, STM32H563VIT3Q, STM32H563VIT6, STM32H563ZGT6, STM32H563ZIT3Q, STM32H563ZIT6, STM32H573AII3Q, STM32H573AII6, STM32H573I-DK, STM32H573IIK3Q, STM32H573IIK6, STM32H573IIT3Q, STM32H573IIT6, STM32H573MIY3QTR, STM32H573RIT6, STM32H573RIV6, STM32H573VIT3Q, STM32H573VIT6, STM32H573ZIT3Q, STM32H573ZIT6, STM32L4R5QGI6STR, STM32MP131AAE3, STM32MP131AAF3, STM32MP131AAG3, STM32MP131CAE3, STM32MP131CAF3, STM32MP131CAG3, STM32MP131DAE7, STM32MP131DAF7, STM32MP131DAG7, STM32MP131FAE7, STM32MP131FAF7, STM32MP131FAG7, STM32MP133AAE3, STM32MP133AAF3, STM32MP133AAG3, STM32MP133CAE3, STM32MP133CAF3, STM32MP133CAG3, STM32MP133DAE7, STM32MP133DAF7, STM32MP133DAG7, STM32MP133FAE7, STM32MP133FAF7, STM32MP133FAG7, STM32MP135AAE3, STM32MP135AAF3, STM32MP135AAG3, STM32MP135CAE3, STM32MP135CAF3, STM32MP135CAG3, STM32MP135DAE7, STM32MP135DAF7, STM32MP135DAG7, STM32MP135F-DK, STM32MP135FAE7, STM32MP135FAF7, STM32MP135FAF7T, STM32MP135FAF7U, STM32MP135FAG7, STM32U535CBT6, STM32U535CBT6Q, STM32U535CBU6, STM32U535CBU6Q, STM32U535CCT6, STM32U535CCT6Q, STM32U535CCU6, STM32U535CCU6Q, STM32U535CET6, STM32U535CET6Q, STM32U535CEU6, STM32U535CEU6Q, STM32U535JEY6QTR, STM32U535NCY6QTR, STM32U535NEY6QTR, STM32U535RBI6, STM32U535RBI6Q, STM32U535RBT6, STM32U535RBT6Q, STM32U535RCI6, STM32U535RCI6Q, STM32U535RCT6, STM32U535RCT6Q, STM32U535REI6, STM32U535REI6Q, STM32U535RET6, STM32U535RET6Q, STM32U535VCI6, STM32U535VCI6Q, STM32U535VCT6, STM32U535VCT6Q, STM32U535VEI6, STM32U535VEI6Q, STM32U535VET6, STM32U535VET6Q, STM32U545CET6, STM32U545CET6Q, STM32U545CEU6, STM32U545CEU6Q, STM32U545JEY6QTR, STM32U545NEY6QTR, STM32U545REI6, STM32U545REI6Q, STM32U545RET6, STM32U545RET6Q, STM32U545VEI6, STM32U545VEI6Q, STM32U545VET6, STM32U545VET6Q, STM32U595AIH6, STM32U595AIH6Q, STM32U595AJH6, STM32U595AJH6Q, STM32U595QII6, STM32U595QII6Q, STM32U595QJI6, STM32U595QJI6Q, STM32U595RIT6, STM32U595RIT6Q, STM32U595RJT6, STM32U595RJT6Q, STM32U595VIT6, STM32U595VIT6Q, STM32U595VJT6, STM32U595VJT6Q, STM32U595ZIT6, STM32U595ZIT6Q, STM32U595ZIY6QTR, STM32U595ZJT6, STM32U595ZJT6Q, STM32U595ZJY6QTR, STM32U599BJY6QTR, STM32U599NIH6Q, STM32U599NJH6Q, STM32U599VIT6Q, STM32U599VJT6, STM32U599VJT6Q, STM32U599ZIT6Q, STM32U599ZIY6QTR, STM32U599ZJT6Q, STM32U599ZJY6QTR, STM32U5A5AJH6, STM32U5A5AJH6Q, STM32U5A5QJI6, STM32U5A5QJI6Q, STM32U5A5RJT6, STM32U5A5RJT6Q, STM32U5A5VJT6, STM32U5A5VJT6Q, STM32U5A5ZJT6, STM32U5A5ZJT6Q, STM32U5A5ZJY6QTR, STM32U5A9BJY6QTR, STM32U5A9J-DK, STM32U5A9NJH6Q, STM32U5A9VJT6Q, STM32U5A9ZJT6Q, STM32U5A9ZJY6QTR, STM32WB1MMCH6, STM32WBA52CEU6, STM32WBA52CEU6T, STM32WBA52CGU6, STM32WBA52CGU6T, STM32WL5MOCH6, STM32WL5MOCH6TR]
2023-05-26 16:31:00,387 [INFO] DbMcus:216 - Found 3775 MCUs, 3775 are supported
2023-05-26 16:31:00,388 [INFO] ApiDb:423 - Load user favorites file C:\Users\Daniel/.stm32cubeide/favorites.mcus.txt: 0 item(s)
2023-05-26 16:31:00,388 [INFO] ApiDb:427 - User favorites MCUs=[]
2023-05-26 16:31:00,388 [INFO] DbMcus:222 - Set 0 / 0 favorites MCUs
2023-05-26 16:31:00,603 [WARN] ThirdParty:833 - waiting for thirdparty lock release [change project]
2023-05-26 16:31:00,603 [INFO] ThirdParty:835 - entering critical section [change project]
2023-05-26 16:31:00,603 [INFO] ThirdParty:1030 - CMSIS Pack Vendor :STMicroelectronics X-CUBE-ISPU 1.1.0
2023-05-26 16:31:00,603 [INFO] ThirdParty:1030 - CMSIS Pack Vendor :RoweBots I-CUBE-UNISONRTOS 5.5.0-4
2023-05-26 16:31:00,603 [INFO] ThirdParty:1030 - CMSIS Pack Vendor :STMicroelectronics X-CUBE-GNSS1 6.0.0
2023-05-26 16:31:00,603 [INFO] ThirdParty:1030 - CMSIS Pack Vendor :STMicroelectronics X-CUBE-AZRTOS-H7 2.1.0
2023-05-26 16:31:00,603 [INFO] ThirdParty:1030 - CMSIS Pack Vendor :STMicroelectronics USB_HOST 2.0.0
2023-05-26 16:31:00,603 [INFO] ThirdParty:1030 - CMSIS Pack Vendor :STMicroelectronics X-CUBE-AZRTOS-F4 1.1.0
2023-05-26 16:31:00,603 [INFO] ThirdParty:1030 - CMSIS Pack Vendor :STMicroelectronics LIBJPEG 8.0.0
2023-05-26 16:31:00,603 [INFO] ThirdParty:1030 - CMSIS Pack Vendor :STMicroelectronics X-CUBE-SMBUS 2.1.0
2023-05-26 16:31:00,603 [INFO] ThirdParty:1030 - CMSIS Pack Vendor :STMicroelectronics USB_DEVICE 3.0.0
2023-05-26 16:31:00,603 [INFO] ThirdParty:1030 - CMSIS Pack Vendor :STMicroelectronics X-CUBE-AI 8.0.0
2023-05-26 16:31:00,603 [INFO] ThirdParty:1030 - CMSIS Pack Vendor :STMicroelectronics X-CUBE-FREERTOS 1.0.0
2023-05-26 16:31:00,603 [INFO] ThirdParty:1030 - CMSIS Pack Vendor :STMicroelectronics X-CUBE-FREERTOS 1.0.1
2023-05-26 16:31:00,603 [INFO] ThirdParty:1030 - CMSIS Pack Vendor :STMicroelectronics X-CUBE-TOUCHGFX 4.21.1
2023-05-26 16:31:00,604 [INFO] ThirdParty:1030 - CMSIS Pack Vendor :STMicroelectronics X-CUBE-TOUCHGFX 4.21.0
2023-05-26 16:31:00,604 [INFO] ThirdParty:1030 - CMSIS Pack Vendor :STMicroelectronics X-CUBE-TOUCHGFX 4.21.3
2023-05-26 16:31:00,604 [INFO] ThirdParty:1030 - CMSIS Pack Vendor :STMicroelectronics X-CUBE-BLEMGR 1.2.0
2023-05-26 16:31:00,604 [INFO] ThirdParty:1030 - CMSIS Pack Vendor :STMicroelectronics X-CUBE-AZRTOS-F7 1.1.0
2023-05-26 16:31:00,604 [INFO] ThirdParty:1030 - CMSIS Pack Vendor :STMicroelectronics X-CUBE-TOUCHGFX 4.21.4
2023-05-26 16:31:00,604 [INFO] ThirdParty:1030 - CMSIS Pack Vendor :STMicroelectronics X-CUBE-MEMS1 9.4.0
2023-05-26 16:31:00,604 [INFO] ThirdParty:1030 - CMSIS Pack Vendor :STMicroelectronics USB_DEVICE 2.0.0
2023-05-26 16:31:00,604 [INFO] ThirdParty:1030 - CMSIS Pack Vendor :STMicroelectronics X-CUBE-MEMS1 9.6.0
2023-05-26 16:31:00,604 [INFO] ThirdParty:1030 - CMSIS Pack Vendor :STMicroelectronics X-CUBE-AI 7.3.0
2023-05-26 16:31:00,604 [INFO] ThirdParty:1030 - CMSIS Pack Vendor :STMicroelectronics FP-SNS-MOTENV1 4.3.0
2023-05-26 16:31:00,604 [INFO] ThirdParty:1030 - CMSIS Pack Vendor :STMicroelectronics FP-SNS-FLIGHT1 5.0.0
2023-05-26 16:31:00,604 [INFO] ThirdParty:1030 - CMSIS Pack Vendor :STMicroelectronics FP-SNS-MOTENV1 4.3.1
2023-05-26 16:31:00,604 [INFO] ThirdParty:1030 - CMSIS Pack Vendor :STMicroelectronics FP-SNS-FLIGHT1 5.0.1
2023-05-26 16:31:00,604 [INFO] ThirdParty:1030 - CMSIS Pack Vendor :STMicroelectronics X-CUBE-BLE1 6.2.3
2023-05-26 16:31:00,604 [INFO] ThirdParty:1030 - CMSIS Pack Vendor :STMicroelectronics X-CUBE-ALGOBUILD 1.3.0
2023-05-26 16:31:00,604 [INFO] ThirdParty:1030 - CMSIS Pack Vendor :STMicroelectronics X-CUBE-BLE1 6.2.4
2023-05-26 16:31:00,604 [INFO] ThirdParty:1030 - CMSIS Pack Vendor :STMicroelectronics X-CUBE-AZRTOS-L5 1.1.0
2023-05-26 16:31:00,604 [INFO] ThirdParty:1030 - CMSIS Pack Vendor :STMicroelectronics FreeRTOS 0.0.1
2023-05-26 16:31:00,604 [INFO] ThirdParty:1030 - CMSIS Pack Vendor :emotas I-CUBE-CANOPEN 1.1.3
2023-05-26 16:31:00,604 [INFO] ThirdParty:1030 - CMSIS Pack Vendor :STMicroelectronics X-CUBE-AZRTOS-G0 1.1.0
2023-05-26 16:31:00,604 [INFO] ThirdParty:1030 - CMSIS Pack Vendor :STMicroelectronics X-CUBE-BLEMGR 2.0.0
2023-05-26 16:31:00,604 [INFO] ThirdParty:1030 - CMSIS Pack Vendor :STMicroelectronics X-CUBE-AI 8.0.1
2023-05-26 16:31:00,604 [INFO] ThirdParty:1030 - CMSIS Pack Vendor :STMicroelectronics X-CUBE-SUBG2 5.0.0
2023-05-26 16:31:00,604 [INFO] ThirdParty:1030 - CMSIS Pack Vendor :STMicroelectronics X-CUBE-NFC4 3.0.0
2023-05-26 16:31:00,604 [INFO] ThirdParty:1030 - CMSIS Pack Vendor :STMicroelectronics STM32_WPAN 1.0.0
2023-05-26 16:31:00,604 [INFO] ThirdParty:1030 - CMSIS Pack Vendor :SEGGER I-CUBE-embOS 1.2.1
2023-05-26 16:31:00,604 [INFO] ThirdParty:1030 - CMSIS Pack Vendor :STMicroelectronics lwIP 2.0.3
2023-05-26 16:31:00,604 [INFO] ThirdParty:1030 - CMSIS Pack Vendor :STMicroelectronics X-CUBE-NFC4 2.0.5
2023-05-26 16:31:00,604 [INFO] ThirdParty:1030 - CMSIS Pack Vendor :STMicroelectronics USB_HOST 1.0.0
2023-05-26 16:31:00,604 [INFO] ThirdParty:1030 - CMSIS Pack Vendor :STMicroelectronics X-CUBE-AZRTOS-G4 2.0.0
2023-05-26 16:31:00,604 [INFO] ThirdParty:1030 - CMSIS Pack Vendor :STMicroelectronics PDM2PCM 3.1.0
2023-05-26 16:31:00,605 [INFO] ThirdParty:1030 - CMSIS Pack Vendor :STMicroelectronics X-CUBE-AZRTOS-H7 3.1.0
2023-05-26 16:31:00,605 [INFO] ThirdParty:1030 - CMSIS Pack Vendor :STMicroelectronics X-CUBE-TOF1 3.3.0
2023-05-26 16:31:00,605 [INFO] ThirdParty:1030 - CMSIS Pack Vendor :STMicroelectronics FP-ATR-ASTRA1 1.1.1
2023-05-26 16:31:00,605 [INFO] ThirdParty:1030 - CMSIS Pack Vendor :STMicroelectronics PDM2PCM 3.3.0
2023-05-26 16:31:00,605 [INFO] ThirdParty:1030 - CMSIS Pack Vendor :STMicroelectronics X-CUBE-DISPLAY 3.0.0
2023-05-26 16:31:00,605 [INFO] ThirdParty:1030 - CMSIS Pack Vendor :STMicroelectronics X-CUBE-BLEMGR 1.3.0
2023-05-26 16:31:00,605 [INFO] ThirdParty:1030 - CMSIS Pack Vendor :wolfSSL I-CUBE-wolfSSL 5.5.3
2023-05-26 16:31:00,605 [INFO] ThirdParty:1030 - CMSIS Pack Vendor :STMicroelectronics X-CUBE-AZRTOS-G4 1.0.0
2023-05-26 16:31:00,605 [INFO] ThirdParty:1030 - CMSIS Pack Vendor :STMicroelectronics FP-ATR-SIGFOX1 3.2.0
2023-05-26 16:31:00,605 [INFO] ThirdParty:1030 - CMSIS Pack Vendor :STMicroelectronics X-CUBE-AZRTOS-L4 1.0.0
2023-05-26 16:31:00,605 [INFO] ThirdParty:1030 - CMSIS Pack Vendor :STMicroelectronics HAL Drivers 0.0.0
2023-05-26 16:31:00,605 [INFO] ThirdParty:1030 - CMSIS Pack Vendor :STMicroelectronics MBEDTLS 2.16.2
2023-05-26 16:31:00,605 [INFO] ThirdParty:1030 - CMSIS Pack Vendor :STMicroelectronics X-CUBE-TOUCHGFX 4.20.0
2023-05-26 16:31:00,605 [INFO] ThirdParty:1030 - CMSIS Pack Vendor :STMicroelectronics MBEDTLS 2.14.1
2023-05-26 16:31:00,605 [INFO] ThirdParty:1030 - CMSIS Pack Vendor :STMicroelectronics X-CUBE-NFC7 1.0.0
2023-05-26 16:31:00,605 [INFO] ThirdParty:1030 - CMSIS Pack Vendor :STMicroelectronics X-CUBE-AZRTOS-WL 1.0.0
2023-05-26 16:31:00,605 [INFO] ThirdParty:1030 - CMSIS Pack Vendor :STMicroelectronics X-CUBE-MEMS1 9.3.0
2023-05-26 16:31:00,605 [INFO] ThirdParty:1030 - CMSIS Pack Vendor :STMicroelectronics X-CUBE-EEPRMA1 4.1.0
2023-05-26 16:31:00,605 [INFO] ThirdParty:1030 - CMSIS Pack Vendor :portGmbH I-Cube-SoM-uGOAL 1.1.0
2023-05-26 16:31:00,605 [INFO] ThirdParty:1030 - CMSIS Pack Vendor :STMicroelectronics X-CUBE-ALS 1.0.1
2023-05-26 16:31:00,605 [INFO] ThirdParty:1030 - CMSIS Pack Vendor :STMicroelectronics X-CUBE-MEMS1 9.5.0
2023-05-26 16:31:00,605 [INFO] ThirdParty:1030 - CMSIS Pack Vendor :STMicroelectronics ThreadX 1.0.0
2023-05-26 16:31:00,605 [INFO] ThirdParty:1030 - CMSIS Pack Vendor :STMicroelectronics X-CUBE-AZRTOS-WB 1.1.0
2023-05-26 16:31:00,605 [INFO] ThirdParty:1030 - CMSIS Pack Vendor :SEGGER I-CUBE-embOS 1.3.1
2023-05-26 16:31:00,605 [INFO] ThirdParty:1030 - CMSIS Pack Vendor :STMicroelectronics X-CUBE-AZRTOS-L5 1.0.0
2023-05-26 16:31:00,605 [INFO] ThirdParty:1030 - CMSIS Pack Vendor :STMicroelectronics USB_DEVICE 1.0.0
2023-05-26 16:31:00,605 [INFO] ThirdParty:1030 - CMSIS Pack Vendor :STMicroelectronics X-CUBE-EEPRMA1 3.1.1
2023-05-26 16:31:00,605 [INFO] ThirdParty:1030 - CMSIS Pack Vendor :STMicroelectronics X-CUBE-AZRTOS-L4 2.0.0
2023-05-26 16:31:00,605 [INFO] ThirdParty:1030 - CMSIS Pack Vendor :STMicroelectronics ThreadX 0.0.2
2023-05-26 16:31:00,605 [INFO] ThirdParty:1030 - CMSIS Pack Vendor :WES I-CUBE-Cesium 1.3.0
2023-05-26 16:31:00,605 [INFO] ThirdParty:1030 - CMSIS Pack Vendor :STMicroelectronics FP-ATR-ASTRA1 2.0.0
2023-05-26 16:31:00,605 [INFO] ThirdParty:1030 - CMSIS Pack Vendor :STMicroelectronics lwIP 2.1.2
2023-05-26 16:31:00,606 [INFO] ThirdParty:1030 - CMSIS Pack Vendor :STMicroelectronics X-CUBE-SFXS2LP1 4.0.0
2023-05-26 16:31:00,606 [INFO] ThirdParty:1030 - CMSIS Pack Vendor :STMicroelectronics X-CUBE-BLE2 3.3.0
2023-05-26 16:31:00,606 [INFO] ThirdParty:1030 - CMSIS Pack Vendor :STMicroelectronics X-CUBE-DISPLAY 2.2.0
2023-05-26 16:31:00,606 [INFO] ThirdParty:1030 - CMSIS Pack Vendor :STMicroelectronics X-CUBE-TOF1 3.2.0
2023-05-26 16:31:00,606 [INFO] ThirdParty:1030 - CMSIS Pack Vendor :STMicroelectronics PDM2PCM 3.2.0
2023-05-26 16:31:00,606 [INFO] ThirdParty:1030 - CMSIS Pack Vendor :STMicroelectronics X-CUBE-AZRTOS-H7 3.0.0
2023-05-26 16:31:00,606 [INFO] ThirdParty:841 - exiting critical section [change project]
2023-05-26 16:31:00,728 [INFO] PinOutPanel:1499 - setPackage(No Configuration,No Configuration)
2023-05-26 16:31:00,729 [INFO] PinOutPanel:1499 - setPackage(STM32F411RETx,LQFP64)
2023-05-26 16:31:01,089 [INFO] UtilMem:75 - Before build in PCC Used Memory: 321708544 Bytes (686817280)
2023-05-26 16:31:01,522 [INFO] UtilMem:75 - After build in PCC Used Memory: 495772200 Bytes (686817280)
2023-05-26 16:31:01,543 [INFO] IPUIPlugin:80 - create IPUIPlugin
2023-05-26 16:31:01,544 [INFO] IPUIPlugin:80 - create IPUIPlugin
2023-05-26 16:31:01,544 [INFO] IPUIPlugin:80 - create IPUIPlugin
2023-05-26 16:31:01,544 [INFO] IPUIPlugin:80 - create IPUIPlugin
2023-05-26 16:31:01,544 [INFO] IPUIPlugin:80 - create IPUIPlugin
2023-05-26 16:31:01,544 [INFO] IPUIPlugin:80 - create IPUIPlugin
2023-05-26 16:31:01,544 [INFO] IPUIPlugin:80 - create IPUIPlugin
2023-05-26 16:31:01,544 [INFO] IPUIPlugin:80 - create IPUIPlugin
2023-05-26 16:31:01,544 [INFO] IPUIPlugin:80 - create IPUIPlugin
2023-05-26 16:31:01,544 [INFO] IPUIPlugin:80 - create IPUIPlugin
2023-05-26 16:31:01,544 [INFO] IPUIPlugin:80 - create IPUIPlugin
2023-05-26 16:31:01,544 [INFO] IPUIPlugin:80 - create IPUIPlugin
2023-05-26 16:31:01,545 [INFO] IPUIPlugin:80 - create IPUIPlugin
2023-05-26 16:31:01,545 [INFO] IPUIPlugin:80 - create IPUIPlugin
2023-05-26 16:31:01,545 [INFO] IPUIPlugin:80 - create IPUIPlugin
2023-05-26 16:31:01,545 [INFO] IPUIPlugin:80 - create IPUIPlugin
2023-05-26 16:31:01,545 [INFO] IPUIPlugin:80 - create IPUIPlugin
2023-05-26 16:31:01,545 [INFO] IPUIPlugin:80 - create IPUIPlugin
2023-05-26 16:31:01,545 [INFO] IPUIPlugin:80 - create IPUIPlugin
2023-05-26 16:31:01,545 [INFO] IPUIPlugin:80 - create IPUIPlugin
2023-05-26 16:31:01,545 [INFO] IPUIPlugin:80 - create IPUIPlugin
2023-05-26 16:31:01,546 [INFO] IPUIPlugin:80 - create IPUIPlugin
2023-05-26 16:31:01,546 [INFO] IPUIPlugin:80 - create IPUIPlugin
2023-05-26 16:31:01,546 [INFO] IPUIPlugin:80 - create IPUIPlugin
2023-05-26 16:31:01,546 [INFO] IPUIPlugin:80 - create IPUIPlugin
2023-05-26 16:31:01,546 [INFO] IPUIPlugin:80 - create IPUIPlugin
2023-05-26 16:31:01,547 [INFO] IPUIPlugin:80 - create IPUIPlugin
2023-05-26 16:31:01,548 [INFO] IPUIPlugin:80 - create IPUIPlugin
2023-05-26 16:31:01,548 [INFO] IPUIPlugin:80 - create IPUIPlugin
2023-05-26 16:31:01,548 [INFO] IPUIPlugin:80 - create IPUIPlugin
2023-05-26 16:31:01,548 [INFO] IPUIPlugin:80 - create IPUIPlugin
2023-05-26 16:31:01,548 [INFO] IPUIPlugin:80 - create IPUIPlugin
2023-05-26 16:31:01,548 [INFO] IPUIPlugin:80 - create IPUIPlugin
2023-05-26 16:31:01,548 [INFO] IPUIPlugin:80 - create IPUIPlugin
2023-05-26 16:31:01,549 [INFO] IPUIPlugin:80 - create IPUIPlugin
2023-05-26 16:31:01,549 [INFO] IPUIPlugin:80 - create IPUIPlugin
2023-05-26 16:31:01,549 [INFO] IPUIPlugin:80 - create IPUIPlugin
2023-05-26 16:31:01,549 [INFO] IPUIPlugin:80 - create IPUIPlugin
2023-05-26 16:31:01,549 [INFO] IPUIPlugin:80 - create IPUIPlugin
2023-05-26 16:31:01,549 [INFO] IPUIPlugin:80 - create IPUIPlugin
2023-05-26 16:31:01,550 [INFO] IPUIPlugin:80 - create IPUIPlugin
2023-05-26 16:31:01,550 [INFO] IPUIPlugin:80 - create IPUIPlugin
2023-05-26 16:31:01,550 [INFO] IPUIPlugin:80 - create IPUIPlugin
2023-05-26 16:31:01,550 [INFO] IPUIPlugin:80 - create IPUIPlugin
2023-05-26 16:31:01,579 [INFO] ApiDbMcu:507 - Load IP Config File for PDM2PCM
2023-05-26 16:31:01,588 [WARN] IP:2113 - I2C_Coeff_DF not found: check if there is a RefParameter without a condition.
2023-05-26 16:31:01,588 [WARN] IP:2113 - Analog_Filter not found: check if there is a RefParameter without a condition.
2023-05-26 16:31:01,589 [WARN] IP:2113 - I2C_Coeff_DF not found: check if there is a RefParameter without a condition.
2023-05-26 16:31:01,589 [WARN] IP:2113 - Analog_Filter not found: check if there is a RefParameter without a condition.
2023-05-26 16:31:01,618 [WARN] FreeRTOS:1023 - Null or empty value: should not occur! (nothing added to the table)
2023-05-26 16:31:01,755 [INFO] CADModel:165 - CPN selected for project levelSTM32F411RET6
2023-05-26 16:31:01,755 [INFO] CADModel:114 - Register for checkConnection events
2023-05-26 16:31:01,757 [INFO] RtosManager:697 - Active RTOS found at IOC load: FREERTOS [Cortex-M4NS]
2023-05-26 16:31:01,810 [INFO] OpenFileManager:328 - Restore cursor
2023-05-26 16:31:02,009 [WARN] IP:2113 - I2C_Coeff_DF not found: check if there is a RefParameter without a condition.
2023-05-26 16:31:02,009 [WARN] IP:2113 - Analog_Filter not found: check if there is a RefParameter without a condition.
2023-05-26 16:31:02,009 [WARN] IP:2113 - I2C_Coeff_DF not found: check if there is a RefParameter without a condition.
2023-05-26 16:31:02,009 [WARN] IP:2113 - Analog_Filter not found: check if there is a RefParameter without a condition.
2023-05-26 16:31:02,010 [WARN] IP:2113 - I2C_Coeff_DF not found: check if there is a RefParameter without a condition.
2023-05-26 16:31:02,011 [WARN] IP:2113 - Analog_Filter not found: check if there is a RefParameter without a condition.
2023-05-26 16:31:02,011 [WARN] IP:2113 - I2C_Coeff_DF not found: check if there is a RefParameter without a condition.
2023-05-26 16:31:02,011 [WARN] IP:2113 - Analog_Filter not found: check if there is a RefParameter without a condition.
