2022-11-04 09:05:24,757 [INFO] Activator:176 - 


2022-11-04 09:05:24,757 [INFO] Activator:177 - !SESSION log4j initialized
2022-11-04 09:05:32,598 [INFO] ApplicationProperties:181 - Using Application install path: C:\Users\Daniel\Desktop\oldversionSTCUBE\STM32CubeIDE_1.2.0\STM32CubeIDE\plugins\com.st.stm32cube.common.mx_5.5.0.201912201511
2022-11-04 09:05:32,614 [INFO] DbMcusXml:69 - Set database path to: C:\Users\Daniel\Desktop\oldversionSTCUBE\STM32CubeIDE_1.2.0\STM32CubeIDE\plugins\com.st.stm32cube.common.mx_5.5.0.201912201511\\db\/mcu/
2022-11-04 09:05:32,614 [INFO] DbBoardsPdsc:54 - Set plugin database path to: C:\Users\Daniel\Desktop\oldversionSTCUBE\STM32CubeIDE_1.2.0\STM32CubeIDE\plugins\com.st.stm32cube.common.mx_5.5.0.201912201511\\db\/plugins/boardmanager/
2022-11-04 09:05:32,614 [INFO] DbMcus:264 - Set plugin images path to: C:\Users\Daniel\Desktop\oldversionSTCUBE\STM32CubeIDE_1.2.0\STM32CubeIDE\plugins\com.st.stm32cube.common.mx_5.5.0.201912201511\\db\/plugins/mcufinder/images/
2022-11-04 09:05:32,614 [INFO] DbBoards:232 - Set plugin images path to: C:\Users\Daniel\Desktop\oldversionSTCUBE\STM32CubeIDE_1.2.0\STM32CubeIDE\plugins\com.st.stm32cube.common.mx_5.5.0.201912201511\\db\/plugins/mcufinder/images/
2022-11-04 09:05:32,630 [INFO] APIGFXSelector:72 - Set database path to: C:\Users\Daniel\Desktop\oldversionSTCUBE\STM32CubeIDE_1.2.0\STM32CubeIDE\plugins\com.st.stm32cube.common.mx_5.5.0.201912201511\\db\/plugins/mcufinder/mcu/
2022-11-04 09:05:32,630 [INFO] DbMcusAds:72 - Set database path to: C:\Users\Daniel\.stmcufinder\plugins\mcufinder//mcu/
2022-11-04 09:05:32,630 [INFO] DbMcusDocs:92 - Set database path to: C:\Users\Daniel\.stmcufinder\plugins\mcufinder//mcu/
2022-11-04 09:05:32,630 [INFO] DbMcusJson:59 - Set database path to: C:\Users\Daniel\.stmcufinder\plugins\mcufinder//mcu/
2022-11-04 09:05:32,630 [INFO] DbBoardsDocs:84 - Set database path to: C:\Users\Daniel\.stmcufinder\plugins\mcufinder//mcu/
2022-11-04 09:05:32,630 [INFO] DbBoardsJson:51 - Set database path to: C:\Users\Daniel\.stmcufinder\plugins\mcufinder//mcu/
2022-11-04 09:05:32,645 [INFO] CrossReferenceDbSqlite:197 - Set database path to: C:\Users\Daniel\.stmcufinder\plugins\mcufinder//mcu/cs/
2022-11-04 09:05:32,755 [INFO] RulesReader:52 - Compatibility file has been processed (205 Rules)
2022-11-04 09:05:32,848 [INFO] MicroXplorer:570 - Detected Java Version = 1.8.0_202
2022-11-04 09:05:32,848 [INFO] DbMcusXml:69 - Set database path to: C:\Users\Daniel\Desktop\oldversionSTCUBE\STM32CubeIDE_1.2.0\STM32CubeIDE\plugins\com.st.stm32cube.common.mx_5.5.0.201912201511\\db\/mcu/
2022-11-04 09:05:32,848 [INFO] DbBoardsPdsc:54 - Set plugin database path to: C:\Users\Daniel\Desktop\oldversionSTCUBE\STM32CubeIDE_1.2.0\STM32CubeIDE\plugins\com.st.stm32cube.common.mx_5.5.0.201912201511\\db\/plugins/boardmanager/
2022-11-04 09:05:32,848 [INFO] DbMcus:264 - Set plugin images path to: C:\Users\Daniel\Desktop\oldversionSTCUBE\STM32CubeIDE_1.2.0\STM32CubeIDE\plugins\com.st.stm32cube.common.mx_5.5.0.201912201511\\db\/plugins/mcufinder/images/
2022-11-04 09:05:32,848 [INFO] DbBoards:232 - Set plugin images path to: C:\Users\Daniel\Desktop\oldversionSTCUBE\STM32CubeIDE_1.2.0\STM32CubeIDE\plugins\com.st.stm32cube.common.mx_5.5.0.201912201511\\db\/plugins/mcufinder/images/
2022-11-04 09:05:32,848 [INFO] APIGFXSelector:72 - Set database path to: C:\Users\Daniel\Desktop\oldversionSTCUBE\STM32CubeIDE_1.2.0\STM32CubeIDE\plugins\com.st.stm32cube.common.mx_5.5.0.201912201511\\db\/plugins/mcufinder/mcu/
2022-11-04 09:05:32,848 [WARN] DbFile:31 - Overriding database path with different value: C:\Users\Daniel\.stmcufinder\plugins\mcufinder/ => C:\Users\Daniel\.stmcufinder\plugins\mcufinder
2022-11-04 09:05:32,848 [INFO] DbMcusAds:72 - Set database path to: C:\Users\Daniel\.stmcufinder\plugins\mcufinder//mcu/
2022-11-04 09:05:32,848 [WARN] DbFile:31 - Overriding database path with different value: C:\Users\Daniel\.stmcufinder\plugins\mcufinder/ => C:\Users\Daniel\.stmcufinder\plugins\mcufinder
2022-11-04 09:05:32,848 [INFO] DbMcusDocs:92 - Set database path to: C:\Users\Daniel\.stmcufinder\plugins\mcufinder//mcu/
2022-11-04 09:05:32,848 [WARN] DbFile:31 - Overriding database path with different value: C:\Users\Daniel\.stmcufinder\plugins\mcufinder/ => C:\Users\Daniel\.stmcufinder\plugins\mcufinder
2022-11-04 09:05:32,848 [INFO] DbMcusJson:59 - Set database path to: C:\Users\Daniel\.stmcufinder\plugins\mcufinder//mcu/
2022-11-04 09:05:32,848 [WARN] DbFile:31 - Overriding database path with different value: C:\Users\Daniel\.stmcufinder\plugins\mcufinder/ => C:\Users\Daniel\.stmcufinder\plugins\mcufinder
2022-11-04 09:05:32,848 [INFO] DbBoardsDocs:84 - Set database path to: C:\Users\Daniel\.stmcufinder\plugins\mcufinder//mcu/
2022-11-04 09:05:32,848 [WARN] DbFile:31 - Overriding database path with different value: C:\Users\Daniel\.stmcufinder\plugins\mcufinder/ => C:\Users\Daniel\.stmcufinder\plugins\mcufinder
2022-11-04 09:05:32,848 [INFO] DbBoardsJson:51 - Set database path to: C:\Users\Daniel\.stmcufinder\plugins\mcufinder//mcu/
2022-11-04 09:05:32,848 [WARN] DbFile:31 - Overriding database path with different value: C:\Users\Daniel\.stmcufinder\plugins\mcufinder/ => C:\Users\Daniel\.stmcufinder\plugins\mcufinder
2022-11-04 09:05:32,848 [WARN] DbFile:31 - Overriding database path with different value: C:\Users\Daniel\.stmcufinder\plugins\mcufinder/ => C:\Users\Daniel\.stmcufinder\plugins\mcufinder
2022-11-04 09:05:32,848 [INFO] CrossReferenceDbSqlite:197 - Set database path to: C:\Users\Daniel\.stmcufinder\plugins\mcufinder//mcu/cs/
2022-11-04 09:05:32,942 [INFO] MainPanel:180 - HeapMemory: 313524224
2022-11-04 09:05:33,005 [INFO] DbMcusXml:69 - Set database path to: C:\Users\Daniel\Desktop\oldversionSTCUBE\STM32CubeIDE_1.2.0\STM32CubeIDE\plugins\com.st.stm32cube.common.mx_5.5.0.201912201511\\db\/mcu/
2022-11-04 09:05:33,005 [INFO] DbBoardsPdsc:54 - Set plugin database path to: C:\Users\Daniel\Desktop\oldversionSTCUBE\STM32CubeIDE_1.2.0\STM32CubeIDE\plugins\com.st.stm32cube.common.mx_5.5.0.201912201511\\db\/plugins/boardmanager/
2022-11-04 09:05:33,005 [INFO] DbMcus:264 - Set plugin images path to: C:\Users\Daniel\Desktop\oldversionSTCUBE\STM32CubeIDE_1.2.0\STM32CubeIDE\plugins\com.st.stm32cube.common.mx_5.5.0.201912201511\\db\/plugins/mcufinder/images/
2022-11-04 09:05:33,005 [INFO] DbBoards:232 - Set plugin images path to: C:\Users\Daniel\Desktop\oldversionSTCUBE\STM32CubeIDE_1.2.0\STM32CubeIDE\plugins\com.st.stm32cube.common.mx_5.5.0.201912201511\\db\/plugins/mcufinder/images/
2022-11-04 09:05:33,005 [INFO] APIGFXSelector:72 - Set database path to: C:\Users\Daniel\Desktop\oldversionSTCUBE\STM32CubeIDE_1.2.0\STM32CubeIDE\plugins\com.st.stm32cube.common.mx_5.5.0.201912201511\\db\/plugins/mcufinder/mcu/
2022-11-04 09:05:33,005 [WARN] DbFile:31 - Overriding database path with different value: C:\Users\Daniel\.stmcufinder\plugins\mcufinder/ => C:\Users\Daniel\.stmcufinder\plugins\mcufinder
2022-11-04 09:05:33,005 [INFO] DbMcusAds:72 - Set database path to: C:\Users\Daniel\.stmcufinder\plugins\mcufinder//mcu/
2022-11-04 09:05:33,020 [WARN] DbFile:31 - Overriding database path with different value: C:\Users\Daniel\.stmcufinder\plugins\mcufinder/ => C:\Users\Daniel\.stmcufinder\plugins\mcufinder
2022-11-04 09:05:33,020 [INFO] DbMcusDocs:92 - Set database path to: C:\Users\Daniel\.stmcufinder\plugins\mcufinder//mcu/
2022-11-04 09:05:33,020 [WARN] DbFile:31 - Overriding database path with different value: C:\Users\Daniel\.stmcufinder\plugins\mcufinder/ => C:\Users\Daniel\.stmcufinder\plugins\mcufinder
2022-11-04 09:05:33,020 [INFO] DbMcusJson:59 - Set database path to: C:\Users\Daniel\.stmcufinder\plugins\mcufinder//mcu/
2022-11-04 09:05:33,020 [WARN] DbFile:31 - Overriding database path with different value: C:\Users\Daniel\.stmcufinder\plugins\mcufinder/ => C:\Users\Daniel\.stmcufinder\plugins\mcufinder
2022-11-04 09:05:33,020 [INFO] DbBoardsDocs:84 - Set database path to: C:\Users\Daniel\.stmcufinder\plugins\mcufinder//mcu/
2022-11-04 09:05:33,020 [WARN] DbFile:31 - Overriding database path with different value: C:\Users\Daniel\.stmcufinder\plugins\mcufinder/ => C:\Users\Daniel\.stmcufinder\plugins\mcufinder
2022-11-04 09:05:33,020 [INFO] DbBoardsJson:51 - Set database path to: C:\Users\Daniel\.stmcufinder\plugins\mcufinder//mcu/
2022-11-04 09:05:33,020 [WARN] DbFile:31 - Overriding database path with different value: C:\Users\Daniel\.stmcufinder\plugins\mcufinder/ => C:\Users\Daniel\.stmcufinder\plugins\mcufinder
2022-11-04 09:05:33,020 [WARN] DbFile:31 - Overriding database path with different value: C:\Users\Daniel\.stmcufinder\plugins\mcufinder/ => C:\Users\Daniel\.stmcufinder\plugins\mcufinder
2022-11-04 09:05:33,020 [INFO] CrossReferenceDbSqlite:197 - Set database path to: C:\Users\Daniel\.stmcufinder\plugins\mcufinder//mcu/cs/
2022-11-04 09:05:33,036 [INFO] ApplicationProperties:181 - Using Application install path: C:\Users\Daniel\Desktop\oldversionSTCUBE\STM32CubeIDE_1.2.0\STM32CubeIDE\plugins\com.st.stm32cube.common.mx_5.5.0.201912201511
2022-11-04 09:05:33,036 [INFO] PluginManage:178 - Search for loadable plugins [exclusion list=]
2022-11-04 09:05:33,036 [INFO] PluginManage:292 - Check plugin analytics
2022-11-04 09:05:33,051 [INFO] PluginManage:342 - Loaded plugin analytics (category:tool,tabindex:-1)
2022-11-04 09:05:33,051 [INFO] PluginManage:292 - Check plugin clock
2022-11-04 09:05:33,067 [INFO] PluginManage:342 - Loaded plugin clock (category:base,tabindex:2)
2022-11-04 09:05:33,067 [INFO] PluginManage:292 - Check plugin ddr
2022-11-04 09:05:33,083 [INFO] PluginManage:342 - Loaded plugin ddr (category:tool,tabindex:6)
2022-11-04 09:05:33,083 [INFO] PluginManage:292 - Check plugin filemanager
2022-11-04 09:05:33,223 [INFO] PluginManage:342 - Loaded plugin filemanager (category:base,tabindex:10)
2022-11-04 09:05:33,223 [INFO] PluginManage:292 - Check plugin ipmanager
2022-11-04 09:05:33,239 [INFO] PluginManage:342 - Loaded plugin ipmanager (category:base,tabindex:5)
2022-11-04 09:05:33,239 [INFO] PluginManage:292 - Check plugin pinoutandconfiguration
2022-11-04 09:05:33,255 [INFO] PluginManage:342 - Loaded plugin pinoutandconfiguration (category:base,tabindex:1)
2022-11-04 09:05:33,255 [INFO] PluginManage:292 - Check plugin pinoutconfig
2022-11-04 09:05:33,301 [INFO] PluginManage:342 - Loaded plugin pinoutconfig (category:base,tabindex:0)
2022-11-04 09:05:33,301 [INFO] PluginManage:292 - Check plugin power
2022-11-04 09:05:33,317 [INFO] PluginManage:342 - Loaded plugin power (category:power,tabindex:4)
2022-11-04 09:05:33,317 [INFO] PluginManage:292 - Check plugin projectmanager
2022-11-04 09:05:33,333 [INFO] PluginManage:342 - Loaded plugin projectmanager (category:projectmanager,tabindex:3)
2022-11-04 09:05:33,333 [INFO] PluginManage:292 - Check plugin thirdparty
2022-11-04 09:05:33,426 [INFO] ThirdPartyDb:295 - Open Third Party DataBase File (C:/Users/Daniel/.stm32cubemx/plugins/thirdparty/db/thirdparties_db.xml) : 47 ms. number of Sw pack : 16
2022-11-04 09:05:33,426 [INFO] PluginManage:342 - Loaded plugin thirdparty (category:base,tabindex:-1)
2022-11-04 09:05:33,426 [INFO] PluginManage:292 - Check plugin tools
2022-11-04 09:05:33,473 [INFO] PluginManage:342 - Loaded plugin tools (category:base,tabindex:7)
2022-11-04 09:05:33,473 [INFO] PluginManage:292 - Check plugin updater
2022-11-04 09:05:33,473 [INFO] PluginManage:342 - Loaded plugin updater (category:base,tabindex:12)
2022-11-04 09:05:33,489 [INFO] PluginManage:265 - PluginManage : Loaded plugins [12]
2022-11-04 09:05:33,645 [INFO] PinOutPanel:1399 - setPackage(No Configuration,No Configuration)
2022-11-04 09:05:33,754 [INFO] IPUIPlugin:65 - create IPUIPlugin
2022-11-04 09:05:33,754 [INFO] PluginManager:200 - loadIPPluginJar : add adc
2022-11-04 09:05:33,801 [INFO] IPUIPlugin:65 - create IPUIPlugin
2022-11-04 09:05:33,801 [INFO] PluginManager:200 - loadIPPluginJar : add aes
2022-11-04 09:05:33,864 [INFO] IPUIPlugin:65 - create IPUIPlugin
2022-11-04 09:05:33,864 [INFO] PluginManager:200 - loadIPPluginJar : add can
2022-11-04 09:05:33,895 [INFO] IPUIPlugin:65 - create IPUIPlugin
2022-11-04 09:05:33,895 [INFO] PluginManager:200 - loadIPPluginJar : add comp
2022-11-04 09:05:33,911 [INFO] IPUIPlugin:65 - create IPUIPlugin
2022-11-04 09:05:33,911 [INFO] PluginManager:200 - loadIPPluginJar : add cryp
2022-11-04 09:05:33,942 [INFO] IPUIPlugin:65 - create IPUIPlugin
2022-11-04 09:05:33,942 [INFO] PluginManager:200 - loadIPPluginJar : add dfsdm
2022-11-04 09:05:33,957 [INFO] IPUIPlugin:65 - create IPUIPlugin
2022-11-04 09:05:33,973 [INFO] PluginManager:200 - loadIPPluginJar : add dma
2022-11-04 09:05:34,004 [INFO] IPUIPlugin:65 - create IPUIPlugin
2022-11-04 09:05:34,004 [INFO] PluginManager:200 - loadIPPluginJar : add fatfs
2022-11-04 09:05:34,067 [INFO] IPUIPlugin:65 - create IPUIPlugin
2022-11-04 09:05:34,067 [INFO] PluginManager:200 - loadIPPluginJar : add fmc
2022-11-04 09:05:34,082 [INFO] IPUIPlugin:65 - create IPUIPlugin
2022-11-04 09:05:34,082 [INFO] PluginManager:200 - loadIPPluginJar : add freertos
2022-11-04 09:05:34,098 [INFO] IPUIPlugin:65 - create IPUIPlugin
2022-11-04 09:05:34,098 [INFO] PluginManager:200 - loadIPPluginJar : add genericplugin
2022-11-04 09:05:34,192 [INFO] IPUIPlugin:65 - create IPUIPlugin
2022-11-04 09:05:34,192 [INFO] PluginManager:200 - loadIPPluginJar : add gfxmmu
2022-11-04 09:05:34,207 [INFO] IPUIPlugin:65 - create IPUIPlugin
2022-11-04 09:05:34,207 [INFO] PluginManager:200 - loadIPPluginJar : add gfxsimulator
2022-11-04 09:05:34,332 [INFO] IPUIPlugin:65 - create IPUIPlugin
2022-11-04 09:05:34,332 [INFO] PluginManager:200 - loadIPPluginJar : add gic
2022-11-04 09:05:34,348 [INFO] IPUIPlugin:65 - create IPUIPlugin
2022-11-04 09:05:34,348 [INFO] PluginManager:200 - loadIPPluginJar : add gpio
2022-11-04 09:05:34,395 [INFO] IPUIPlugin:65 - create IPUIPlugin
2022-11-04 09:05:34,395 [INFO] PluginManager:200 - loadIPPluginJar : add gtzc
2022-11-04 09:05:34,426 [INFO] IPUIPlugin:65 - create IPUIPlugin
2022-11-04 09:05:34,426 [INFO] PluginManager:200 - loadIPPluginJar : add hash
2022-11-04 09:05:34,489 [INFO] IPUIPlugin:65 - create IPUIPlugin
2022-11-04 09:05:34,489 [INFO] PluginManager:200 - loadIPPluginJar : add i2c
2022-11-04 09:05:34,535 [INFO] IPUIPlugin:65 - create IPUIPlugin
2022-11-04 09:05:34,535 [INFO] PluginManager:200 - loadIPPluginJar : add i2s
2022-11-04 09:05:34,645 [INFO] IPUIPlugin:65 - create IPUIPlugin
2022-11-04 09:05:34,645 [INFO] PluginManager:200 - loadIPPluginJar : add ipddr
2022-11-04 09:05:34,676 [INFO] IPUIPlugin:65 - create IPUIPlugin
2022-11-04 09:05:34,676 [INFO] PluginManager:200 - loadIPPluginJar : add ltdc
2022-11-04 09:05:34,692 [INFO] IPUIPlugin:65 - create IPUIPlugin
2022-11-04 09:05:34,692 [INFO] PluginManager:200 - loadIPPluginJar : add mdma
2022-11-04 09:05:34,707 [INFO] IPUIPlugin:65 - create IPUIPlugin
2022-11-04 09:05:34,707 [INFO] PluginManager:200 - loadIPPluginJar : add nvic
2022-11-04 09:05:34,739 [INFO] IPUIPlugin:65 - create IPUIPlugin
2022-11-04 09:05:34,739 [INFO] PluginManager:200 - loadIPPluginJar : add opamp
2022-11-04 09:05:34,785 [INFO] IPUIPlugin:65 - create IPUIPlugin
2022-11-04 09:05:34,785 [INFO] PluginManager:200 - loadIPPluginJar : add pdm2pcm
2022-11-04 09:05:34,801 [INFO] IPUIPlugin:65 - create IPUIPlugin
2022-11-04 09:05:34,801 [INFO] PluginManager:200 - loadIPPluginJar : add plateformsettings
2022-11-04 09:05:34,817 [INFO] IPUIPlugin:65 - create IPUIPlugin
2022-11-04 09:05:34,817 [INFO] PluginManager:200 - loadIPPluginJar : add quadspi
2022-11-04 09:05:34,832 [INFO] IPUIPlugin:65 - create IPUIPlugin
2022-11-04 09:05:34,832 [INFO] PluginManager:200 - loadIPPluginJar : add resmgrutility
2022-11-04 09:05:34,879 [INFO] IPUIPlugin:65 - create IPUIPlugin
2022-11-04 09:05:34,879 [INFO] PluginManager:200 - loadIPPluginJar : add sai
2022-11-04 09:05:34,910 [INFO] IPUIPlugin:65 - create IPUIPlugin
2022-11-04 09:05:34,910 [INFO] PluginManager:200 - loadIPPluginJar : add spi
2022-11-04 09:05:34,942 [INFO] IPUIPlugin:65 - create IPUIPlugin
2022-11-04 09:05:34,942 [INFO] PluginManager:200 - loadIPPluginJar : add stm32_wpan
2022-11-04 09:05:34,957 [INFO] IPUIPlugin:65 - create IPUIPlugin
2022-11-04 09:05:34,957 [INFO] PluginManager:200 - loadIPPluginJar : add tim
2022-11-04 09:05:35,020 [INFO] IPUIPlugin:65 - create IPUIPlugin
2022-11-04 09:05:35,020 [INFO] PluginManager:200 - loadIPPluginJar : add touchsensing
2022-11-04 09:05:35,035 [INFO] IPUIPlugin:65 - create IPUIPlugin
2022-11-04 09:05:35,035 [INFO] PluginManager:200 - loadIPPluginJar : add tracer_emb
2022-11-04 09:05:35,051 [INFO] IPUIPlugin:65 - create IPUIPlugin
2022-11-04 09:05:35,067 [INFO] PluginManager:200 - loadIPPluginJar : add ts
2022-11-04 09:05:35,082 [INFO] IPUIPlugin:65 - create IPUIPlugin
2022-11-04 09:05:35,082 [INFO] PluginManager:200 - loadIPPluginJar : add tsc
2022-11-04 09:05:35,098 [INFO] IPUIPlugin:65 - create IPUIPlugin
2022-11-04 09:05:35,098 [INFO] PluginManager:200 - loadIPPluginJar : add ucpd
2022-11-04 09:05:35,129 [INFO] IPUIPlugin:65 - create IPUIPlugin
2022-11-04 09:05:35,129 [INFO] PluginManager:200 - loadIPPluginJar : add usart
2022-11-04 09:05:35,598 [INFO] BoardConnectionPanel:226 - [DDR PANEL] osNameString: Windows
2022-11-04 09:05:35,707 [INFO] BoardConnectionPanel:3472 - [DDR PANEL] STM32CubeIDE environment
2022-11-04 09:05:35,707 [INFO] MainDdrPanel:103 - [DDR PANEL] GETTER - cubeProgrammerPath is: null
2022-11-04 09:05:35,878 [FATAL] Updater:277 - Updater called before beeing initialized
2022-11-04 09:05:36,112 [FATAL] Updater:277 - Updater called before beeing initialized
2022-11-04 09:05:36,112 [INFO] PinOutPanel:1399 - setPackage(No Configuration,No Configuration)
2022-11-04 09:05:36,112 [FATAL] Updater:277 - Updater called before beeing initialized
2022-11-04 09:05:36,128 [INFO] BoardConnectionPanel:3472 - [DDR PANEL] STM32CubeIDE environment
2022-11-04 09:05:36,128 [INFO] MainDdrPanel:103 - [DDR PANEL] GETTER - cubeProgrammerPath is: C:\Users\Daniel\Desktop\oldversionSTCUBE\STM32CubeIDE_1.2.0\STM32CubeIDE\plugins\com.st.stm32cube.ide.mcu.externaltools.cubeprogrammer.win32_1.1.0.201910081157\tools\bin
2022-11-04 09:05:36,128 [INFO] ProgrammerExecThread:148 - [ProgrammerAPI] CubeProgrammer command construction: C:\Users\Daniel\Desktop\oldversionSTCUBE\STM32CubeIDE_1.2.0\STM32CubeIDE\plugins\com.st.stm32cube.ide.mcu.externaltools.cubeprogrammer.win32_1.1.0.201910081157\tools\bin\STM32_Programmer_CLI.exe -l
2022-11-04 09:05:36,440 [FATAL] Updater:277 - Updater called before beeing initialized
2022-11-04 09:05:36,440 [ERROR] IntegrityCheckThread:252 - Cannot obtain thirdParties list 21
2022-11-04 09:05:36,440 [ERROR] IntegrityCheckThread:100 - Unexpected exception IntegrityCheckThread Thread: Updater error
2022-11-04 09:05:36,440 [INFO] ThirdPartyDb:261 - Close Third Party DataBase File (C:/Users/Daniel/.stm32cubemx/plugins/thirdparty/db/thirdparties_db.xml)
2022-11-04 09:05:36,456 [INFO] MainDdrPanel:93 - [DDR PANEL] SETTER - Set cubeProgrammerPath to: C:\Users\Daniel\Desktop\oldversionSTCUBE\STM32CubeIDE_1.2.0\STM32CubeIDE\plugins\com.st.stm32cube.ide.mcu.externaltools.cubeprogrammer.win32_1.1.0.201910081157\tools\bin
2022-11-04 09:05:36,487 [INFO] Updater:886 - Updater Version found : 5.5.0
2022-11-04 09:05:36,518 [INFO] ApplicationProperties:181 - Using Application install path: C:\Users\Daniel\Desktop\oldversionSTCUBE\STM32CubeIDE_1.2.0\STM32CubeIDE\plugins\com.st.stm32cube.common.mx_5.5.0.201912201511
2022-11-04 09:05:36,925 [INFO] MainUpdater:2230 - connection check result : 10
2022-11-04 09:05:36,925 [INFO] MainUpdater:236 - Updater Check For Update Now.
2022-11-04 09:05:36,925 [INFO] MicroXplorer:420 - Change Database Version : DB.5.0.50
2022-11-04 09:05:37,050 [INFO] CheckServerUpdateThread:92 - End of CheckServer Thread
2022-11-04 09:05:37,143 [INFO] MainUpdater:2230 - connection check result : 10
2022-11-04 09:05:37,143 [INFO] LogOutputStream:76 - [STDOUT_REDIRECT] Successfull proxy connection.
2022-11-04 09:05:37,456 [INFO] McuFinderGlobals:40 - Set McuFinder mode to 2 (CubeIDE integrated)
2022-11-04 09:05:37,471 [INFO] FinderPluginLoader:86 - Searching for filters in installed packs
2022-11-04 09:05:37,503 [INFO] FinderPluginLoader:99 - Found C:\Users\Daniel\STM32Cube\Repository\Packs\STMicroelectronics\X-CUBE-AI\7.2.0\CubeMX\plugins\ip\ai.7.2.0.jar
2022-11-04 09:05:37,503 [INFO] FinderPluginLoader:110 - Loading ai.7.2.0
2022-11-04 09:05:37,565 [INFO] McuExtendedFiltersManager:90 - Add MCU extended filter: Artificial Intelligence
2022-11-04 09:05:37,565 [INFO] DbMcusXml:107 - Load MCU database from C:\Users\Daniel\Desktop\oldversionSTCUBE\STM32CubeIDE_1.2.0\STM32CubeIDE\plugins\com.st.stm32cube.common.mx_5.5.0.201912201511\\db\/mcu/families.xml
2022-11-04 09:05:38,705 [INFO] DbMcusJson:87 - JSON generation date=Tue Nov 16 18:17:54 EET 2021 (1637079474)
2022-11-04 09:05:40,189 [INFO] DbMcus:192 - Found 1628 MCUs (1588 are supported by CubeMX, 1588 are visible in CubeMX)
2022-11-04 09:05:40,189 [INFO] ApiDb:158 - Load user favorites file C:\Users\Daniel/.stm32cubeide/favorites.mcus.txt: 0 item(s)
2022-11-04 09:05:40,189 [INFO] ApiDb:163 - User favorites MCUs=[]
2022-11-04 09:05:40,189 [INFO] DbMcus:203 - Set 0 / 0 favorites MCUs
2022-11-04 09:05:40,330 [INFO] AInterface:109 - AInterface using toolDir: C:/Users/Daniel/STM32Cube/Repository//Packs/STMicroelectronics/X-CUBE-AI/7.2.0/Utilities/windows
2022-11-04 09:05:41,252 [INFO] LoadUrlFilesThread:161 - End of LoadServerUrlFiles without Thread
2022-11-04 09:05:41,252 [INFO] McuDetailPanel:181 - Set advertising image to C:/Users/Daniel/STM32Cube/Repository/\en.Prom_NBSTM32U50921.jpg
2022-11-04 09:05:41,970 [INFO] McuFilterPanel:282 - Update 0 favorites MCUs
2022-11-04 09:05:42,205 [INFO] DbBoardsPdsc:92 - Found 21 items
2022-11-04 09:05:42,220 [INFO] DbBoardsPdsc:92 - Found 9 items
2022-11-04 09:05:42,236 [INFO] DbBoardsPdsc:92 - Found 27 items
2022-11-04 09:05:42,251 [INFO] DbBoardsPdsc:92 - Found 1 items
2022-11-04 09:05:42,283 [INFO] DbBoardsPdsc:92 - Found 40 items
2022-11-04 09:05:42,298 [INFO] DbBoardsPdsc:92 - Found 39 items
2022-11-04 09:05:42,314 [INFO] DbBoardsPdsc:92 - Found 2 items
2022-11-04 09:05:42,330 [INFO] DbBoardsPdsc:92 - Found 4 items
2022-11-04 09:05:42,345 [WARN] DbBoardsPdsc:256 - Board STM32H7B3I-DK: unknown feature type=Audio, name=, username=Audio stereo codec with Headphone Amp (CS42L51-CNZ), n=1
2022-11-04 09:05:42,345 [WARN] DbBoardsPdsc:256 - Board STM32H7B3I-DK: unknown feature type=WIFI, name=, username=WIFI 802.11 b/g/n, n=1
2022-11-04 09:05:42,345 [WARN] DbBoardsPdsc:256 - Board STM32H7B3I-EVAL: unknown feature type=Audio, name=, username=Multi-Channel Audio Codec (CS42L51-CNZ), n=1
2022-11-04 09:05:42,345 [WARN] DbBoardsPdsc:256 - Board STM32H7B3I-EVAL: unknown feature type=Meter, name=, username=Power-metering and Temperature-monitoring with sigma-delta modulators, n=1
2022-11-04 09:05:42,345 [WARN] DbBoardsPdsc:256 - Board STM32H7B3I-EVAL: unknown feature type=WIFI, name=, username=WIFI 802.11 a/b/g/n, n=1
2022-11-04 09:05:42,345 [WARN] DbBoardsPdsc:256 - Board STM32H7B3I-EVAL: unknown feature type=Motor, name=, username=Motor Control, n=1
2022-11-04 09:05:42,345 [WARN] DbBoardsPdsc:256 - Board STEVAL-IDP005V1: unknown feature type=PWRSock, name=Power Socket, username=IO-Link 4-position M12 A-coded connector, n=1
2022-11-04 09:05:42,345 [WARN] DbBoardsPdsc:256 - Board STEVAL-IDP005V2: unknown feature type=PWRSock, name=Power Socket, username=IO-Link 4-position M12 A-coded connector, n=1
2022-11-04 09:05:42,392 [INFO] DbBoardsJson:79 - JSON generation date=Tue Nov 16 18:17:54 EET 2021 (1637079474)
2022-11-04 09:05:42,408 [INFO] DbBoards:120 - Found 165 boards (140 are supported by CubeMX)
2022-11-04 09:05:42,423 [INFO] DbBoardsDocs:118 - JSON generation date=Tue Nov 16 18:17:54 EET 2021 (1637079474)
2022-11-04 09:05:42,423 [INFO] DbBoardsDocs:57 - Found 209 boards documents
2022-11-04 09:05:42,423 [WARN] DbBoards:130 - board NUCLEO-H743ZI has no document id list !
2022-11-04 09:05:42,423 [WARN] DbBoards:130 - board P-NUCLEO-WB55-Nucleo has no document id list !
2022-11-04 09:05:42,423 [WARN] DbBoards:130 - board P-NUCLEO-WB55-USBDongle has no document id list !
2022-11-04 09:05:42,423 [WARN] DbBoards:130 - board STM32F401C-DISCO has no document id list !
2022-11-04 09:05:42,423 [WARN] DbBoards:130 - board STM32F769I-DISC1 has no document id list !
2022-11-04 09:05:42,423 [WARN] DbBoards:130 - board STM32L-DISCOVERY has no document id list !
2022-11-04 09:05:42,423 [WARN] DbBoards:130 - board STM32H747I-DISC1 has no document id list !
2022-11-04 09:05:42,423 [WARN] DbBoards:130 - board STM32439I-EVAL2 has no document id list !
2022-11-04 09:05:42,439 [WARN] DbBoards:130 - board STM32H743I-EVAL2 has no document id list !
2022-11-04 09:05:42,439 [WARN] DbBoards:130 - board STM32H753I-EVAL2 has no document id list !
2022-11-04 09:05:42,439 [WARN] DbBoards:130 - board STM32G474E-EVAL1 has no document id list !
2022-11-04 09:05:42,439 [WARN] DbBoards:130 - board STEVAL-BFA001V1B has no document id list !
2022-11-04 09:05:42,439 [WARN] DbBoards:130 - board STEVAL-BFA001V2B has no document id list !
2022-11-04 09:05:42,439 [WARN] DbBoards:130 - board STEVAL-MKSBOX1V1 has no document id list !
2022-11-04 09:05:42,439 [WARN] DbBoards:130 - board STEVAL-STWINKT1 has no document id list !
2022-11-04 09:05:42,439 [WARN] DbBoards:130 - board STEVAL-IDP005V1 has no document id list !
2022-11-04 09:05:42,439 [WARN] DbBoards:130 - board STEVAL-IDP005V2 has no document id list !
2022-11-04 09:05:42,439 [WARN] DbBoards:130 - board STEVAL-STWINKT1B has no document id list !
2022-11-04 09:05:42,564 [ERROR] DbBoards:192 - Image file not found for board NUCLEO-F413ZH: C:\Users\Daniel\Desktop\oldversionSTCUBE\STM32CubeIDE_1.2.0\STM32CubeIDE\plugins\com.st.stm32cube.common.mx_5.5.0.201912201511\\db\/plugins/mcufinder/images/boards/nucleo-f413zh_small.jpg
2022-11-04 09:05:42,611 [ERROR] DbBoards:192 - Image file not found for board NUCLEO-L552ZE-Q: C:\Users\Daniel\Desktop\oldversionSTCUBE\STM32CubeIDE_1.2.0\STM32CubeIDE\plugins\com.st.stm32cube.common.mx_5.5.0.201912201511\\db\/plugins/mcufinder/images/boards/nucleo_l552ze_q_small.jpg
2022-11-04 09:05:42,798 [ERROR] DbBoards:192 - Image file not found for board P-NUCLEO-WB55: C:\Users\Daniel\Desktop\oldversionSTCUBE\STM32CubeIDE_1.2.0\STM32CubeIDE\plugins\com.st.stm32cube.common.mx_5.5.0.201912201511\\db\/plugins/mcufinder/images/boards/p-nucleo-wb55_small.jpg
2022-11-04 09:05:43,548 [ERROR] DbBoards:192 - Image file not found for board STM32H7B3I-EVAL: C:\Users\Daniel\Desktop\oldversionSTCUBE\STM32CubeIDE_1.2.0\STM32CubeIDE\plugins\com.st.stm32cube.common.mx_5.5.0.201912201511\\db\/plugins/mcufinder/images/boards/stm32h7b3ieval_small.jpg
2022-11-04 09:05:43,876 [ERROR] DbBoards:192 - Image file not found for board B-L462E-CELL1: C:\Users\Daniel\Desktop\oldversionSTCUBE\STM32CubeIDE_1.2.0\STM32CubeIDE\plugins\com.st.stm32cube.common.mx_5.5.0.201912201511\\db\/plugins/mcufinder/images/boards/B-L462E-CELL1_small.jpg
2022-11-04 09:05:43,876 [ERROR] DbBoards:192 - Image file not found for board NUCLEO-WL55JC: C:\Users\Daniel\Desktop\oldversionSTCUBE\STM32CubeIDE_1.2.0\STM32CubeIDE\plugins\com.st.stm32cube.common.mx_5.5.0.201912201511\\db\/plugins/mcufinder/images/boards/nucleo-wl55jc-small.jpg
2022-11-04 09:05:43,892 [ERROR] DbBoards:192 - Image file not found for board STM32H735G-DK: C:\Users\Daniel\Desktop\oldversionSTCUBE\STM32CubeIDE_1.2.0\STM32CubeIDE\plugins\com.st.stm32cube.common.mx_5.5.0.201912201511\\db\/plugins/mcufinder/images/boards/STM32H735G_DK_small.jpg
2022-11-04 09:05:43,892 [ERROR] DbBoards:192 - Image file not found for board B-L4S5I-IOT01A: C:\Users\Daniel\Desktop\oldversionSTCUBE\STM32CubeIDE_1.2.0\STM32CubeIDE\plugins\com.st.stm32cube.common.mx_5.5.0.201912201511\\db\/plugins/mcufinder/images/boards/B-L4S5I-IOT01A_small.jpg
2022-11-04 09:05:43,907 [ERROR] DbBoards:192 - Image file not found for board NUCLEO-WB55RG: C:\Users\Daniel\Desktop\oldversionSTCUBE\STM32CubeIDE_1.2.0\STM32CubeIDE\plugins\com.st.stm32cube.common.mx_5.5.0.201912201511\\db\/plugins/mcufinder/images/boards/nucleo-wb55rg_small.jpg
2022-11-04 09:05:43,907 [ERROR] DbBoards:192 - Image file not found for board STM32G0C1E-EV: C:\Users\Daniel\Desktop\oldversionSTCUBE\STM32CubeIDE_1.2.0\STM32CubeIDE\plugins\com.st.stm32cube.common.mx_5.5.0.201912201511\\db\/plugins/mcufinder/images/boards/stm32g0c1e-eval_small.jpg
2022-11-04 09:05:43,907 [ERROR] DbBoards:192 - Image file not found for board NUCLEO-WB15CC: C:\Users\Daniel\Desktop\oldversionSTCUBE\STM32CubeIDE_1.2.0\STM32CubeIDE\plugins\com.st.stm32cube.common.mx_5.5.0.201912201511\\db\/plugins/mcufinder/images/boards/nucleo-wb15cc_small.jpg
2022-11-04 09:05:43,907 [ERROR] DbBoards:192 - Image file not found for board STM32WB5MM-DK: C:\Users\Daniel\Desktop\oldversionSTCUBE\STM32CubeIDE_1.2.0\STM32CubeIDE\plugins\com.st.stm32cube.common.mx_5.5.0.201912201511\\db\/plugins/mcufinder/images/boards/STM32WB5MM-DK_small.jpg
2022-11-04 09:05:43,907 [ERROR] DbBoards:192 - Image file not found for board B-U585I-IOT02A: C:\Users\Daniel\Desktop\oldversionSTCUBE\STM32CubeIDE_1.2.0\STM32CubeIDE\plugins\com.st.stm32cube.common.mx_5.5.0.201912201511\\db\/plugins/mcufinder/images/boards/B-U585I-IOT02A_small.jpg
2022-11-04 09:05:43,907 [ERROR] DbBoards:192 - Image file not found for board NUCLEO-U575ZI-Q: C:\Users\Daniel\Desktop\oldversionSTCUBE\STM32CubeIDE_1.2.0\STM32CubeIDE\plugins\com.st.stm32cube.common.mx_5.5.0.201912201511\\db\/plugins/mcufinder/images/boards/nucleo-u575zi-q_small.jpg
2022-11-04 09:05:43,907 [ERROR] DbBoards:192 - Image file not found for board STM32U575I-EV: C:\Users\Daniel\Desktop\oldversionSTCUBE\STM32CubeIDE_1.2.0\STM32CubeIDE\plugins\com.st.stm32cube.common.mx_5.5.0.201912201511\\db\/plugins/mcufinder/images/boards/stm32u575i-ev_small.jpg
2022-11-04 09:05:43,907 [ERROR] DbBoards:192 - Image file not found for board STEVAL-STWINKT1B: C:\Users\Daniel\Desktop\oldversionSTCUBE\STM32CubeIDE_1.2.0\STM32CubeIDE\plugins\com.st.stm32cube.common.mx_5.5.0.201912201511\\db\/plugins/mcufinder/images/boards/steval-stwinkt1b_small.jpg
2022-11-04 09:05:43,907 [INFO] ApiDb:158 - Load user favorites file C:\Users\Daniel/.stm32cubeide/favorites.boards.txt: 0 item(s)
2022-11-04 09:05:43,907 [INFO] ApiDb:163 - User favorites Boards=[]
2022-11-04 09:05:43,907 [INFO] DbBoards:209 - Set 0 / 0 favorites Boards
2022-11-04 09:05:44,017 [INFO] LoadUrlFilesThread:161 - End of LoadServerUrlFiles without Thread
2022-11-04 09:05:44,017 [INFO] BoardDetailPanel:179 - Set advertising image to C:/Users/Daniel/STM32Cube/Repository/\en.Prom_NBSTM32U50921.jpg
2022-11-04 09:05:44,079 [INFO] BoardFilterPanel:211 - Update 0 favorites Boards
2022-11-04 09:05:44,298 [INFO] CrossSelectorPresenter:1319 - Cross Selector saved comparison directory: C:\Users\Daniel\.stmcufinder\plugins\mcufinder\mcu\cs_comparisons_mx
2022-11-04 09:06:07,559 [INFO] DbMcusDocs:126 - JSON generation date=Tue Nov 16 18:17:54 EET 2021 (1637079474)
2022-11-04 09:06:07,653 [INFO] DbMcusDocs:61 - Found 682 MCUs documents
2022-11-04 09:06:14,878 [INFO] LogOutputStream:76 - [STDOUT_REDIRECT] withoutVersionV1.8.4
2022-11-04 09:06:14,878 [INFO] LogOutputStream:76 - [STDOUT_REDIRECT] withoutVersionV1.8.3
2022-11-04 09:06:14,878 [INFO] LogOutputStream:76 - [STDOUT_REDIRECT] withoutVersionV1.8.2
2022-11-04 09:06:14,878 [INFO] LogOutputStream:76 - [STDOUT_REDIRECT] withoutVersionV1.8.1
2022-11-04 09:06:14,878 [INFO] LogOutputStream:76 - [STDOUT_REDIRECT] withoutVersionV1.8.0
2022-11-04 09:06:15,081 [INFO] LogOutputStream:76 - [STDOUT_REDIRECT] File copied successfully!!
2022-11-04 09:06:16,684 [INFO] MainUpdater:2230 - connection check result : 10
2022-11-04 09:06:16,716 [INFO] MicroXplorer:390 - Change Database Path : 
2022-11-04 09:06:16,716 [INFO] MicroXplorer:420 - Change Database Version : DB.5.0.50
2022-11-04 09:06:16,716 [INFO] PinOutPanel:1399 - setPackage(No Configuration,No Configuration)
2022-11-04 09:06:16,716 [INFO] UtilMem:74 - Begin LoadConfig() Used Memory: 484738920 Bytes (1004535808)
2022-11-04 09:06:16,731 [INFO] MicroXplorer:390 - Change Database Path : 
2022-11-04 09:06:16,731 [INFO] MicroXplorer:420 - Change Database Version : DB.5.0.50
2022-11-04 09:06:16,731 [INFO] OpenFileManager:274 - Change cursor
2022-11-04 09:06:17,668 [INFO] ImportTextPane:162 - (OptionalMessage_ERROR) Unable to find key (Mcu.ThirdPartyNb) in loaded IOC file
2022-11-04 09:06:17,668 [INFO] ImportTextPane:162 - (OptionalMessage_ERROR) Unable to find key (Mcu.PinsNb) in loaded IOC file
2022-11-04 09:06:17,668 [INFO] ImportTextPane:162 - (OptionalMessage_ERROR) Unable to find key (Mcu.IPNb) in loaded IOC file
2022-11-04 09:06:17,778 [INFO] UtilMem:74 - End LoadConfig() Used Memory: 609564360 Bytes (1004535808)
2022-11-04 09:06:17,793 [INFO] ThirdPartyDb:295 - Open Third Party DataBase File (C:/Users/Daniel/.stm32cubemx/plugins/thirdparty/db/thirdparties_db.xml) : 0 ms. number of Sw pack : 16
2022-11-04 09:06:17,887 [INFO] ThirdParty:899 - CMSIS Pack Vendor :RoweBots I-CUBE-UNISONRTOS 5.5.0-4
2022-11-04 09:06:17,887 [INFO] ThirdParty:899 - CMSIS Pack Vendor :STMicroelectronics X-CUBE-GNSS1 6.0.0
2022-11-04 09:06:17,887 [INFO] ThirdParty:899 - CMSIS Pack Vendor :STMicroelectronics X-CUBE-BLE1 6.2.3
2022-11-04 09:06:17,887 [INFO] ThirdParty:899 - CMSIS Pack Vendor :STMicroelectronics X-CUBE-ALGOBUILD 1.3.0
2022-11-04 09:06:17,887 [INFO] ThirdParty:899 - CMSIS Pack Vendor :STMicroelectronics FreeRTOS 0.0.1
2022-11-04 09:06:17,887 [INFO] ThirdParty:899 - CMSIS Pack Vendor :SEGGER I-CUBE-embOS 1.2.0
2022-11-04 09:06:17,887 [INFO] ThirdParty:899 - CMSIS Pack Vendor :wolfSSL I-CUBE-wolfSSL 5.5.0
2022-11-04 09:06:17,887 [INFO] ThirdParty:899 - CMSIS Pack Vendor :STMicroelectronics X-CUBE-EEPRMA1 3.1.1
2022-11-04 09:06:17,887 [INFO] ThirdParty:899 - CMSIS Pack Vendor :STMicroelectronics X-CUBE-SFXS2LP1 4.0.0
2022-11-04 09:06:17,887 [INFO] ThirdParty:899 - CMSIS Pack Vendor :STMicroelectronics X-CUBE-NFC7 1.0.0
2022-11-04 09:06:17,887 [INFO] ThirdParty:899 - CMSIS Pack Vendor :STMicroelectronics X-CUBE-BLE2 3.3.0
2022-11-04 09:06:17,887 [INFO] ThirdParty:899 - CMSIS Pack Vendor :STMicroelectronics X-CUBE-NFC4 2.0.4
2022-11-04 09:06:17,887 [INFO] ThirdParty:899 - CMSIS Pack Vendor :STMicroelectronics X-CUBE-MEMS1 9.3.0
2022-11-04 09:06:17,887 [INFO] ThirdParty:899 - CMSIS Pack Vendor :STMicroelectronics X-CUBE-ISPU 1.0.0
2022-11-04 09:06:18,012 [INFO] PinOutPanel:1399 - setPackage(No Configuration,No Configuration)
2022-11-04 09:06:18,028 [INFO] PinOutPanel:1399 - setPackage(STM32F103C8Tx,LQFP48)
2022-11-04 09:06:18,356 [INFO] UtilMem:74 - Before build in PCC Used Memory: 467645168 Bytes (1004535808)
2022-11-04 09:06:18,621 [INFO] SharedServices:71 - Folder for power plug-in: C:/Users/Daniel/.stm32cubemx/plugins/power
2022-11-04 09:06:18,621 [INFO] UtilMem:74 - After build in PCC Used Memory: 481802984 Bytes (1004535808)
2022-11-04 09:06:18,637 [INFO] IPUIPlugin:65 - create IPUIPlugin
2022-11-04 09:06:18,637 [INFO] IPUIPlugin:65 - create IPUIPlugin
2022-11-04 09:06:18,637 [INFO] IPUIPlugin:65 - create IPUIPlugin
2022-11-04 09:06:18,637 [INFO] IPUIPlugin:65 - create IPUIPlugin
2022-11-04 09:06:18,637 [INFO] IPUIPlugin:65 - create IPUIPlugin
2022-11-04 09:06:18,637 [INFO] IPUIPlugin:65 - create IPUIPlugin
2022-11-04 09:06:18,637 [INFO] IPUIPlugin:65 - create IPUIPlugin
2022-11-04 09:06:18,637 [INFO] IPUIPlugin:65 - create IPUIPlugin
2022-11-04 09:06:18,637 [INFO] IPUIPlugin:65 - create IPUIPlugin
2022-11-04 09:06:18,637 [INFO] IPUIPlugin:65 - create IPUIPlugin
2022-11-04 09:06:18,637 [INFO] IPUIPlugin:65 - create IPUIPlugin
2022-11-04 09:06:18,637 [INFO] IPUIPlugin:65 - create IPUIPlugin
2022-11-04 09:06:18,637 [INFO] IPUIPlugin:65 - create IPUIPlugin
2022-11-04 09:06:18,637 [INFO] IPUIPlugin:65 - create IPUIPlugin
2022-11-04 09:06:18,637 [INFO] IPUIPlugin:65 - create IPUIPlugin
2022-11-04 09:06:18,637 [INFO] IPUIPlugin:65 - create IPUIPlugin
2022-11-04 09:06:18,637 [INFO] IPUIPlugin:65 - create IPUIPlugin
2022-11-04 09:06:18,637 [INFO] IPUIPlugin:65 - create IPUIPlugin
2022-11-04 09:06:18,637 [INFO] IPUIPlugin:65 - create IPUIPlugin
2022-11-04 09:06:18,637 [INFO] IPUIPlugin:65 - create IPUIPlugin
2022-11-04 09:06:18,637 [INFO] IPUIPlugin:65 - create IPUIPlugin
2022-11-04 09:06:18,637 [INFO] IPUIPlugin:65 - create IPUIPlugin
2022-11-04 09:06:18,637 [INFO] IPUIPlugin:65 - create IPUIPlugin
2022-11-04 09:06:18,637 [INFO] IPUIPlugin:65 - create IPUIPlugin
2022-11-04 09:06:18,653 [INFO] IPUIPlugin:65 - create IPUIPlugin
2022-11-04 09:06:18,653 [INFO] IPUIPlugin:65 - create IPUIPlugin
2022-11-04 09:06:18,653 [INFO] IPUIPlugin:65 - create IPUIPlugin
2022-11-04 09:06:18,699 [INFO] LogOutputStream:76 - [STDOUT_REDIRECT] toolchainItems.length=====1
2022-11-04 09:06:18,762 [INFO] OpenFileManager:294 - Restore cursor
2022-11-04 09:06:18,934 [INFO] UtilMem:74 - End SaveConfig() Used Memory: 508741280 Bytes (1004535808)
2022-11-04 09:06:18,965 [INFO] UtilMem:74 - End SaveConfig() Used Memory: 511580896 Bytes (1004535808)
2022-11-04 09:06:19,262 [INFO] BlockDiagram:2751 - set Specific Code input for plugin: NVIC
2022-11-04 09:06:19,262 [INFO] BlockDiagram:2751 - set Specific Code input for plugin: SYS
2022-11-04 09:06:19,262 [INFO] CodeGenerator:601 - code generatio: config db path: C:\Users\Daniel\Desktop\oldversionSTCUBE\STM32CubeIDE_1.2.0\STM32CubeIDE\plugins\com.st.stm32cube.common.mx_5.5.0.201912201511\\db\
2022-11-04 09:06:19,527 [INFO] CodeEngine:193 - oldGeneratedFile, C:\Users\Daniel\Desktop\BMWI4_REPOSITORY\I4_BCR_WORKSPACE\I4_BCR\MXTmpFiles\license.tmp_save
2022-11-04 09:06:19,855 [INFO] CodeEngine:211 - Generated code: C:\Users\Daniel\Desktop\BMWI4_REPOSITORY\I4_BCR_WORKSPACE\I4_BCR\MXTmpFiles\license.tmp
2022-11-04 09:06:19,949 [INFO] LogOutputStream:76 - [STDOUT_REDIRECT] Debug : prepare data for NVIC
2022-11-04 09:06:19,949 [INFO] LogOutputStream:76 - [STDOUT_REDIRECT] Command line test
2022-11-04 09:06:19,965 [INFO] CodeEngine:193 - oldGeneratedFile, C:\Users\Daniel\Desktop\BMWI4_REPOSITORY\I4_BCR_WORKSPACE\I4_BCR\Core\Src\stm32f1xx_it.c_save
2022-11-04 09:06:20,074 [INFO] CodeEngine:211 - Generated code: C:\Users\Daniel\Desktop\BMWI4_REPOSITORY\I4_BCR_WORKSPACE\I4_BCR\Core\Src\stm32f1xx_it.c
2022-11-04 09:06:20,090 [INFO] CodeEngine:193 - oldGeneratedFile, C:\Users\Daniel\Desktop\BMWI4_REPOSITORY\I4_BCR_WORKSPACE\I4_BCR\Core\Inc\stm32f1xx_it.h_save
2022-11-04 09:06:20,168 [INFO] CodeEngine:211 - Generated code: C:\Users\Daniel\Desktop\BMWI4_REPOSITORY\I4_BCR_WORKSPACE\I4_BCR\Core\Inc\stm32f1xx_it.h
2022-11-04 09:06:20,199 [INFO] CodeEngine:193 - oldGeneratedFile, C:\Users\Daniel\Desktop\BMWI4_REPOSITORY\I4_BCR_WORKSPACE\I4_BCR\Core\Src\stm32f1xx_hal_msp.c_save
2022-11-04 09:06:20,308 [INFO] CodeEngine:211 - Generated code: C:\Users\Daniel\Desktop\BMWI4_REPOSITORY\I4_BCR_WORKSPACE\I4_BCR\Core\Src\stm32f1xx_hal_msp.c
2022-11-04 09:06:20,324 [INFO] CodeEngine:193 - oldGeneratedFile, C:\Users\Daniel\Desktop\BMWI4_REPOSITORY\I4_BCR_WORKSPACE\I4_BCR\MXTmpFiles\system.tmp_save
2022-11-04 09:06:20,387 [INFO] CodeEngine:211 - Generated code: C:\Users\Daniel\Desktop\BMWI4_REPOSITORY\I4_BCR_WORKSPACE\I4_BCR\MXTmpFiles\system.tmp
2022-11-04 09:06:20,402 [INFO] CodeEngine:193 - oldGeneratedFile, C:\Users\Daniel\Desktop\BMWI4_REPOSITORY\I4_BCR_WORKSPACE\I4_BCR\Core\Inc\stm32f1xx_hal_conf.h_save
2022-11-04 09:06:20,480 [INFO] CodeEngine:211 - Generated code: C:\Users\Daniel\Desktop\BMWI4_REPOSITORY\I4_BCR_WORKSPACE\I4_BCR\Core\Inc\stm32f1xx_hal_conf.h
2022-11-04 09:06:20,512 [INFO] CodeEngine:193 - oldGeneratedFile, C:\Users\Daniel\Desktop\BMWI4_REPOSITORY\I4_BCR_WORKSPACE\I4_BCR\Core\Inc\main.h_save
2022-11-04 09:06:20,590 [INFO] CodeEngine:211 - Generated code: C:\Users\Daniel\Desktop\BMWI4_REPOSITORY\I4_BCR_WORKSPACE\I4_BCR\Core\Inc\main.h
2022-11-04 09:06:20,605 [INFO] CodeEngine:193 - oldGeneratedFile, C:\Users\Daniel\Desktop\BMWI4_REPOSITORY\I4_BCR_WORKSPACE\I4_BCR\Core\Src\main.c_save
2022-11-04 09:06:20,715 [INFO] CodeEngine:211 - Generated code: C:\Users\Daniel\Desktop\BMWI4_REPOSITORY\I4_BCR_WORKSPACE\I4_BCR\Core\Src\main.c
2022-11-04 09:06:21,605 [INFO] ProjectBuilder:1843 - Time for Copy HAL[1] : 359mS.
2022-11-04 09:06:21,605 [INFO] ProjectBuilder:2428 - Project Generator version: 3.6.0
2022-11-04 09:06:21,839 [INFO] ConfigFileManager:1043 - The Die is : DIE410
2022-11-04 09:06:25,745 [INFO] ProjectBuilder:2595 - Time for Generating toolchain IDE Files: 4140mS.
2022-11-04 09:06:25,745 [INFO] ProjectBuilder:1703 - Time for Copy CMSIS : 0mS.
2022-11-04 09:06:25,760 [INFO] ProjectBuilder:1703 - Time for Copy CMSIS : 0mS.
